{"C:\\Users\\Dan\\source\\Equinor\\procosys-mc-webapp\\testing\\integration\\dist\\main.js":{"path":"C:\\Users\\Dan\\source\\Equinor\\procosys-mc-webapp\\testing\\integration\\dist\\main.js","statementMap":{"0":{"start":{"line":1,"column":9},"end":{"line":11996,"column":1}},"1":{"start":{"line":2,"column":37},"end":{"line":11845,"column":11}},"2":{"start":{"line":26,"column":17},"end":{"line":26,"column":41}},"3":{"start":{"line":29,"column":4},"end":{"line":31,"column":7}},"4":{"start":{"line":30,"column":6},"end":{"line":30,"column":55}},"5":{"start":{"line":30,"column":35},"end":{"line":30,"column":55}},"6":{"start":{"line":34,"column":2},"end":{"line":44,"column":4}},"7":{"start":{"line":35,"column":15},"end":{"line":35,"column":39}},"8":{"start":{"line":36,"column":12},"end":{"line":36,"column":13}},"9":{"start":{"line":37,"column":14},"end":{"line":37,"column":16}},"10":{"start":{"line":39,"column":4},"end":{"line":41,"column":5}},"11":{"start":{"line":40,"column":6},"end":{"line":40,"column":33}},"12":{"start":{"line":43,"column":4},"end":{"line":43,"column":15}},"13":{"start":{"line":51,"column":0},"end":{"line":51,"column":32}},"14":{"start":{"line":65,"column":15},"end":{"line":65,"column":75}},"15":{"start":{"line":66,"column":14},"end":{"line":66,"column":34}},"16":{"start":{"line":69,"column":2},"end":{"line":69,"column":57}},"17":{"start":{"line":70,"column":2},"end":{"line":70,"column":24}},"18":{"start":{"line":73,"column":2},"end":{"line":75,"column":3}},"19":{"start":{"line":74,"column":4},"end":{"line":74,"column":27}},"20":{"start":{"line":78,"column":2},"end":{"line":78,"column":30}},"21":{"start":{"line":79,"column":2},"end":{"line":87,"column":3}},"22":{"start":{"line":80,"column":4},"end":{"line":80,"column":39}},"23":{"start":{"line":82,"column":4},"end":{"line":86,"column":5}},"24":{"start":{"line":83,"column":6},"end":{"line":83,"column":24}},"25":{"start":{"line":85,"column":6},"end":{"line":85,"column":27}},"26":{"start":{"line":94,"column":0},"end":{"line":94,"column":58}},"27":{"start":{"line":100,"column":0},"end":{"line":100,"column":49}},"28":{"start":{"line":106,"column":0},"end":{"line":106,"column":54}},"29":{"start":{"line":115,"column":0},"end":{"line":125,"column":2}},"30":{"start":{"line":116,"column":15},"end":{"line":116,"column":56}},"31":{"start":{"line":117,"column":14},"end":{"line":117,"column":47}},"32":{"start":{"line":120,"column":2},"end":{"line":122,"column":3}},"33":{"start":{"line":121,"column":4},"end":{"line":121,"column":29}},"34":{"start":{"line":124,"column":2},"end":{"line":124,"column":15}},"35":{"start":{"line":136,"column":0},"end":{"line":136,"column":90}},"36":{"start":{"line":153,"column":11},"end":{"line":153,"column":13}},"37":{"start":{"line":159,"column":0},"end":{"line":159,"column":26}},"38":{"start":{"line":165,"column":0},"end":{"line":165,"column":111}},"39":{"start":{"line":171,"column":11},"end":{"line":171,"column":97}},"40":{"start":{"line":183,"column":0},"end":{"line":190,"column":2}},"41":{"start":{"line":184,"column":2},"end":{"line":187,"column":3}},"42":{"start":{"line":185,"column":4},"end":{"line":185,"column":22}},"43":{"start":{"line":186,"column":4},"end":{"line":186,"column":18}},"44":{"start":{"line":189,"column":2},"end":{"line":189,"column":17}},"45":{"start":{"line":196,"column":0},"end":{"line":196,"column":20}},"46":{"start":{"line":202,"column":13},"end":{"line":202,"column":95}},"47":{"start":{"line":203,"column":0},"end":{"line":203,"column":24}},"48":{"start":{"line":209,"column":16},"end":{"line":209,"column":104}},"49":{"start":{"line":210,"column":0},"end":{"line":210,"column":23}},"50":{"start":{"line":216,"column":11},"end":{"line":216,"column":111}},"51":{"start":{"line":217,"column":0},"end":{"line":217,"column":18}},"52":{"start":{"line":223,"column":13},"end":{"line":223,"column":115}},"53":{"start":{"line":224,"column":0},"end":{"line":224,"column":20}},"54":{"start":{"line":230,"column":13},"end":{"line":230,"column":115}},"55":{"start":{"line":231,"column":0},"end":{"line":231,"column":20}},"56":{"start":{"line":237,"column":13},"end":{"line":237,"column":115}},"57":{"start":{"line":238,"column":0},"end":{"line":238,"column":20}},"58":{"start":{"line":256,"column":13},"end":{"line":256,"column":90}},"59":{"start":{"line":258,"column":0},"end":{"line":423,"column":2}},"60":{"start":{"line":263,"column":23},"end":{"line":263,"column":43}},"61":{"start":{"line":264,"column":13},"end":{"line":264,"column":22}},"62":{"start":{"line":270,"column":2},"end":{"line":270,"column":30}},"63":{"start":{"line":311,"column":4},"end":{"line":311,"column":42}},"64":{"start":{"line":312,"column":4},"end":{"line":312,"column":37}},"65":{"start":{"line":313,"column":4},"end":{"line":313,"column":30}},"66":{"start":{"line":314,"column":4},"end":{"line":314,"column":31}},"67":{"start":{"line":316,"column":4},"end":{"line":316,"column":30}},"68":{"start":{"line":319,"column":2},"end":{"line":328,"column":5}},"69":{"start":{"line":321,"column":6},"end":{"line":321,"column":98}},"70":{"start":{"line":322,"column":6},"end":{"line":322,"column":33}},"71":{"start":{"line":325,"column":6},"end":{"line":325,"column":98}},"72":{"start":{"line":326,"column":6},"end":{"line":326,"column":34}},"73":{"start":{"line":330,"column":2},"end":{"line":339,"column":5}},"74":{"start":{"line":332,"column":6},"end":{"line":332,"column":90}},"75":{"start":{"line":333,"column":6},"end":{"line":333,"column":29}},"76":{"start":{"line":336,"column":6},"end":{"line":336,"column":90}},"77":{"start":{"line":337,"column":6},"end":{"line":337,"column":30}},"78":{"start":{"line":341,"column":2},"end":{"line":343,"column":4}},"79":{"start":{"line":342,"column":4},"end":{"line":342,"column":47}},"80":{"start":{"line":345,"column":2},"end":{"line":347,"column":4}},"81":{"start":{"line":346,"column":4},"end":{"line":346,"column":45}},"82":{"start":{"line":349,"column":2},"end":{"line":351,"column":4}},"83":{"start":{"line":350,"column":4},"end":{"line":350,"column":72}},"84":{"start":{"line":353,"column":2},"end":{"line":355,"column":4}},"85":{"start":{"line":354,"column":4},"end":{"line":354,"column":53}},"86":{"start":{"line":357,"column":2},"end":{"line":359,"column":4}},"87":{"start":{"line":358,"column":4},"end":{"line":358,"column":51}},"88":{"start":{"line":361,"column":2},"end":{"line":363,"column":4}},"89":{"start":{"line":362,"column":4},"end":{"line":362,"column":78}},"90":{"start":{"line":380,"column":2},"end":{"line":405,"column":4}},"91":{"start":{"line":381,"column":13},"end":{"line":381,"column":39}},"92":{"start":{"line":382,"column":4},"end":{"line":382,"column":44}},"93":{"start":{"line":382,"column":28},"end":{"line":382,"column":44}},"94":{"start":{"line":383,"column":4},"end":{"line":383,"column":74}},"95":{"start":{"line":383,"column":57},"end":{"line":383,"column":74}},"96":{"start":{"line":384,"column":4},"end":{"line":384,"column":51}},"97":{"start":{"line":384,"column":34},"end":{"line":384,"column":51}},"98":{"start":{"line":386,"column":4},"end":{"line":404,"column":5}},"99":{"start":{"line":387,"column":6},"end":{"line":387,"column":45}},"100":{"start":{"line":388,"column":19},"end":{"line":388,"column":50}},"101":{"start":{"line":389,"column":43},"end":{"line":393,"column":7}},"102":{"start":{"line":395,"column":21},"end":{"line":395,"column":54}},"103":{"start":{"line":396,"column":6},"end":{"line":398,"column":7}},"104":{"start":{"line":397,"column":8},"end":{"line":397,"column":59}},"105":{"start":{"line":400,"column":6},"end":{"line":403,"column":66}},"106":{"start":{"line":415,"column":2},"end":{"line":422,"column":5}},"107":{"start":{"line":417,"column":8},"end":{"line":417,"column":36}},"108":{"start":{"line":420,"column":8},"end":{"line":420,"column":34}},"109":{"start":{"line":434,"column":0},"end":{"line":527,"column":2}},"110":{"start":{"line":545,"column":0},"end":{"line":4390,"column":2}},"111":{"start":{"line":546,"column":18},"end":{"line":546,"column":32}},"112":{"start":{"line":547,"column":23},"end":{"line":547,"column":42}},"113":{"start":{"line":548,"column":13},"end":{"line":548,"column":19}},"114":{"start":{"line":581,"column":2},"end":{"line":586,"column":5}},"115":{"start":{"line":585,"column":4},"end":{"line":585,"column":33}},"116":{"start":{"line":611,"column":2},"end":{"line":613,"column":5}},"117":{"start":{"line":612,"column":4},"end":{"line":612,"column":31}},"118":{"start":{"line":652,"column":2},"end":{"line":654,"column":5}},"119":{"start":{"line":653,"column":4},"end":{"line":653,"column":29}},"120":{"start":{"line":678,"column":2},"end":{"line":680,"column":5}},"121":{"start":{"line":679,"column":4},"end":{"line":679,"column":31}},"122":{"start":{"line":704,"column":2},"end":{"line":706,"column":5}},"123":{"start":{"line":705,"column":4},"end":{"line":705,"column":28}},"124":{"start":{"line":728,"column":2},"end":{"line":730,"column":5}},"125":{"start":{"line":729,"column":4},"end":{"line":729,"column":32}},"126":{"start":{"line":748,"column":2},"end":{"line":751,"column":5}},"127":{"start":{"line":749,"column":4},"end":{"line":749,"column":28}},"128":{"start":{"line":750,"column":4},"end":{"line":750,"column":29}},"129":{"start":{"line":773,"column":2},"end":{"line":776,"column":5}},"130":{"start":{"line":774,"column":4},"end":{"line":774,"column":28}},"131":{"start":{"line":775,"column":4},"end":{"line":775,"column":29}},"132":{"start":{"line":839,"column":4},"end":{"line":839,"column":40}},"133":{"start":{"line":839,"column":13},"end":{"line":839,"column":40}},"134":{"start":{"line":840,"column":4},"end":{"line":840,"column":30}},"135":{"start":{"line":841,"column":14},"end":{"line":841,"column":34}},"136":{"start":{"line":842,"column":18},"end":{"line":842,"column":85}},"137":{"start":{"line":844,"column":4},"end":{"line":848,"column":6}},"138":{"start":{"line":851,"column":2},"end":{"line":851,"column":41}},"139":{"start":{"line":852,"column":2},"end":{"line":852,"column":40}},"140":{"start":{"line":1002,"column":4},"end":{"line":1002,"column":49}},"141":{"start":{"line":1006,"column":4},"end":{"line":1006,"column":33}},"142":{"start":{"line":1010,"column":4},"end":{"line":1010,"column":40}},"143":{"start":{"line":1010,"column":13},"end":{"line":1010,"column":40}},"144":{"start":{"line":1012,"column":14},"end":{"line":1012,"column":34}},"145":{"start":{"line":1013,"column":18},"end":{"line":1013,"column":43}},"146":{"start":{"line":1014,"column":18},"end":{"line":1014,"column":39}},"147":{"start":{"line":1015,"column":17},"end":{"line":1015,"column":37}},"148":{"start":{"line":1016,"column":15},"end":{"line":1016,"column":33}},"149":{"start":{"line":1017,"column":17},"end":{"line":1017,"column":35}},"150":{"start":{"line":1018,"column":21},"end":{"line":1018,"column":42}},"151":{"start":{"line":1020,"column":4},"end":{"line":1020,"column":44}},"152":{"start":{"line":1022,"column":19},"end":{"line":1022,"column":24}},"153":{"start":{"line":1024,"column":4},"end":{"line":1119,"column":5}},"154":{"start":{"line":1026,"column":8},"end":{"line":1026,"column":43}},"155":{"start":{"line":1027,"column":8},"end":{"line":1027,"column":14}},"156":{"start":{"line":1030,"column":8},"end":{"line":1036,"column":9}},"157":{"start":{"line":1031,"column":10},"end":{"line":1035,"column":12}},"158":{"start":{"line":1038,"column":8},"end":{"line":1038,"column":32}},"159":{"start":{"line":1039,"column":8},"end":{"line":1039,"column":14}},"160":{"start":{"line":1042,"column":20},"end":{"line":1042,"column":50}},"161":{"start":{"line":1043,"column":8},"end":{"line":1045,"column":11}},"162":{"start":{"line":1044,"column":10},"end":{"line":1044,"column":50}},"163":{"start":{"line":1046,"column":8},"end":{"line":1046,"column":14}},"164":{"start":{"line":1049,"column":8},"end":{"line":1055,"column":9}},"165":{"start":{"line":1050,"column":10},"end":{"line":1052,"column":13}},"166":{"start":{"line":1051,"column":12},"end":{"line":1051,"column":52}},"167":{"start":{"line":1054,"column":10},"end":{"line":1054,"column":34}},"168":{"start":{"line":1056,"column":8},"end":{"line":1056,"column":14}},"169":{"start":{"line":1059,"column":8},"end":{"line":1065,"column":9}},"170":{"start":{"line":1060,"column":10},"end":{"line":1062,"column":12}},"171":{"start":{"line":1061,"column":12},"end":{"line":1061,"column":36}},"172":{"start":{"line":1064,"column":10},"end":{"line":1064,"column":45}},"173":{"start":{"line":1066,"column":8},"end":{"line":1066,"column":14}},"174":{"start":{"line":1072,"column":8},"end":{"line":1084,"column":9}},"175":{"start":{"line":1073,"column":10},"end":{"line":1083,"column":12}},"176":{"start":{"line":1086,"column":20},"end":{"line":1086,"column":36}},"177":{"start":{"line":1087,"column":23},"end":{"line":1087,"column":27}},"178":{"start":{"line":1088,"column":22},"end":{"line":1088,"column":23}},"179":{"start":{"line":1090,"column":8},"end":{"line":1109,"column":17}},"180":{"start":{"line":1091,"column":30},"end":{"line":1091,"column":48}},"181":{"start":{"line":1092,"column":10},"end":{"line":1092,"column":53}},"182":{"start":{"line":1093,"column":10},"end":{"line":1093,"column":48}},"183":{"start":{"line":1095,"column":10},"end":{"line":1098,"column":11}},"184":{"start":{"line":1096,"column":12},"end":{"line":1096,"column":52}},"185":{"start":{"line":1097,"column":12},"end":{"line":1097,"column":19}},"186":{"start":{"line":1100,"column":10},"end":{"line":1108,"column":11}},"187":{"start":{"line":1101,"column":12},"end":{"line":1101,"column":52}},"188":{"start":{"line":1103,"column":12},"end":{"line":1105,"column":13}},"189":{"start":{"line":1104,"column":14},"end":{"line":1104,"column":24}},"190":{"start":{"line":1106,"column":12},"end":{"line":1106,"column":50}},"191":{"start":{"line":1106,"column":35},"end":{"line":1106,"column":50}},"192":{"start":{"line":1107,"column":12},"end":{"line":1107,"column":22}},"193":{"start":{"line":1115,"column":8},"end":{"line":1117,"column":9}},"194":{"start":{"line":1116,"column":10},"end":{"line":1116,"column":25}},"195":{"start":{"line":1118,"column":8},"end":{"line":1118,"column":15}},"196":{"start":{"line":1122,"column":4},"end":{"line":1125,"column":79}},"197":{"start":{"line":1128,"column":2},"end":{"line":1128,"column":76}},"198":{"start":{"line":1129,"column":2},"end":{"line":1129,"column":76}},"199":{"start":{"line":1130,"column":2},"end":{"line":1130,"column":77}},"200":{"start":{"line":1131,"column":2},"end":{"line":1131,"column":77}},"201":{"start":{"line":1169,"column":2},"end":{"line":1174,"column":5}},"202":{"start":{"line":1170,"column":4},"end":{"line":1173,"column":40}},"203":{"start":{"line":1202,"column":2},"end":{"line":1209,"column":5}},"204":{"start":{"line":1203,"column":4},"end":{"line":1208,"column":6}},"205":{"start":{"line":1237,"column":2},"end":{"line":1244,"column":5}},"206":{"start":{"line":1238,"column":4},"end":{"line":1243,"column":6}},"207":{"start":{"line":1269,"column":2},"end":{"line":1275,"column":5}},"208":{"start":{"line":1270,"column":4},"end":{"line":1274,"column":6}},"209":{"start":{"line":1300,"column":2},"end":{"line":1306,"column":5}},"210":{"start":{"line":1301,"column":4},"end":{"line":1305,"column":6}},"211":{"start":{"line":1331,"column":2},"end":{"line":1337,"column":5}},"212":{"start":{"line":1332,"column":4},"end":{"line":1336,"column":6}},"213":{"start":{"line":1373,"column":14},"end":{"line":1373,"column":34}},"214":{"start":{"line":1374,"column":4},"end":{"line":1378,"column":6}},"215":{"start":{"line":1381,"column":2},"end":{"line":1381,"column":46}},"216":{"start":{"line":1382,"column":2},"end":{"line":1382,"column":47}},"217":{"start":{"line":1433,"column":2},"end":{"line":1476,"column":5}},"218":{"start":{"line":1434,"column":14},"end":{"line":1434,"column":34}},"219":{"start":{"line":1435,"column":15},"end":{"line":1435,"column":33}},"220":{"start":{"line":1436,"column":18},"end":{"line":1436,"column":39}},"221":{"start":{"line":1439,"column":4},"end":{"line":1439,"column":44}},"222":{"start":{"line":1441,"column":4},"end":{"line":1469,"column":5}},"223":{"start":{"line":1444,"column":8},"end":{"line":1444,"column":32}},"224":{"start":{"line":1445,"column":8},"end":{"line":1445,"column":14}},"225":{"start":{"line":1448,"column":8},"end":{"line":1448,"column":30}},"226":{"start":{"line":1449,"column":8},"end":{"line":1449,"column":14}},"227":{"start":{"line":1452,"column":8},"end":{"line":1456,"column":10}},"228":{"start":{"line":1458,"column":18},"end":{"line":1458,"column":76}},"229":{"start":{"line":1459,"column":8},"end":{"line":1459,"column":62}},"230":{"start":{"line":1461,"column":8},"end":{"line":1467,"column":9}},"231":{"start":{"line":1462,"column":10},"end":{"line":1466,"column":12}},"232":{"start":{"line":1468,"column":8},"end":{"line":1468,"column":45}},"233":{"start":{"line":1471,"column":4},"end":{"line":1475,"column":6}},"234":{"start":{"line":1509,"column":14},"end":{"line":1509,"column":34}},"235":{"start":{"line":1510,"column":15},"end":{"line":1510,"column":26}},"236":{"start":{"line":1511,"column":4},"end":{"line":1515,"column":6}},"237":{"start":{"line":1518,"column":2},"end":{"line":1518,"column":53}},"238":{"start":{"line":1519,"column":2},"end":{"line":1519,"column":53}},"239":{"start":{"line":1567,"column":4},"end":{"line":1567,"column":40}},"240":{"start":{"line":1567,"column":13},"end":{"line":1567,"column":40}},"241":{"start":{"line":1568,"column":14},"end":{"line":1568,"column":34}},"242":{"start":{"line":1569,"column":4},"end":{"line":1583,"column":5}},"243":{"start":{"line":1570,"column":25},"end":{"line":1570,"column":47}},"244":{"start":{"line":1571,"column":6},"end":{"line":1571,"column":35}},"245":{"start":{"line":1572,"column":6},"end":{"line":1572,"column":20}},"246":{"start":{"line":1573,"column":6},"end":{"line":1573,"column":43}},"247":{"start":{"line":1575,"column":6},"end":{"line":1582,"column":8}},"248":{"start":{"line":1586,"column":2},"end":{"line":1586,"column":44}},"249":{"start":{"line":1587,"column":2},"end":{"line":1587,"column":45}},"250":{"start":{"line":1588,"column":2},"end":{"line":1588,"column":41}},"251":{"start":{"line":1632,"column":4},"end":{"line":1632,"column":40}},"252":{"start":{"line":1632,"column":13},"end":{"line":1632,"column":40}},"253":{"start":{"line":1633,"column":4},"end":{"line":1640,"column":6}},"254":{"start":{"line":1643,"column":2},"end":{"line":1643,"column":40}},"255":{"start":{"line":1644,"column":2},"end":{"line":1644,"column":41}},"256":{"start":{"line":1690,"column":4},"end":{"line":1690,"column":40}},"257":{"start":{"line":1690,"column":13},"end":{"line":1690,"column":40}},"258":{"start":{"line":1691,"column":14},"end":{"line":1691,"column":34}},"259":{"start":{"line":1692,"column":19},"end":{"line":1692,"column":41}},"260":{"start":{"line":1693,"column":18},"end":{"line":1693,"column":39}},"261":{"start":{"line":1694,"column":21},"end":{"line":1694,"column":52}},"262":{"start":{"line":1695,"column":15},"end":{"line":1695,"column":33}},"263":{"start":{"line":1696,"column":18},"end":{"line":1696,"column":43}},"264":{"start":{"line":1697,"column":16},"end":{"line":1697,"column":39}},"265":{"start":{"line":1699,"column":22},"end":{"line":1699,"column":26}},"266":{"start":{"line":1701,"column":4},"end":{"line":1703,"column":5}},"267":{"start":{"line":1702,"column":6},"end":{"line":1702,"column":73}},"268":{"start":{"line":1705,"column":4},"end":{"line":1714,"column":5}},"269":{"start":{"line":1706,"column":6},"end":{"line":1706,"column":72}},"270":{"start":{"line":1707,"column":11},"end":{"line":1714,"column":5}},"271":{"start":{"line":1708,"column":6},"end":{"line":1708,"column":74}},"272":{"start":{"line":1709,"column":11},"end":{"line":1714,"column":5}},"273":{"start":{"line":1710,"column":21},"end":{"line":1710,"column":67}},"274":{"start":{"line":1711,"column":6},"end":{"line":1711,"column":86}},"275":{"start":{"line":1713,"column":6},"end":{"line":1713,"column":26}},"276":{"start":{"line":1716,"column":4},"end":{"line":1718,"column":5}},"277":{"start":{"line":1717,"column":6},"end":{"line":1717,"column":62}},"278":{"start":{"line":1720,"column":4},"end":{"line":1743,"column":5}},"279":{"start":{"line":1721,"column":23},"end":{"line":1721,"column":31}},"280":{"start":{"line":1723,"column":6},"end":{"line":1728,"column":7}},"281":{"start":{"line":1724,"column":8},"end":{"line":1724,"column":28}},"282":{"start":{"line":1725,"column":8},"end":{"line":1725,"column":30}},"283":{"start":{"line":1727,"column":8},"end":{"line":1727,"column":32}},"284":{"start":{"line":1729,"column":6},"end":{"line":1735,"column":8}},"285":{"start":{"line":1737,"column":6},"end":{"line":1742,"column":8}},"286":{"start":{"line":1746,"column":2},"end":{"line":1746,"column":44}},"287":{"start":{"line":1747,"column":2},"end":{"line":1747,"column":41}},"288":{"start":{"line":1748,"column":2},"end":{"line":1748,"column":50}},"289":{"start":{"line":1795,"column":4},"end":{"line":1795,"column":40}},"290":{"start":{"line":1795,"column":13},"end":{"line":1795,"column":40}},"291":{"start":{"line":1796,"column":14},"end":{"line":1796,"column":34}},"292":{"start":{"line":1797,"column":19},"end":{"line":1797,"column":41}},"293":{"start":{"line":1798,"column":18},"end":{"line":1798,"column":39}},"294":{"start":{"line":1799,"column":21},"end":{"line":1799,"column":52}},"295":{"start":{"line":1800,"column":15},"end":{"line":1800,"column":33}},"296":{"start":{"line":1801,"column":18},"end":{"line":1801,"column":43}},"297":{"start":{"line":1802,"column":16},"end":{"line":1802,"column":39}},"298":{"start":{"line":1804,"column":22},"end":{"line":1804,"column":26}},"299":{"start":{"line":1806,"column":4},"end":{"line":1808,"column":5}},"300":{"start":{"line":1807,"column":6},"end":{"line":1807,"column":73}},"301":{"start":{"line":1810,"column":4},"end":{"line":1819,"column":5}},"302":{"start":{"line":1811,"column":6},"end":{"line":1811,"column":72}},"303":{"start":{"line":1812,"column":11},"end":{"line":1819,"column":5}},"304":{"start":{"line":1813,"column":6},"end":{"line":1813,"column":74}},"305":{"start":{"line":1814,"column":11},"end":{"line":1819,"column":5}},"306":{"start":{"line":1815,"column":21},"end":{"line":1815,"column":67}},"307":{"start":{"line":1816,"column":6},"end":{"line":1816,"column":86}},"308":{"start":{"line":1818,"column":6},"end":{"line":1818,"column":26}},"309":{"start":{"line":1821,"column":4},"end":{"line":1823,"column":5}},"310":{"start":{"line":1822,"column":6},"end":{"line":1822,"column":62}},"311":{"start":{"line":1825,"column":4},"end":{"line":1848,"column":5}},"312":{"start":{"line":1826,"column":23},"end":{"line":1826,"column":31}},"313":{"start":{"line":1828,"column":6},"end":{"line":1833,"column":7}},"314":{"start":{"line":1829,"column":8},"end":{"line":1829,"column":28}},"315":{"start":{"line":1830,"column":8},"end":{"line":1830,"column":30}},"316":{"start":{"line":1832,"column":8},"end":{"line":1832,"column":32}},"317":{"start":{"line":1834,"column":6},"end":{"line":1840,"column":8}},"318":{"start":{"line":1842,"column":6},"end":{"line":1847,"column":8}},"319":{"start":{"line":1851,"column":2},"end":{"line":1851,"column":44}},"320":{"start":{"line":1852,"column":2},"end":{"line":1852,"column":42}},"321":{"start":{"line":1853,"column":2},"end":{"line":1853,"column":57}},"322":{"start":{"line":1899,"column":4},"end":{"line":1899,"column":40}},"323":{"start":{"line":1899,"column":13},"end":{"line":1899,"column":40}},"324":{"start":{"line":1900,"column":14},"end":{"line":1900,"column":34}},"325":{"start":{"line":1901,"column":19},"end":{"line":1901,"column":41}},"326":{"start":{"line":1902,"column":18},"end":{"line":1902,"column":39}},"327":{"start":{"line":1903,"column":21},"end":{"line":1903,"column":52}},"328":{"start":{"line":1904,"column":15},"end":{"line":1904,"column":33}},"329":{"start":{"line":1905,"column":18},"end":{"line":1905,"column":43}},"330":{"start":{"line":1906,"column":16},"end":{"line":1906,"column":39}},"331":{"start":{"line":1908,"column":22},"end":{"line":1908,"column":26}},"332":{"start":{"line":1910,"column":4},"end":{"line":1912,"column":5}},"333":{"start":{"line":1911,"column":6},"end":{"line":1911,"column":73}},"334":{"start":{"line":1914,"column":4},"end":{"line":1923,"column":5}},"335":{"start":{"line":1915,"column":6},"end":{"line":1915,"column":72}},"336":{"start":{"line":1916,"column":11},"end":{"line":1923,"column":5}},"337":{"start":{"line":1917,"column":6},"end":{"line":1917,"column":74}},"338":{"start":{"line":1918,"column":11},"end":{"line":1923,"column":5}},"339":{"start":{"line":1919,"column":21},"end":{"line":1919,"column":67}},"340":{"start":{"line":1920,"column":6},"end":{"line":1920,"column":86}},"341":{"start":{"line":1922,"column":6},"end":{"line":1922,"column":26}},"342":{"start":{"line":1925,"column":4},"end":{"line":1927,"column":5}},"343":{"start":{"line":1926,"column":6},"end":{"line":1926,"column":62}},"344":{"start":{"line":1929,"column":4},"end":{"line":1952,"column":5}},"345":{"start":{"line":1930,"column":23},"end":{"line":1930,"column":31}},"346":{"start":{"line":1932,"column":6},"end":{"line":1937,"column":7}},"347":{"start":{"line":1933,"column":8},"end":{"line":1933,"column":28}},"348":{"start":{"line":1934,"column":8},"end":{"line":1934,"column":30}},"349":{"start":{"line":1936,"column":8},"end":{"line":1936,"column":32}},"350":{"start":{"line":1938,"column":6},"end":{"line":1944,"column":8}},"351":{"start":{"line":1946,"column":6},"end":{"line":1951,"column":8}},"352":{"start":{"line":1955,"column":2},"end":{"line":1955,"column":44}},"353":{"start":{"line":1956,"column":2},"end":{"line":1956,"column":41}},"354":{"start":{"line":1957,"column":2},"end":{"line":1957,"column":47}},"355":{"start":{"line":2004,"column":4},"end":{"line":2004,"column":40}},"356":{"start":{"line":2004,"column":13},"end":{"line":2004,"column":40}},"357":{"start":{"line":2005,"column":14},"end":{"line":2005,"column":34}},"358":{"start":{"line":2006,"column":19},"end":{"line":2006,"column":41}},"359":{"start":{"line":2007,"column":18},"end":{"line":2007,"column":39}},"360":{"start":{"line":2008,"column":21},"end":{"line":2008,"column":52}},"361":{"start":{"line":2009,"column":15},"end":{"line":2009,"column":33}},"362":{"start":{"line":2010,"column":18},"end":{"line":2010,"column":43}},"363":{"start":{"line":2011,"column":16},"end":{"line":2011,"column":39}},"364":{"start":{"line":2013,"column":22},"end":{"line":2013,"column":26}},"365":{"start":{"line":2015,"column":4},"end":{"line":2017,"column":5}},"366":{"start":{"line":2016,"column":6},"end":{"line":2016,"column":73}},"367":{"start":{"line":2019,"column":4},"end":{"line":2028,"column":5}},"368":{"start":{"line":2020,"column":6},"end":{"line":2020,"column":71}},"369":{"start":{"line":2021,"column":11},"end":{"line":2028,"column":5}},"370":{"start":{"line":2022,"column":6},"end":{"line":2022,"column":73}},"371":{"start":{"line":2023,"column":11},"end":{"line":2028,"column":5}},"372":{"start":{"line":2024,"column":21},"end":{"line":2024,"column":67}},"373":{"start":{"line":2025,"column":6},"end":{"line":2025,"column":86}},"374":{"start":{"line":2027,"column":6},"end":{"line":2027,"column":26}},"375":{"start":{"line":2030,"column":4},"end":{"line":2032,"column":5}},"376":{"start":{"line":2031,"column":6},"end":{"line":2031,"column":62}},"377":{"start":{"line":2034,"column":4},"end":{"line":2057,"column":5}},"378":{"start":{"line":2035,"column":23},"end":{"line":2035,"column":31}},"379":{"start":{"line":2037,"column":6},"end":{"line":2042,"column":7}},"380":{"start":{"line":2038,"column":8},"end":{"line":2038,"column":28}},"381":{"start":{"line":2039,"column":8},"end":{"line":2039,"column":30}},"382":{"start":{"line":2041,"column":8},"end":{"line":2041,"column":32}},"383":{"start":{"line":2043,"column":6},"end":{"line":2049,"column":8}},"384":{"start":{"line":2051,"column":6},"end":{"line":2056,"column":8}},"385":{"start":{"line":2060,"column":2},"end":{"line":2060,"column":42}},"386":{"start":{"line":2061,"column":2},"end":{"line":2061,"column":41}},"387":{"start":{"line":2062,"column":2},"end":{"line":2062,"column":53}},"388":{"start":{"line":2107,"column":2},"end":{"line":2163,"column":5}},"389":{"start":{"line":2108,"column":4},"end":{"line":2108,"column":40}},"390":{"start":{"line":2108,"column":13},"end":{"line":2108,"column":40}},"391":{"start":{"line":2109,"column":14},"end":{"line":2109,"column":34}},"392":{"start":{"line":2110,"column":19},"end":{"line":2110,"column":41}},"393":{"start":{"line":2111,"column":18},"end":{"line":2111,"column":39}},"394":{"start":{"line":2112,"column":21},"end":{"line":2112,"column":52}},"395":{"start":{"line":2113,"column":15},"end":{"line":2113,"column":33}},"396":{"start":{"line":2114,"column":18},"end":{"line":2114,"column":43}},"397":{"start":{"line":2115,"column":20},"end":{"line":2115,"column":47}},"398":{"start":{"line":2116,"column":21},"end":{"line":2116,"column":49}},"399":{"start":{"line":2118,"column":22},"end":{"line":2118,"column":26}},"400":{"start":{"line":2119,"column":16},"end":{"line":2121,"column":33}},"401":{"start":{"line":2123,"column":4},"end":{"line":2125,"column":5}},"402":{"start":{"line":2124,"column":6},"end":{"line":2124,"column":73}},"403":{"start":{"line":2127,"column":4},"end":{"line":2136,"column":5}},"404":{"start":{"line":2128,"column":6},"end":{"line":2128,"column":73}},"405":{"start":{"line":2129,"column":11},"end":{"line":2136,"column":5}},"406":{"start":{"line":2130,"column":6},"end":{"line":2130,"column":75}},"407":{"start":{"line":2131,"column":11},"end":{"line":2136,"column":5}},"408":{"start":{"line":2132,"column":21},"end":{"line":2132,"column":67}},"409":{"start":{"line":2133,"column":6},"end":{"line":2133,"column":86}},"410":{"start":{"line":2135,"column":6},"end":{"line":2135,"column":26}},"411":{"start":{"line":2138,"column":4},"end":{"line":2140,"column":5}},"412":{"start":{"line":2139,"column":6},"end":{"line":2139,"column":62}},"413":{"start":{"line":2142,"column":4},"end":{"line":2162,"column":5}},"414":{"start":{"line":2143,"column":23},"end":{"line":2143,"column":31}},"415":{"start":{"line":2145,"column":6},"end":{"line":2150,"column":7}},"416":{"start":{"line":2146,"column":8},"end":{"line":2146,"column":28}},"417":{"start":{"line":2147,"column":8},"end":{"line":2147,"column":30}},"418":{"start":{"line":2149,"column":8},"end":{"line":2149,"column":32}},"419":{"start":{"line":2151,"column":6},"end":{"line":2155,"column":8}},"420":{"start":{"line":2157,"column":6},"end":{"line":2161,"column":8}},"421":{"start":{"line":2205,"column":4},"end":{"line":2205,"column":40}},"422":{"start":{"line":2205,"column":13},"end":{"line":2205,"column":40}},"423":{"start":{"line":2207,"column":17},"end":{"line":2207,"column":37}},"424":{"start":{"line":2208,"column":15},"end":{"line":2208,"column":33}},"425":{"start":{"line":2209,"column":18},"end":{"line":2209,"column":39}},"426":{"start":{"line":2211,"column":4},"end":{"line":2224,"column":5}},"427":{"start":{"line":2212,"column":25},"end":{"line":2212,"column":54}},"428":{"start":{"line":2214,"column":6},"end":{"line":2222,"column":7}},"429":{"start":{"line":2215,"column":8},"end":{"line":2215,"column":48}},"430":{"start":{"line":2216,"column":8},"end":{"line":2221,"column":10}},"431":{"start":{"line":2223,"column":6},"end":{"line":2223,"column":16}},"432":{"start":{"line":2226,"column":15},"end":{"line":2226,"column":37}},"433":{"start":{"line":2227,"column":4},"end":{"line":2229,"column":5}},"434":{"start":{"line":2228,"column":6},"end":{"line":2228,"column":38}},"435":{"start":{"line":2231,"column":4},"end":{"line":2235,"column":6}},"436":{"start":{"line":2238,"column":2},"end":{"line":2238,"column":54}},"437":{"start":{"line":2239,"column":2},"end":{"line":2239,"column":54}},"438":{"start":{"line":2354,"column":4},"end":{"line":2354,"column":40}},"439":{"start":{"line":2354,"column":13},"end":{"line":2354,"column":40}},"440":{"start":{"line":2356,"column":19},"end":{"line":2356,"column":39}},"441":{"start":{"line":2357,"column":16},"end":{"line":2357,"column":33}},"442":{"start":{"line":2358,"column":18},"end":{"line":2358,"column":39}},"443":{"start":{"line":2359,"column":14},"end":{"line":2359,"column":34}},"444":{"start":{"line":2360,"column":15},"end":{"line":2360,"column":33}},"445":{"start":{"line":2361,"column":19},"end":{"line":2361,"column":30}},"446":{"start":{"line":2363,"column":4},"end":{"line":2363,"column":44}},"447":{"start":{"line":2365,"column":4},"end":{"line":2381,"column":5}},"448":{"start":{"line":2366,"column":6},"end":{"line":2372,"column":7}},"449":{"start":{"line":2367,"column":8},"end":{"line":2371,"column":10}},"450":{"start":{"line":2374,"column":6},"end":{"line":2380,"column":7}},"451":{"start":{"line":2375,"column":8},"end":{"line":2379,"column":10}},"452":{"start":{"line":2383,"column":4},"end":{"line":2389,"column":5}},"453":{"start":{"line":2384,"column":6},"end":{"line":2388,"column":8}},"454":{"start":{"line":2391,"column":4},"end":{"line":2397,"column":5}},"455":{"start":{"line":2392,"column":6},"end":{"line":2396,"column":8}},"456":{"start":{"line":2399,"column":17},"end":{"line":2399,"column":35}},"457":{"start":{"line":2400,"column":17},"end":{"line":2400,"column":37}},"458":{"start":{"line":2401,"column":19},"end":{"line":2401,"column":61}},"459":{"start":{"line":2402,"column":16},"end":{"line":2402,"column":53}},"460":{"start":{"line":2404,"column":21},"end":{"line":2404,"column":23}},"461":{"start":{"line":2405,"column":4},"end":{"line":2405,"column":38}},"462":{"start":{"line":2405,"column":16},"end":{"line":2405,"column":38}},"463":{"start":{"line":2406,"column":4},"end":{"line":2406,"column":36}},"464":{"start":{"line":2406,"column":15},"end":{"line":2406,"column":36}},"465":{"start":{"line":2407,"column":4},"end":{"line":2407,"column":42}},"466":{"start":{"line":2407,"column":18},"end":{"line":2407,"column":42}},"467":{"start":{"line":2408,"column":4},"end":{"line":2408,"column":30}},"468":{"start":{"line":2411,"column":4},"end":{"line":2413,"column":48}},"469":{"start":{"line":2411,"column":15},"end":{"line":2411,"column":77}},"470":{"start":{"line":2412,"column":9},"end":{"line":2413,"column":48}},"471":{"start":{"line":2412,"column":23},"end":{"line":2412,"column":53}},"472":{"start":{"line":2413,"column":9},"end":{"line":2413,"column":48}},"473":{"start":{"line":2420,"column":4},"end":{"line":2425,"column":5}},"474":{"start":{"line":2421,"column":6},"end":{"line":2424,"column":74}},"475":{"start":{"line":2427,"column":4},"end":{"line":2435,"column":5}},"476":{"start":{"line":2428,"column":6},"end":{"line":2434,"column":8}},"477":{"start":{"line":2437,"column":4},"end":{"line":2437,"column":32}},"478":{"start":{"line":2440,"column":2},"end":{"line":2440,"column":50}},"479":{"start":{"line":2443,"column":4},"end":{"line":2443,"column":28}},"480":{"start":{"line":2444,"column":4},"end":{"line":2444,"column":42}},"481":{"start":{"line":2447,"column":2},"end":{"line":2447,"column":56}},"482":{"start":{"line":2448,"column":2},"end":{"line":2448,"column":60}},"483":{"start":{"line":2570,"column":4},"end":{"line":2573,"column":5}},"484":{"start":{"line":2571,"column":6},"end":{"line":2571,"column":23}},"485":{"start":{"line":2572,"column":6},"end":{"line":2572,"column":24}},"486":{"start":{"line":2574,"column":4},"end":{"line":2574,"column":40}},"487":{"start":{"line":2574,"column":13},"end":{"line":2574,"column":40}},"488":{"start":{"line":2575,"column":14},"end":{"line":2575,"column":34}},"489":{"start":{"line":2576,"column":27},"end":{"line":2576,"column":77}},"490":{"start":{"line":2577,"column":4},"end":{"line":2592,"column":5}},"491":{"start":{"line":2578,"column":6},"end":{"line":2585,"column":8}},"492":{"start":{"line":2587,"column":6},"end":{"line":2591,"column":8}},"493":{"start":{"line":2593,"column":4},"end":{"line":2593,"column":43}},"494":{"start":{"line":2596,"column":2},"end":{"line":2596,"column":76}},"495":{"start":{"line":2597,"column":2},"end":{"line":2597,"column":80}},"496":{"start":{"line":2658,"column":4},"end":{"line":2658,"column":33}},"497":{"start":{"line":2662,"column":4},"end":{"line":2662,"column":40}},"498":{"start":{"line":2662,"column":13},"end":{"line":2662,"column":40}},"499":{"start":{"line":2663,"column":14},"end":{"line":2663,"column":34}},"500":{"start":{"line":2664,"column":18},"end":{"line":2664,"column":43}},"501":{"start":{"line":2665,"column":18},"end":{"line":2665,"column":39}},"502":{"start":{"line":2666,"column":15},"end":{"line":2666,"column":33}},"503":{"start":{"line":2667,"column":21},"end":{"line":2667,"column":29}},"504":{"start":{"line":2670,"column":4},"end":{"line":2679,"column":5}},"505":{"start":{"line":2673,"column":8},"end":{"line":2673,"column":28}},"506":{"start":{"line":2674,"column":8},"end":{"line":2674,"column":30}},"507":{"start":{"line":2675,"column":8},"end":{"line":2675,"column":14}},"508":{"start":{"line":2677,"column":8},"end":{"line":2677,"column":75}},"509":{"start":{"line":2678,"column":8},"end":{"line":2678,"column":32}},"510":{"start":{"line":2681,"column":4},"end":{"line":2687,"column":6}},"511":{"start":{"line":2690,"column":2},"end":{"line":2690,"column":74}},"512":{"start":{"line":2691,"column":2},"end":{"line":2691,"column":76}},"513":{"start":{"line":2721,"column":4},"end":{"line":2721,"column":40}},"514":{"start":{"line":2721,"column":13},"end":{"line":2721,"column":40}},"515":{"start":{"line":2722,"column":14},"end":{"line":2722,"column":34}},"516":{"start":{"line":2723,"column":4},"end":{"line":2727,"column":6}},"517":{"start":{"line":2730,"column":2},"end":{"line":2730,"column":44}},"518":{"start":{"line":2731,"column":2},"end":{"line":2731,"column":46}},"519":{"start":{"line":2758,"column":2},"end":{"line":2770,"column":5}},"520":{"start":{"line":2759,"column":4},"end":{"line":2759,"column":40}},"521":{"start":{"line":2759,"column":13},"end":{"line":2759,"column":40}},"522":{"start":{"line":2760,"column":14},"end":{"line":2760,"column":34}},"523":{"start":{"line":2761,"column":18},"end":{"line":2761,"column":39}},"524":{"start":{"line":2762,"column":15},"end":{"line":2762,"column":33}},"525":{"start":{"line":2763,"column":4},"end":{"line":2763,"column":59}},"526":{"start":{"line":2765,"column":4},"end":{"line":2769,"column":6}},"527":{"start":{"line":2877,"column":14},"end":{"line":2877,"column":34}},"528":{"start":{"line":2878,"column":18},"end":{"line":2878,"column":29}},"529":{"start":{"line":2879,"column":19},"end":{"line":2879,"column":31}},"530":{"start":{"line":2880,"column":15},"end":{"line":2880,"column":33}},"531":{"start":{"line":2881,"column":17},"end":{"line":2881,"column":35}},"532":{"start":{"line":2883,"column":18},"end":{"line":2883,"column":20}},"533":{"start":{"line":2885,"column":13},"end":{"line":2885,"column":17}},"534":{"start":{"line":2886,"column":18},"end":{"line":2886,"column":39}},"535":{"start":{"line":2888,"column":4},"end":{"line":2888,"column":44}},"536":{"start":{"line":2889,"column":23},"end":{"line":2889,"column":163}},"537":{"start":{"line":2891,"column":4},"end":{"line":2924,"column":5}},"538":{"start":{"line":2892,"column":6},"end":{"line":2892,"column":40}},"539":{"start":{"line":2893,"column":6},"end":{"line":2893,"column":18}},"540":{"start":{"line":2896,"column":6},"end":{"line":2896,"column":60}},"541":{"start":{"line":2896,"column":40},"end":{"line":2896,"column":56}},"542":{"start":{"line":2898,"column":6},"end":{"line":2900,"column":7}},"543":{"start":{"line":2899,"column":8},"end":{"line":2899,"column":53}},"544":{"start":{"line":2902,"column":6},"end":{"line":2902,"column":49}},"545":{"start":{"line":2904,"column":6},"end":{"line":2918,"column":7}},"546":{"start":{"line":2906,"column":10},"end":{"line":2908,"column":11}},"547":{"start":{"line":2907,"column":12},"end":{"line":2907,"column":68}},"548":{"start":{"line":2909,"column":10},"end":{"line":2909,"column":16}},"549":{"start":{"line":2911,"column":10},"end":{"line":2913,"column":11}},"550":{"start":{"line":2912,"column":12},"end":{"line":2912,"column":68}},"551":{"start":{"line":2914,"column":10},"end":{"line":2914,"column":35}},"552":{"start":{"line":2915,"column":10},"end":{"line":2915,"column":16}},"553":{"start":{"line":2917,"column":10},"end":{"line":2917,"column":55}},"554":{"start":{"line":2921,"column":6},"end":{"line":2923,"column":9}},"555":{"start":{"line":2922,"column":8},"end":{"line":2922,"column":59}},"556":{"start":{"line":2926,"column":4},"end":{"line":2928,"column":5}},"557":{"start":{"line":2927,"column":6},"end":{"line":2927,"column":75}},"558":{"start":{"line":2930,"column":14},"end":{"line":2930,"column":25}},"559":{"start":{"line":2931,"column":14},"end":{"line":2931,"column":31}},"560":{"start":{"line":2932,"column":14},"end":{"line":2932,"column":31}},"561":{"start":{"line":2933,"column":19},"end":{"line":2933,"column":23}},"562":{"start":{"line":2935,"column":4},"end":{"line":2937,"column":5}},"563":{"start":{"line":2936,"column":6},"end":{"line":2936,"column":17}},"564":{"start":{"line":2940,"column":4},"end":{"line":2950,"column":5}},"565":{"start":{"line":2941,"column":6},"end":{"line":2949,"column":9}},"566":{"start":{"line":2942,"column":8},"end":{"line":2948,"column":11}},"567":{"start":{"line":2943,"column":10},"end":{"line":2947,"column":11}},"568":{"start":{"line":2944,"column":12},"end":{"line":2944,"column":49}},"569":{"start":{"line":2946,"column":12},"end":{"line":2946,"column":45}},"570":{"start":{"line":2953,"column":4},"end":{"line":2967,"column":5}},"571":{"start":{"line":2954,"column":6},"end":{"line":2962,"column":9}},"572":{"start":{"line":2955,"column":8},"end":{"line":2961,"column":11}},"573":{"start":{"line":2956,"column":10},"end":{"line":2960,"column":11}},"574":{"start":{"line":2957,"column":12},"end":{"line":2957,"column":49}},"575":{"start":{"line":2959,"column":12},"end":{"line":2959,"column":45}},"576":{"start":{"line":2964,"column":6},"end":{"line":2966,"column":7}},"577":{"start":{"line":2965,"column":8},"end":{"line":2965,"column":48}},"578":{"start":{"line":2970,"column":4},"end":{"line":2983,"column":5}},"579":{"start":{"line":2971,"column":6},"end":{"line":2973,"column":9}},"580":{"start":{"line":2972,"column":8},"end":{"line":2972,"column":30}},"581":{"start":{"line":2974,"column":17},"end":{"line":2974,"column":27}},"582":{"start":{"line":2975,"column":6},"end":{"line":2977,"column":7}},"583":{"start":{"line":2976,"column":8},"end":{"line":2976,"column":48}},"584":{"start":{"line":2978,"column":6},"end":{"line":2980,"column":7}},"585":{"start":{"line":2979,"column":8},"end":{"line":2979,"column":47}},"586":{"start":{"line":2982,"column":6},"end":{"line":2982,"column":31}},"587":{"start":{"line":2986,"column":4},"end":{"line":2986,"column":45}},"588":{"start":{"line":2989,"column":4},"end":{"line":2989,"column":64}},"589":{"start":{"line":2992,"column":4},"end":{"line":2999,"column":6}},"590":{"start":{"line":3002,"column":2},"end":{"line":3002,"column":42}},"591":{"start":{"line":3003,"column":2},"end":{"line":3003,"column":41}},"592":{"start":{"line":3171,"column":4},"end":{"line":3171,"column":40}},"593":{"start":{"line":3171,"column":13},"end":{"line":3171,"column":40}},"594":{"start":{"line":3172,"column":14},"end":{"line":3172,"column":34}},"595":{"start":{"line":3173,"column":15},"end":{"line":3173,"column":33}},"596":{"start":{"line":3174,"column":18},"end":{"line":3174,"column":39}},"597":{"start":{"line":3175,"column":17},"end":{"line":3175,"column":46}},"598":{"start":{"line":3176,"column":4},"end":{"line":3176,"column":61}},"599":{"start":{"line":3178,"column":4},"end":{"line":3181,"column":5}},"600":{"start":{"line":3179,"column":6},"end":{"line":3179,"column":32}},"601":{"start":{"line":3180,"column":6},"end":{"line":3180,"column":23}},"602":{"start":{"line":3184,"column":4},"end":{"line":3188,"column":5}},"603":{"start":{"line":3185,"column":6},"end":{"line":3185,"column":12}},"604":{"start":{"line":3187,"column":6},"end":{"line":3187,"column":22}},"605":{"start":{"line":3192,"column":30},"end":{"line":3192,"column":84}},"606":{"start":{"line":3196,"column":28},"end":{"line":3196,"column":63}},"607":{"start":{"line":3197,"column":24},"end":{"line":3197,"column":29}},"608":{"start":{"line":3198,"column":28},"end":{"line":3198,"column":33}},"609":{"start":{"line":3201,"column":4},"end":{"line":3219,"column":5}},"610":{"start":{"line":3203,"column":28},"end":{"line":3203,"column":38}},"611":{"start":{"line":3204,"column":6},"end":{"line":3208,"column":7}},"612":{"start":{"line":3205,"column":8},"end":{"line":3205,"column":35}},"613":{"start":{"line":3206,"column":13},"end":{"line":3208,"column":7}},"614":{"start":{"line":3207,"column":8},"end":{"line":3207,"column":69}},"615":{"start":{"line":3210,"column":6},"end":{"line":3218,"column":8}},"616":{"start":{"line":3221,"column":4},"end":{"line":3257,"column":5}},"617":{"start":{"line":3223,"column":6},"end":{"line":3241,"column":7}},"618":{"start":{"line":3224,"column":35},"end":{"line":3224,"column":88}},"619":{"start":{"line":3226,"column":8},"end":{"line":3240,"column":9}},"620":{"start":{"line":3229,"column":10},"end":{"line":3239,"column":11}},"621":{"start":{"line":3230,"column":12},"end":{"line":3230,"column":33}},"622":{"start":{"line":3232,"column":12},"end":{"line":3238,"column":14}},"623":{"start":{"line":3243,"column":36},"end":{"line":3243,"column":92}},"624":{"start":{"line":3244,"column":6},"end":{"line":3256,"column":7}},"625":{"start":{"line":3245,"column":8},"end":{"line":3255,"column":9}},"626":{"start":{"line":3246,"column":12},"end":{"line":3246,"column":33}},"627":{"start":{"line":3248,"column":10},"end":{"line":3254,"column":12}},"628":{"start":{"line":3259,"column":4},"end":{"line":3280,"column":5}},"629":{"start":{"line":3261,"column":24},"end":{"line":3261,"column":35}},"630":{"start":{"line":3262,"column":6},"end":{"line":3264,"column":7}},"631":{"start":{"line":3263,"column":8},"end":{"line":3263,"column":32}},"632":{"start":{"line":3266,"column":32},"end":{"line":3266,"column":88}},"633":{"start":{"line":3267,"column":6},"end":{"line":3279,"column":7}},"634":{"start":{"line":3268,"column":8},"end":{"line":3278,"column":9}},"635":{"start":{"line":3269,"column":12},"end":{"line":3269,"column":37}},"636":{"start":{"line":3271,"column":10},"end":{"line":3277,"column":12}},"637":{"start":{"line":3283,"column":4},"end":{"line":3291,"column":5}},"638":{"start":{"line":3284,"column":6},"end":{"line":3290,"column":8}},"639":{"start":{"line":3293,"column":4},"end":{"line":3293,"column":36}},"640":{"start":{"line":3296,"column":2},"end":{"line":3296,"column":45}},"641":{"start":{"line":3297,"column":2},"end":{"line":3297,"column":46}},"642":{"start":{"line":3298,"column":2},"end":{"line":3298,"column":45}},"643":{"start":{"line":3366,"column":4},"end":{"line":3366,"column":40}},"644":{"start":{"line":3366,"column":13},"end":{"line":3366,"column":40}},"645":{"start":{"line":3367,"column":14},"end":{"line":3367,"column":34}},"646":{"start":{"line":3368,"column":17},"end":{"line":3368,"column":37}},"647":{"start":{"line":3369,"column":18},"end":{"line":3371,"column":21}},"648":{"start":{"line":3373,"column":4},"end":{"line":3377,"column":6}},"649":{"start":{"line":3380,"column":2},"end":{"line":3380,"column":46}},"650":{"start":{"line":3381,"column":2},"end":{"line":3381,"column":47}},"651":{"start":{"line":3403,"column":2},"end":{"line":3405,"column":5}},"652":{"start":{"line":3404,"column":4},"end":{"line":3404,"column":31}},"653":{"start":{"line":3446,"column":4},"end":{"line":3446,"column":40}},"654":{"start":{"line":3446,"column":13},"end":{"line":3446,"column":40}},"655":{"start":{"line":3447,"column":14},"end":{"line":3447,"column":34}},"656":{"start":{"line":3448,"column":17},"end":{"line":3448,"column":29}},"657":{"start":{"line":3449,"column":4},"end":{"line":3455,"column":6}},"658":{"start":{"line":3458,"column":2},"end":{"line":3458,"column":42}},"659":{"start":{"line":3459,"column":2},"end":{"line":3459,"column":44}},"660":{"start":{"line":3500,"column":4},"end":{"line":3500,"column":40}},"661":{"start":{"line":3500,"column":13},"end":{"line":3500,"column":40}},"662":{"start":{"line":3501,"column":14},"end":{"line":3501,"column":34}},"663":{"start":{"line":3502,"column":18},"end":{"line":3502,"column":39}},"664":{"start":{"line":3503,"column":15},"end":{"line":3503,"column":33}},"665":{"start":{"line":3505,"column":4},"end":{"line":3505,"column":59}},"666":{"start":{"line":3506,"column":4},"end":{"line":3514,"column":5}},"667":{"start":{"line":3507,"column":6},"end":{"line":3507,"column":46}},"668":{"start":{"line":3508,"column":25},"end":{"line":3508,"column":79}},"669":{"start":{"line":3509,"column":6},"end":{"line":3513,"column":8}},"670":{"start":{"line":3516,"column":4},"end":{"line":3520,"column":6}},"671":{"start":{"line":3523,"column":2},"end":{"line":3523,"column":42}},"672":{"start":{"line":3524,"column":2},"end":{"line":3524,"column":48}},"673":{"start":{"line":3528,"column":4},"end":{"line":3531,"column":5}},"674":{"start":{"line":3529,"column":6},"end":{"line":3529,"column":58}},"675":{"start":{"line":3529,"column":45},"end":{"line":3529,"column":58}},"676":{"start":{"line":3530,"column":6},"end":{"line":3530,"column":34}},"677":{"start":{"line":3533,"column":4},"end":{"line":3552,"column":7}},"678":{"start":{"line":3534,"column":6},"end":{"line":3534,"column":82}},"679":{"start":{"line":3534,"column":19},"end":{"line":3534,"column":82}},"680":{"start":{"line":3536,"column":6},"end":{"line":3543,"column":7}},"681":{"start":{"line":3537,"column":23},"end":{"line":3537,"column":45}},"682":{"start":{"line":3538,"column":8},"end":{"line":3538,"column":42}},"683":{"start":{"line":3538,"column":29},"end":{"line":3538,"column":42}},"684":{"start":{"line":3541,"column":8},"end":{"line":3541,"column":52}},"685":{"start":{"line":3541,"column":23},"end":{"line":3541,"column":52}},"686":{"start":{"line":3542,"column":8},"end":{"line":3542,"column":20}},"687":{"start":{"line":3545,"column":6},"end":{"line":3551,"column":9}},"688":{"start":{"line":3546,"column":8},"end":{"line":3546,"column":44}},"689":{"start":{"line":3546,"column":31},"end":{"line":3546,"column":44}},"690":{"start":{"line":3549,"column":8},"end":{"line":3549,"column":52}},"691":{"start":{"line":3549,"column":23},"end":{"line":3549,"column":52}},"692":{"start":{"line":3550,"column":8},"end":{"line":3550,"column":20}},"693":{"start":{"line":3624,"column":2},"end":{"line":3658,"column":5}},"694":{"start":{"line":3625,"column":4},"end":{"line":3625,"column":40}},"695":{"start":{"line":3625,"column":13},"end":{"line":3625,"column":40}},"696":{"start":{"line":3626,"column":14},"end":{"line":3626,"column":34}},"697":{"start":{"line":3627,"column":18},"end":{"line":3627,"column":39}},"698":{"start":{"line":3628,"column":15},"end":{"line":3628,"column":33}},"699":{"start":{"line":3630,"column":4},"end":{"line":3630,"column":62}},"700":{"start":{"line":3631,"column":4},"end":{"line":3631,"column":65}},"701":{"start":{"line":3633,"column":19},"end":{"line":3633,"column":41}},"702":{"start":{"line":3634,"column":18},"end":{"line":3634,"column":39}},"703":{"start":{"line":3638,"column":4},"end":{"line":3646,"column":5}},"704":{"start":{"line":3639,"column":6},"end":{"line":3639,"column":63}},"705":{"start":{"line":3640,"column":6},"end":{"line":3640,"column":67}},"706":{"start":{"line":3641,"column":6},"end":{"line":3641,"column":77}},"707":{"start":{"line":3643,"column":6},"end":{"line":3643,"column":56}},"708":{"start":{"line":3644,"column":6},"end":{"line":3644,"column":78}},"709":{"start":{"line":3645,"column":6},"end":{"line":3645,"column":88}},"710":{"start":{"line":3648,"column":14},"end":{"line":3648,"column":52}},"711":{"start":{"line":3650,"column":4},"end":{"line":3657,"column":6}},"712":{"start":{"line":3699,"column":4},"end":{"line":3699,"column":40}},"713":{"start":{"line":3699,"column":13},"end":{"line":3699,"column":40}},"714":{"start":{"line":3700,"column":19},"end":{"line":3700,"column":39}},"715":{"start":{"line":3701,"column":18},"end":{"line":3701,"column":39}},"716":{"start":{"line":3702,"column":15},"end":{"line":3702,"column":33}},"717":{"start":{"line":3703,"column":19},"end":{"line":3703,"column":41}},"718":{"start":{"line":3704,"column":17},"end":{"line":3704,"column":35}},"719":{"start":{"line":3705,"column":4},"end":{"line":3705,"column":63}},"720":{"start":{"line":3707,"column":4},"end":{"line":3733,"column":5}},"721":{"start":{"line":3708,"column":6},"end":{"line":3714,"column":8}},"722":{"start":{"line":3709,"column":42},"end":{"line":3709,"column":83}},"723":{"start":{"line":3716,"column":6},"end":{"line":3732,"column":7}},"724":{"start":{"line":3717,"column":8},"end":{"line":3723,"column":10}},"725":{"start":{"line":3718,"column":44},"end":{"line":3718,"column":79}},"726":{"start":{"line":3725,"column":8},"end":{"line":3731,"column":10}},"727":{"start":{"line":3736,"column":2},"end":{"line":3736,"column":38}},"728":{"start":{"line":3834,"column":4},"end":{"line":3834,"column":40}},"729":{"start":{"line":3834,"column":13},"end":{"line":3834,"column":40}},"730":{"start":{"line":3835,"column":13},"end":{"line":3835,"column":33}},"731":{"start":{"line":3836,"column":18},"end":{"line":3836,"column":39}},"732":{"start":{"line":3837,"column":15},"end":{"line":3837,"column":33}},"733":{"start":{"line":3838,"column":4},"end":{"line":3838,"column":60}},"734":{"start":{"line":3841,"column":4},"end":{"line":3847,"column":5}},"735":{"start":{"line":3842,"column":6},"end":{"line":3842,"column":67}},"736":{"start":{"line":3843,"column":6},"end":{"line":3843,"column":26}},"737":{"start":{"line":3845,"column":6},"end":{"line":3845,"column":73}},"738":{"start":{"line":3846,"column":6},"end":{"line":3846,"column":30}},"739":{"start":{"line":3849,"column":4},"end":{"line":3849,"column":9}},"740":{"start":{"line":3851,"column":16},"end":{"line":3851,"column":79}},"741":{"start":{"line":3852,"column":17},"end":{"line":3852,"column":75}},"742":{"start":{"line":3855,"column":4},"end":{"line":3855,"column":38}},"743":{"start":{"line":3856,"column":4},"end":{"line":3856,"column":45}},"744":{"start":{"line":3857,"column":4},"end":{"line":3857,"column":41}},"745":{"start":{"line":3858,"column":4},"end":{"line":3858,"column":42}},"746":{"start":{"line":3859,"column":4},"end":{"line":3859,"column":47}},"747":{"start":{"line":3861,"column":4},"end":{"line":3865,"column":6}},"748":{"start":{"line":3868,"column":2},"end":{"line":3868,"column":47}},"749":{"start":{"line":3869,"column":2},"end":{"line":3869,"column":48}},"750":{"start":{"line":3951,"column":4},"end":{"line":3951,"column":40}},"751":{"start":{"line":3951,"column":13},"end":{"line":3951,"column":40}},"752":{"start":{"line":3952,"column":13},"end":{"line":3952,"column":33}},"753":{"start":{"line":3953,"column":18},"end":{"line":3953,"column":39}},"754":{"start":{"line":3954,"column":15},"end":{"line":3954,"column":33}},"755":{"start":{"line":3955,"column":4},"end":{"line":3955,"column":60}},"756":{"start":{"line":3958,"column":4},"end":{"line":3964,"column":5}},"757":{"start":{"line":3959,"column":6},"end":{"line":3959,"column":67}},"758":{"start":{"line":3960,"column":6},"end":{"line":3960,"column":26}},"759":{"start":{"line":3962,"column":6},"end":{"line":3962,"column":73}},"760":{"start":{"line":3963,"column":6},"end":{"line":3963,"column":30}},"761":{"start":{"line":3967,"column":4},"end":{"line":3967,"column":63}},"762":{"start":{"line":3969,"column":4},"end":{"line":3969,"column":9}},"763":{"start":{"line":3971,"column":16},"end":{"line":3971,"column":79}},"764":{"start":{"line":3972,"column":17},"end":{"line":3972,"column":75}},"765":{"start":{"line":3974,"column":4},"end":{"line":3974,"column":38}},"766":{"start":{"line":3975,"column":4},"end":{"line":3975,"column":45}},"767":{"start":{"line":3976,"column":4},"end":{"line":3976,"column":41}},"768":{"start":{"line":3977,"column":4},"end":{"line":3977,"column":44}},"769":{"start":{"line":3978,"column":4},"end":{"line":3978,"column":45}},"770":{"start":{"line":3980,"column":4},"end":{"line":3984,"column":6}},"771":{"start":{"line":3987,"column":2},"end":{"line":3987,"column":51}},"772":{"start":{"line":3988,"column":2},"end":{"line":3988,"column":52}},"773":{"start":{"line":4070,"column":4},"end":{"line":4070,"column":40}},"774":{"start":{"line":4070,"column":13},"end":{"line":4070,"column":40}},"775":{"start":{"line":4071,"column":13},"end":{"line":4071,"column":33}},"776":{"start":{"line":4072,"column":18},"end":{"line":4072,"column":39}},"777":{"start":{"line":4073,"column":15},"end":{"line":4073,"column":33}},"778":{"start":{"line":4074,"column":4},"end":{"line":4074,"column":60}},"779":{"start":{"line":4077,"column":4},"end":{"line":4083,"column":5}},"780":{"start":{"line":4078,"column":6},"end":{"line":4078,"column":67}},"781":{"start":{"line":4079,"column":6},"end":{"line":4079,"column":26}},"782":{"start":{"line":4081,"column":6},"end":{"line":4081,"column":73}},"783":{"start":{"line":4082,"column":6},"end":{"line":4082,"column":30}},"784":{"start":{"line":4086,"column":4},"end":{"line":4086,"column":63}},"785":{"start":{"line":4088,"column":4},"end":{"line":4088,"column":9}},"786":{"start":{"line":4090,"column":16},"end":{"line":4090,"column":79}},"787":{"start":{"line":4091,"column":17},"end":{"line":4091,"column":75}},"788":{"start":{"line":4093,"column":4},"end":{"line":4093,"column":38}},"789":{"start":{"line":4094,"column":4},"end":{"line":4094,"column":45}},"790":{"start":{"line":4095,"column":4},"end":{"line":4095,"column":41}},"791":{"start":{"line":4096,"column":4},"end":{"line":4096,"column":44}},"792":{"start":{"line":4097,"column":4},"end":{"line":4097,"column":45}},"793":{"start":{"line":4099,"column":4},"end":{"line":4103,"column":6}},"794":{"start":{"line":4106,"column":2},"end":{"line":4106,"column":51}},"795":{"start":{"line":4107,"column":2},"end":{"line":4107,"column":52}},"796":{"start":{"line":4176,"column":4},"end":{"line":4176,"column":40}},"797":{"start":{"line":4176,"column":13},"end":{"line":4176,"column":40}},"798":{"start":{"line":4178,"column":17},"end":{"line":4178,"column":42}},"799":{"start":{"line":4179,"column":18},"end":{"line":4179,"column":49}},"800":{"start":{"line":4180,"column":16},"end":{"line":4180,"column":45}},"801":{"start":{"line":4181,"column":19},"end":{"line":4181,"column":46}},"802":{"start":{"line":4182,"column":20},"end":{"line":4182,"column":43}},"803":{"start":{"line":4185,"column":4},"end":{"line":4189,"column":5}},"804":{"start":{"line":4186,"column":6},"end":{"line":4186,"column":65}},"805":{"start":{"line":4188,"column":6},"end":{"line":4188,"column":49}},"806":{"start":{"line":4191,"column":4},"end":{"line":4195,"column":6}},"807":{"start":{"line":4198,"column":2},"end":{"line":4198,"column":41}},"808":{"start":{"line":4228,"column":2},"end":{"line":4243,"column":5}},"809":{"start":{"line":4229,"column":14},"end":{"line":4229,"column":34}},"810":{"start":{"line":4236,"column":23},"end":{"line":4236,"column":70}},"811":{"start":{"line":4238,"column":4},"end":{"line":4242,"column":6}},"812":{"start":{"line":4273,"column":2},"end":{"line":4288,"column":5}},"813":{"start":{"line":4274,"column":14},"end":{"line":4274,"column":34}},"814":{"start":{"line":4281,"column":19},"end":{"line":4281,"column":68}},"815":{"start":{"line":4283,"column":4},"end":{"line":4287,"column":6}},"816":{"start":{"line":4315,"column":2},"end":{"line":4330,"column":5}},"817":{"start":{"line":4316,"column":14},"end":{"line":4316,"column":34}},"818":{"start":{"line":4323,"column":19},"end":{"line":4323,"column":68}},"819":{"start":{"line":4325,"column":4},"end":{"line":4329,"column":6}},"820":{"start":{"line":4381,"column":2},"end":{"line":4389,"column":5}},"821":{"start":{"line":4382,"column":14},"end":{"line":4382,"column":34}},"822":{"start":{"line":4384,"column":4},"end":{"line":4388,"column":6}},"823":{"start":{"line":4407,"column":0},"end":{"line":7513,"column":2}},"824":{"start":{"line":4412,"column":18},"end":{"line":4412,"column":32}},"825":{"start":{"line":4413,"column":13},"end":{"line":4413,"column":22}},"826":{"start":{"line":4434,"column":15},"end":{"line":4441,"column":3}},"827":{"start":{"line":4435,"column":15},"end":{"line":4435,"column":59}},"828":{"start":{"line":4436,"column":4},"end":{"line":4440,"column":6}},"829":{"start":{"line":4465,"column":2},"end":{"line":4479,"column":4}},"830":{"start":{"line":4466,"column":4},"end":{"line":4471,"column":5}},"831":{"start":{"line":4469,"column":8},"end":{"line":4469,"column":25}},"832":{"start":{"line":4470,"column":8},"end":{"line":4470,"column":27}},"833":{"start":{"line":4473,"column":4},"end":{"line":4473,"column":41}},"834":{"start":{"line":4474,"column":4},"end":{"line":4478,"column":20}},"835":{"start":{"line":4497,"column":2},"end":{"line":4499,"column":4}},"836":{"start":{"line":4498,"column":4},"end":{"line":4498,"column":53}},"837":{"start":{"line":4517,"column":2},"end":{"line":4519,"column":4}},"838":{"start":{"line":4518,"column":4},"end":{"line":4518,"column":60}},"839":{"start":{"line":4536,"column":2},"end":{"line":4547,"column":4}},"840":{"start":{"line":4537,"column":15},"end":{"line":4537,"column":58}},"841":{"start":{"line":4539,"column":4},"end":{"line":4546,"column":6}},"842":{"start":{"line":4564,"column":2},"end":{"line":4575,"column":4}},"843":{"start":{"line":4565,"column":15},"end":{"line":4565,"column":61}},"844":{"start":{"line":4567,"column":4},"end":{"line":4574,"column":6}},"845":{"start":{"line":4592,"column":2},"end":{"line":4594,"column":4}},"846":{"start":{"line":4593,"column":4},"end":{"line":4593,"column":68}},"847":{"start":{"line":4611,"column":2},"end":{"line":4613,"column":4}},"848":{"start":{"line":4612,"column":4},"end":{"line":4612,"column":75}},"849":{"start":{"line":4631,"column":2},"end":{"line":4633,"column":4}},"850":{"start":{"line":4632,"column":4},"end":{"line":4632,"column":64}},"851":{"start":{"line":4650,"column":2},"end":{"line":4652,"column":4}},"852":{"start":{"line":4651,"column":4},"end":{"line":4651,"column":71}},"853":{"start":{"line":4669,"column":2},"end":{"line":4671,"column":4}},"854":{"start":{"line":4670,"column":4},"end":{"line":4670,"column":67}},"855":{"start":{"line":4689,"column":2},"end":{"line":4691,"column":4}},"856":{"start":{"line":4690,"column":4},"end":{"line":4690,"column":71}},"857":{"start":{"line":4708,"column":2},"end":{"line":4710,"column":4}},"858":{"start":{"line":4709,"column":4},"end":{"line":4709,"column":67}},"859":{"start":{"line":4728,"column":2},"end":{"line":4730,"column":4}},"860":{"start":{"line":4729,"column":4},"end":{"line":4729,"column":69}},"861":{"start":{"line":4747,"column":2},"end":{"line":4749,"column":4}},"862":{"start":{"line":4748,"column":4},"end":{"line":4748,"column":60}},"863":{"start":{"line":4766,"column":2},"end":{"line":4768,"column":4}},"864":{"start":{"line":4767,"column":4},"end":{"line":4767,"column":71}},"865":{"start":{"line":4785,"column":2},"end":{"line":4787,"column":4}},"866":{"start":{"line":4786,"column":4},"end":{"line":4786,"column":62}},"867":{"start":{"line":4804,"column":2},"end":{"line":4806,"column":4}},"868":{"start":{"line":4805,"column":4},"end":{"line":4805,"column":73}},"869":{"start":{"line":4822,"column":2},"end":{"line":4824,"column":4}},"870":{"start":{"line":4823,"column":4},"end":{"line":4823,"column":64}},"871":{"start":{"line":4841,"column":2},"end":{"line":4843,"column":4}},"872":{"start":{"line":4842,"column":4},"end":{"line":4842,"column":71}},"873":{"start":{"line":4859,"column":2},"end":{"line":4861,"column":4}},"874":{"start":{"line":4860,"column":4},"end":{"line":4860,"column":58}},"875":{"start":{"line":4876,"column":2},"end":{"line":4878,"column":4}},"876":{"start":{"line":4877,"column":4},"end":{"line":4877,"column":65}},"877":{"start":{"line":4896,"column":2},"end":{"line":4898,"column":4}},"878":{"start":{"line":4897,"column":4},"end":{"line":4897,"column":58}},"879":{"start":{"line":4918,"column":2},"end":{"line":4920,"column":4}},"880":{"start":{"line":4919,"column":4},"end":{"line":4919,"column":65}},"881":{"start":{"line":4937,"column":2},"end":{"line":4939,"column":4}},"882":{"start":{"line":4938,"column":4},"end":{"line":4938,"column":74}},"883":{"start":{"line":4956,"column":2},"end":{"line":4958,"column":4}},"884":{"start":{"line":4957,"column":4},"end":{"line":4957,"column":76}},"885":{"start":{"line":4975,"column":2},"end":{"line":4977,"column":4}},"886":{"start":{"line":4976,"column":4},"end":{"line":4976,"column":73}},"887":{"start":{"line":4994,"column":2},"end":{"line":4996,"column":4}},"888":{"start":{"line":4995,"column":4},"end":{"line":4995,"column":80}},"889":{"start":{"line":5014,"column":2},"end":{"line":5016,"column":4}},"890":{"start":{"line":5015,"column":4},"end":{"line":5015,"column":69}},"891":{"start":{"line":5034,"column":2},"end":{"line":5036,"column":4}},"892":{"start":{"line":5035,"column":4},"end":{"line":5035,"column":76}},"893":{"start":{"line":5053,"column":2},"end":{"line":5055,"column":4}},"894":{"start":{"line":5054,"column":4},"end":{"line":5054,"column":68}},"895":{"start":{"line":5072,"column":2},"end":{"line":5074,"column":4}},"896":{"start":{"line":5073,"column":4},"end":{"line":5073,"column":75}},"897":{"start":{"line":5091,"column":2},"end":{"line":5093,"column":4}},"898":{"start":{"line":5092,"column":4},"end":{"line":5092,"column":69}},"899":{"start":{"line":5110,"column":2},"end":{"line":5112,"column":4}},"900":{"start":{"line":5111,"column":4},"end":{"line":5111,"column":76}},"901":{"start":{"line":5129,"column":2},"end":{"line":5131,"column":4}},"902":{"start":{"line":5130,"column":4},"end":{"line":5130,"column":69}},"903":{"start":{"line":5148,"column":2},"end":{"line":5150,"column":4}},"904":{"start":{"line":5149,"column":4},"end":{"line":5149,"column":76}},"905":{"start":{"line":5169,"column":2},"end":{"line":5171,"column":4}},"906":{"start":{"line":5170,"column":4},"end":{"line":5170,"column":64}},"907":{"start":{"line":5191,"column":2},"end":{"line":5193,"column":4}},"908":{"start":{"line":5192,"column":4},"end":{"line":5192,"column":71}},"909":{"start":{"line":5213,"column":2},"end":{"line":5215,"column":4}},"910":{"start":{"line":5214,"column":4},"end":{"line":5214,"column":78}},"911":{"start":{"line":5238,"column":2},"end":{"line":5240,"column":4}},"912":{"start":{"line":5239,"column":4},"end":{"line":5239,"column":63}},"913":{"start":{"line":5258,"column":2},"end":{"line":5260,"column":4}},"914":{"start":{"line":5259,"column":4},"end":{"line":5259,"column":70}},"915":{"start":{"line":5280,"column":2},"end":{"line":5282,"column":4}},"916":{"start":{"line":5281,"column":4},"end":{"line":5281,"column":76}},"917":{"start":{"line":5302,"column":2},"end":{"line":5305,"column":4}},"918":{"start":{"line":5303,"column":4},"end":{"line":5304,"column":34}},"919":{"start":{"line":5338,"column":2},"end":{"line":5340,"column":4}},"920":{"start":{"line":5339,"column":4},"end":{"line":5339,"column":63}},"921":{"start":{"line":5374,"column":2},"end":{"line":5376,"column":4}},"922":{"start":{"line":5375,"column":4},"end":{"line":5375,"column":70}},"923":{"start":{"line":5399,"column":2},"end":{"line":5401,"column":4}},"924":{"start":{"line":5400,"column":4},"end":{"line":5400,"column":72}},"925":{"start":{"line":5424,"column":2},"end":{"line":5426,"column":4}},"926":{"start":{"line":5425,"column":4},"end":{"line":5425,"column":79}},"927":{"start":{"line":5449,"column":2},"end":{"line":5451,"column":4}},"928":{"start":{"line":5450,"column":4},"end":{"line":5450,"column":76}},"929":{"start":{"line":5474,"column":2},"end":{"line":5477,"column":4}},"930":{"start":{"line":5475,"column":4},"end":{"line":5476,"column":31}},"931":{"start":{"line":5500,"column":2},"end":{"line":5503,"column":4}},"932":{"start":{"line":5501,"column":4},"end":{"line":5502,"column":32}},"933":{"start":{"line":5526,"column":2},"end":{"line":5529,"column":4}},"934":{"start":{"line":5527,"column":4},"end":{"line":5528,"column":36}},"935":{"start":{"line":5548,"column":2},"end":{"line":5550,"column":4}},"936":{"start":{"line":5549,"column":4},"end":{"line":5549,"column":70}},"937":{"start":{"line":5571,"column":2},"end":{"line":5573,"column":4}},"938":{"start":{"line":5572,"column":4},"end":{"line":5572,"column":77}},"939":{"start":{"line":5592,"column":2},"end":{"line":5595,"column":4}},"940":{"start":{"line":5593,"column":4},"end":{"line":5594,"column":29}},"941":{"start":{"line":5614,"column":2},"end":{"line":5617,"column":4}},"942":{"start":{"line":5615,"column":4},"end":{"line":5616,"column":33}},"943":{"start":{"line":5634,"column":2},"end":{"line":5636,"column":4}},"944":{"start":{"line":5635,"column":4},"end":{"line":5635,"column":61}},"945":{"start":{"line":5653,"column":2},"end":{"line":5655,"column":4}},"946":{"start":{"line":5654,"column":4},"end":{"line":5654,"column":68}},"947":{"start":{"line":5674,"column":2},"end":{"line":5676,"column":4}},"948":{"start":{"line":5675,"column":4},"end":{"line":5675,"column":74}},"949":{"start":{"line":5694,"column":2},"end":{"line":5697,"column":4}},"950":{"start":{"line":5695,"column":4},"end":{"line":5696,"column":34}},"951":{"start":{"line":5717,"column":2},"end":{"line":5720,"column":4}},"952":{"start":{"line":5718,"column":4},"end":{"line":5719,"column":35}},"953":{"start":{"line":5741,"column":2},"end":{"line":5744,"column":4}},"954":{"start":{"line":5742,"column":4},"end":{"line":5743,"column":39}},"955":{"start":{"line":5763,"column":2},"end":{"line":5766,"column":4}},"956":{"start":{"line":5764,"column":4},"end":{"line":5765,"column":40}},"957":{"start":{"line":5787,"column":2},"end":{"line":5790,"column":4}},"958":{"start":{"line":5788,"column":4},"end":{"line":5789,"column":44}},"959":{"start":{"line":5807,"column":2},"end":{"line":5810,"column":4}},"960":{"start":{"line":5808,"column":4},"end":{"line":5809,"column":34}},"961":{"start":{"line":5828,"column":2},"end":{"line":5831,"column":4}},"962":{"start":{"line":5829,"column":4},"end":{"line":5830,"column":38}},"963":{"start":{"line":5850,"column":2},"end":{"line":5853,"column":4}},"964":{"start":{"line":5851,"column":4},"end":{"line":5852,"column":41}},"965":{"start":{"line":5873,"column":2},"end":{"line":5876,"column":4}},"966":{"start":{"line":5874,"column":4},"end":{"line":5875,"column":45}},"967":{"start":{"line":5895,"column":2},"end":{"line":5898,"column":4}},"968":{"start":{"line":5896,"column":4},"end":{"line":5897,"column":46}},"969":{"start":{"line":5920,"column":2},"end":{"line":5923,"column":4}},"970":{"start":{"line":5921,"column":4},"end":{"line":5922,"column":50}},"971":{"start":{"line":5942,"column":2},"end":{"line":5945,"column":4}},"972":{"start":{"line":5943,"column":4},"end":{"line":5944,"column":37}},"973":{"start":{"line":5964,"column":2},"end":{"line":5967,"column":4}},"974":{"start":{"line":5965,"column":4},"end":{"line":5966,"column":41}},"975":{"start":{"line":5987,"column":2},"end":{"line":5990,"column":4}},"976":{"start":{"line":5988,"column":4},"end":{"line":5989,"column":42}},"977":{"start":{"line":6011,"column":2},"end":{"line":6014,"column":4}},"978":{"start":{"line":6012,"column":4},"end":{"line":6013,"column":46}},"979":{"start":{"line":6034,"column":2},"end":{"line":6037,"column":4}},"980":{"start":{"line":6035,"column":4},"end":{"line":6036,"column":47}},"981":{"start":{"line":6059,"column":2},"end":{"line":6062,"column":3}},"982":{"start":{"line":6060,"column":4},"end":{"line":6061,"column":51}},"983":{"start":{"line":6082,"column":2},"end":{"line":6084,"column":4}},"984":{"start":{"line":6083,"column":4},"end":{"line":6083,"column":73}},"985":{"start":{"line":6106,"column":2},"end":{"line":6108,"column":3}},"986":{"start":{"line":6107,"column":4},"end":{"line":6107,"column":76}},"987":{"start":{"line":6130,"column":2},"end":{"line":6132,"column":3}},"988":{"start":{"line":6131,"column":4},"end":{"line":6131,"column":76}},"989":{"start":{"line":6158,"column":2},"end":{"line":6161,"column":3}},"990":{"start":{"line":6159,"column":4},"end":{"line":6160,"column":33}},"991":{"start":{"line":6183,"column":2},"end":{"line":6186,"column":3}},"992":{"start":{"line":6184,"column":4},"end":{"line":6185,"column":34}},"993":{"start":{"line":6208,"column":2},"end":{"line":6211,"column":3}},"994":{"start":{"line":6209,"column":4},"end":{"line":6210,"column":34}},"995":{"start":{"line":6237,"column":2},"end":{"line":6240,"column":3}},"996":{"start":{"line":6238,"column":4},"end":{"line":6239,"column":35}},"997":{"start":{"line":6264,"column":2},"end":{"line":6267,"column":3}},"998":{"start":{"line":6265,"column":4},"end":{"line":6266,"column":35}},"999":{"start":{"line":6291,"column":2},"end":{"line":6294,"column":3}},"1000":{"start":{"line":6292,"column":4},"end":{"line":6293,"column":38}},"1001":{"start":{"line":6318,"column":2},"end":{"line":6321,"column":3}},"1002":{"start":{"line":6319,"column":4},"end":{"line":6320,"column":39}},"1003":{"start":{"line":6345,"column":2},"end":{"line":6348,"column":3}},"1004":{"start":{"line":6346,"column":4},"end":{"line":6347,"column":39}},"1005":{"start":{"line":6381,"column":2},"end":{"line":6390,"column":4}},"1006":{"start":{"line":6382,"column":4},"end":{"line":6385,"column":5}},"1007":{"start":{"line":6383,"column":6},"end":{"line":6383,"column":32}},"1008":{"start":{"line":6384,"column":6},"end":{"line":6384,"column":23}},"1009":{"start":{"line":6387,"column":20},"end":{"line":6388,"column":41}},"1010":{"start":{"line":6389,"column":4},"end":{"line":6389,"column":37}},"1011":{"start":{"line":6421,"column":2},"end":{"line":6429,"column":4}},"1012":{"start":{"line":6422,"column":4},"end":{"line":6425,"column":5}},"1013":{"start":{"line":6423,"column":6},"end":{"line":6423,"column":32}},"1014":{"start":{"line":6424,"column":6},"end":{"line":6424,"column":23}},"1015":{"start":{"line":6427,"column":4},"end":{"line":6428,"column":46}},"1016":{"start":{"line":6448,"column":2},"end":{"line":6488,"column":4}},"1017":{"start":{"line":6450,"column":4},"end":{"line":6482,"column":5}},"1018":{"start":{"line":6452,"column":8},"end":{"line":6452,"column":25}},"1019":{"start":{"line":6453,"column":8},"end":{"line":6453,"column":14}},"1020":{"start":{"line":6455,"column":8},"end":{"line":6455,"column":26}},"1021":{"start":{"line":6456,"column":8},"end":{"line":6456,"column":14}},"1022":{"start":{"line":6458,"column":8},"end":{"line":6458,"column":24}},"1023":{"start":{"line":6459,"column":8},"end":{"line":6459,"column":14}},"1024":{"start":{"line":6461,"column":8},"end":{"line":6461,"column":25}},"1025":{"start":{"line":6462,"column":8},"end":{"line":6462,"column":14}},"1026":{"start":{"line":6464,"column":8},"end":{"line":6464,"column":24}},"1027":{"start":{"line":6465,"column":8},"end":{"line":6465,"column":14}},"1028":{"start":{"line":6467,"column":8},"end":{"line":6467,"column":25}},"1029":{"start":{"line":6468,"column":8},"end":{"line":6468,"column":14}},"1030":{"start":{"line":6470,"column":8},"end":{"line":6470,"column":25}},"1031":{"start":{"line":6471,"column":8},"end":{"line":6471,"column":14}},"1032":{"start":{"line":6473,"column":8},"end":{"line":6473,"column":26}},"1033":{"start":{"line":6474,"column":8},"end":{"line":6474,"column":14}},"1034":{"start":{"line":6476,"column":8},"end":{"line":6476,"column":37}},"1035":{"start":{"line":6477,"column":8},"end":{"line":6481,"column":10}},"1036":{"start":{"line":6483,"column":15},"end":{"line":6483,"column":60}},"1037":{"start":{"line":6484,"column":4},"end":{"line":6487,"column":96}},"1038":{"start":{"line":6506,"column":2},"end":{"line":6508,"column":4}},"1039":{"start":{"line":6507,"column":4},"end":{"line":6507,"column":76}},"1040":{"start":{"line":6526,"column":2},"end":{"line":6529,"column":4}},"1041":{"start":{"line":6527,"column":4},"end":{"line":6528,"column":39}},"1042":{"start":{"line":6547,"column":2},"end":{"line":6550,"column":3}},"1043":{"start":{"line":6548,"column":4},"end":{"line":6549,"column":34}},"1044":{"start":{"line":6568,"column":2},"end":{"line":6571,"column":3}},"1045":{"start":{"line":6569,"column":4},"end":{"line":6570,"column":38}},"1046":{"start":{"line":6589,"column":2},"end":{"line":6592,"column":3}},"1047":{"start":{"line":6590,"column":4},"end":{"line":6591,"column":39}},"1048":{"start":{"line":6610,"column":2},"end":{"line":6613,"column":3}},"1049":{"start":{"line":6611,"column":4},"end":{"line":6612,"column":43}},"1050":{"start":{"line":6631,"column":2},"end":{"line":6634,"column":3}},"1051":{"start":{"line":6632,"column":4},"end":{"line":6633,"column":42}},"1052":{"start":{"line":6652,"column":2},"end":{"line":6655,"column":3}},"1053":{"start":{"line":6653,"column":4},"end":{"line":6654,"column":46}},"1054":{"start":{"line":6673,"column":2},"end":{"line":6676,"column":3}},"1055":{"start":{"line":6674,"column":4},"end":{"line":6675,"column":47}},"1056":{"start":{"line":6695,"column":2},"end":{"line":6698,"column":3}},"1057":{"start":{"line":6696,"column":4},"end":{"line":6697,"column":51}},"1058":{"start":{"line":6716,"column":2},"end":{"line":6719,"column":3}},"1059":{"start":{"line":6717,"column":4},"end":{"line":6718,"column":34}},"1060":{"start":{"line":6737,"column":2},"end":{"line":6740,"column":3}},"1061":{"start":{"line":6738,"column":4},"end":{"line":6739,"column":38}},"1062":{"start":{"line":6758,"column":2},"end":{"line":6761,"column":3}},"1063":{"start":{"line":6759,"column":4},"end":{"line":6760,"column":39}},"1064":{"start":{"line":6779,"column":2},"end":{"line":6782,"column":3}},"1065":{"start":{"line":6780,"column":4},"end":{"line":6781,"column":43}},"1066":{"start":{"line":6801,"column":2},"end":{"line":6804,"column":3}},"1067":{"start":{"line":6802,"column":4},"end":{"line":6803,"column":42}},"1068":{"start":{"line":6824,"column":2},"end":{"line":6827,"column":3}},"1069":{"start":{"line":6825,"column":4},"end":{"line":6826,"column":46}},"1070":{"start":{"line":6846,"column":2},"end":{"line":6849,"column":3}},"1071":{"start":{"line":6847,"column":4},"end":{"line":6848,"column":47}},"1072":{"start":{"line":6870,"column":2},"end":{"line":6873,"column":3}},"1073":{"start":{"line":6871,"column":4},"end":{"line":6872,"column":51}},"1074":{"start":{"line":6890,"column":2},"end":{"line":6892,"column":3}},"1075":{"start":{"line":6891,"column":4},"end":{"line":6891,"column":69}},"1076":{"start":{"line":6912,"column":2},"end":{"line":6919,"column":3}},"1077":{"start":{"line":6913,"column":4},"end":{"line":6916,"column":5}},"1078":{"start":{"line":6914,"column":6},"end":{"line":6914,"column":17}},"1079":{"start":{"line":6915,"column":6},"end":{"line":6915,"column":18}},"1080":{"start":{"line":6918,"column":4},"end":{"line":6918,"column":70}},"1081":{"start":{"line":6940,"column":2},"end":{"line":6952,"column":3}},"1082":{"start":{"line":6941,"column":4},"end":{"line":6948,"column":5}},"1083":{"start":{"line":6942,"column":19},"end":{"line":6942,"column":24}},"1084":{"start":{"line":6943,"column":6},"end":{"line":6943,"column":19}},"1085":{"start":{"line":6944,"column":6},"end":{"line":6944,"column":19}},"1086":{"start":{"line":6945,"column":11},"end":{"line":6948,"column":5}},"1087":{"start":{"line":6946,"column":6},"end":{"line":6946,"column":19}},"1088":{"start":{"line":6947,"column":6},"end":{"line":6947,"column":18}},"1089":{"start":{"line":6950,"column":4},"end":{"line":6951,"column":38}},"1090":{"start":{"line":6972,"column":2},"end":{"line":6980,"column":3}},"1091":{"start":{"line":6973,"column":4},"end":{"line":6976,"column":5}},"1092":{"start":{"line":6974,"column":6},"end":{"line":6974,"column":17}},"1093":{"start":{"line":6975,"column":6},"end":{"line":6975,"column":18}},"1094":{"start":{"line":6978,"column":4},"end":{"line":6979,"column":32}},"1095":{"start":{"line":7001,"column":2},"end":{"line":7013,"column":3}},"1096":{"start":{"line":7002,"column":4},"end":{"line":7009,"column":5}},"1097":{"start":{"line":7003,"column":19},"end":{"line":70
[...]
1636":0,"1637":0,"1638":0,"1639":0,"1640":0,"1641":0,"1642":0,"1643":0,"1644":1,"1645":1,"1646":0,"1647":0,"1648":0,"1649":0,"1650":0,"1651":0,"1652":0,"1653":0,"1654":0,"1655":0,"1656":0,"1657":0,"1658":0,"1659":0,"1660":0,"1661":0,"1662":0,"1663":0,"1664":0,"1665":0,"1666":0,"1667":0,"1668":0,"1669":0,"1670":0,"1671":0,"1672":0,"1673":0,"1674":0,"1675":0,"1676":0,"1677":0,"1678":0,"1679":0,"1680":0,"1681":0,"1682":0,"1683":0,"1684":0,"1685":0,"1686":0,"1687":0,"1688":0,"1689":0,"1690":0,"1691":0,"1692":0,"1693":0,"1694":0,"1695":0,"1696":0,"1697":0,"1698":0,"1699":0,"1700":0,"1701":0,"1702":0,"1703":0,"1704":0,"1705":0,"1706":0,"1707":0,"1708":0,"1709":0,"1710":0,"1711":0,"1712":0,"1713":0,"1714":0,"1715":0,"1716":0,"1717":0,"1718":0,"1719":0,"1720":0,"1721":0,"1722":0,"1723":0,"1724":0,"1725":0,"1726":0,"1727":0,"1728":0,"1729":0,"1730":0,"1731":0,"1732":0,"1733":0,"1734":0,"1735":0,"1736":0,"1737":0,"1738":0,"1739":0,"1740":0,"1741":0,"1742":0,"1743":0,"1744":0,"1745":0,"1746":0,"1747":0,"1748":0,"1749":0,"1750":0,"1751":0,"1752":0,"1753":0,"1754":0,"1755":0,"1756":0,"1757":0,"1758":0,"1759":0,"1760":1,"1761":1,"1762":0,"1763":0,"1764":0,"1765":0,"1766":0,"1767":0,"1768":0,"1769":0,"1770":0,"1771":1,"1772":1,"1773":1,"1774":0,"1775":0,"1776":0,"1777":0,"1778":0,"1779":0,"1780":0,"1781":0,"1782":0,"1783":0,"1784":0,"1785":0,"1786":0,"1787":0,"1788":0,"1789":0,"1790":0,"1791":0,"1792":0,"1793":0,"1794":0,"1795":0,"1796":0,"1797":0,"1798":0,"1799":0,"1800":0,"1801":0,"1802":0,"1803":0,"1804":0,"1805":0,"1806":0,"1807":0,"1808":0,"1809":0,"1810":0,"1811":0,"1812":0,"1813":0,"1814":0,"1815":0,"1816":0,"1817":0,"1818":0,"1819":0,"1820":0,"1821":0,"1822":1,"1823":1,"1824":1,"1825":0,"1826":0,"1827":0,"1828":0,"1829":0,"1830":0,"1831":0,"1832":0,"1833":0,"1834":0,"1835":0,"1836":0,"1837":0,"1838":0,"1839":0,"1840":0,"1841":0,"1842":0,"1843":0,"1844":0,"1845":0,"1846":0,"1847":0,"1848":0,"1849":0,"1850":0,"1851":0,"1852":0,"1853":0,"1854":0,"1855":0,"1856":0,"1857":0,"1858":0,"1859":0,"1860":0,"1861":0,"1862":0,"1863":0,"1864":0,"1865":0,"1866":0,"1867":0,"1868":0,"1869":0,"1870":0,"1871":0,"1872":0,"1873":0,"1874":0,"1875":0,"1876":0,"1877":0,"1878":0,"1879":0,"1880":0,"1881":0,"1882":0,"1883":0,"1884":0,"1885":0,"1886":0,"1887":0,"1888":0,"1889":0,"1890":0,"1891":0,"1892":0,"1893":0,"1894":0,"1895":0,"1896":0,"1897":0,"1898":0,"1899":0,"1900":0,"1901":0,"1902":0,"1903":0,"1904":0,"1905":0,"1906":0,"1907":0,"1908":0,"1909":0,"1910":0,"1911":0,"1912":0,"1913":0,"1914":0,"1915":0,"1916":0,"1917":0,"1918":0,"1919":0,"1920":1,"1921":1,"1922":0,"1923":0,"1924":0,"1925":0,"1926":0,"1927":0,"1928":0,"1929":0,"1930":0,"1931":1,"1932":1,"1933":0,"1934":0,"1935":0,"1936":0,"1937":0,"1938":0,"1939":0,"1940":0,"1941":0,"1942":0,"1943":0,"1944":0,"1945":0,"1946":0,"1947":0,"1948":0,"1949":0,"1950":0,"1951":0,"1952":0,"1953":0,"1954":0,"1955":0,"1956":0,"1957":0,"1958":0,"1959":0,"1960":0,"1961":0,"1962":0,"1963":0,"1964":0,"1965":0,"1966":0,"1967":0,"1968":0,"1969":0,"1970":0,"1971":0,"1972":0,"1973":0,"1974":0,"1975":0,"1976":0,"1977":0,"1978":0,"1979":0,"1980":0,"1981":1,"1982":0,"1983":0,"1984":0,"1985":0,"1986":0,"1987":0,"1988":0,"1989":0,"1990":0,"1991":0,"1992":0,"1993":0,"1994":0,"1995":0,"1996":0,"1997":0,"1998":0,"1999":0,"2000":0,"2001":0,"2002":0,"2003":0,"2004":0,"2005":0,"2006":0,"2007":0,"2008":1,"2009":1,"2010":1,"2011":1,"2012":0,"2013":0,"2014":0,"2015":0,"2016":0,"2017":0,"2018":0,"2019":1,"2020":0,"2021":1,"2022":1,"2023":1,"2024":1,"2025":1,"2026":1,"2027":0,"2028":0,"2029":0,"2030":0,"2031":0,"2032":0,"2033":0,"2034":0,"2035":1,"2036":0,"2037":0,"2038":0,"2039":0,"2040":0,"2041":0,"2042":0,"2043":0,"2044":0,"2045":0,"2046":0,"2047":0,"2048":0,"2049":0,"2050":0,"2051":0,"2052":0,"2053":0,"2054":1,"2055":0,"2056":0,"2057":0,"2058":0,"2059":0,"2060":0,"2061":0,"2062":0,"2063":0,"2064":0,"2065":0,"2066":0,"2067":1,"2068":0,"2069":0,"2070":0,"2071":0,"2072":0,"2073":0,"2074":0,"2075":0,"2076":0,"2077":0,"2078":0,"2079":0,"2080":0,"2081":0,"2082":0,"2083":0,"2084":0,"2085":0,"2086":0,"2087":0,"2088":0,"2089":0,"2090":0,"2091":0,"2092":0,"2093":0,"2094":0,"2095":0,"2096":0,"2097":0,"2098":0,"2099":0,"2100":0,"2101":0,"2102":0,"2103":0,"2104":0,"2105":0,"2106":1,"2107":1,"2108":1,"2109":1,"2110":1,"2111":1,"2112":0,"2113":1,"2114":1,"2115":1,"2116":0,"2117":0,"2118":0,"2119":0,"2120":0,"2121":0,"2122":0,"2123":0,"2124":0,"2125":1,"2126":0,"2127":0,"2128":0,"2129":0,"2130":0,"2131":0,"2132":0,"2133":0,"2134":0,"2135":0,"2136":0,"2137":1,"2138":0,"2139":0,"2140":0,"2141":0,"2142":0,"2143":0,"2144":0,"2145":0,"2146":0,"2147":0,"2148":0,"2149":0,"2150":0,"2151":0,"2152":0,"2153":0,"2154":0,"2155":0,"2156":0,"2157":0,"2158":0,"2159":0,"2160":0,"2161":0,"2162":0,"2163":0,"2164":0,"2165":0,"2166":0,"2167":0,"2168":0,"2169":0,"2170":0,"2171":0,"2172":0,"2173":1,"2174":1,"2175":1,"2176":1,"2177":1,"2178":1,"2179":1,"2180":0,"2181":0,"2182":0,"2183":0,"2184":0,"2185":0,"2186":0,"2187":0,"2188":0,"2189":0,"2190":0,"2191":0,"2192":0,"2193":0,"2194":0,"2195":0,"2196":0,"2197":0,"2198":0,"2199":0,"2200":0,"2201":0,"2202":0,"2203":0,"2204":0,"2205":0,"2206":0,"2207":0,"2208":0,"2209":0,"2210":0,"2211":0,"2212":0,"2213":0,"2214":0,"2215":0,"2216":0,"2217":0,"2218":0,"2219":0,"2220":0,"2221":0,"2222":0,"2223":0,"2224":0,"2225":0,"2226":0,"2227":0,"2228":0,"2229":0,"2230":0,"2231":0,"2232":0,"2233":0,"2234":0,"2235":0,"2236":0,"2237":0,"2238":1,"2239":1,"2240":1,"2241":1,"2242":1,"2243":1,"2244":1,"2245":1,"2246":1,"2247":1,"2248":1,"2249":1,"2250":1,"2251":1,"2252":1,"2253":1,"2254":1,"2255":1,"2256":1,"2257":1,"2258":1,"2259":1,"2260":1,"2261":0,"2262":0,"2263":0,"2264":0,"2265":0,"2266":0,"2267":0,"2268":0,"2269":0,"2270":0,"2271":0,"2272":0,"2273":0,"2274":0,"2275":0,"2276":0,"2277":0,"2278":0,"2279":0,"2280":0,"2281":0,"2282":0,"2283":0,"2284":0,"2285":0,"2286":0,"2287":0,"2288":0,"2289":0,"2290":0,"2291":0,"2292":0,"2293":0,"2294":0,"2295":0,"2296":0,"2297":0,"2298":0,"2299":0,"2300":0,"2301":0,"2302":0,"2303":0,"2304":0,"2305":0,"2306":0,"2307":0,"2308":0,"2309":0,"2310":0,"2311":0,"2312":0,"2313":0,"2314":0,"2315":0,"2316":0,"2317":0,"2318":1,"2319":1,"2320":1,"2321":0,"2322":0,"2323":0,"2324":0,"2325":0,"2326":2,"2327":0,"2328":0,"2329":0,"2330":0,"2331":1,"2332":1,"2333":1,"2334":1,"2335":1,"2336":1,"2337":1,"2338":1,"2339":1,"2340":1,"2341":1,"2342":1,"2343":1,"2344":92,"2345":92,"2346":50,"2347":42,"2348":42,"2349":42,"2350":1,"2351":1,"2352":3,"2353":0,"2354":0,"2355":3,"2356":3,"2357":1,"2358":1,"2359":4,"2360":13,"2361":13,"2362":1,"2363":1,"2364":1,"2365":1,"2366":0,"2367":0,"2368":0,"2369":0,"2370":1,"2371":1,"2372":26,"2373":1,"2374":1,"2375":4,"2376":4,"2377":4,"2378":1,"2379":1,"2380":1,"2381":1,"2382":1,"2383":1,"2384":1,"2385":1,"2386":1,"2387":1,"2388":1,"2389":1,"2390":1,"2391":1,"2392":1,"2393":1,"2394":1,"2395":1,"2396":1,"2397":1,"2398":1,"2399":1,"2400":1,"2401":1,"2402":1,"2403":1,"2404":1,"2405":1,"2406":1,"2407":1,"2408":1,"2409":1},"f":{"0":1,"1":1,"2":0,"3":0,"4":0,"5":0,"6":0,"7":0,"8":1,"9":1,"10":5,"11":1,"12":1,"13":14,"14":0,"15":0,"16":0,"17":0,"18":40,"19":48,"20":8,"21":0,"22":0,"23":0,"24":4,"25":0,"26":0,"27":1,"28":1,"29":1,"30":17,"31":0,"32":0,"33":0,"34":0,"35":0,"36":0,"37":0,"38":0,"39":0,"40":0,"41":0,"42":0,"43":0,"44":0,"45":0,"46":0,"47":4,"48":0,"49":0,"50":0,"51":0,"52":0,"53":0,"54":0,"55":0,"56":0,"57":0,"58":0,"59":0,"60":0,"61":0,"62":0,"63":0,"64":0,"65":0,"66":0,"67":0,"68":0,"69":0,"70":0,"71":0,"72":0,"73":0,"74":0,"75":0,"76":0,"77":0,"78":0,"79":0,"80":0,"81":0,"82":0,"83":0,"84":0,"85":0,"86":0,"87":0,"88":0,"89":0,"90":0,"91":0,"92":0,"93":0,"94":0,"95":0,"96":0,"97":0,"98":1,"99":1,"100":0,"101":0,"102":0,"103":0,"104":0,"105":0,"106":0,"107":0,"108":0,"109":0,"110":0,"111":0,"112":0,"113":0,"114":0,"115":0,"116":0,"117":0,"118":0,"119":0,"120":0,"121":0,"122":0,"123":0,"124":0,"125":0,"126":0,"127":0,"128":0,"129":0,"130":0,"131":0,"132":0,"133":0,"134":0,"135":0,"136":0,"137":0,"138":0,"139":0,"140":0,"141":0,"142":0,"143":0,"144":0,"145":0,"146":0,"147":0,"148":0,"149":0,"150":0,"151":0,"152":0,"153":0,"154":0,"155":0,"156":0,"157":0,"158":0,"159":0,"160":0,"161":0,"162":0,"163":0,"164":0,"165":0,"166":0,"167":0,"168":0,"169":0,"170":0,"171":0,"172":0,"173":0,"174":0,"175":0,"176":0,"177":0,"178":0,"179":0,"180":0,"181":0,"182":0,"183":0,"184":0,"185":0,"186":0,"187":0,"188":0,"189":0,"190":0,"191":0,"192":0,"193":0,"194":0,"195":0,"196":0,"197":0,"198":0,"199":0,"200":0,"201":0,"202":0,"203":0,"204":0,"205":0,"206":0,"207":0,"208":0,"209":0,"210":0,"211":0,"212":0,"213":0,"214":0,"215":0,"216":0,"217":0,"218":0,"219":0,"220":0,"221":0,"222":0,"223":0,"224":0,"225":0,"226":0,"227":0,"228":0,"229":0,"230":12,"231":1,"232":1,"233":2,"234":0,"235":1,"236":1,"237":1,"238":2,"239":1,"240":0,"241":0,"242":0,"243":0,"244":0,"245":0,"246":0,"247":1,"248":0,"249":5,"250":8,"251":0,"252":0,"253":0,"254":0,"255":1,"256":0,"257":48,"258":0,"259":1,"260":48,"261":0,"262":1,"263":40,"264":6,"265":10,"266":1,"267":0,"268":1,"269":0,"270":0,"271":0,"272":0,"273":1,"274":88,"275":1,"276":0,"277":1,"278":0,"279":0,"280":0,"281":0,"282":1,"283":0,"284":0,"285":1,"286":0,"287":1,"288":0,"289":0,"290":1,"291":0,"292":0,"293":1,"294":1,"295":0,"296":1,"297":0,"298":1,"299":72,"300":1,"301":0,"302":1,"303":0,"304":0,"305":0,"306":1,"307":0,"308":0,"309":0,"310":1,"311":0,"312":0,"313":0,"314":1,"315":62,"316":60,"317":0,"318":0,"319":1,"320":4,"321":1,"322":10,"323":1,"324":1,"325":0,"326":0,"327":0,"328":0,"329":0,"330":0,"331":1,"332":0,"333":0,"334":0,"335":0,"336":0,"337":0,"338":0,"339":0,"340":0,"341":0,"342":0,"343":0,"344":0,"345":0,"346":0,"347":0,"348":0,"349":0,"350":0,"351":0,"352":0,"353":0,"354":1,"355":0,"356":1,"357":1,"358":1,"359":0,"360":0,"361":0,"362":0,"363":0,"364":0,"365":0,"366":0,"367":0,"368":0,"369":0,"370":0,"371":0,"372":0,"373":0,"374":0,"375":0,"376":0,"377":0,"378":0,"379":0,"380":0,"381":0,"382":0,"383":0,"384":0,"385":0,"386":0,"387":0,"388":0,"389":0,"390":0,"391":0,"392":0,"393":0,"394":0,"395":0,"396":0,"397":0,"398":0,"399":0,"400":0,"401":0,"402":0,"403":0,"404":0,"405":0,"406":0,"407":0,"408":0,"409":0,"410":0,"411":0,"412":0,"413":0,"414":0,"415":0,"416":0,"417":0,"418":0,"419":0,"420":0,"421":0,"422":0,"423":1,"424":0,"425":0,"426":0,"427":0,"428":0,"429":0,"430":0,"431":0,"432":1,"433":1,"434":1,"435":0,"436":1,"437":1,"438":0,"439":0,"440":0,"441":0,"442":0,"443":2,"444":0,"445":0,"446":0,"447":0,"448":92,"449":1,"450":3,"451":0,"452":0,"453":1,"454":4,"455":1,"456":1,"457":1,"458":26,"459":1,"460":4,"461":1,"462":1,"463":1,"464":1,"465":1,"466":1,"467":1,"468":1,"469":1,"470":1,"471":1,"472":1},"b":{"0":[0,0],"1":[0,0],"2":[0,0],"3":[0,0],"4":[0,0],"5":[0,0],"6":[0,0],"7":[5,0],"8":[14,12],"9":[4,0],"10":[0,4],"11":[4,0],"12":[0,4],"13":[0,4],"14":[0,0],"15":[0,0],"16":[0,0],"17":[0,0],"18":[0,0,0],"19":[0,0],"20":[0,0],"21":[0,0],"22":[0,0,0,0,0,0],"23":[0,0],"24":[0,0],"25":[0,0],"26":[0,0],"27":[0,0],"28":[0,0],"29":[0,0],"30":[0,0],"31":[0,0],"32":[0,0],"33":[0,0],"34":[0,0],"35":[0,0,0],"36":[0,4],"37":[0,0],"38":[0,0],"39":[0,0],"40":[0,0,0,0,0,0,0,0],"41":[0,0],"42":[0,0],"43":[0,0],"44":[0,0],"45":[0,0],"46":[0,0],"47":[0,0],"48":[0,0,0],"49":[0,0],"50":[0,0,0],"51":[0,0],"52":[0,0,0],"53":[0,0],"54":[0,0,0],"55":[0,0],"56":[0,0],"57":[0,0],"58":[0,0],"59":[0,0],"60":[0,0],"61":[0,0],"62":[0,0],"63":[0,0,0],"64":[0,0],"65":[0,0,0],"66":[0,0],"67":[0,0,0],"68":[0,0],"69":[0,0,0],"70":[0,0],"71":[0,0],"72":[0,0],"73":[0,0],"74":[0,0],"75":[0,0],"76":[0,0],"77":[0,0],"78":[0,0,0],"79":[0,0],"80":[0,0,0],"81":[0,0],"82":[0,0,0],"83":[0,0],"84":[0,0,0],"85":[0,0],"86":[0,0],"87":[0,0],"88":[0,0],"89":[0,0],"90":[0,0],"91":[0,0],"92":[0,0],"93":[0,0,0],"94":[0,0],"95":[0,0,0],"96":[0,0],"97":[0,0,0],"98":[0,0],"99":[0,0,0],"100":[0,0],"101":[0,0],"102":[0,0],"103":[0,0],"104":[0,0],"105":[0,0],"106":[0,0],"107":[0,0],"108":[0,0],"109":[0,0],"110":[0,0,0],"111":[0,0],"112":[0,0,0,0],"113":[0,0],"114":[0,0,0,0],"115":[0,0],"116":[0,0,0],"117":[0,0],"118":[0,0],"119":[0,0],"120":[0,0],"121":[0,0],"122":[0,0],"123":[0,0],"124":[0,0],"125":[0,0],"126":[0,0],"127":[0,0],"128":[0,0],"129":[0,0],"130":[0,0],"131":[0,0],"132":[0,0],"133":[0,0,0],"134":[0,0],"135":[0,0],"136":[0,0],"137":[0,0],"138":[0,0],"139":[0,0],"140":[0,0],"141":[0,0],"142":[0,0],"143":[0,0],"144":[0,0],"145":[0,0],"146":[0,0],"147":[0,0],"148":[0,0],"149":[0,0],"150":[0,0],"151":[0,0],"152":[0,0],"153":[0,0],"154":[0,0],"155":[0,0,0],"156":[0,0],"157":[0,0],"158":[0,0],"159":[0,0],"160":[0,0],"161":[0,0],"162":[0,0],"163":[0,0,0],"164":[0,0],"165":[0,0],"166":[0,0],"167":[0,0],"168":[0,0],"169":[0,0],"170":[0,0],"171":[0,0],"172":[0,0],"173":[0,0],"174":[0,0],"175":[0,0],"176":[0,0],"177":[0,0],"178":[0,0],"179":[0,0],"180":[0,0],"181":[0,0],"182":[0,0],"183":[0,0],"184":[0,0],"185":[0,0],"186":[0,0],"187":[0,0],"188":[0,0,0],"189":[0,0],"190":[0,0],"191":[0,0],"192":[0,0],"193":[0,0],"194":[0,0],"195":[0,0],"196":[0,0],"197":[0,0],"198":[0,0],"199":[0,0],"200":[0,0],"201":[0,0],"202":[0,0],"203":[0,0],"204":[0,0],"205":[0,0],"206":[0,0],"207":[0,0],"208":[0,0],"209":[0,0],"210":[0,0],"211":[0,0],"212":[0,0,0],"213":[0,0],"214":[0,0],"215":[0,0],"216":[0,0],"217":[0,0],"218":[0,0],"219":[0,0],"220":[0,0],"221":[0,0],"222":[0,0],"223":[0,0],"224":[0,0],"225":[0,0],"226":[0,0],"227":[0,0],"228":[0,0],"229":[0,0],"230":[0,0],"231":[0,0],"232":[0,0],"233":[0,0],"234":[0,0],"235":[0,0],"236":[0,0],"237":[0,0],"238":[0,0],"239":[0,0],"240":[0,0],"241":[0,0],"242":[0,0],"243":[0,0],"244":[0,0],"245":[0,0],"246":[0,0],"247":[0,0],"248":[0,0],"249":[0,0],"250":[0,0],"251":[0,0],"252":[0,0],"253":[0,0],"254":[0,0],"255":[0,0],"256":[0,0],"257":[0,0],"258":[0,0],"259":[0,0],"260":[0,0],"261":[0,0],"262":[0,0],"263":[0,0],"264":[0,0],"265":[0,0],"266":[0,0],"267":[0,0],"268":[0,0],"269":[0,0],"270":[0,0],"271":[0,0],"272":[0,0],"273":[0,0],"274":[0,0],"275":[0,0],"276":[0,0],"277":[0,0],"278":[0,0],"279":[0,0],"280":[0,0],"281":[0,0,0,0,0,0,0,0,0],"282":[0,0],"283":[0,0],"284":[0,0],"285":[0,0],"286":[0,0],"287":[0,0],"288":[0,0],"289":[0,0],"290":[0,0],"291":[0,0],"292":[0,0],"293":[0,0],"294":[0,0],"295":[0,0],"296":[0,0],"297":[0,0],"298":[0,0],"299":[0,0],"300":[0,0],"301":[0,0],"302":[0,0],"303":[0,0],"304":[0,0],"305":[0,0],"306":[0,0],"307":[0,0],"308":[0,0],"309":[0,0],"310":[0,0],"311":[0,0],"312":[0,0],"313":[0,0],"314":[0,0],"315":[0,0],"316":[0,0],"317":[0,0],"318":[0,0],"319":[2,0],"320":[2,2,2,0,0,0,0],"321":[0,0],"322":[0,0],"323":[0,5],"324":[2,6],"325":[1,7],"326":[0,0],"327":[0,0],"328":[0,0],"329":[0,0],"330":[0,48],"331":[0,0],"332":[0,0],"333":[0,0],"334":[17,23],"335":[0,10],"336":[10,0],"337":[0,10],"338":[0,0],"339":[0,0],"340":[0,0],"341":[0,0],"342":[0,0],"343":[0,0],"344":[88,14],"345":[66,22],"346":[0,0],"347":[0,0],"348":[0,0],"349":[0,0],"350":[0,0],"351":[0,0],"352":[0,0],"353":[0,0],"354":[0,0],"355":[0,0],"356":[0,0],"357":[0,0],"358":[0,0],"359":[0,0],"360":[0,0],"361":[0,0],"362":[0,0],"363":[0,0],"364":[1,0],"365":[72,72,72],"366":[0,0],"367":[0,0],"368":[0,0],"369":[0,0],"370":[0,0],"371":[0,0],"372":[0,0],"373":[0,0],"374":[0,0],"375":[0,0],"376":[0,0],"377":[0,0],"378":[0,0],"379":[0,0],"380":[0,0],"381":[0,0],"382":[0,0],"383":[0,0],"384":[0,0],"385":[0,62],"386":[0,60],"387":[60,60,60],"388":[0,0],"389":[0,0],"390":[0,0],"391":[0,0],"392":[0,0],"393":[10,50],"394":[60,10],"395":[0,0],"396":[0,0],"397":[0,0],"398":[0,4],"399":[10,0],"400":[0,10],"401":[0,10],"402":[40,0],"403":[40,0,0,0,0],"404":[0,0],"405":[0,0],"406":[0,0],"407":[0,0],"408":[0,0],"409":[0,0],"410":[0,0],"411":[0,0],"412":[0,0],"413":[0,0],"414":[0,0],"415":[0,0],"416":[0,0],"417":[0,0],"418":[0,0],"419":[0,0],"420":[0,0],"421":[0,0],"422":[1,0],"423":[0,0],"424":[0,0,0],"425":[0,0],"426":[0,0],"427":[0,0],"428":[0,0,0],"429":[0,0],"430":[0,0],"431":[0,0],"432":[0,0],"433":[0,0],"434":[0,0],"435":[0,0],"436":[0,0],"437":[0,0],"438":[0,0],"439":[0,0],"440":[0,0],"441":[0,0],"442":[0,0],"443":[0,0],"444":[0,0],"445":[0,0],"446":[0,0],"447":[0,0],"448":[0,0],"449":[0,0],"450":[0,0,0,0,0,0,0,0,0,0,0,0,0,0,0,0,0,0,0,0,0,0,0,0,0,0,0,0],"451":[0,0],"452":[0,0],"453":[0,0],"454":[0,0],"455":[0,0],"456":[0,0,0,0],"457":[0,0],"458":[0,0],"459":[0,0],"460":[0,0],"461":[0,0],"462":[0,0],"463":[0,0],"464":[0,0],"465":[0,0],"466":[0,0,0,0],"467":[0,0],"468":[0,0],"469":[0,0],"470":[0,0],"471":[0,0],"472":[1,0],"473":[0,0],"474":[0,0],"475":[0,0],"476":[0,0,0,0],"477":[0,0,0,0],"478":[0,0],"479":[0,0],"480":[0,0],"481":[0,0],"482":[0,0],"483":[0,0],"484":[0,0],"485":[0,0],"486":[0,0],"487":[0,0],"488":[0,0],"489":[0,0],"490":[0,0],"491":[0,0],"492":[0,0],"493":[0,0],"494":[0,0],"495":[0,0],"496":[0,0],"497":[0,0],"498":[0,0],"499":[0,0],"500":[0,0],"501":[0,0],"502":[0,0],"503":[0,0],"504":[0,0],"505":[0,0],"506":[0,0],"507":[0,0],"508":[0,0],"509":[0,0],"510":[0,0],"511":[0,0],"512":[0,0],"513":[0,0],"514":[0,0],"515":[0,0],"516":[0,0],"517":[0,0],"518":[0,0],"519":[0,0],"520":[0,0],"521":[0,0],"522":[0,0],"523":[0,0],"524":[0,0],"525":[0,0,0],"526":[0,0],"527":[0,0,0],"528":[0,0],"529":[0,0],"530":[0,0],"531":[0,0,0,0],"532":[0,0],"533":[0,0,0],"534":[0,0],"535":[0,0],"536":[0,0],"537":[0,0],"538":[0,0],"539":[0,0],"540":[0,0],"541":[0,0],"542":[0,0],"543":[0,0],"544":[0,0],"545":[0,0],"546":[0,0],"547":[0,0],"548":[0,0],"549":[0,0],"550":[0,0],"551":[0,0],"552":[0,0],"553":[0,0],"554":[0,0],"555":[0,0],"556":[0,0],"557":[1,0],"558":[0,0],"559":[0,0],"560":[0,0],"561":[0,0],"562":[0,0],"563":[0,0],"564":[0,0],"565":[0,0],"566":[0,0],"567":[0,0],"568":[0,0],"569":[0,0],"570":[0,0],"571":[0,0],"572":[0,0],"573":[0,0],"574":[0,0],"575":[0,0],"576":[0,0],"577":[0,0],"578":[0,0],"579":[1,0],"580":[1,1],"581":[0,0],"582":[0,0],"583":[0,0],"584":[0,0],"585":[0,0],"586":[0,0],"587":[0,0],"588":[0,0],"589":[0,0],"590":[0,0],"591":[0,0],"592":[0,0],"593":[0,0],"594":[1,1],"595":[1,0],"596":[0,1],"597":[0,0],"598":[0,0],"599":[0,0],"600":[0,0,0],"601":[0,0],"602":[0,0],"603":[0,0],"604":[0,0],"605":[0,0],"606":[0,0],"607":[0,0],"608":[0,0],"609":[0,0],"610":[0,0],"611":[0,0],"612":[0,0],"613":[0,0],"614":[0,0],"615":[0,0],"616":[0,0],"617":[0,0,0],"618":[0,0],"619":[0,0],"620":[0,0],"621":[0,0],"622":[0,0],"623":[0,0],"624":[0,0],"625":[0,0],"626":[0,0,0],"627":[0,0],"628":[0,0],"629":[0,0],"630":[0,0],"631":[0,0],"632":[0,0],"633":[0,0],"634":[0,0],"635":[0,0],"636":[0,0],"637":[0,0],"638":[0,0],"639":[0,0],"640":[0,0],"641":[0,0],"642":[1,0],"643":[0,1],"644":[1,1],"645":[1,1],"646":[1,1],"647":[1,1],"648":[1,1],"649":[1,1],"650":[1,1],"651":[1,1],"652":[1,1],"653":[1,1],"654":[0,0],"655":[0,0],"656":[0,0],"657":[0,0],"658":[0,0,0],"659":[0,0],"660":[0,0],"661":[0,0],"662":[0,0],"663":[0,0],"664":[0,0],"665":[0,0],"666":[0,0],"667":[0,0],"668":[0,0],"669":[0,0],"670":[0,0],"671":[0,0,0],"672":[0,0],"673":[0,0],"674":[0,0],"675":[0,0],"676":[0,0],"677":[0,0],"678":[0,0],"679":[0,0],"680":[0,0],"681":[0,0],"682":[0,0],"683":[0,0],"684":[0,0],"685":[0,0],"686":[0,0],"687":[0,0],"688":[0,0],"689":[0,0],"690":[0,0],"691":[0,0],"692":[0,0],"693":[0,0],"694":[0,0],"695":[0,0],"696":[0,0],"697":[0,0],"698":[0,0],"699":[0,0],"700":[50,42],"701":[0,3],"702":[3,3],"703":[13,0],"704":[13,13],"705":[1,0],"706":[0,0],"707":[0,0],"708":[4,0],"709":[4,4]},"inputSourceMap":{"version":3,"file":"hello-integration-spec2.js","sourceRoot":"","sources":["../../../../../src/specs/hello-integration-spec2.ts"],"names":[],"mappings":"AAAA,OAAO,EAAE,MAAM,EAAE,MAAM,MAAM,CAAC;AAC9B,OAAO,sBAAsB,CAAC;AAE9B,QAAQ,CAAC,mCAAmC,EAAE;IAC1C,EAAE,CAAC,QAAQ,EAAE;QACT,IAAI,CAAC,MAAM,CAAC,EAAE,CAAC,IAAI,CAAC;IACxB,CAAC,CAAC,CAAC;IACH,EAAE,CAAC,QAAQ,EAAE;QACT,MAAM,CAAC,IAAI,CAAC,CAAC,EAAE,CAAC,EAAE,CAAC,IAAI,CAAC;IAC5B,CAAC,CAAC,CAAC;AACP,CAAC,CAAC,CAAC"},"_coverageSchema":"1a1c01bbd47fc00a2c39e90264f33305004495a9","hash":"412c6d3e68e2a6d4912bdf1cb1b791c67032f29b","contentHash":"4b198e8f3b488c6fe136dca5afe1c4745e48e80749d4dad2e14e9f694a0e641a"}}