<?xml version="1.0" encoding="UTF-8"?>
<coverage generated="1617885203867" clover="3.2.0">
  <project timestamp="1617885203867" name="All files">
    <metrics statements="2324" coveredstatements="1690" conditionals="946" coveredconditionals="645" methods="532" coveredmethods="330" elements="3802" coveredelements="2665" complexity="0" loc="2324" ncloc="2324" packages="30" files="89" classes="89"/>
    <package name="src">
      <metrics statements="114" coveredstatements="0" conditionals="39" coveredconditionals="0" methods="23" coveredmethods="0"/>
      <file name="App.tsx" path="/Users/erlend.lygre/code/procosys-commissioning-webapp/src/App.tsx">
        <metrics statements="16" coveredstatements="0" conditionals="2" coveredconditionals="0" methods="2" coveredmethods="0"/>
        <line num="2" count="0" type="stmt"/>
        <line num="3" count="0" type="stmt"/>
        <line num="4" count="0" type="stmt"/>
        <line num="5" count="0" type="stmt"/>
        <line num="9" count="0" type="stmt"/>
        <line num="30" count="0" type="stmt"/>
        <line num="31" count="0" type="stmt"/>
        <line num="32" count="0" type="stmt"/>
        <line num="33" count="0" type="stmt"/>
        <line num="34" count="0" type="stmt"/>
        <line num="36" count="0" type="stmt"/>
        <line num="37" count="0" type="cond" truecount="0" falsecount="2"/>
        <line num="38" count="0" type="stmt"/>
        <line num="41" count="0" type="stmt"/>
        <line num="54" count="0" type="stmt"/>
        <line num="63" count="0" type="stmt"/>
      </file>
      <file name="CommPkgRouter.tsx" path="/Users/erlend.lygre/code/procosys-commissioning-webapp/src/CommPkgRouter.tsx">
        <metrics statements="11" coveredstatements="0" conditionals="0" coveredconditionals="0" methods="1" coveredmethods="0"/>
        <line num="2" count="0" type="stmt"/>
        <line num="3" count="0" type="stmt"/>
        <line num="4" count="0" type="stmt"/>
        <line num="5" count="0" type="stmt"/>
        <line num="6" count="0" type="stmt"/>
        <line num="7" count="0" type="stmt"/>
        <line num="8" count="0" type="stmt"/>
        <line num="10" count="0" type="stmt"/>
        <line num="11" count="0" type="stmt"/>
        <line num="12" count="0" type="stmt"/>
        <line num="40" count="0" type="stmt"/>
      </file>
      <file name="GeneralRouter.tsx" path="/Users/erlend.lygre/code/procosys-commissioning-webapp/src/GeneralRouter.tsx">
        <metrics statements="10" coveredstatements="0" conditionals="0" coveredconditionals="0" methods="1" coveredmethods="0"/>
        <line num="2" count="0" type="stmt"/>
        <line num="3" count="0" type="stmt"/>
        <line num="4" count="0" type="stmt"/>
        <line num="5" count="0" type="stmt"/>
        <line num="6" count="0" type="stmt"/>
        <line num="7" count="0" type="stmt"/>
        <line num="8" count="0" type="stmt"/>
        <line num="10" count="0" type="stmt"/>
        <line num="11" count="0" type="stmt"/>
        <line num="31" count="0" type="stmt"/>
      </file>
      <file name="index.tsx" path="/Users/erlend.lygre/code/procosys-commissioning-webapp/src/index.tsx">
        <metrics statements="36" coveredstatements="0" conditionals="5" coveredconditionals="0" methods="3" coveredmethods="0"/>
        <line num="1" count="0" type="stmt"/>
        <line num="2" count="0" type="stmt"/>
        <line num="3" count="0" type="stmt"/>
        <line num="4" count="0" type="stmt"/>
        <line num="5" count="0" type="stmt"/>
        <line num="6" count="0" type="stmt"/>
        <line num="7" count="0" type="stmt"/>
        <line num="8" count="0" type="stmt"/>
        <line num="9" count="0" type="stmt"/>
        <line num="10" count="0" type="stmt"/>
        <line num="11" count="0" type="stmt"/>
        <line num="12" count="0" type="stmt"/>
        <line num="14" count="0" type="stmt"/>
        <line num="15" count="0" type="stmt"/>
        <line num="26" count="0" type="stmt"/>
        <line num="28" count="0" type="stmt"/>
        <line num="33" count="0" type="cond" truecount="0" falsecount="1"/>
        <line num="34" count="0" type="stmt"/>
        <line num="35" count="0" type="stmt"/>
        <line num="39" count="0" type="stmt"/>
        <line num="40" count="0" type="cond" truecount="0" falsecount="2"/>
        <line num="43" count="0" type="stmt"/>
        <line num="47" count="0" type="stmt"/>
        <line num="51" count="0" type="stmt"/>
        <line num="57" count="0" type="stmt"/>
        <line num="61" count="0" type="stmt"/>
        <line num="65" count="0" type="stmt"/>
        <line num="73" count="0" type="stmt"/>
        <line num="74" count="0" type="stmt"/>
        <line num="76" count="0" type="stmt"/>
        <line num="81" count="0" type="stmt"/>
        <line num="82" count="0" type="stmt"/>
        <line num="91" count="0" type="stmt"/>
        <line num="92" count="0" type="cond" truecount="0" falsecount="2"/>
        <line num="93" count="0" type="stmt"/>
        <line num="95" count="0" type="stmt"/>
      </file>
      <file name="react-app-env.d.ts" path="/Users/erlend.lygre/code/procosys-commissioning-webapp/src/react-app-env.d.ts">
        <metrics statements="0" coveredstatements="0" conditionals="0" coveredconditionals="0" methods="0" coveredmethods="0"/>
      </file>
      <file name="serviceWorker.ts" path="/Users/erlend.lygre/code/procosys-commissioning-webapp/src/serviceWorker.ts">
        <metrics statements="41" coveredstatements="0" conditionals="32" coveredconditionals="0" methods="16" coveredmethods="0"/>
        <line num="13" count="0" type="stmt"/>
        <line num="28" count="0" type="stmt"/>
        <line num="29" count="0" type="cond" truecount="0" falsecount="4"/>
        <line num="31" count="0" type="stmt"/>
        <line num="35" count="0" type="cond" truecount="0" falsecount="2"/>
        <line num="39" count="0" type="stmt"/>
        <line num="42" count="0" type="stmt"/>
        <line num="43" count="0" type="stmt"/>
        <line num="45" count="0" type="cond" truecount="0" falsecount="2"/>
        <line num="47" count="0" type="stmt"/>
        <line num="51" count="0" type="stmt"/>
        <line num="52" count="0" type="stmt"/>
        <line num="59" count="0" type="stmt"/>
        <line num="66" count="0" type="stmt"/>
        <line num="69" count="0" type="stmt"/>
        <line num="70" count="0" type="stmt"/>
        <line num="71" count="0" type="cond" truecount="0" falsecount="2"/>
        <line num="72" count="0" type="stmt"/>
        <line num="74" count="0" type="stmt"/>
        <line num="75" count="0" type="cond" truecount="0" falsecount="2"/>
        <line num="76" count="0" type="cond" truecount="0" falsecount="2"/>
        <line num="80" count="0" type="stmt"/>
        <line num="86" count="0" type="cond" truecount="0" falsecount="4"/>
        <line num="87" count="0" type="stmt"/>
        <line num="93" count="0" type="stmt"/>
        <line num="96" count="0" type="cond" truecount="0" falsecount="4"/>
        <line num="97" count="0" type="stmt"/>
        <line num="105" count="0" type="stmt"/>
        <line num="111" count="0" type="stmt"/>
        <line num="116" count="0" type="stmt"/>
        <line num="117" count="0" type="cond" truecount="0" falsecount="2"/>
        <line num="122" count="0" type="stmt"/>
        <line num="123" count="0" type="stmt"/>
        <line num="124" count="0" type="stmt"/>
        <line num="129" count="0" type="stmt"/>
        <line num="133" count="0" type="stmt"/>
        <line num="139" count="0" type="stmt"/>
        <line num="140" count="0" type="cond" truecount="0" falsecount="2"/>
        <line num="141" count="0" type="stmt"/>
        <line num="143" count="0" type="stmt"/>
        <line num="146" count="0" type="stmt"/>
      </file>
    </package>
    <package name="src.components">
      <metrics statements="167" coveredstatements="128" conditionals="88" coveredconditionals="57" methods="24" coveredmethods="13"/>
      <file name="AsyncCard.tsx" path="/Users/erlend.lygre/code/procosys-commissioning-webapp/src/components/AsyncCard.tsx">
        <metrics statements="19" coveredstatements="18" conditionals="6" coveredconditionals="5" methods="2" coveredmethods="2"/>
        <line num="2" count="5" type="stmt"/>
        <line num="3" count="5" type="stmt"/>
        <line num="4" count="5" type="stmt"/>
        <line num="14" count="5" type="stmt"/>
        <line num="15" count="818" type="stmt"/>
        <line num="16" count="818" type="stmt"/>
        <line num="17" count="818" type="stmt"/>
        <line num="18" count="818" type="stmt"/>
        <line num="19" count="818" type="stmt"/>
        <line num="21" count="818" type="stmt"/>
        <line num="22" count="818" type="cond" truecount="2" falsecount="0"/>
        <line num="23" count="445" type="stmt"/>
        <line num="24" count="373" type="cond" truecount="1" falsecount="1"/>
        <line num="25" count="0" type="stmt"/>
        <line num="26" count="373" type="cond" truecount="2" falsecount="0"/>
        <line num="27" count="12" type="stmt"/>
        <line num="29" count="361" type="stmt"/>
        <line num="33" count="818" type="stmt"/>
        <line num="36" count="5" type="stmt"/>
      </file>
      <file name="AsyncPage.tsx" path="/Users/erlend.lygre/code/procosys-commissioning-webapp/src/components/AsyncPage.tsx">
        <metrics statements="22" coveredstatements="22" conditionals="6" coveredconditionals="6" methods="2" coveredmethods="2"/>
        <line num="1" count="7" type="stmt"/>
        <line num="3" count="7" type="stmt"/>
        <line num="4" count="7" type="stmt"/>
        <line num="5" count="7" type="stmt"/>
        <line num="6" count="7" type="stmt"/>
        <line num="7" count="14" type="stmt"/>
        <line num="17" count="7" type="stmt"/>
        <line num="18" count="170" type="stmt"/>
        <line num="19" count="169" type="stmt"/>
        <line num="20" count="169" type="stmt"/>
        <line num="21" count="169" type="stmt"/>
        <line num="22" count="169" type="stmt"/>
        <line num="24" count="169" type="stmt"/>
        <line num="25" count="169" type="cond" truecount="2" falsecount="0"/>
        <line num="26" count="92" type="stmt"/>
        <line num="27" count="77" type="cond" truecount="2" falsecount="0"/>
        <line num="28" count="3" type="stmt"/>
        <line num="41" count="74" type="cond" truecount="2" falsecount="0"/>
        <line num="42" count="9" type="stmt"/>
        <line num="51" count="65" type="stmt"/>
        <line num="55" count="169" type="stmt"/>
        <line num="58" count="7" type="stmt"/>
      </file>
      <file name="Attachment.tsx" path="/Users/erlend.lygre/code/procosys-commissioning-webapp/src/components/Attachment.tsx">
        <metrics statements="69" coveredstatements="51" conditionals="46" coveredconditionals="29" methods="9" coveredmethods="5"/>
        <line num="1" count="5" type="stmt"/>
        <line num="7" count="5" type="stmt"/>
        <line num="8" count="5" type="stmt"/>
        <line num="9" count="5" type="stmt"/>
        <line num="10" count="5" type="stmt"/>
        <line num="12" count="5" type="stmt"/>
        <line num="13" count="5" type="stmt"/>
        <line num="14" count="5" type="stmt"/>
        <line num="16" count="5" type="stmt"/>
        <line num="18" count="5" type="cond" truecount="2" falsecount="0"/>
        <line num="23" count="5" type="cond" truecount="2" falsecount="0"/>
        <line num="34" count="5" type="cond" truecount="2" falsecount="0"/>
        <line num="43" count="5" type="cond" truecount="2" falsecount="0"/>
        <line num="65" count="5" type="cond" truecount="2" falsecount="0"/>
        <line num="70" count="5" type="cond" truecount="2" falsecount="0"/>
        <line num="81" count="5" type="cond" truecount="2" falsecount="0"/>
        <line num="85" count="5" type="cond" truecount="2" falsecount="0"/>
        <line num="106" count="5" type="stmt"/>
        <line num="107" count="281" type="stmt"/>
        <line num="108" count="281" type="stmt"/>
        <line num="109" count="281" type="stmt"/>
        <line num="110" count="281" type="stmt"/>
        <line num="111" count="281" type="stmt"/>
        <line num="112" count="281" type="cond" truecount="2" falsecount="0"/>
        <line num="114" count="281" type="stmt"/>
        <line num="115" count="281" type="stmt"/>
        <line num="116" count="281" type="stmt"/>
        <line num="117" count="281" type="stmt"/>
        <line num="118" count="281" type="stmt"/>
        <line num="119" count="281" type="stmt"/>
        <line num="121" count="281" type="stmt"/>
        <line num="122" count="52" type="stmt"/>
        <line num="123" count="52" type="stmt"/>
        <line num="127" count="282" type="stmt"/>
        <line num="128" count="1" type="stmt"/>
        <line num="130" count="1" type="stmt"/>
        <line num="131" count="1" type="stmt"/>
        <line num="132" count="1" type="stmt"/>
        <line num="133" count="1" type="stmt"/>
        <line num="135" count="1" type="stmt"/>
        <line num="137" count="1" type="stmt"/>
        <line num="138" count="1" type="cond" truecount="1" falsecount="1"/>
        <line num="139" count="1" type="stmt"/>
        <line num="141" count="0" type="stmt"/>
        <line num="143" count="1" type="stmt"/>
        <line num="145" count="0" type="cond" truecount="0" falsecount="2"/>
        <line num="146" count="0" type="stmt"/>
        <line num="147" count="0" type="stmt"/>
        <line num="152" count="281" type="stmt"/>
        <line num="153" count="0" type="cond" truecount="0" falsecount="2"/>
        <line num="154" count="0" type="stmt"/>
        <line num="156" count="0" type="stmt"/>
        <line num="157" count="0" type="stmt"/>
        <line num="158" count="0" type="cond" truecount="0" falsecount="2"/>
        <line num="159" count="0" type="stmt"/>
        <line num="160" count="0" type="stmt"/>
        <line num="162" count="0" type="cond" truecount="0" falsecount="2"/>
        <line num="163" count="0" type="stmt"/>
        <line num="164" count="0" type="stmt"/>
        <line num="169" count="281" type="cond" truecount="2" falsecount="0"/>
        <line num="170" count="138" type="cond" truecount="1" falsecount="1"/>
        <line num="171" count="0" type="stmt"/>
        <line num="177" count="138" type="stmt"/>
        <line num="203" count="143" type="stmt"/>
        <line num="208" count="0" type="stmt"/>
        <line num="214" count="1" type="stmt"/>
        <line num="221" count="0" type="stmt"/>
        <line num="225" count="0" type="stmt"/>
        <line num="275" count="5" type="stmt"/>
      </file>
      <file name="EdsCard.tsx" path="/Users/erlend.lygre/code/procosys-commissioning-webapp/src/components/EdsCard.tsx">
        <metrics statements="8" coveredstatements="8" conditionals="4" coveredconditionals="3" methods="1" coveredmethods="1"/>
        <line num="2" count="5" type="stmt"/>
        <line num="3" count="5" type="stmt"/>
        <line num="4" count="5" type="stmt"/>
        <line num="5" count="10" type="stmt"/>
        <line num="7" count="5" type="cond" truecount="2" falsecount="0"/>
        <line num="26" count="829" type="stmt"/>
        <line num="27" count="829" type="stmt"/>
        <line num="42" count="5" type="stmt"/>
      </file>
      <file name="PageHeader.tsx" path="/Users/erlend.lygre/code/procosys-commissioning-webapp/src/components/PageHeader.tsx">
        <metrics statements="6" coveredstatements="6" conditionals="6" coveredconditionals="6" methods="2" coveredmethods="2"/>
        <line num="2" count="3" type="stmt"/>
        <line num="4" count="3" type="cond" truecount="2" falsecount="0"/>
        <line num="14" count="5" type="cond" truecount="2" falsecount="0"/>
        <line num="26" count="5" type="stmt"/>
        <line num="27" count="5" type="stmt"/>
        <line num="35" count="3" type="stmt"/>
      </file>
      <file name="UploadAttachment.tsx" path="/Users/erlend.lygre/code/procosys-commissioning-webapp/src/components/UploadAttachment.tsx">
        <metrics statements="43" coveredstatements="23" conditionals="20" coveredconditionals="8" methods="8" coveredmethods="1"/>
        <line num="1" count="5" type="stmt"/>
        <line num="2" count="5" type="stmt"/>
        <line num="3" count="5" type="stmt"/>
        <line num="4" count="5" type="stmt"/>
        <line num="7" count="5" type="stmt"/>
        <line num="8" count="5" type="stmt"/>
        <line num="10" count="5" type="cond" truecount="2" falsecount="0"/>
        <line num="29" count="5" type="cond" truecount="2" falsecount="0"/>
        <line num="54" count="5" type="stmt"/>
        <line num="55" count="1" type="stmt"/>
        <line num="56" count="1" type="stmt"/>
        <line num="57" count="1" type="stmt"/>
        <line num="58" count="1" type="stmt"/>
        <line num="59" count="1" type="stmt"/>
        <line num="60" count="1" type="stmt"/>
        <line num="62" count="1" type="stmt"/>
        <line num="63" count="1" type="stmt"/>
        <line num="64" count="1" type="stmt"/>
        <line num="67" count="1" type="stmt"/>
        <line num="68" count="1" type="stmt"/>
        <line num="69" count="0" type="stmt"/>
        <line num="72" count="1" type="stmt"/>
        <line num="73" count="0" type="cond" truecount="0" falsecount="2"/>
        <line num="74" count="0" type="stmt"/>
        <line num="75" count="0" type="stmt"/>
        <line num="76" count="0" type="stmt"/>
        <line num="78" count="0" type="stmt"/>
        <line num="84" count="0" type="cond" truecount="0" falsecount="2"/>
        <line num="86" count="0" type="cond" truecount="0" falsecount="2"/>
        <line num="87" count="0" type="stmt"/>
        <line num="92" count="0" type="stmt"/>
        <line num="97" count="0" type="cond" truecount="0" falsecount="2"/>
        <line num="98" count="0" type="stmt"/>
        <line num="100" count="0" type="stmt"/>
        <line num="101" count="0" type="stmt"/>
        <line num="102" count="0" type="stmt"/>
        <line num="104" count="0" type="stmt"/>
        <line num="105" count="0" type="stmt"/>
        <line num="109" count="1" type="stmt"/>
        <line num="110" count="0" type="stmt"/>
        <line num="119" count="0" type="stmt"/>
        <line num="146" count="0" type="cond" truecount="1" falsecount="1"/>
        <line num="155" count="5" type="stmt"/>
      </file>
    </package>
    <package name="src.components.error">
      <metrics statements="25" coveredstatements="9" conditionals="19" coveredconditionals="6" methods="7" coveredmethods="1"/>
      <file name="ErrorBoundary.tsx" path="/Users/erlend.lygre/code/procosys-commissioning-webapp/src/components/error/ErrorBoundary.tsx">
        <metrics statements="15" coveredstatements="0" conditionals="12" coveredconditionals="0" methods="5" coveredmethods="0"/>
        <line num="1" count="0" type="stmt"/>
        <line num="2" count="0" type="stmt"/>
        <line num="14" count="0" type="stmt"/>
        <line num="16" count="0" type="cond" truecount="0" falsecount="2"/>
        <line num="17" count="0" type="stmt"/>
        <line num="20" count="0" type="stmt"/>
        <line num="21" count="0" type="stmt"/>
        <line num="24" count="0" type="stmt"/>
        <line num="25" count="0" type="stmt"/>
        <line num="35" count="0" type="stmt"/>
        <line num="36" count="0" type="cond" truecount="0" falsecount="2"/>
        <line num="37" count="0" type="stmt"/>
        <line num="44" count="0" type="stmt"/>
        <line num="46" count="0" type="stmt"/>
        <line num="48" count="0" type="stmt"/>
      </file>
      <file name="ErrorPage.tsx" path="/Users/erlend.lygre/code/procosys-commissioning-webapp/src/components/error/ErrorPage.tsx">
        <metrics statements="10" coveredstatements="9" conditionals="7" coveredconditionals="6" methods="2" coveredmethods="1"/>
        <line num="2" count="19" type="stmt"/>
        <line num="3" count="19" type="stmt"/>
        <line num="4" count="19" type="stmt"/>
        <line num="5" count="19" type="stmt"/>
        <line num="6" count="57" type="stmt"/>
        <line num="14" count="19" type="cond" truecount="2" falsecount="0"/>
        <line num="19" count="19" type="stmt"/>
        <line num="20" count="3" type="stmt"/>
        <line num="40" count="0" type="stmt"/>
        <line num="49" count="19" type="stmt"/>
      </file>
    </package>
    <package name="src.components.icons">
      <metrics statements="45" coveredstatements="44" conditionals="24" coveredconditionals="17" methods="5" coveredmethods="5"/>
      <file name="CompletionStatusIcon.tsx" path="/Users/erlend.lygre/code/procosys-commissioning-webapp/src/components/icons/CompletionStatusIcon.tsx">
        <metrics statements="16" coveredstatements="15" conditionals="8" coveredconditionals="7" methods="1" coveredmethods="1"/>
        <line num="1" count="7" type="stmt"/>
        <line num="2" count="7" type="stmt"/>
        <line num="3" count="7" type="stmt"/>
        <line num="4" count="7" type="stmt"/>
        <line num="6" count="7" type="stmt"/>
        <line num="12" count="92" type="stmt"/>
        <line num="13" count="92" type="cond" truecount="2" falsecount="0"/>
        <line num="14" count="87" type="stmt"/>
        <line num="16" count="5" type="cond" truecount="2" falsecount="0"/>
        <line num="17" count="1" type="stmt"/>
        <line num="19" count="4" type="cond" truecount="2" falsecount="0"/>
        <line num="20" count="1" type="stmt"/>
        <line num="22" count="3" type="cond" truecount="1" falsecount="1"/>
        <line num="23" count="3" type="stmt"/>
        <line num="25" count="0" type="stmt"/>
        <line num="28" count="7" type="stmt"/>
      </file>
      <file name="EdsIcon.tsx" path="/Users/erlend.lygre/code/procosys-commissioning-webapp/src/components/icons/EdsIcon.tsx">
        <metrics statements="6" coveredstatements="6" conditionals="0" coveredconditionals="0" methods="1" coveredmethods="1"/>
        <line num="1" count="20" type="stmt"/>
        <line num="42" count="20" type="stmt"/>
        <line num="45" count="20" type="stmt"/>
        <line num="96" count="1733" type="stmt"/>
        <line num="97" count="1733" type="stmt"/>
        <line num="100" count="20" type="stmt"/>
      </file>
      <file name="PackageStatusIcon.tsx" path="/Users/erlend.lygre/code/procosys-commissioning-webapp/src/components/icons/PackageStatusIcon.tsx">
        <metrics statements="23" coveredstatements="23" conditionals="16" coveredconditionals="10" methods="3" coveredmethods="3"/>
        <line num="2" count="3" type="stmt"/>
        <line num="3" count="3" type="stmt"/>
        <line num="4" count="3" type="stmt"/>
        <line num="5" count="3" type="stmt"/>
        <line num="6" count="3" type="stmt"/>
        <line num="7" count="3" type="stmt"/>
        <line num="8" count="3" type="stmt"/>
        <line num="9" count="3" type="stmt"/>
        <line num="10" count="3" type="stmt"/>
        <line num="17" count="3" type="stmt"/>
        <line num="18" count="3" type="cond" truecount="1" falsecount="1"/>
        <line num="19" count="3" type="cond" truecount="1" falsecount="1"/>
        <line num="20" count="3" type="cond" truecount="2" falsecount="0"/>
        <line num="21" count="1" type="cond" truecount="1" falsecount="1"/>
        <line num="24" count="3" type="stmt"/>
        <line num="25" count="3" type="cond" truecount="1" falsecount="1"/>
        <line num="26" count="3" type="cond" truecount="1" falsecount="1"/>
        <line num="27" count="3" type="cond" truecount="2" falsecount="0"/>
        <line num="28" count="1" type="cond" truecount="1" falsecount="1"/>
        <line num="31" count="3" type="stmt"/>
        <line num="32" count="3" type="stmt"/>
        <line num="33" count="3" type="stmt"/>
        <line num="35" count="3" type="stmt"/>
      </file>
    </package>
    <package name="src.components.loading">
      <metrics statements="24" coveredstatements="24" conditionals="24" coveredconditionals="24" methods="4" coveredmethods="4"/>
      <file name="LoadingPage.tsx" path="/Users/erlend.lygre/code/procosys-commissioning-webapp/src/components/loading/LoadingPage.tsx">
        <metrics statements="6" coveredstatements="6" conditionals="2" coveredconditionals="2" methods="1" coveredmethods="1"/>
        <line num="2" count="19" type="stmt"/>
        <line num="3" count="19" type="stmt"/>
        <line num="5" count="19" type="cond" truecount="2" falsecount="0"/>
        <line num="25" count="19" type="stmt"/>
        <line num="26" count="1" type="stmt"/>
        <line num="34" count="19" type="stmt"/>
      </file>
      <file name="SkeletonLoader.tsx" path="/Users/erlend.lygre/code/procosys-commissioning-webapp/src/components/loading/SkeletonLoader.tsx">
        <metrics statements="18" coveredstatements="18" conditionals="22" coveredconditionals="22" methods="3" coveredmethods="3"/>
        <line num="1" count="12" type="stmt"/>
        <line num="3" count="12" type="stmt"/>
        <line num="5" count="12" type="cond" truecount="2" falsecount="0"/>
        <line num="7" count="448" type="cond" truecount="2" falsecount="0"/>
        <line num="14" count="12" type="cond" truecount="2" falsecount="0"/>
        <line num="23" count="12" type="cond" truecount="2" falsecount="0"/>
        <line num="48" count="12" type="cond" truecount="2" falsecount="0"/>
        <line num="49" count="1953" type="cond" truecount="2" falsecount="0"/>
        <line num="61" count="12" type="stmt"/>
        <line num="62" count="448" type="stmt"/>
        <line num="63" count="448" type="stmt"/>
        <line num="64" count="448" type="cond" truecount="2" falsecount="0"/>
        <line num="65" count="448" type="stmt"/>
        <line num="67" count="448" type="stmt"/>
        <line num="69" count="448" type="stmt"/>
        <line num="70" count="1953" type="stmt"/>
        <line num="83" count="448" type="stmt"/>
        <line num="91" count="12" type="stmt"/>
      </file>
    </package>
    <package name="src.components.navigation">
      <metrics statements="73" coveredstatements="58" conditionals="58" coveredconditionals="52" methods="13" coveredmethods="5"/>
      <file name="Navbar.tsx" path="/Users/erlend.lygre/code/procosys-commissioning-webapp/src/components/navigation/Navbar.tsx">
        <metrics statements="41" coveredstatements="35" conditionals="40" coveredconditionals="35" methods="8" coveredmethods="4"/>
        <line num="1" count="17" type="stmt"/>
        <line num="2" count="17" type="stmt"/>
        <line num="3" count="17" type="stmt"/>
        <line num="4" count="17" type="stmt"/>
        <line num="5" count="17" type="stmt"/>
        <line num="6" count="17" type="stmt"/>
        <line num="7" count="17" type="stmt"/>
        <line num="8" count="17" type="stmt"/>
        <line num="9" count="17" type="stmt"/>
        <line num="11" count="17" type="cond" truecount="2" falsecount="0"/>
        <line num="17" count="316" type="cond" truecount="2" falsecount="0"/>
        <line num="63" count="17" type="stmt"/>
        <line num="64" count="316" type="stmt"/>
        <line num="65" count="316" type="cond" truecount="2" falsecount="0"/>
        <line num="66" count="316" type="stmt"/>
        <line num="67" count="316" type="cond" truecount="2" falsecount="0"/>
        <line num="69" count="316" type="stmt"/>
        <line num="70" count="316" type="stmt"/>
        <line num="71" count="316" type="stmt"/>
        <line num="72" count="316" type="stmt"/>
        <line num="75" count="316" type="stmt"/>
        <line num="80" count="316" type="stmt"/>
        <line num="81" count="316" type="cond" truecount="6" falsecount="0"/>
        <line num="82" count="7" type="stmt"/>
        <line num="83" count="0" type="stmt"/>
        <line num="93" count="309" type="cond" truecount="6" falsecount="0"/>
        <line num="94" count="306" type="stmt"/>
        <line num="98" count="0" type="cond" truecount="0" falsecount="2"/>
        <line num="99" count="0" type="stmt"/>
        <line num="101" count="0" type="stmt"/>
        <line num="110" count="3" type="stmt"/>
        <line num="113" count="316" type="stmt"/>
        <line num="114" count="316" type="cond" truecount="6" falsecount="0"/>
        <line num="115" count="4" type="stmt"/>
        <line num="118" count="0" type="stmt"/>
        <line num="124" count="312" type="cond" truecount="6" falsecount="0"/>
        <line num="125" count="120" type="stmt"/>
        <line num="128" count="0" type="stmt"/>
        <line num="134" count="192" type="stmt"/>
        <line num="137" count="316" type="stmt"/>
        <line num="153" count="17" type="stmt"/>
      </file>
      <file name="SideMenu.tsx" path="/Users/erlend.lygre/code/procosys-commissioning-webapp/src/components/navigation/SideMenu.tsx">
        <metrics statements="32" coveredstatements="23" conditionals="18" coveredconditionals="17" methods="5" coveredmethods="1"/>
        <line num="1" count="17" type="stmt"/>
        <line num="2" count="17" type="stmt"/>
        <line num="3" count="17" type="stmt"/>
        <line num="4" count="17" type="stmt"/>
        <line num="5" count="17" type="stmt"/>
        <line num="6" count="17" type="stmt"/>
        <line num="7" count="17" type="stmt"/>
        <line num="8" count="17" type="stmt"/>
        <line num="9" count="17" type="stmt"/>
        <line num="11" count="17" type="cond" truecount="2" falsecount="0"/>
        <line num="22" count="17" type="cond" truecount="2" falsecount="0"/>
        <line num="29" count="17" type="cond" truecount="2" falsecount="0"/>
        <line num="42" count="17" type="cond" truecount="2" falsecount="0"/>
        <line num="47" count="17" type="cond" truecount="2" falsecount="0"/>
        <line num="58" count="17" type="cond" truecount="2" falsecount="0"/>
        <line num="81" count="17" type="stmt"/>
        <line num="82" count="318" type="stmt"/>
        <line num="83" count="318" type="stmt"/>
        <line num="84" count="318" type="stmt"/>
        <line num="86" count="318" type="stmt"/>
        <line num="87" count="318" type="stmt"/>
        <line num="88" count="318" type="stmt"/>
        <line num="92" count="0" type="stmt"/>
        <line num="99" count="0" type="stmt"/>
        <line num="116" count="0" type="stmt"/>
        <line num="117" count="0" type="stmt"/>
        <line num="118" count="0" type="stmt"/>
        <line num="119" count="0" type="stmt"/>
        <line num="135" count="0" type="stmt"/>
        <line num="138" count="0" type="stmt"/>
        <line num="139" count="0" type="stmt"/>
        <line num="153" count="17" type="stmt"/>
      </file>
    </package>
    <package name="src.contexts">
      <metrics statements="96" coveredstatements="26" conditionals="46" coveredconditionals="2" methods="13" coveredmethods="1"/>
      <file name="CommAppContext.tsx" path="/Users/erlend.lygre/code/procosys-commissioning-webapp/src/contexts/CommAppContext.tsx">
        <metrics statements="29" coveredstatements="14" conditionals="6" coveredconditionals="2" methods="5" coveredmethods="1"/>
        <line num="1" count="18" type="stmt"/>
        <line num="2" count="18" type="stmt"/>
        <line num="3" count="18" type="stmt"/>
        <line num="4" count="18" type="stmt"/>
        <line num="16" count="18" type="cond" truecount="2" falsecount="0"/>
        <line num="17" count="18" type="stmt"/>
        <line num="18" count="18" type="stmt"/>
        <line num="19" count="18" type="stmt"/>
        <line num="20" count="18" type="stmt"/>
        <line num="21" count="18" type="stmt"/>
        <line num="24" count="18" type="stmt"/>
        <line num="26" count="18" type="stmt"/>
        <line num="30" count="18" type="stmt"/>
        <line num="31" count="0" type="stmt"/>
        <line num="32" count="0" type="stmt"/>
        <line num="36" count="0" type="stmt"/>
        <line num="37" count="0" type="stmt"/>
        <line num="38" count="0" type="stmt"/>
        <line num="40" count="0" type="stmt"/>
        <line num="41" count="0" type="stmt"/>
        <line num="42" count="0" type="stmt"/>
        <line num="44" count="0" type="stmt"/>
        <line num="49" count="0" type="cond" truecount="0" falsecount="2"/>
        <line num="50" count="0" type="stmt"/>
        <line num="52" count="0" type="cond" truecount="0" falsecount="2"/>
        <line num="53" count="0" type="stmt"/>
        <line num="57" count="0" type="stmt"/>
        <line num="65" count="0" type="stmt"/>
        <line num="79" count="18" type="stmt"/>
      </file>
      <file name="PlantContext.tsx" path="/Users/erlend.lygre/code/procosys-commissioning-webapp/src/contexts/PlantContext.tsx">
        <metrics statements="67" coveredstatements="12" conditionals="40" coveredconditionals="0" methods="8" coveredmethods="0"/>
        <line num="1" count="17" type="stmt"/>
        <line num="2" count="17" type="stmt"/>
        <line num="4" count="17" type="stmt"/>
        <line num="5" count="17" type="stmt"/>
        <line num="6" count="17" type="stmt"/>
        <line num="7" count="17" type="stmt"/>
        <line num="8" count="17" type="stmt"/>
        <line num="9" count="17" type="stmt"/>
        <line num="10" count="17" type="stmt"/>
        <line num="20" count="17" type="stmt"/>
        <line num="22" count="17" type="stmt"/>
        <line num="23" count="0" type="stmt"/>
        <line num="25" count="0" type="stmt"/>
        <line num="26" count="0" type="stmt"/>
        <line num="27" count="0" type="stmt"/>
        <line num="28" count="0" type="stmt"/>
        <line num="29" count="0" type="stmt"/>
        <line num="30" count="0" type="stmt"/>
        <line num="32" count="0" type="stmt"/>
        <line num="33" count="0" type="stmt"/>
        <line num="34" count="0" type="stmt"/>
        <line num="36" count="0" type="stmt"/>
        <line num="37" count="0" type="stmt"/>
        <line num="38" count="0" type="stmt"/>
        <line num="41" count="0" type="stmt"/>
        <line num="44" count="0" type="cond" truecount="0" falsecount="4"/>
        <line num="45" count="0" type="stmt"/>
        <line num="46" count="0" type="stmt"/>
        <line num="49" count="0" type="cond" truecount="0" falsecount="5"/>
        <line num="50" count="0" type="cond" truecount="0" falsecount="2"/>
        <line num="51" count="0" type="stmt"/>
        <line num="54" count="0" type="stmt"/>
        <line num="55" count="0" type="stmt"/>
        <line num="56" count="0" type="cond" truecount="0" falsecount="2"/>
        <line num="57" count="0" type="stmt"/>
        <line num="60" count="0" type="stmt"/>
        <line num="61" count="0" type="cond" truecount="0" falsecount="2"/>
        <line num="62" count="0" type="cond" truecount="0" falsecount="2"/>
        <line num="63" count="0" type="stmt"/>
        <line num="66" count="0" type="stmt"/>
        <line num="67" count="0" type="cond" truecount="0" falsecount="2"/>
        <line num="68" count="0" type="cond" truecount="0" falsecount="4"/>
        <line num="69" count="0" type="stmt"/>
        <line num="72" count="0" type="stmt"/>
        <line num="73" count="0" type="cond" truecount="0" falsecount="2"/>
        <line num="74" count="0" type="stmt"/>
        <line num="75" count="0" type="stmt"/>
        <line num="77" count="0" type="stmt"/>
        <line num="80" count="0" type="cond" truecount="0" falsecount="1"/>
        <line num="81" count="0" type="stmt"/>
        <line num="82" count="0" type="stmt"/>
        <line num="84" count="0" type="stmt"/>
        <line num="85" count="0" type="stmt"/>
        <line num="86" count="0" type="cond" truecount="0" falsecount="2"/>
        <line num="87" count="0" type="stmt"/>
        <line num="91" count="0" type="stmt"/>
        <line num="94" count="0" type="stmt"/>
        <line num="99" count="0" type="stmt"/>
        <line num="100" count="0" type="cond" truecount="0" falsecount="4"/>
        <line num="101" count="0" type="cond" truecount="0" falsecount="4"/>
        <line num="102" count="0" type="stmt"/>
        <line num="105" count="0" type="cond" truecount="0" falsecount="2"/>
        <line num="106" count="0" type="cond" truecount="0" falsecount="2"/>
        <line num="107" count="0" type="stmt"/>
        <line num="119" count="0" type="stmt"/>
        <line num="122" count="0" type="stmt"/>
        <line num="138" count="17" type="stmt"/>
      </file>
    </package>
    <package name="src.declarations">
      <metrics statements="0" coveredstatements="0" conditionals="0" coveredconditionals="0" methods="0" coveredmethods="0"/>
      <file name="eds-core-react.d.ts" path="/Users/erlend.lygre/code/procosys-commissioning-webapp/src/declarations/eds-core-react.d.ts">
        <metrics statements="0" coveredstatements="0" conditionals="0" coveredconditionals="0" methods="0" coveredmethods="0"/>
      </file>
      <file name="eds-icons.d.ts" path="/Users/erlend.lygre/code/procosys-commissioning-webapp/src/declarations/eds-icons.d.ts">
        <metrics statements="0" coveredstatements="0" conditionals="0" coveredconditionals="0" methods="0" coveredmethods="0"/>
      </file>
      <file name="eds-tokens.d.ts" path="/Users/erlend.lygre/code/procosys-commissioning-webapp/src/declarations/eds-tokens.d.ts">
        <metrics statements="0" coveredstatements="0" conditionals="0" coveredconditionals="0" methods="0" coveredmethods="0"/>
      </file>
      <file name="globals.d.ts" path="/Users/erlend.lygre/code/procosys-commissioning-webapp/src/declarations/globals.d.ts">
        <metrics statements="0" coveredstatements="0" conditionals="0" coveredconditionals="0" methods="0" coveredmethods="0"/>
      </file>
    </package>
    <package name="src.pages.Bookmarks">
      <metrics statements="66" coveredstatements="60" conditionals="30" coveredconditionals="23" methods="16" coveredmethods="13"/>
      <file name="Bookmarks.tsx" path="/Users/erlend.lygre/code/procosys-commissioning-webapp/src/pages/Bookmarks/Bookmarks.tsx">
        <metrics statements="26" coveredstatements="23" conditionals="10" coveredconditionals="8" methods="5" coveredmethods="3"/>
        <line num="1" count="1" type="stmt"/>
        <line num="2" count="1" type="stmt"/>
        <line num="3" count="1" type="stmt"/>
        <line num="4" count="1" type="stmt"/>
        <line num="5" count="1" type="stmt"/>
        <line num="6" count="1" type="stmt"/>
        <line num="7" count="1" type="stmt"/>
        <line num="8" count="1" type="stmt"/>
        <line num="9" count="1" type="stmt"/>
        <line num="10" count="1" type="stmt"/>
        <line num="11" count="1" type="stmt"/>
        <line num="13" count="1" type="cond" truecount="2" falsecount="0"/>
        <line num="23" count="1" type="cond" truecount="2" falsecount="0"/>
        <line num="29" count="1" type="stmt"/>
        <line num="30" count="3" type="stmt"/>
        <line num="31" count="3" type="stmt"/>
        <line num="32" count="3" type="stmt"/>
        <line num="33" count="3" type="stmt"/>
        <line num="38" count="0" type="stmt"/>
        <line num="42" count="3" type="stmt"/>
        <line num="43" count="3" type="cond" truecount="1" falsecount="1"/>
        <line num="44" count="0" type="stmt"/>
        <line num="46" count="3" type="stmt"/>
        <line num="58" count="3" type="stmt"/>
        <line num="67" count="0" type="stmt"/>
        <line num="77" count="1" type="stmt"/>
      </file>
      <file name="useBookmarks.tsx" path="/Users/erlend.lygre/code/procosys-commissioning-webapp/src/pages/Bookmarks/useBookmarks.tsx">
        <metrics statements="40" coveredstatements="37" conditionals="20" coveredconditionals="15" methods="11" coveredmethods="10"/>
        <line num="1" count="17" type="stmt"/>
        <line num="2" count="17" type="stmt"/>
        <line num="4" count="17" type="cond" truecount="2" falsecount="0"/>
        <line num="5" count="17" type="stmt"/>
        <line num="6" count="17" type="stmt"/>
        <line num="7" count="17" type="stmt"/>
        <line num="8" count="17" type="stmt"/>
        <line num="11" count="17" type="stmt"/>
        <line num="12" count="13" type="stmt"/>
        <line num="13" count="15" type="stmt"/>
        <line num="15" count="13" type="stmt"/>
        <line num="18" count="17" type="stmt"/>
        <line num="19" count="7" type="stmt"/>
        <line num="22" count="7" type="cond" truecount="2" falsecount="0"/>
        <line num="23" count="6" type="stmt"/>
        <line num="25" count="1" type="stmt"/>
        <line num="28" count="17" type="stmt"/>
        <line num="29" count="23" type="stmt"/>
        <line num="30" count="23" type="cond" truecount="3" falsecount="1"/>
        <line num="31" count="23" type="stmt"/>
        <line num="32" count="23" type="stmt"/>
        <line num="35" count="23" type="stmt"/>
        <line num="36" count="4" type="stmt"/>
        <line num="40" count="23" type="stmt"/>
        <line num="41" count="11" type="cond" truecount="2" falsecount="0"/>
        <line num="42" count="7" type="stmt"/>
        <line num="44" count="6" type="stmt"/>
        <line num="50" count="23" type="stmt"/>
        <line num="51" count="7" type="cond" truecount="2" falsecount="0"/>
        <line num="52" count="3" type="cond" truecount="1" falsecount="1"/>
        <line num="53" count="3" type="cond" truecount="1" falsecount="1"/>
        <line num="54" count="3" type="stmt"/>
        <line num="56" count="0" type="cond" truecount="0" falsecount="2"/>
        <line num="57" count="0" type="stmt"/>
        <line num="59" count="0" type="stmt"/>
        <line num="66" count="23" type="stmt"/>
        <line num="67" count="11" type="cond" truecount="2" falsecount="0"/>
        <line num="68" count="7" type="stmt"/>
        <line num="74" count="23" type="stmt"/>
        <line num="80" count="17" type="stmt"/>
      </file>
    </package>
    <package name="src.pages.Checklist">
      <metrics statements="127" coveredstatements="120" conditionals="50" coveredconditionals="47" methods="23" coveredmethods="20"/>
      <file name="Checklist.tsx" path="/Users/erlend.lygre/code/procosys-commissioning-webapp/src/pages/Checklist/Checklist.tsx">
        <metrics statements="56" coveredstatements="53" conditionals="11" coveredconditionals="10" methods="9" coveredmethods="6"/>
        <line num="1" count="1" type="stmt"/>
        <line num="2" count="1" type="stmt"/>
        <line num="3" count="1" type="stmt"/>
        <line num="5" count="1" type="stmt"/>
        <line num="6" count="1" type="stmt"/>
        <line num="7" count="1" type="stmt"/>
        <line num="8" count="1" type="stmt"/>
        <line num="9" count="1" type="stmt"/>
        <line num="10" count="1" type="stmt"/>
        <line num="11" count="1" type="stmt"/>
        <line num="12" count="1" type="stmt"/>
        <line num="13" count="1" type="stmt"/>
        <line num="17" count="1" type="stmt"/>
        <line num="18" count="1" type="stmt"/>
        <line num="19" count="1" type="stmt"/>
        <line num="20" count="1" type="stmt"/>
        <line num="21" count="1" type="stmt"/>
        <line num="22" count="1" type="stmt"/>
        <line num="23" count="1" type="stmt"/>
        <line num="24" count="2" type="stmt"/>
        <line num="26" count="1" type="cond" truecount="2" falsecount="0"/>
        <line num="36" count="1" type="stmt"/>
        <line num="37" count="125" type="stmt"/>
        <line num="38" count="125" type="stmt"/>
        <line num="43" count="125" type="stmt"/>
        <line num="44" count="125" type="stmt"/>
        <line num="45" count="125" type="stmt"/>
        <line num="46" count="125" type="stmt"/>
        <line num="47" count="125" type="stmt"/>
        <line num="48" count="125" type="stmt"/>
        <line num="51" count="125" type="stmt"/>
        <line num="52" count="125" type="stmt"/>
        <line num="55" count="125" type="stmt"/>
        <line num="56" count="125" type="stmt"/>
        <line num="57" count="125" type="stmt"/>
        <line num="58" count="125" type="stmt"/>
        <line num="59" count="125" type="stmt"/>
        <line num="61" count="125" type="stmt"/>
        <line num="62" count="16" type="stmt"/>
        <line num="64" count="16" type="stmt"/>
        <line num="68" count="15" type="stmt"/>
        <line num="69" count="15" type="stmt"/>
        <line num="70" count="15" type="stmt"/>
        <line num="71" count="15" type="stmt"/>
        <line num="73" count="1" type="stmt"/>
        <line num="76" count="16" type="stmt"/>
        <line num="77" count="16" type="stmt"/>
        <line num="81" count="125" type="stmt"/>
        <line num="82" count="125" type="cond" truecount="2" falsecount="0"/>
        <line num="83" count="95" type="stmt"/>
        <line num="119" count="0" type="stmt"/>
        <line num="132" count="88" type="stmt"/>
        <line num="137" count="0" type="stmt"/>
        <line num="150" count="0" type="stmt"/>
        <line num="192" count="125" type="stmt"/>
        <line num="213" count="1" type="stmt"/>
      </file>
      <file name="ChecklistDetailsCard.tsx" path="/Users/erlend.lygre/code/procosys-commissioning-webapp/src/pages/Checklist/ChecklistDetailsCard.tsx">
        <metrics statements="13" coveredstatements="13" conditionals="8" coveredconditionals="8" methods="2" coveredmethods="2"/>
        <line num="2" count="2" type="stmt"/>
        <line num="3" count="2" type="stmt"/>
        <line num="5" count="2" type="stmt"/>
        <line num="7" count="2" type="cond" truecount="2" falsecount="0"/>
        <line num="11" count="2" type="cond" truecount="2" falsecount="0"/>
        <line num="20" count="2" type="cond" truecount="2" falsecount="0"/>
        <line num="25" count="87" type="cond" truecount="2" falsecount="0"/>
        <line num="48" count="2" type="stmt"/>
        <line num="49" count="87" type="stmt"/>
        <line num="50" count="87" type="stmt"/>
        <line num="51" count="87" type="stmt"/>
        <line num="53" count="87" type="stmt"/>
        <line num="65" count="2" type="stmt"/>
      </file>
      <file name="ChecklistSignature.tsx" path="/Users/erlend.lygre/code/procosys-commissioning-webapp/src/pages/Checklist/ChecklistSignature.tsx">
        <metrics statements="58" coveredstatements="54" conditionals="31" coveredconditionals="29" methods="12" coveredmethods="12"/>
        <line num="1" count="1" type="stmt"/>
        <line num="3" count="1" type="stmt"/>
        <line num="9" count="1" type="stmt"/>
        <line num="10" count="1" type="stmt"/>
        <line num="11" count="1" type="stmt"/>
        <line num="15" count="1" type="stmt"/>
        <line num="17" count="1" type="stmt"/>
        <line num="18" count="2" type="stmt"/>
        <line num="20" count="1" type="cond" truecount="2" falsecount="0"/>
        <line num="28" count="122" type="cond" truecount="2" falsecount="0"/>
        <line num="32" count="1" type="stmt"/>
        <line num="33" count="122" type="cond" truecount="2" falsecount="0"/>
        <line num="34" count="2" type="cond" truecount="2" falsecount="0"/>
        <line num="35" count="1" type="stmt"/>
        <line num="37" count="120" type="cond" truecount="2" falsecount="0"/>
        <line num="38" count="115" type="stmt"/>
        <line num="51" count="1" type="stmt"/>
        <line num="52" count="122" type="stmt"/>
        <line num="53" count="122" type="stmt"/>
        <line num="54" count="122" type="stmt"/>
        <line num="55" count="122" type="stmt"/>
        <line num="56" count="122" type="stmt"/>
        <line num="57" count="122" type="stmt"/>
        <line num="59" count="122" type="stmt"/>
        <line num="60" count="122" type="stmt"/>
        <line num="61" count="122" type="stmt"/>
        <line num="64" count="122" type="stmt"/>
        <line num="65" count="122" type="stmt"/>
        <line num="67" count="125" type="stmt"/>
        <line num="68" count="3" type="cond" truecount="2" falsecount="0"/>
        <line num="69" count="2" type="stmt"/>
        <line num="71" count="4" type="stmt"/>
        <line num="76" count="1" type="stmt"/>
        <line num="77" count="1" type="stmt"/>
        <line num="79" count="1" type="stmt"/>
        <line num="83" count="123" type="stmt"/>
        <line num="84" count="1" type="stmt"/>
        <line num="86" count="2" type="cond" truecount="1" falsecount="1"/>
        <line num="87" count="0" type="stmt"/>
        <line num="88" count="0" type="stmt"/>
        <line num="90" count="2" type="cond" truecount="1" falsecount="0"/>
        <line num="91" count="1" type="stmt"/>
        <line num="93" count="1" type="stmt"/>
        <line num="94" count="1" type="stmt"/>
        <line num="97" count="1" type="stmt"/>
        <line num="99" count="0" type="stmt"/>
        <line num="100" count="0" type="stmt"/>
        <line num="104" count="122" type="stmt"/>
        <line num="105" count="115" type="stmt"/>
        <line num="110" count="122" type="stmt"/>
        <line num="111" count="19" type="cond" truecount="2" falsecount="0"/>
        <line num="115" count="17" type="stmt"/>
        <line num="116" count="2" type="stmt"/>
        <line num="117" count="2" type="stmt"/>
        <line num="121" count="122" type="stmt"/>
        <line num="155" count="38" type="stmt"/>
        <line num="156" count="3" type="stmt"/>
        <line num="172" count="1" type="stmt"/>
      </file>
    </package>
    <package name="src.pages.Checklist.CheckItems">
      <metrics statements="83" coveredstatements="78" conditionals="42" coveredconditionals="39" methods="23" coveredmethods="23"/>
      <file name="CheckAllButton.tsx" path="/Users/erlend.lygre/code/procosys-commissioning-webapp/src/pages/Checklist/CheckItems/CheckAllButton.tsx">
        <metrics statements="38" coveredstatements="34" conditionals="12" coveredconditionals="12" methods="9" coveredmethods="9"/>
        <line num="1" count="1" type="stmt"/>
        <line num="3" count="1" type="stmt"/>
        <line num="4" count="1" type="stmt"/>
        <line num="5" count="1" type="stmt"/>
        <line num="6" count="1" type="stmt"/>
        <line num="7" count="1" type="stmt"/>
        <line num="9" count="1" type="cond" truecount="2" falsecount="0"/>
        <line num="23" count="1" type="stmt"/>
        <line num="24" count="83" type="stmt"/>
        <line num="25" count="83" type="stmt"/>
        <line num="26" count="83" type="stmt"/>
        <line num="27" count="83" type="stmt"/>
        <line num="29" count="83" type="stmt"/>
        <line num="30" count="83" type="stmt"/>
        <line num="31" count="84" type="stmt"/>
        <line num="32" count="1" type="stmt"/>
        <line num="33" count="1" type="stmt"/>
        <line num="34" count="3" type="cond" truecount="2" falsecount="0"/>
        <line num="37" count="2" type="stmt"/>
        <line num="39" count="1" type="stmt"/>
        <line num="46" count="1" type="stmt"/>
        <line num="47" count="1" type="stmt"/>
        <line num="48" count="1" type="stmt"/>
        <line num="50" count="0" type="stmt"/>
        <line num="51" count="0" type="stmt"/>
        <line num="55" count="84" type="stmt"/>
        <line num="56" count="1" type="stmt"/>
        <line num="57" count="1" type="stmt"/>
        <line num="58" count="3" type="cond" truecount="2" falsecount="0"/>
        <line num="61" count="2" type="stmt"/>
        <line num="63" count="1" type="stmt"/>
        <line num="70" count="1" type="stmt"/>
        <line num="71" count="1" type="stmt"/>
        <line num="72" count="1" type="stmt"/>
        <line num="74" count="0" type="stmt"/>
        <line num="75" count="0" type="stmt"/>
        <line num="79" count="83" type="stmt"/>
        <line num="93" count="1" type="stmt"/>
      </file>
      <file name="CheckHeader.tsx" path="/Users/erlend.lygre/code/procosys-commissioning-webapp/src/pages/Checklist/CheckItems/CheckHeader.tsx">
        <metrics statements="8" coveredstatements="8" conditionals="10" coveredconditionals="9" methods="2" coveredmethods="2"/>
        <line num="2" count="1" type="stmt"/>
        <line num="3" count="1" type="stmt"/>
        <line num="5" count="1" type="cond" truecount="2" falsecount="0"/>
        <line num="12" count="86" type="cond" truecount="1" falsecount="1"/>
        <line num="24" count="1" type="cond" truecount="2" falsecount="0"/>
        <line num="34" count="86" type="stmt"/>
        <line num="35" count="86" type="stmt"/>
        <line num="46" count="1" type="stmt"/>
      </file>
      <file name="CheckItems.tsx" path="/Users/erlend.lygre/code/procosys-commissioning-webapp/src/pages/Checklist/CheckItems/CheckItems.tsx">
        <metrics statements="37" coveredstatements="36" conditionals="20" coveredconditionals="18" methods="12" coveredmethods="12"/>
        <line num="1" count="1" type="stmt"/>
        <line num="2" count="1" type="stmt"/>
        <line num="7" count="1" type="stmt"/>
        <line num="8" count="1" type="stmt"/>
        <line num="9" count="1" type="stmt"/>
        <line num="11" count="1" type="cond" truecount="2" falsecount="0"/>
        <line num="24" count="1" type="stmt"/>
        <line num="25" count="67" type="cond" truecount="2" falsecount="0"/>
        <line num="37" count="1" type="stmt"/>
        <line num="38" count="86" type="stmt"/>
        <line num="39" count="86" type="stmt"/>
        <line num="40" count="86" type="stmt"/>
        <line num="41" count="86" type="stmt"/>
        <line num="42" count="86" type="stmt"/>
        <line num="43" count="86" type="stmt"/>
        <line num="45" count="86" type="stmt"/>
        <line num="47" count="86" type="stmt"/>
        <line num="48" count="23" type="stmt"/>
        <line num="51" count="86" type="stmt"/>
        <line num="52" count="4" type="stmt"/>
        <line num="53" count="4" type="stmt"/>
        <line num="54" count="12" type="stmt"/>
        <line num="61" count="86" type="stmt"/>
        <line num="62" count="6" type="stmt"/>
        <line num="63" count="6" type="stmt"/>
        <line num="64" count="18" type="stmt"/>
        <line num="71" count="86" type="stmt"/>
        <line num="76" count="258" type="cond" truecount="3" falsecount="1"/>
        <line num="77" count="0" type="stmt"/>
        <line num="79" count="258" type="cond" truecount="2" falsecount="0"/>
        <line num="80" count="86" type="stmt"/>
        <line num="88" count="172" type="stmt"/>
        <line num="103" count="86" type="stmt"/>
        <line num="104" count="258" type="stmt"/>
        <line num="107" count="258" type="stmt"/>
        <line num="114" count="86" type="stmt"/>
        <line num="129" count="1" type="stmt"/>
      </file>
    </package>
    <package name="src.pages.Checklist.CheckItems.CheckItem">
      <metrics statements="58" coveredstatements="54" conditionals="36" coveredconditionals="31" methods="8" coveredmethods="8"/>
      <file name="CheckItem.tsx" path="/Users/erlend.lygre/code/procosys-commissioning-webapp/src/pages/Checklist/CheckItems/CheckItem/CheckItem.tsx">
        <metrics statements="58" coveredstatements="54" conditionals="36" coveredconditionals="31" methods="8" coveredmethods="8"/>
        <line num="1" count="1" type="stmt"/>
        <line num="2" count="1" type="stmt"/>
        <line num="4" count="1" type="stmt"/>
        <line num="5" count="1" type="stmt"/>
        <line num="6" count="1" type="stmt"/>
        <line num="7" count="1" type="stmt"/>
        <line num="8" count="1" type="stmt"/>
        <line num="9" count="1" type="stmt"/>
        <line num="11" count="1" type="cond" truecount="2" falsecount="0"/>
        <line num="13" count="181" type="cond" truecount="2" falsecount="0"/>
        <line num="17" count="181" type="cond" truecount="2" falsecount="0"/>
        <line num="23" count="1" type="cond" truecount="2" falsecount="0"/>
        <line num="29" count="1" type="cond" truecount="2" falsecount="0"/>
        <line num="49" count="1" type="cond" truecount="2" falsecount="0"/>
        <line num="57" count="1" type="cond" truecount="2" falsecount="0"/>
        <line num="72" count="1" type="stmt"/>
        <line num="73" count="181" type="stmt"/>
        <line num="74" count="181" type="stmt"/>
        <line num="75" count="181" type="stmt"/>
        <line num="76" count="181" type="stmt"/>
        <line num="77" count="181" type="stmt"/>
        <line num="79" count="181" type="stmt"/>
        <line num="80" count="181" type="stmt"/>
        <line num="83" count="181" type="stmt"/>
        <line num="84" count="181" type="stmt"/>
        <line num="86" count="184" type="stmt"/>
        <line num="88" count="6" type="stmt"/>
        <line num="89" count="2" type="stmt"/>
        <line num="90" count="2" type="stmt"/>
        <line num="91" count="2" type="stmt"/>
        <line num="92" count="2" type="stmt"/>
        <line num="94" count="1" type="stmt"/>
        <line num="95" count="1" type="stmt"/>
        <line num="99" count="185" type="stmt"/>
        <line num="100" count="4" type="stmt"/>
        <line num="101" count="4" type="cond" truecount="2" falsecount="0"/>
        <line num="102" count="3" type="stmt"/>
        <line num="103" count="3" type="stmt"/>
        <line num="106" count="2" type="stmt"/>
        <line num="107" count="0" type="stmt"/>
        <line num="108" count="0" type="stmt"/>
        <line num="109" count="0" type="stmt"/>
        <line num="110" count="0" type="stmt"/>
        <line num="112" count="1" type="stmt"/>
        <line num="113" count="1" type="stmt"/>
        <line num="117" count="184" type="stmt"/>
        <line num="118" count="3" type="cond" truecount="1" falsecount="1"/>
        <line num="119" count="3" type="stmt"/>
        <line num="121" count="6" type="stmt"/>
        <line num="122" count="2" type="stmt"/>
        <line num="123" count="2" type="stmt"/>
        <line num="124" count="2" type="stmt"/>
        <line num="125" count="2" type="stmt"/>
        <line num="127" count="1" type="stmt"/>
        <line num="128" count="1" type="stmt"/>
        <line num="132" count="181" type="stmt"/>
        <line num="141" count="1" type="stmt"/>
        <line num="202" count="1" type="stmt"/>
      </file>
    </package>
    <package name="src.pages.Checklist.CheckItems.CheckItem.MetaTable">
      <metrics statements="58" coveredstatements="58" conditionals="33" coveredconditionals="30" methods="14" coveredmethods="14"/>
      <file name="MetaTable.tsx" path="/Users/erlend.lygre/code/procosys-commissioning-webapp/src/pages/Checklist/CheckItems/CheckItem/MetaTable/MetaTable.tsx">
        <metrics statements="19" coveredstatements="19" conditionals="14" coveredconditionals="12" methods="5" coveredmethods="5"/>
        <line num="1" count="2" type="stmt"/>
        <line num="3" count="2" type="stmt"/>
        <line num="4" count="2" type="stmt"/>
        <line num="5" count="2" type="stmt"/>
        <line num="6" count="2" type="stmt"/>
        <line num="8" count="2" type="cond" truecount="2" falsecount="0"/>
        <line num="41" count="2" type="cond" truecount="2" falsecount="0"/>
        <line num="67" count="2" type="stmt"/>
        <line num="68" count="2" type="stmt"/>
        <line num="69" count="2" type="stmt"/>
        <line num="72" count="4" type="stmt"/>
        <line num="81" count="2" type="stmt"/>
        <line num="82" count="4" type="stmt"/>
        <line num="83" count="8" type="stmt"/>
        <line num="96" count="4" type="stmt"/>
        <line num="106" count="2" type="stmt"/>
        <line num="107" count="2" type="stmt"/>
        <line num="113" count="2" type="stmt"/>
        <line num="139" count="2" type="stmt"/>
      </file>
      <file name="MetaTableCell.tsx" path="/Users/erlend.lygre/code/procosys-commissioning-webapp/src/pages/Checklist/CheckItems/CheckItem/MetaTable/MetaTableCell.tsx">
        <metrics statements="39" coveredstatements="39" conditionals="19" coveredconditionals="18" methods="9" coveredmethods="9"/>
        <line num="1" count="3" type="stmt"/>
        <line num="2" count="3" type="stmt"/>
        <line num="3" count="3" type="stmt"/>
        <line num="4" count="3" type="stmt"/>
        <line num="5" count="3" type="stmt"/>
        <line num="7" count="3" type="cond" truecount="2" falsecount="0"/>
        <line num="28" count="25" type="cond" truecount="2" falsecount="0"/>
        <line num="29" count="24" type="cond" truecount="2" falsecount="0"/>
        <line num="30" count="20" type="cond" truecount="2" falsecount="0"/>
        <line num="31" count="18" type="stmt"/>
        <line num="34" count="3" type="stmt"/>
        <line num="35" count="25" type="stmt"/>
        <line num="36" count="25" type="stmt"/>
        <line num="37" count="25" type="stmt"/>
        <line num="38" count="25" type="stmt"/>
        <line num="39" count="25" type="stmt"/>
        <line num="40" count="25" type="stmt"/>
        <line num="41" count="25" type="stmt"/>
        <line num="43" count="25" type="stmt"/>
        <line num="44" count="25" type="stmt"/>
        <line num="45" count="25" type="stmt"/>
        <line num="48" count="25" type="stmt"/>
        <line num="49" count="25" type="stmt"/>
        <line num="51" count="28" type="stmt"/>
        <line num="52" count="3" type="stmt"/>
        <line num="54" count="6" type="stmt"/>
        <line num="62" count="2" type="stmt"/>
        <line num="64" count="1" type="stmt"/>
        <line num="65" count="1" type="stmt"/>
        <line num="69" count="25" type="stmt"/>
        <line num="70" count="20" type="cond" truecount="2" falsecount="0"/>
        <line num="71" count="2" type="stmt"/>
        <line num="72" count="1" type="stmt"/>
        <line num="74" count="2" type="stmt"/>
        <line num="77" count="25" type="stmt"/>
        <line num="90" count="4" type="stmt"/>
        <line num="92" count="3" type="cond" truecount="2" falsecount="0"/>
        <line num="98" count="4" type="stmt"/>
        <line num="107" count="3" type="stmt"/>
      </file>
    </package>
    <package name="src.pages.CommPkg">
      <metrics statements="134" coveredstatements="80" conditionals="78" coveredconditionals="61" methods="28" coveredmethods="17"/>
      <file name="CommPkg.tsx" path="/Users/erlend.lygre/code/procosys-commissioning-webapp/src/pages/CommPkg/CommPkg.tsx">
        <metrics statements="43" coveredstatements="0" conditionals="10" coveredconditionals="0" methods="5" coveredmethods="0"/>
        <line num="1" count="0" type="stmt"/>
        <line num="2" count="0" type="stmt"/>
        <line num="3" count="0" type="stmt"/>
        <line num="4" count="0" type="stmt"/>
        <line num="5" count="0" type="stmt"/>
        <line num="6" count="0" type="stmt"/>
        <line num="7" count="0" type="stmt"/>
        <line num="8" count="0" type="stmt"/>
        <line num="9" count="0" type="stmt"/>
        <line num="10" count="0" type="stmt"/>
        <line num="11" count="0" type="stmt"/>
        <line num="17" count="0" type="stmt"/>
        <line num="18" count="0" type="stmt"/>
        <line num="19" count="0" type="stmt"/>
        <line num="20" count="0" type="stmt"/>
        <line num="21" count="0" type="stmt"/>
        <line num="23" count="0" type="cond" truecount="0" falsecount="2"/>
        <line num="25" count="0" type="stmt"/>
        <line num="26" count="0" type="stmt"/>
        <line num="27" count="0" type="stmt"/>
        <line num="28" count="0" type="stmt"/>
        <line num="29" count="0" type="stmt"/>
        <line num="30" count="0" type="stmt"/>
        <line num="34" count="0" type="stmt"/>
        <line num="35" count="0" type="stmt"/>
        <line num="36" count="0" type="stmt"/>
        <line num="38" count="0" type="stmt"/>
        <line num="42" count="0" type="stmt"/>
        <line num="47" count="0" type="stmt"/>
        <line num="48" count="0" type="stmt"/>
        <line num="49" count="0" type="stmt"/>
        <line num="50" count="0" type="stmt"/>
        <line num="52" count="0" type="stmt"/>
        <line num="55" count="0" type="stmt"/>
        <line num="56" count="0" type="stmt"/>
        <line num="60" count="0" type="stmt"/>
        <line num="61" count="0" type="cond" truecount="0" falsecount="2"/>
        <line num="67" count="0" type="stmt"/>
        <line num="76" count="0" type="cond" truecount="0" falsecount="2"/>
        <line num="77" count="0" type="stmt"/>
        <line num="83" count="0" type="stmt"/>
        <line num="90" count="0" type="stmt"/>
        <line num="112" count="0" type="stmt"/>
      </file>
      <file name="DetailsCard.tsx" path="/Users/erlend.lygre/code/procosys-commissioning-webapp/src/pages/CommPkg/DetailsCard.tsx">
        <metrics statements="47" coveredstatements="45" conditionals="32" coveredconditionals="32" methods="10" coveredmethods="8"/>
        <line num="1" count="2" type="stmt"/>
        <line num="2" count="2" type="stmt"/>
        <line num="4" count="2" type="stmt"/>
        <line num="5" count="2" type="stmt"/>
        <line num="6" count="2" type="stmt"/>
        <line num="7" count="2" type="stmt"/>
        <line num="8" count="2" type="stmt"/>
        <line num="9" count="2" type="stmt"/>
        <line num="10" count="2" type="stmt"/>
        <line num="11" count="2" type="stmt"/>
        <line num="12" count="2" type="stmt"/>
        <line num="14" count="2" type="cond" truecount="2" falsecount="0"/>
        <line num="22" count="2" type="cond" truecount="2" falsecount="0"/>
        <line num="24" count="2" type="cond" truecount="2" falsecount="0"/>
        <line num="25" count="2" type="cond" truecount="2" falsecount="0"/>
        <line num="26" count="2" type="cond" truecount="2" falsecount="0"/>
        <line num="29" count="2" type="cond" truecount="2" falsecount="0"/>
        <line num="35" count="2" type="cond" truecount="2" falsecount="0"/>
        <line num="44" count="2" type="cond" truecount="2" falsecount="0"/>
        <line num="49" count="2" type="cond" truecount="2" falsecount="0"/>
        <line num="55" count="2" type="cond" truecount="2" falsecount="0"/>
        <line num="68" count="2" type="stmt"/>
        <line num="69" count="23" type="stmt"/>
        <line num="70" count="23" type="cond" truecount="2" falsecount="0"/>
        <line num="71" count="23" type="stmt"/>
        <line num="73" count="23" type="stmt"/>
        <line num="74" count="23" type="stmt"/>
        <line num="75" count="23" type="stmt"/>
        <line num="76" count="23" type="stmt"/>
        <line num="80" count="23" type="stmt"/>
        <line num="81" count="4" type="stmt"/>
        <line num="82" count="4" type="stmt"/>
        <line num="84" count="4" type="stmt"/>
        <line num="89" count="2" type="stmt"/>
        <line num="90" count="2" type="stmt"/>
        <line num="92" count="2" type="cond" truecount="2" falsecount="0"/>
        <line num="93" count="1" type="stmt"/>
        <line num="97" count="4" type="stmt"/>
        <line num="98" count="4" type="stmt"/>
        <line num="102" count="23" type="cond" truecount="2" falsecount="0"/>
        <line num="103" count="1" type="stmt"/>
        <line num="109" count="22" type="cond" truecount="4" falsecount="0"/>
        <line num="110" count="2" type="stmt"/>
        <line num="128" count="0" type="stmt"/>
        <line num="129" count="0" type="stmt"/>
        <line num="152" count="20" type="stmt"/>
        <line num="159" count="2" type="stmt"/>
      </file>
      <file name="DetailsCardShell.tsx" path="/Users/erlend.lygre/code/procosys-commissioning-webapp/src/pages/CommPkg/DetailsCardShell.tsx">
        <metrics statements="11" coveredstatements="11" conditionals="8" coveredconditionals="8" methods="4" coveredmethods="4"/>
        <line num="1" count="2" type="stmt"/>
        <line num="3" count="2" type="stmt"/>
        <line num="5" count="2" type="cond" truecount="2" falsecount="0"/>
        <line num="17" count="17" type="cond" truecount="2" falsecount="0"/>
        <line num="18" count="17" type="cond" truecount="2" falsecount="0"/>
        <line num="20" count="17" type="cond" truecount="2" falsecount="0"/>
        <line num="28" count="2" type="stmt"/>
        <line num="29" count="17" type="stmt"/>
        <line num="30" count="17" type="stmt"/>
        <line num="32" count="17" type="stmt"/>
        <line num="39" count="2" type="stmt"/>
      </file>
      <file name="NavigationFooter.tsx" path="/Users/erlend.lygre/code/procosys-commissioning-webapp/src/pages/CommPkg/NavigationFooter.tsx">
        <metrics statements="27" coveredstatements="24" conditionals="26" coveredconditionals="21" methods="8" coveredmethods="5"/>
        <line num="2" count="1" type="stmt"/>
        <line num="3" count="1" type="stmt"/>
        <line num="4" count="1" type="stmt"/>
        <line num="5" count="1" type="stmt"/>
        <line num="6" count="1" type="stmt"/>
        <line num="7" count="1" type="stmt"/>
        <line num="9" count="1" type="cond" truecount="2" falsecount="0"/>
        <line num="26" count="1" type="cond" truecount="2" falsecount="0"/>
        <line num="32" count="1" type="cond" truecount="2" falsecount="0"/>
        <line num="43" count="6" type="cond" truecount="1" falsecount="1"/>
        <line num="53" count="6" type="cond" truecount="1" falsecount="1"/>
        <line num="55" count="6" type="cond" truecount="1" falsecount="1"/>
        <line num="56" count="6" type="cond" truecount="1" falsecount="1"/>
        <line num="66" count="1" type="cond" truecount="2" falsecount="0"/>
        <line num="82" count="1" type="cond" truecount="2" falsecount="0"/>
        <line num="93" count="1" type="stmt"/>
        <line num="94" count="2" type="stmt"/>
        <line num="95" count="2" type="stmt"/>
        <line num="96" count="2" type="stmt"/>
        <line num="97" count="2" type="stmt"/>
        <line num="99" count="2" type="stmt"/>
        <line num="100" count="2" type="stmt"/>
        <line num="102" count="2" type="stmt"/>
        <line num="107" count="0" type="stmt"/>
        <line num="121" count="0" type="stmt"/>
        <line num="135" count="0" type="stmt"/>
        <line num="155" count="1" type="stmt"/>
      </file>
      <file name="NavigationFooterShell.tsx" path="/Users/erlend.lygre/code/procosys-commissioning-webapp/src/pages/CommPkg/NavigationFooterShell.tsx">
        <metrics statements="6" coveredstatements="0" conditionals="2" coveredconditionals="0" methods="1" coveredmethods="0"/>
        <line num="2" count="0" type="stmt"/>
        <line num="3" count="0" type="stmt"/>
        <line num="5" count="0" type="cond" truecount="0" falsecount="2"/>
        <line num="14" count="0" type="stmt"/>
        <line num="15" count="0" type="stmt"/>
        <line num="20" count="0" type="stmt"/>
      </file>
    </package>
    <package name="src.pages.CommPkg.PunchList">
      <metrics statements="27" coveredstatements="27" conditionals="14" coveredconditionals="12" methods="4" coveredmethods="4"/>
      <file name="PunchList.tsx" path="/Users/erlend.lygre/code/procosys-commissioning-webapp/src/pages/CommPkg/PunchList/PunchList.tsx">
        <metrics statements="27" coveredstatements="27" conditionals="14" coveredconditionals="12" methods="4" coveredmethods="4"/>
        <line num="1" count="1" type="stmt"/>
        <line num="2" count="1" type="stmt"/>
        <line num="3" count="1" type="stmt"/>
        <line num="4" count="1" type="stmt"/>
        <line num="5" count="1" type="stmt"/>
        <line num="6" count="1" type="stmt"/>
        <line num="7" count="1" type="stmt"/>
        <line num="9" count="1" type="stmt"/>
        <line num="10" count="1" type="stmt"/>
        <line num="12" count="1" type="cond" truecount="2" falsecount="0"/>
        <line num="18" count="1" type="cond" truecount="2" falsecount="0"/>
        <line num="22" count="1" type="stmt"/>
        <line num="23" count="8" type="stmt"/>
        <line num="24" count="8" type="stmt"/>
        <line num="25" count="8" type="stmt"/>
        <line num="29" count="8" type="stmt"/>
        <line num="30" count="3" type="stmt"/>
        <line num="31" count="3" type="stmt"/>
        <line num="33" count="3" type="stmt"/>
        <line num="37" count="2" type="stmt"/>
        <line num="38" count="2" type="cond" truecount="2" falsecount="0"/>
        <line num="39" count="1" type="stmt"/>
        <line num="41" count="1" type="stmt"/>
        <line num="44" count="1" type="stmt"/>
        <line num="49" count="8" type="stmt"/>
        <line num="59" count="2" type="cond" truecount="4" falsecount="0"/>
        <line num="99" count="1" type="stmt"/>
      </file>
    </package>
    <package name="src.pages.CommPkg.Scope">
      <metrics statements="29" coveredstatements="28" conditionals="12" coveredconditionals="12" methods="5" coveredmethods="4"/>
      <file name="Scope.tsx" path="/Users/erlend.lygre/code/procosys-commissioning-webapp/src/pages/CommPkg/Scope/Scope.tsx">
        <metrics statements="29" coveredstatements="28" conditionals="12" coveredconditionals="12" methods="5" coveredmethods="4"/>
        <line num="1" count="4" type="stmt"/>
        <line num="2" count="4" type="stmt"/>
        <line num="3" count="4" type="stmt"/>
        <line num="4" count="4" type="stmt"/>
        <line num="5" count="4" type="stmt"/>
        <line num="6" count="4" type="stmt"/>
        <line num="8" count="4" type="stmt"/>
        <line num="9" count="4" type="stmt"/>
        <line num="11" count="4" type="cond" truecount="2" falsecount="0"/>
        <line num="19" count="4" type="cond" truecount="2" falsecount="0"/>
        <line num="44" count="4" type="cond" truecount="2" falsecount="0"/>
        <line num="49" count="4" type="stmt"/>
        <line num="50" count="8" type="stmt"/>
        <line num="51" count="8" type="stmt"/>
        <line num="52" count="8" type="stmt"/>
        <line num="55" count="8" type="stmt"/>
        <line num="56" count="3" type="stmt"/>
        <line num="57" count="3" type="stmt"/>
        <line num="59" count="3" type="stmt"/>
        <line num="63" count="2" type="stmt"/>
        <line num="64" count="0" type="stmt"/>
        <line num="66" count="2" type="stmt"/>
        <line num="67" count="2" type="cond" truecount="2" falsecount="0"/>
        <line num="68" count="1" type="stmt"/>
        <line num="70" count="1" type="stmt"/>
        <line num="73" count="1" type="stmt"/>
        <line num="78" count="8" type="stmt"/>
        <line num="86" count="2" type="cond" truecount="4" falsecount="0"/>
        <line num="108" count="4" type="stmt"/>
      </file>
    </package>
    <package name="src.pages.CommPkg.Tasks">
      <metrics statements="19" coveredstatements="19" conditionals="8" coveredconditionals="7" methods="3" coveredmethods="3"/>
      <file name="Tasks.tsx" path="/Users/erlend.lygre/code/procosys-commissioning-webapp/src/pages/CommPkg/Tasks/Tasks.tsx">
        <metrics statements="19" coveredstatements="19" conditionals="8" coveredconditionals="7" methods="3" coveredmethods="3"/>
        <line num="2" count="2" type="stmt"/>
        <line num="3" count="2" type="stmt"/>
        <line num="4" count="2" type="stmt"/>
        <line num="5" count="2" type="stmt"/>
        <line num="6" count="2" type="stmt"/>
        <line num="7" count="2" type="stmt"/>
        <line num="8" count="2" type="stmt"/>
        <line num="9" count="2" type="stmt"/>
        <line num="10" count="2" type="stmt"/>
        <line num="13" count="2" type="cond" truecount="2" falsecount="0"/>
        <line num="19" count="2" type="stmt"/>
        <line num="20" count="13" type="stmt"/>
        <line num="22" count="13" type="stmt"/>
        <line num="23" count="13" type="stmt"/>
        <line num="24" count="13" type="stmt"/>
        <line num="25" count="3" type="stmt"/>
        <line num="28" count="13" type="stmt"/>
        <line num="36" count="3" type="cond" truecount="4" falsecount="0"/>
        <line num="65" count="2" type="stmt"/>
      </file>
    </package>
    <package name="src.pages.Punch.ClearPunch">
      <metrics statements="150" coveredstatements="117" conditionals="20" coveredconditionals="17" methods="40" coveredmethods="17"/>
      <file name="ClearPunch.tsx" path="/Users/erlend.lygre/code/procosys-commissioning-webapp/src/pages/Punch/ClearPunch/ClearPunch.tsx">
        <metrics statements="68" coveredstatements="62" conditionals="14" coveredconditionals="11" methods="16" coveredmethods="11"/>
        <line num="1" count="3" type="stmt"/>
        <line num="3" count="3" type="stmt"/>
        <line num="4" count="3" type="stmt"/>
        <line num="5" count="3" type="stmt"/>
        <line num="6" count="3" type="stmt"/>
        <line num="7" count="3" type="stmt"/>
        <line num="8" count="3" type="stmt"/>
        <line num="9" count="3" type="stmt"/>
        <line num="12" count="3" type="stmt"/>
        <line num="13" count="3" type="stmt"/>
        <line num="14" count="3" type="stmt"/>
        <line num="18" count="3" type="stmt"/>
        <line num="19" count="3" type="stmt"/>
        <line num="20" count="3" type="stmt"/>
        <line num="21" count="3" type="stmt"/>
        <line num="22" count="3" type="stmt"/>
        <line num="24" count="3" type="stmt"/>
        <line num="25" count="3" type="stmt"/>
        <line num="27" count="3" type="cond" truecount="2" falsecount="0"/>
        <line num="29" count="3" type="stmt"/>
        <line num="31" count="19" type="stmt"/>
        <line num="32" count="19" type="stmt"/>
        <line num="33" count="19" type="stmt"/>
        <line num="34" count="19" type="stmt"/>
        <line num="35" count="19" type="stmt"/>
        <line num="36" count="19" type="stmt"/>
        <line num="37" count="19" type="stmt"/>
        <line num="38" count="19" type="stmt"/>
        <line num="39" count="19" type="stmt"/>
        <line num="40" count="19" type="stmt"/>
        <line num="41" count="19" type="stmt"/>
        <line num="42" count="19" type="stmt"/>
        <line num="43" count="19" type="stmt"/>
        <line num="44" count="19" type="stmt"/>
        <line num="45" count="19" type="stmt"/>
        <line num="46" count="19" type="stmt"/>
        <line num="47" count="19" type="stmt"/>
        <line num="48" count="19" type="stmt"/>
        <line num="50" count="19" type="stmt"/>
        <line num="51" count="19" type="stmt"/>
        <line num="52" count="19" type="stmt"/>
        <line num="53" count="19" type="stmt"/>
        <line num="54" count="19" type="stmt"/>
        <line num="55" count="19" type="stmt"/>
        <line num="59" count="19" type="stmt"/>
        <line num="61" count="19" type="stmt"/>
        <line num="62" count="19" type="cond" truecount="4" falsecount="0"/>
        <line num="63" count="5" type="stmt"/>
        <line num="79" count="10" type="stmt"/>
        <line num="85" count="10" type="stmt"/>
        <line num="101" count="5" type="stmt"/>
        <line num="107" count="10" type="stmt"/>
        <line num="124" count="0" type="stmt"/>
        <line num="128" count="0" type="cond" truecount="0" falsecount="2"/>
        <line num="132" count="0" type="stmt"/>
        <line num="151" count="5" type="stmt"/>
        <line num="157" count="10" type="stmt"/>
        <line num="175" count="10" type="stmt"/>
        <line num="182" count="10" type="stmt"/>
        <line num="198" count="0" type="stmt"/>
        <line num="212" count="2" type="stmt"/>
        <line num="218" count="0" type="stmt"/>
        <line num="228" count="0" type="stmt"/>
[...]
        <line num="19" count="20" type="cond" truecount="2" falsecount="0"/>
        <line num="62" count="20" type="stmt"/>
        <line num="64" count="20" type="cond" truecount="2" falsecount="0"/>
        <line num="68" count="20" type="stmt"/>
        <line num="77" count="20" type="stmt"/>
      </file>
    </package>
    <package name="src.test">
      <metrics statements="109" coveredstatements="100" conditionals="26" coveredconditionals="20" methods="42" coveredmethods="34"/>
      <file name="contexts.tsx" path="/Users/erlend.lygre/code/procosys-commissioning-webapp/src/test/contexts.tsx">
        <metrics statements="28" coveredstatements="28" conditionals="18" coveredconditionals="13" methods="2" coveredmethods="2"/>
        <line num="2" count="16" type="stmt"/>
        <line num="3" count="16" type="stmt"/>
        <line num="4" count="16" type="stmt"/>
        <line num="5" count="16" type="stmt"/>
        <line num="7" count="16" type="stmt"/>
        <line num="8" count="16" type="stmt"/>
        <line num="11" count="16" type="stmt"/>
        <line num="12" count="16" type="stmt"/>
        <line num="14" count="16" type="stmt"/>
        <line num="16" count="16" type="stmt"/>
        <line num="20" count="16" type="stmt"/>
        <line num="21" count="16" type="stmt"/>
        <line num="26" count="16" type="stmt"/>
        <line num="39" count="16" type="stmt"/>
        <line num="40" count="58" type="stmt"/>
        <line num="41" count="58" type="cond" truecount="2" falsecount="0"/>
        <line num="42" count="58" type="cond" truecount="2" falsecount="0"/>
        <line num="43" count="58" type="cond" truecount="1" falsecount="1"/>
        <line num="44" count="58" type="cond" truecount="1" falsecount="1"/>
        <line num="46" count="58" type="stmt"/>
        <line num="72" count="16" type="stmt"/>
        <line num="73" count="55" type="cond" truecount="2" falsecount="0"/>
        <line num="74" count="55" type="cond" truecount="2" falsecount="0"/>
        <line num="75" count="55" type="cond" truecount="1" falsecount="1"/>
        <line num="76" count="55" type="cond" truecount="1" falsecount="1"/>
        <line num="77" count="55" type="cond" truecount="1" falsecount="1"/>
        <line num="78" count="55" type="stmt"/>
        <line num="80" count="55" type="stmt"/>
      </file>
      <file name="dummyData.ts" path="/Users/erlend.lygre/code/procosys-commissioning-webapp/src/test/dummyData.ts">
        <metrics statements="24" coveredstatements="24" conditionals="0" coveredconditionals="0" methods="0" coveredmethods="0"/>
        <line num="1" count="25" type="stmt"/>
        <line num="19" count="25" type="stmt"/>
        <line num="56" count="25" type="stmt"/>
        <line num="61" count="25" type="stmt"/>
        <line num="63" count="25" type="stmt"/>
        <line num="68" count="25" type="stmt"/>
        <line num="82" count="25" type="stmt"/>
        <line num="99" count="25" type="stmt"/>
        <line num="111" count="25" type="stmt"/>
        <line num="124" count="25" type="stmt"/>
        <line num="140" count="25" type="stmt"/>
        <line num="206" count="25" type="stmt"/>
        <line num="232" count="25" type="stmt"/>
        <line num="245" count="25" type="stmt"/>
        <line num="255" count="25" type="stmt"/>
        <line num="271" count="25" type="stmt"/>
        <line num="317" count="25" type="stmt"/>
        <line num="325" count="25" type="stmt"/>
        <line num="343" count="25" type="stmt"/>
        <line num="359" count="25" type="stmt"/>
        <line num="376" count="25" type="stmt"/>
        <line num="402" count="25" type="stmt"/>
        <line num="407" count="25" type="stmt"/>
        <line num="412" count="25" type="stmt"/>
      </file>
      <file name="setupServer.ts" path="/Users/erlend.lygre/code/procosys-commissioning-webapp/src/test/setupServer.ts">
        <metrics statements="57" coveredstatements="48" conditionals="8" coveredconditionals="7" methods="40" coveredmethods="32"/>
        <line num="1" count="25" type="stmt"/>
        <line num="2" count="25" type="stmt"/>
        <line num="3" count="25" type="stmt"/>
        <line num="18" count="25" type="stmt"/>
        <line num="20" count="25" type="stmt"/>
        <line num="21" count="25" type="stmt"/>
        <line num="74" count="25" type="stmt"/>
        <line num="77" count="3" type="stmt"/>
        <line num="83" count="0" type="stmt"/>
        <line num="86" count="0" type="stmt"/>
        <line num="91" count="2" type="stmt"/>
        <line num="94" count="16" type="stmt"/>
        <line num="100" count="13" type="stmt"/>
        <line num="107" count="0" type="stmt"/>
        <line num="110" count="3" type="stmt"/>
        <line num="113" count="3" type="stmt"/>
        <line num="116" count="1" type="stmt"/>
        <line num="119" count="1" type="stmt"/>
        <line num="122" count="0" type="stmt"/>
        <line num="125" count="1" type="stmt"/>
        <line num="133" count="13" type="stmt"/>
        <line num="139" count="15" type="stmt"/>
        <line num="142" count="12" type="stmt"/>
        <line num="148" count="1" type="stmt"/>
        <line num="151" count="13" type="stmt"/>
        <line num="157" count="1" type="stmt"/>
        <line num="160" count="2" type="stmt"/>
        <line num="163" count="1" type="stmt"/>
        <line num="166" count="1" type="stmt"/>
        <line num="171" count="1" type="stmt"/>
        <line num="177" count="0" type="stmt"/>
        <line num="180" count="3" type="stmt"/>
        <line num="186" count="5" type="stmt"/>
        <line num="192" count="6" type="stmt"/>
        <line num="198" count="6" type="stmt"/>
        <line num="201" count="2" type="stmt"/>
        <line num="207" count="0" type="stmt"/>
        <line num="211" count="25" type="stmt"/>
        <line num="215" count="22" type="stmt"/>
        <line num="216" count="0" type="stmt"/>
        <line num="218" count="22" type="cond" truecount="2" falsecount="0"/>
        <line num="219" count="5" type="stmt"/>
        <line num="220" count="5" type="stmt"/>
        <line num="223" count="22" type="cond" truecount="2" falsecount="0"/>
        <line num="224" count="4" type="stmt"/>
        <line num="225" count="4" type="stmt"/>
        <line num="228" count="22" type="cond" truecount="2" falsecount="0"/>
        <line num="229" count="13" type="stmt"/>
        <line num="230" count="13" type="stmt"/>
        <line num="233" count="22" type="cond" truecount="1" falsecount="1"/>
        <line num="234" count="0" type="stmt"/>
        <line num="235" count="0" type="stmt"/>
        <line num="238" count="22" type="stmt"/>
        <line num="240" count="28" type="stmt"/>
        <line num="242" count="25" type="stmt"/>
        <line num="243" count="25" type="stmt"/>
        <line num="244" count="75" type="stmt"/>
      </file>
    </package>
    <package name="src.utils">
      <metrics statements="171" coveredstatements="127" conditionals="53" coveredconditionals="29" methods="44" coveredmethods="30"/>
      <file name="Slugify.ts" path="/Users/erlend.lygre/code/procosys-commissioning-webapp/src/utils/Slugify.ts">
        <metrics statements="7" coveredstatements="0" conditionals="0" coveredconditionals="0" methods="2" coveredmethods="0"/>
        <line num="1" count="0" type="stmt"/>
        <line num="3" count="0" type="stmt"/>
        <line num="5" count="0" type="stmt"/>
        <line num="6" count="0" type="stmt"/>
        <line num="8" count="0" type="stmt"/>
        <line num="12" count="0" type="stmt"/>
        <line num="20" count="0" type="stmt"/>
      </file>
      <file name="buildEndpoint.ts" path="/Users/erlend.lygre/code/procosys-commissioning-webapp/src/utils/buildEndpoint.ts">
        <metrics statements="7" coveredstatements="7" conditionals="0" coveredconditionals="0" methods="3" coveredmethods="3"/>
        <line num="1" count="4" type="stmt"/>
        <line num="2" count="149" type="stmt"/>
        <line num="3" count="125" type="stmt"/>
        <line num="5" count="149" type="stmt"/>
        <line num="6" count="24" type="stmt"/>
        <line num="8" count="149" type="stmt"/>
        <line num="14" count="4" type="stmt"/>
      </file>
      <file name="calculateHighestStatus.ts" path="/Users/erlend.lygre/code/procosys-commissioning-webapp/src/utils/calculateHighestStatus.ts">
        <metrics statements="8" coveredstatements="0" conditionals="4" coveredconditionals="0" methods="3" coveredmethods="0"/>
        <line num="1" count="0" type="stmt"/>
        <line num="3" count="0" type="stmt"/>
        <line num="4" count="0" type="cond" truecount="0" falsecount="2"/>
        <line num="5" count="0" type="stmt"/>
        <line num="6" count="0" type="cond" truecount="0" falsecount="2"/>
        <line num="7" count="0" type="stmt"/>
        <line num="8" count="0" type="stmt"/>
        <line num="11" count="0" type="stmt"/>
      </file>
      <file name="ensure.ts" path="/Users/erlend.lygre/code/procosys-commissioning-webapp/src/utils/ensure.ts">
        <metrics statements="6" coveredstatements="5" conditionals="6" coveredconditionals="4" methods="1" coveredmethods="1"/>
        <line num="4" count="3" type="stmt"/>
        <line num="6" count="40" type="cond" truecount="1" falsecount="1"/>
        <line num="8" count="20" type="cond" truecount="3" falsecount="1"/>
        <line num="9" count="0" type="stmt"/>
        <line num="12" count="20" type="stmt"/>
        <line num="15" count="3" type="stmt"/>
      </file>
      <file name="handleDownload.ts" path="/Users/erlend.lygre/code/procosys-commissioning-webapp/src/utils/handleDownload.ts">
        <metrics statements="11" coveredstatements="2" conditionals="2" coveredconditionals="0" methods="2" coveredmethods="0"/>
        <line num="1" count="5" type="stmt"/>
        <line num="2" count="0" type="stmt"/>
        <line num="3" count="0" type="stmt"/>
        <line num="4" count="0" type="stmt"/>
        <line num="5" count="0" type="stmt"/>
        <line num="6" count="0" type="cond" truecount="0" falsecount="2"/>
        <line num="7" count="0" type="stmt"/>
        <line num="9" count="0" type="stmt"/>
        <line num="10" count="0" type="stmt"/>
        <line num="11" count="0" type="stmt"/>
        <line num="14" count="5" type="stmt"/>
      </file>
      <file name="matchPlantInURL.ts" path="/Users/erlend.lygre/code/procosys-commissioning-webapp/src/utils/matchPlantInURL.ts">
        <metrics statements="12" coveredstatements="4" conditionals="8" coveredconditionals="0" methods="4" coveredmethods="1"/>
        <line num="3" count="17" type="stmt"/>
        <line num="5" count="0" type="cond" truecount="0" falsecount="2"/>
        <line num="6" count="0" type="stmt"/>
        <line num="8" count="17" type="stmt"/>
        <line num="10" count="17" type="stmt"/>
        <line num="11" count="0" type="cond" truecount="0" falsecount="2"/>
        <line num="12" count="0" type="stmt"/>
        <line num="13" count="0" type="stmt"/>
        <line num="15" count="0" type="cond" truecount="0" falsecount="4"/>
        <line num="16" count="0" type="stmt"/>
        <line num="20" count="0" type="stmt"/>
        <line num="23" count="17" type="stmt"/>
      </file>
      <file name="matchProjectInURL.ts" path="/Users/erlend.lygre/code/procosys-commissioning-webapp/src/utils/matchProjectInURL.ts">
        <metrics statements="11" coveredstatements="4" conditionals="4" coveredconditionals="0" methods="4" coveredmethods="1"/>
        <line num="3" count="17" type="stmt"/>
        <line num="5" count="0" type="cond" truecount="0" falsecount="2"/>
        <line num="6" count="0" type="stmt"/>
        <line num="8" count="17" type="stmt"/>
        <line num="10" count="17" type="stmt"/>
        <line num="14" count="0" type="stmt"/>
        <line num="15" count="0" type="stmt"/>
        <line num="17" count="0" type="cond" truecount="0" falsecount="2"/>
        <line num="18" count="0" type="stmt"/>
        <line num="22" count="0" type="stmt"/>
        <line num="25" count="17" type="stmt"/>
      </file>
      <file name="objectToCamelCase.ts" path="/Users/erlend.lygre/code/procosys-commissioning-webapp/src/utils/objectToCamelCase.ts">
        <metrics statements="15" coveredstatements="15" conditionals="7" coveredconditionals="7" methods="5" coveredmethods="5"/>
        <line num="1" count="25" type="stmt"/>
        <line num="2" count="3760" type="stmt"/>
        <line num="9" count="25" type="stmt"/>
        <line num="10" count="3333" type="stmt"/>
        <line num="13" count="25" type="stmt"/>
        <line num="14" count="3760" type="cond" truecount="2" falsecount="0"/>
        <line num="15" count="356" type="stmt"/>
        <line num="17" count="356" type="stmt"/>
        <line num="18" count="3333" type="stmt"/>
        <line num="21" count="356" type="stmt"/>
        <line num="22" count="3404" type="cond" truecount="2" falsecount="0"/>
        <line num="23" count="137" type="stmt"/>
        <line num="24" count="268" type="stmt"/>
        <line num="28" count="3267" type="stmt"/>
        <line num="31" count="25" type="stmt"/>
      </file>
      <file name="removeSubdirectories.ts" path="/Users/erlend.lygre/code/procosys-commissioning-webapp/src/utils/removeSubdirectories.ts">
        <metrics statements="11" coveredstatements="10" conditionals="2" coveredconditionals="1" methods="2" coveredmethods="2"/>
        <line num="1" count="15" type="stmt"/>
        <line num="2" count="183" type="stmt"/>
        <line num="3" count="183" type="cond" truecount="1" falsecount="1"/>
        <line num="4" count="0" type="stmt"/>
        <line num="6" count="183" type="stmt"/>
        <line num="9" count="15" type="stmt"/>
        <line num="13" count="183" type="stmt"/>
        <line num="14" count="183" type="stmt"/>
        <line num="15" count="183" type="stmt"/>
        <line num="17" count="183" type="stmt"/>
        <line num="20" count="15" type="stmt"/>
      </file>
      <file name="textFieldHelpers.tsx" path="/Users/erlend.lygre/code/procosys-commissioning-webapp/src/utils/textFieldHelpers.tsx">
        <metrics statements="10" coveredstatements="9" conditionals="10" coveredconditionals="9" methods="2" coveredmethods="2"/>
        <line num="3" count="1" type="stmt"/>
        <line num="6" count="1" type="stmt"/>
        <line num="7" count="122" type="cond" truecount="2" falsecount="0"/>
        <line num="8" count="121" type="cond" truecount="2" falsecount="0"/>
        <line num="9" count="117" type="stmt"/>
        <line num="12" count="1" type="stmt"/>
        <line num="13" count="7" type="cond" truecount="2" falsecount="0"/>
        <line num="14" count="6" type="cond" truecount="2" falsecount="0"/>
        <line num="15" count="2" type="cond" truecount="1" falsecount="1"/>
        <line num="16" count="0" type="stmt"/>
      </file>
      <file name="useAsyncGet.tsx" path="/Users/erlend.lygre/code/procosys-commissioning-webapp/src/utils/useAsyncGet.tsx">
        <metrics statements="22" coveredstatements="22" conditionals="6" coveredconditionals="5" methods="4" coveredmethods="4"/>
        <line num="1" count="2" type="stmt"/>
        <line num="2" count="2" type="stmt"/>
        <line num="3" count="2" type="stmt"/>
        <line num="5" count="379" type="stmt"/>
        <line num="12" count="379" type="stmt"/>
        <line num="13" count="379" type="stmt"/>
        <line num="14" count="379" type="stmt"/>
        <line num="16" count="379" type="stmt"/>
        <line num="17" count="29" type="stmt"/>
        <line num="18" count="29" type="stmt"/>
        <line num="19" count="29" type="stmt"/>
        <line num="21" count="29" type="stmt"/>
        <line num="22" count="27" type="stmt"/>
        <line num="23" count="27" type="stmt"/>
        <line num="24" count="27" type="cond" truecount="2" falsecount="0"/>
        <line num="28" count="1" type="stmt"/>
        <line num="30" count="26" type="stmt"/>
        <line num="33" count="2" type="cond" truecount="1" falsecount="1"/>
        <line num="36" count="29" type="stmt"/>
        <line num="37" count="29" type="stmt"/>
        <line num="41" count="379" type="stmt"/>
        <line num="48" count="2" type="stmt"/>
      </file>
      <file name="useAttachments.tsx" path="/Users/erlend.lygre/code/procosys-commissioning-webapp/src/utils/useAttachments.tsx">
        <metrics statements="21" coveredstatements="21" conditionals="2" coveredconditionals="1" methods="4" coveredmethods="4"/>
        <line num="1" count="4" type="stmt"/>
        <line num="2" count="4" type="stmt"/>
        <line num="3" count="4" type="stmt"/>
        <line num="5" count="4" type="stmt"/>
        <line num="7" count="4" type="stmt"/>
        <line num="8" count="149" type="stmt"/>
        <line num="9" count="149" type="stmt"/>
        <line num="10" count="149" type="stmt"/>
        <line num="11" count="149" type="stmt"/>
        <line num="12" count="149" type="stmt"/>
        <line num="15" count="149" type="stmt"/>
        <line num="16" count="149" type="stmt"/>
        <line num="17" count="18" type="stmt"/>
        <line num="19" count="18" type="stmt"/>
        <line num="23" count="16" type="stmt"/>
        <line num="24" count="16" type="stmt"/>
        <line num="26" count="2" type="cond" truecount="1" falsecount="1"/>
        <line num="27" count="2" type="stmt"/>
        <line num="31" count="18" type="stmt"/>
        <line num="34" count="149" type="stmt"/>
        <line num="44" count="4" type="stmt"/>
      </file>
      <file name="useCommonHooks.tsx" path="/Users/erlend.lygre/code/procosys-commissioning-webapp/src/utils/useCommonHooks.tsx">
        <metrics statements="10" coveredstatements="10" conditionals="0" coveredconditionals="0" methods="1" coveredmethods="1"/>
        <line num="1" count="18" type="stmt"/>
        <line num="2" count="18" type="stmt"/>
        <line num="4" count="18" type="stmt"/>
        <line num="6" count="18" type="stmt"/>
        <line num="7" count="1590" type="stmt"/>
        <line num="8" count="1589" type="stmt"/>
        <line num="9" count="1589" type="stmt"/>
        <line num="10" count="1589" type="stmt"/>
        <line num="11" count="1589" type="stmt"/>
        <line num="21" count="18" type="stmt"/>
      </file>
      <file name="useFormFields.tsx" path="/Users/erlend.lygre/code/procosys-commissioning-webapp/src/utils/useFormFields.tsx">
        <metrics statements="7" coveredstatements="7" conditionals="0" coveredconditionals="0" methods="4" coveredmethods="4"/>
        <line num="1" count="1" type="stmt"/>
        <line num="4" count="20" type="stmt"/>
        <line num="5" count="55" type="stmt"/>
        <line num="10" count="10" type="stmt"/>
        <line num="11" count="10" type="stmt"/>
        <line num="13" count="20" type="stmt"/>
        <line num="16" count="1" type="stmt"/>
      </file>
      <file name="useSnackbar.tsx" path="/Users/erlend.lygre/code/procosys-commissioning-webapp/src/utils/useSnackbar.tsx">
        <metrics statements="13" coveredstatements="11" conditionals="2" coveredconditionals="2" methods="3" coveredmethods="2"/>
        <line num="1" count="5" type="stmt"/>
        <line num="2" count="5" type="stmt"/>
        <line num="4" count="5" type="stmt"/>
        <line num="5" count="352" type="stmt"/>
        <line num="6" count="352" type="stmt"/>
        <line num="8" count="352" type="stmt"/>
        <line num="11" count="0" type="stmt"/>
        <line num="12" count="0" type="stmt"/>
        <line num="20" count="352" type="stmt"/>
        <line num="21" count="55" type="cond" truecount="2" falsecount="0"/>
        <line num="22" count="21" type="stmt"/>
        <line num="25" count="352" type="stmt"/>
        <line num="31" count="5" type="stmt"/>
      </file>
    </package>
  </project>
</coverage>
