{"/Users/erlend.lygre/code/procosys-commissioning-webapp/src/App.tsx": {"path":"/Users/erlend.lygre/code/procosys-commissioning-webapp/src/App.tsx","statementMap":{"0":{"start":{"line":2,"column":0},"end":{"line":2,"column":74}},"1":{"start":{"line":3,"column":0},"end":{"line":3,"column":67}},"2":{"start":{"line":4,"column":0},"end":{"line":4,"column":44}},"3":{"start":{"line":5,"column":0},"end":{"line":5,"column":61}},"4":{"start":{"line":9,"column":0},"end":{"line":9,"column":null}},"5":{"start":{"line":30,"column":12},"end":{"line":61,"column":1}},"6":{"start":{"line":31,"column":23},"end":{"line":31,"column":null}},"7":{"start":{"line":32,"column":16},"end":{"line":32,"column":null}},"8":{"start":{"line":33,"column":23},"end":{"line":33,"column":null}},"9":{"start":{"line":34,"column":39},"end":{"line":34,"column":null}},"10":{"start":{"line":36,"column":24},"end":{"line":36,"column":26}},"11":{"start":{"line":37,"column":4},"end":{"line":39,"column":null}},"12":{"start":{"line":38,"column":8},"end":{"line":38,"column":32}},"13":{"start":{"line":41,"column":4},"end":{"line":60,"column":6}},"14":{"start":{"line":54,"column":49},"end":{"line":54,"column":65}},"15":{"start":{"line":63,"column":0},"end":{"line":63,"column":19}}},"fnMap":{"0":{"name":"(anonymous_3)","decl":{"start":{"line":30,"column":12},"end":{"line":30,"column":13}},"loc":{"start":{"line":35,"column":11},"end":{"line":61,"column":1}}},"1":{"name":"(anonymous_4)","decl":{"start":{"line":54,"column":43},"end":{"line":54,"column":49}},"loc":{"start":{"line":54,"column":43},"end":{"line":54,"column":61}}}},"branchMap":{"0":{"loc":{"start":{"line":37,"column":4},"end":{"line":39,"column":null}},"type":"if","locations":[{"start":{"line":37,"column":4},"end":{"line":39,"column":null}},{"start":{"line":37,"column":4},"end":{"line":39,"column":null}}]}},"s":{"0":0,"1":0,"2":0,"3":0,"4":0,"5":0,"6":0,"7":0,"8":0,"9":0,"10":0,"11":0,"12":0,"13":0,"14":0,"15":0},"f":{"0":0,"1":0},"b":{"0":[0,0]}}
,"/Users/erlend.lygre/code/procosys-commissioning-webapp/src/CommPkgRouter.tsx": {"path":"/Users/erlend.lygre/code/procosys-commissioning-webapp/src/CommPkgRouter.tsx","statementMap":{"0":{"start":{"line":2,"column":0},"end":{"line":2,"column":64}},"1":{"start":{"line":3,"column":0},"end":{"line":3,"column":52}},"2":{"start":{"line":4,"column":0},"end":{"line":4,"column":46}},"3":{"start":{"line":5,"column":0},"end":{"line":5,"column":55}},"4":{"start":{"line":6,"column":0},"end":{"line":6,"column":61}},"5":{"start":{"line":7,"column":0},"end":{"line":7,"column":64}},"6":{"start":{"line":8,"column":0},"end":{"line":8,"column":37}},"7":{"start":{"line":10,"column":22},"end":{"line":38,"column":1}},"8":{"start":{"line":11,"column":21},"end":{"line":11,"column":37}},"9":{"start":{"line":12,"column":4},"end":{"line":37,"column":6}},"10":{"start":{"line":40,"column":0},"end":{"line":40,"column":29}}},"fnMap":{"0":{"name":"(anonymous_1)","decl":{"start":{"line":10,"column":22},"end":{"line":10,"column":null}},"loc":{"start":{"line":10,"column":22},"end":{"line":38,"column":1}}}},"branchMap":{},"s":{"0":0,"1":0,"2":0,"3":0,"4":0,"5":0,"6":0,"7":0,"8":0,"9":0,"10":0},"f":{"0":0},"b":{}}
,"/Users/erlend.lygre/code/procosys-commissioning-webapp/src/GeneralRouter.tsx": {"path":"/Users/erlend.lygre/code/procosys-commissioning-webapp/src/GeneralRouter.tsx","statementMap":{"0":{"start":{"line":2,"column":0},"end":{"line":2,"column":49}},"1":{"start":{"line":3,"column":0},"end":{"line":3,"column":63}},"2":{"start":{"line":4,"column":0},"end":{"line":4,"column":64}},"3":{"start":{"line":5,"column":0},"end":{"line":5,"column":43}},"4":{"start":{"line":6,"column":0},"end":{"line":6,"column":58}},"5":{"start":{"line":7,"column":0},"end":{"line":7,"column":44}},"6":{"start":{"line":8,"column":0},"end":{"line":8,"column":52}},"7":{"start":{"line":10,"column":19},"end":{"line":29,"column":1}},"8":{"start":{"line":11,"column":4},"end":{"line":28,"column":6}},"9":{"start":{"line":31,"column":0},"end":{"line":31,"column":26}}},"fnMap":{"0":{"name":"(anonymous_1)","decl":{"start":{"line":10,"column":19},"end":{"line":10,"column":null}},"loc":{"start":{"line":10,"column":19},"end":{"line":29,"column":1}}}},"branchMap":{},"s":{"0":0,"1":0,"2":0,"3":0,"4":0,"5":0,"6":0,"7":0,"8":0,"9":0},"f":{"0":0},"b":{}}
,"/Users/erlend.lygre/code/procosys-commissioning-webapp/src/index.tsx": {"path":"/Users/erlend.lygre/code/procosys-commissioning-webapp/src/index.tsx","statementMap":{"0":{"start":{"line":1,"column":0},"end":{"line":1,"column":53}},"1":{"start":{"line":2,"column":0},"end":{"line":2,"column":59}},"2":{"start":{"line":3,"column":0},"end":{"line":3,"column":48}},"3":{"start":{"line":4,"column":0},"end":{"line":4,"column":26}},"4":{"start":{"line":5,"column":0},"end":{"line":5,"column":33}},"5":{"start":{"line":6,"column":0},"end":{"line":6,"column":24}},"6":{"start":{"line":7,"column":0},"end":{"line":7,"column":49}},"7":{"start":{"line":8,"column":0},"end":{"line":8,"column":44}},"8":{"start":{"line":9,"column":0},"end":{"line":9,"column":48}},"9":{"start":{"line":10,"column":0},"end":{"line":10,"column":56}},"10":{"start":{"line":11,"column":0},"end":{"line":11,"column":74}},"11":{"start":{"line":12,"column":0},"end":{"line":12,"column":59}},"12":{"start":{"line":14,"column":15},"end":{"line":24,"column":1}},"13":{"start":{"line":15,"column":4},"end":{"line":23,"column":6}},"14":{"start":{"line":26,"column":19},"end":{"line":71,"column":2}},"15":{"start":{"line":33,"column":8},"end":{"line":33,"column":null}},"16":{"start":{"line":28,"column":10},"end":{"line":32,"column":null}},"17":{"start":{"line":34,"column":10},"end":{"line":34,"column":72}},"18":{"start":{"line":35,"column":10},"end":{"line":38,"column":7}},"19":{"start":{"line":39,"column":26},"end":{"line":39,"column":null}},"20":{"start":{"line":39,"column":10},"end":{"line":39,"column":null}},"21":{"start":{"line":40,"column":4},"end":{"line":40,"column":60}},"22":{"start":{"line":40,"column":23},"end":{"line":40,"column":60}},"23":{"start":{"line":43,"column":37},"end":{"line":45,"column":null}},"24":{"start":{"line":43,"column":10},"end":{"line":45,"column":null}},"25":{"start":{"line":47,"column":53},"end":{"line":50,"column":null}},"26":{"start":{"line":47,"column":10},"end":{"line":47,"column":53}},"27":{"start":{"line":51,"column":10},"end":{"line":55,"column":7}},"28":{"start":{"line":57,"column":10},"end":{"line":60,"column":7}},"29":{"start":{"line":61,"column":10},"end":{"line":63,"column":null}},"30":{"start":{"line":65,"column":4},"end":{"line":70,"column":6}},"31":{"start":{"line":73,"column":0},"end":{"line":103,"column":5}},"32":{"start":{"line":73,"column":1},"end":{"line":103,"column":2}},"33":{"start":{"line":74,"column":4},"end":{"line":74,"column":60}},"34":{"start":{"line":81,"column":12},"end":{"line":81,"column":null}},"35":{"start":{"line":76,"column":14},"end":{"line":80,"column":null}},"36":{"start":{"line":82,"column":8},"end":{"line":89,"column":10}},"37":{"start":{"line":91,"column":8},"end":{"line":91,"column":27}},"38":{"start":{"line":92,"column":8},"end":{"line":101,"column":null}},"39":{"start":{"line":93,"column":12},"end":{"line":93,"column":76}},"40":{"start":{"line":95,"column":12},"end":{"line":100,"column":14}}},"fnMap":{"0":{"name":"(anonymous_20)","decl":{"start":{"line":14,"column":15},"end":{"line":14,"column":16}},"loc":{"start":{"line":14,"column":36},"end":{"line":24,"column":1}}},"1":{"name":"(anonymous_21)","decl":{"start":{"line":26,"column":19},"end":{"line":26,"column":null}},"loc":{"start":{"line":26,"column":19},"end":{"line":71,"column":2}}},"2":{"name":"(anonymous_24)","decl":{"start":{"line":73,"column":1},"end":{"line":73,"column":null}},"loc":{"start":{"line":73,"column":1},"end":{"line":103,"column":2}}}},"branchMap":{"0":{"loc":{"start":{"line":33,"column":8},"end":{"line":33,"column":null}},"type":"switch","locations":[{"start":{"line":33,"column":8},"end":{"line":33,"column":null}}]},"1":{"loc":{"start":{"line":40,"column":4},"end":{"line":40,"column":60}},"type":"if","locations":[{"start":{"line":40,"column":4},"end":{"line":40,"column":60}},{"start":{"line":40,"column":4},"end":{"line":40,"column":60}}]},"2":{"loc":{"start":{"line":92,"column":8},"end":{"line":101,"column":null}},"type":"if","locations":[{"start":{"line":92,"column":8},"end":{"line":101,"column":null}},{"start":{"line":92,"column":8},"end":{"line":101,"column":null}}]}},"s":{"0":0,"1":0,"2":0,"3":0,"4":0,"5":0,"6":0,"7":0,"8":0,"9":0,"10":0,"11":0,"12":0,"13":0,"14":0,"15":0,"16":0,"17":0,"18":0,"19":0,"20":0,"21":0,"22":0,"23":0,"24":0,"25":0,"26":0,"27":0,"28":0,"29":0,"30":0,"31":0,"32":0,"33":0,"34":0,"35":0,"36":0,"37":0,"38":0,"39":0,"40":0},"f":{"0":0,"1":0,"2":0},"b":{"0":[0],"1":[0,0],"2":[0,0]}}
,"/Users/erlend.lygre/code/procosys-commissioning-webapp/src/react-app-env.d.ts": {"path":"/Users/erlend.lygre/code/procosys-commissioning-webapp/src/react-app-env.d.ts","statementMap":{},"fnMap":{},"branchMap":{},"s":{},"f":{},"b":{},"inputSourceMap":null}
,"/Users/erlend.lygre/code/procosys-commissioning-webapp/src/serviceWorker.ts": {"path":"/Users/erlend.lygre/code/procosys-commissioning-webapp/src/serviceWorker.ts","statementMap":{"0":{"start":{"line":13,"column":20},"end":{"line":20,"column":null}},"1":{"start":{"line":29,"column":2},"end":{"line":62,"column":null}},"2":{"start":{"line":31,"column":22},"end":{"line":33,"column":null}},"3":{"start":{"line":35,"column":4},"end":{"line":40,"column":null}},"4":{"start":{"line":39,"column":6},"end":{"line":39,"column":13}},"5":{"start":{"line":42,"column":4},"end":{"line":61,"column":7}},"6":{"start":{"line":43,"column":23},"end":{"line":43,"column":65}},"7":{"start":{"line":45,"column":6},"end":{"line":60,"column":null}},"8":{"start":{"line":47,"column":8},"end":{"line":47,"column":47}},"9":{"start":{"line":51,"column":8},"end":{"line":56,"column":11}},"10":{"start":{"line":52,"column":10},"end":{"line":55,"column":12}},"11":{"start":{"line":59,"column":8},"end":{"line":59,"column":39}},"12":{"start":{"line":28,"column":0},"end":{"line":28,"column":16}},"13":{"start":{"line":66,"column":2},"end":{"line":106,"column":7}},"14":{"start":{"line":69,"column":6},"end":{"line":102,"column":8}},"15":{"start":{"line":70,"column":33},"end":{"line":70,"column":56}},"16":{"start":{"line":71,"column":8},"end":{"line":73,"column":null}},"17":{"start":{"line":72,"column":10},"end":{"line":72,"column":17}},"18":{"start":{"line":74,"column":8},"end":{"line":101,"column":10}},"19":{"start":{"line":75,"column":10},"end":{"line":100,"column":null}},"20":{"start":{"line":76,"column":12},"end":{"line":99,"column":null}},"21":{"start":{"line":80,"column":14},"end":{"line":83,"column":16}},"22":{"start":{"line":86,"column":14},"end":{"line":88,"column":null}},"23":{"start":{"line":87,"column":16},"end":{"line":87,"column":46}},"24":{"start":{"line":93,"column":14},"end":{"line":93,"column":64}},"25":{"start":{"line":96,"column":14},"end":{"line":98,"column":null}},"26":{"start":{"line":97,"column":16},"end":{"line":97,"column":47}},"27":{"start":{"line":105,"column":6},"end":{"line":105,"column":72}},"28":{"start":{"line":111,"column":2},"end":{"line":136,"column":7}},"29":{"start":{"line":116,"column":26},"end":{"line":116,"column":62}},"30":{"start":{"line":117,"column":6},"end":{"line":130,"column":null}},"31":{"start":{"line":122,"column":8},"end":{"line":126,"column":11}},"32":{"start":{"line":123,"column":10},"end":{"line":125,"column":13}},"33":{"start":{"line":124,"column":12},"end":{"line":124,"column":37}},"34":{"start":{"line":129,"column":8},"end":{"line":129,"column":39}},"35":{"start":{"line":133,"column":6},"end":{"line":135,"column":8}},"36":{"start":{"line":140,"column":2},"end":{"line":148,"column":null}},"37":{"start":{"line":141,"column":4},"end":{"line":147,"column":9}},"38":{"start":{"line":143,"column":8},"end":{"line":143,"column":34}},"39":{"start":{"line":146,"column":8},"end":{"line":146,"column":37}},"40":{"start":{"line":139,"column":0},"end":{"line":139,"column":16}}},"fnMap":{"0":{"name":"register","decl":{"start":{"line":28,"column":16},"end":{"line":28,"column":24}},"loc":{"start":{"line":28,"column":40},"end":{"line":63,"column":1}}},"1":{"name":"(anonymous_1)","decl":{"start":{"line":42,"column":36},"end":{"line":42,"column":null}},"loc":{"start":{"line":42,"column":36},"end":{"line":61,"column":5}}},"2":{"name":"(anonymous_2)","decl":{"start":{"line":51,"column":43},"end":{"line":51,"column":null}},"loc":{"start":{"line":51,"column":43},"end":{"line":56,"column":9}}},"3":{"name":"registerValidSW","decl":{"start":{"line":65,"column":9},"end":{"line":65,"column":24}},"loc":{"start":{"line":65,"column":55},"end":{"line":107,"column":1}}},"4":{"name":"(anonymous_4)","decl":{"start":{"line":68,"column":10},"end":{"line":68,"column":22}},"loc":{"start":{"line":68,"column":22},"end":{"line":103,"column":5}}},"5":{"name":"(anonymous_5)","decl":{"start":{"line":69,"column":35},"end":{"line":69,"column":null}},"loc":{"start":{"line":69,"column":35},"end":{"line":102,"column":7}}},"6":{"name":"(anonymous_6)","decl":{"start":{"line":74,"column":41},"end":{"line":74,"column":null}},"loc":{"start":{"line":74,"column":41},"end":{"line":101,"column":9}}},"7":{"name":"(anonymous_7)","decl":{"start":{"line":104,"column":11},"end":{"line":104,"column":16}},"loc":{"start":{"line":104,"column":16},"end":{"line":106,"column":5}}},"8":{"name":"checkValidServiceWorker","decl":{"start":{"line":109,"column":9},"end":{"line":109,"column":32}},"loc":{"start":{"line":109,"column":63},"end":{"line":137,"column":1}}},"9":{"name":"(anonymous_9)","decl":{"start":{"line":114,"column":10},"end":{"line":114,"column":18}},"loc":{"start":{"line":114,"column":18},"end":{"line":131,"column":5}}},"10":{"name":"(anonymous_10)","decl":{"start":{"line":122,"column":43},"end":{"line":122,"column":55}},"loc":{"start":{"line":122,"column":55},"end":{"line":126,"column":9}}},"11":{"name":"(anonymous_11)","decl":{"start":{"line":123,"column":41},"end":{"line":123,"column":null}},"loc":{"start":{"line":123,"column":41},"end":{"line":125,"column":11}}},"12":{"name":"(anonymous_12)","decl":{"start":{"line":132,"column":11},"end":{"line":132,"column":null}},"loc":{"start":{"line":132,"column":11},"end":{"line":136,"column":5}}},"13":{"name":"unregister","decl":{"start":{"line":139,"column":16},"end":{"line":139,"column":26}},"loc":{"start":{"line":139,"column":26},"end":{"line":149,"column":1}}},"14":{"name":"(anonymous_14)","decl":{"start":{"line":142,"column":12},"end":{"line":142,"column":24}},"loc":{"start":{"line":142,"column":24},"end":{"line":144,"column":7}}},"15":{"name":"(anonymous_15)","decl":{"start":{"line":145,"column":13},"end":{"line":145,"column":18}},"loc":{"start":{"line":145,"column":18},"end":{"line":147,"column":7}}}},"branchMap":{"0":{"loc":{"start":{"line":14,"column":2},"end":{"line":14,"column":42}},"type":"binary-expr","locations":[{"start":{"line":14,"column":2},"end":{"line":14,"column":42}},{"start":{"line":16,"column":4},"end":{"line":16,"column":40}},{"start":{"line":18,"column":4},"end":{"line":19,"column":null}}]},"1":{"loc":{"start":{"line":29,"column":2},"end":{"line":62,"column":null}},"type":"if","locations":[{"start":{"line":29,"column":2},"end":{"line":62,"column":null}},{"start":{"line":29,"column":2},"end":{"line":62,"column":null}}]},"2":{"loc":{"start":{"line":29,"column":6},"end":{"line":29,"column":43}},"type":"binary-expr","locations":[{"start":{"line":29,"column":6},"end":{"line":29,"column":43}},{"start":{"line":29,"column":47},"end":{"line":29,"column":75}}]},"3":{"loc":{"start":{"line":35,"column":4},"end":{"line":40,"column":null}},"type":"if","locations":[{"start":{"line":35,"column":4},"end":{"line":40,"column":null}},{"start":{"line":35,"column":4},"end":{"line":40,"column":null}}]},"4":{"loc":{"start":{"line":45,"column":6},"end":{"line":60,"column":null}},"type":"if","locations":[{"start":{"line":45,"column":6},"end":{"line":60,"column":null}},{"start":{"line":45,"column":6},"end":{"line":60,"column":null}}]},"5":{"loc":{"start":{"line":71,"column":8},"end":{"line":73,"column":null}},"type":"if","locations":[{"start":{"line":71,"column":8},"end":{"line":73,"column":null}},{"start":{"line":71,"column":8},"end":{"line":73,"column":null}}]},"6":{"loc":{"start":{"line":75,"column":10},"end":{"line":100,"column":null}},"type":"if","locations":[{"start":{"line":75,"column":10},"end":{"line":100,"column":null}},{"start":{"line":75,"column":10},"end":{"line":100,"column":null}}]},"7":{"loc":{"start":{"line":76,"column":12},"end":{"line":99,"column":null}},"type":"if","locations":[{"start":{"line":76,"column":12},"end":{"line":99,"column":null}},{"start":{"line":76,"column":12},"end":{"line":99,"column":null}}]},"8":{"loc":{"start":{"line":86,"column":14},"end":{"line":88,"column":null}},"type":"if","locations":[{"start":{"line":86,"column":14},"end":{"line":88,"column":null}},{"start":{"line":86,"column":14},"end":{"line":88,"column":null}}]},"9":{"loc":{"start":{"line":86,"column":18},"end":{"line":86,"column":24}},"type":"binary-expr","locations":[{"start":{"line":86,"column":18},"end":{"line":86,"column":24}},{"start":{"line":86,"column":28},"end":{"line":86,"column":43}}]},"10":{"loc":{"start":{"line":96,"column":14},"end":{"line":98,"column":null}},"type":"if","locations":[{"start":{"line":96,"column":14},"end":{"line":98,"column":null}},{"start":{"line":96,"column":14},"end":{"line":98,"column":null}}]},"11":{"loc":{"start":{"line":96,"column":18},"end":{"line":96,"column":24}},"type":"binary-expr","locations":[{"start":{"line":96,"column":18},"end":{"line":96,"column":24}},{"start":{"line":96,"column":28},"end":{"line":96,"column":44}}]},"12":{"loc":{"start":{"line":117,"column":6},"end":{"line":130,"column":null}},"type":"if","locations":[{"start":{"line":117,"column":6},"end":{"line":130,"column":null}},{"start":{"line":117,"column":6},"end":{"line":130,"column":null}}]},"13":{"loc":{"start":{"line":118,"column":8},"end":{"line":118,"column":31}},"type":"binary-expr","locations":[{"start":{"line":118,"column":8},"end":{"line":118,"column":31}},{"start":{"line":119,"column":9},"end":{"line":119,"column":28}},{"start":{"line":119,"column":32},"end":{"line":119,"column":72}}]},"14":{"loc":{"start":{"line":140,"column":2},"end":{"line":148,"column":null}},"type":"if","locations":[{"start":{"line":140,"column":2},"end":{"line":148,"column":null}},{"start":{"line":140,"column":2},"end":{"line":148,"column":null}}]}},"s":{"0":0,"1":0,"2":0,"3":0,"4":0,"5":0,"6":0,"7":0,"8":0,"9":0,"10":0,"11":0,"12":0,"13":0,"14":0,"15":0,"16":0,"17":0,"18":0,"19":0,"20":0,"21":0,"22":0,"23":0,"24":0,"25":0,"26":0,"27":0,"28":0,"29":0,"30":0,"31":0,"32":0,"33":0,"34":0,"35":0,"36":0,"37":0,"38":0,"39":0,"40":0},"f":{"0":0,"1":0,"2":0,"3":0,"4":0,"5":0,"6":0,"7":0,"8":0,"9":0,"10":0,"11":0,"12":0,"13":0,"14":0,"15":0},"b":{"0":[0,0,0],"1":[0,0],"2":[0,0],"3":[0,0],"4":[0,0],"5":[0,0],"6":[0,0],"7":[0,0],"8":[0,0],"9":[0,0],"10":[0,0],"11":[0,0],"12":[0,0],"13":[0,0,0],"14":[0,0]}}
,"/Users/erlend.lygre/code/procosys-commissioning-webapp/src/components/AsyncCard.tsx": {"path":"/Users/erlend.lygre/code/procosys-commissioning-webapp/src/components/AsyncCard.tsx","statementMap":{"0":{"start":{"line":2,"column":0},"end":{"line":2,"column":57}},"1":{"start":{"line":3,"column":0},"end":{"line":3,"column":59}},"2":{"start":{"line":4,"column":0},"end":{"line":4,"column":32}},"3":{"start":{"line":14,"column":18},"end":{"line":34,"column":1}},"4":{"start":{"line":15,"column":15},"end":{"line":15,"column":null}},"5":{"start":{"line":16,"column":16},"end":{"line":16,"column":null}},"6":{"start":{"line":17,"column":23},"end":{"line":17,"column":null}},"7":{"start":{"line":18,"column":13},"end":{"line":18,"column":null}},"8":{"start":{"line":19,"column":12},"end":{"line":19,"column":null}},"9":{"start":{"line":21,"column":20},"end":{"line":31,"column":5}},"10":{"start":{"line":22,"column":8},"end":{"line":30,"column":null}},"11":{"start":{"line":23,"column":12},"end":{"line":23,"column":28}},"12":{"start":{"line":24,"column":15},"end":{"line":30,"column":null}},"13":{"start":{"line":25,"column":12},"end":{"line":25,"column":48}},"14":{"start":{"line":26,"column":15},"end":{"line":30,"column":null}},"15":{"start":{"line":27,"column":12},"end":{"line":27,"column":41}},"16":{"start":{"line":29,"column":12},"end":{"line":29,"column":80}},"17":{"start":{"line":33,"column":4},"end":{"line":33,"column":60}},"18":{"start":{"line":36,"column":0},"end":{"line":36,"column":25}}},"fnMap":{"0":{"name":"(anonymous_3)","decl":{"start":{"line":14,"column":18},"end":{"line":14,"column":19}},"loc":{"start":{"line":20,"column":17},"end":{"line":34,"column":1}}},"1":{"name":"(anonymous_4)","decl":{"start":{"line":21,"column":20},"end":{"line":21,"column":null}},"loc":{"start":{"line":21,"column":20},"end":{"line":31,"column":5}}}},"branchMap":{"0":{"loc":{"start":{"line":22,"column":8},"end":{"line":30,"column":null}},"type":"if","locations":[{"start":{"line":22,"column":8},"end":{"line":30,"column":null}},{"start":{"line":22,"column":8},"end":{"line":30,"column":null}}]},"1":{"loc":{"start":{"line":24,"column":15},"end":{"line":30,"column":null}},"type":"if","locations":[{"start":{"line":24,"column":15},"end":{"line":30,"column":null}},{"start":{"line":24,"column":15},"end":{"line":30,"column":null}}]},"2":{"loc":{"start":{"line":26,"column":15},"end":{"line":30,"column":null}},"type":"if","locations":[{"start":{"line":26,"column":15},"end":{"line":30,"column":null}},{"start":{"line":26,"column":15},"end":{"line":30,"column":null}}]}},"s":{"0":5,"1":5,"2":5,"3":5,"4":818,"5":818,"6":818,"7":818,"8":818,"9":818,"10":818,"11":445,"12":373,"13":0,"14":373,"15":12,"16":361,"17":818,"18":5},"f":{"0":818,"1":818},"b":{"0":[445,373],"1":[0,373],"2":[12,361]}}
,"/Users/erlend.lygre/code/procosys-commissioning-webapp/src/components/AsyncPage.tsx": {"path":"/Users/erlend.lygre/code/procosys-commissioning-webapp/src/components/AsyncPage.tsx","statementMap":{"0":{"start":{"line":1,"column":0},"end":{"line":1,"column":49}},"1":{"start":{"line":3,"column":0},"end":{"line":3,"column":57}},"2":{"start":{"line":4,"column":0},"end":{"line":4,"column":47}},"3":{"start":{"line":5,"column":0},"end":{"line":5,"column":38}},"4":{"start":{"line":6,"column":0},"end":{"line":6,"column":59}},"5":{"start":{"line":7,"column":38},"end":{"line":7,"column":45}},"6":{"start":{"line":17,"column":18},"end":{"line":56,"column":1}},"7":{"start":{"line":18,"column":15},"end":{"line":18,"column":null}},"8":{"start":{"line":19,"column":16},"end":{"line":19,"column":null}},"9":{"start":{"line":20,"column":23},"end":{"line":20,"column":null}},"10":{"start":{"line":21,"column":12},"end":{"line":21,"column":null}},"11":{"start":{"line":22,"column":18},"end":{"line":22,"column":null}},"12":{"start":{"line":24,"column":20},"end":{"line":53,"column":5}},"13":{"start":{"line":25,"column":8},"end":{"line":52,"column":null}},"14":{"start":{"line":26,"column":12},"end":{"line":26,"column":35}},"15":{"start":{"line":27,"column":15},"end":{"line":52,"column":null}},"16":{"start":{"line":28,"column":12},"end":{"line":40,"column":14}},"17":{"start":{"line":41,"column":15},"end":{"line":52,"column":null}},"18":{"start":{"line":42,"column":12},"end":{"line":49,"column":14}},"19":{"start":{"line":51,"column":12},"end":{"line":51,"column":79}},"20":{"start":{"line":55,"column":4},"end":{"line":55,"column":34}},"21":{"start":{"line":58,"column":0},"end":{"line":58,"column":25}}},"fnMap":{"0":{"name":"(anonymous_3)","decl":{"start":{"line":17,"column":18},"end":{"line":17,"column":19}},"loc":{"start":{"line":23,"column":17},"end":{"line":56,"column":1}}},"1":{"name":"(anonymous_4)","decl":{"start":{"line":24,"column":20},"end":{"line":24,"column":null}},"loc":{"start":{"line":24,"column":20},"end":{"line":53,"column":5}}}},"branchMap":{"0":{"loc":{"start":{"line":25,"column":8},"end":{"line":52,"column":null}},"type":"if","locations":[{"start":{"line":25,"column":8},"end":{"line":52,"column":null}},{"start":{"line":25,"column":8},"end":{"line":52,"column":null}}]},"1":{"loc":{"start":{"line":27,"column":15},"end":{"line":52,"column":null}},"type":"if","locations":[{"start":{"line":27,"column":15},"end":{"line":52,"column":null}},{"start":{"line":27,"column":15},"end":{"line":52,"column":null}}]},"2":{"loc":{"start":{"line":41,"column":15},"end":{"line":52,"column":null}},"type":"if","locations":[{"start":{"line":41,"column":15},"end":{"line":52,"column":null}},{"start":{"line":41,"column":15},"end":{"line":52,"column":null}}]}},"s":{"0":7,"1":7,"2":7,"3":7,"4":7,"5":14,"6":7,"7":170,"8":169,"9":169,"10":169,"11":169,"12":169,"13":169,"14":92,"15":77,"16":3,"17":74,"18":9,"19":65,"20":169,"21":7},"f":{"0":170,"1":169},"b":{"0":[92,77],"1":[3,74],"2":[9,65]}}
,"/Users/erlend.lygre/code/procosys-commissioning-webapp/src/components/Attachment.tsx": {"path":"/Users/erlend.lygre/code/procosys-commissioning-webapp/src/components/Attachment.tsx","statementMap":{"0":{"start":{"line":1,"column":0},"end":{"line":1,"column":null}},"1":{"start":{"line":7,"column":0},"end":{"line":7,"column":43}},"2":{"start":{"line":8,"column":0},"end":{"line":8,"column":51}},"3":{"start":{"line":9,"column":0},"end":{"line":9,"column":39}},"4":{"start":{"line":10,"column":0},"end":{"line":10,"column":57}},"5":{"start":{"line":12,"column":0},"end":{"line":12,"column":47}},"6":{"start":{"line":13,"column":0},"end":{"line":13,"column":53}},"7":{"start":{"line":14,"column":0},"end":{"line":14,"column":38}},"8":{"start":{"line":16,"column":24},"end":{"line":16,"column":31}},"9":{"start":{"line":18,"column":13},"end":{"line":21,"column":2}},"10":{"start":{"line":23,"column":13},"end":{"line":29,"column":null}},"11":{"start":{"line":34,"column":26},"end":{"line":36,"column":null}},"12":{"start":{"line":43,"column":34},"end":{"line":45,"column":null}},"13":{"start":{"line":65,"column":13},"end":{"line":66,"column":null}},"14":{"start":{"line":70,"column":13},"end":{"line":79,"column":2}},"15":{"start":{"line":81,"column":21},"end":{"line":83,"column":2}},"16":{"start":{"line":85,"column":20},"end":{"line":95,"column":2}},"17":{"start":{"line":106,"column":19},"end":{"line":273,"column":1}},"18":{"start":{"line":107,"column":14},"end":{"line":107,"column":null}},"19":{"start":{"line":108,"column":17},"end":{"line":108,"column":null}},"20":{"start":{"line":109,"column":20},"end":{"line":109,"column":null}},"21":{"start":{"line":110,"column":22},"end":{"line":110,"column":null}},"22":{"start":{"line":111,"column":19},"end":{"line":111,"column":null}},"23":{"start":{"line":112,"column":4},"end":{"line":112,"column":12}},"24":{"start":{"line":112,"column":12},"end":{"line":112,"column":null}},"25":{"start":{"line":114,"column":58},"end":{"line":114,"column":73}},"26":{"start":{"line":114,"column":30},"end":{"line":114,"column":32}},"27":{"start":{"line":114,"column":54},"end":{"line":114,"column":58}},"28":{"start":{"line":115,"column":54},"end":{"line":115,"column":66}},"29":{"start":{"line":115,"column":28},"end":{"line":115,"column":30}},"30":{"start":{"line":115,"column":50},"end":{"line":115,"column":54}},"31":{"start":{"line":116,"column":46},"end":{"line":116,"column":76}},"32":{"start":{"line":116,"column":24},"end":{"line":116,"column":26}},"33":{"start":{"line":116,"column":42},"end":{"line":116,"column":46}},"34":{"start":{"line":117,"column":44},"end":{"line":117,"column":74}},"35":{"start":{"line":117,"column":23},"end":{"line":117,"column":25}},"36":{"start":{"line":117,"column":40},"end":{"line":117,"column":44}},"37":{"start":{"line":118,"column":23},"end":{"line":118,"column":67}},"38":{"start":{"line":119,"column":19},"end":{"line":119,"column":45}},"39":{"start":{"line":121,"column":4},"end":{"line":125,"column":11}},"40":{"start":{"line":122,"column":8},"end":{"line":124,"column":10}},"41":{"start":{"line":123,"column":12},"end":{"line":123,"column":28}},"42":{"start":{"line":127,"column":27},"end":{"line":150,"column":6}},"43":{"start":{"line":128,"column":8},"end":{"line":128,"column":46}},"44":{"start":{"line":130,"column":25},"end":{"line":130,"column":null}},"45":{"start":{"line":130,"column":18},"end":{"line":130,"column":null}},"46":{"start":{"line":131,"column":16},"end":{"line":131,"column":30}},"47":{"start":{"line":132,"column":12},"end":{"line":136,"column":null}},"48":{"start":{"line":133,"column":16},"end":{"line":133,"column":60}},"49":{"start":{"line":135,"column":16},"end":{"line":135,"column":77}},"50":{"start":{"line":137,"column":12},"end":{"line":137,"column":43}},"51":{"start":{"line":138,"column":12},"end":{"line":142,"column":null}},"52":{"start":{"line":139,"column":16},"end":{"line":139,"column":45}},"53":{"start":{"line":141,"column":16},"end":{"line":141,"column":62}},"54":{"start":{"line":143,"column":12},"end":{"line":143,"column":50}},"55":{"start":{"line":145,"column":12},"end":{"line":148,"column":null}},"56":{"start":{"line":146,"column":16},"end":{"line":146,"column":57}},"57":{"start":{"line":147,"column":16},"end":{"line":147,"column":52}},"58":{"start":{"line":152,"column":25},"end":{"line":167,"column":6}},"59":{"start":{"line":153,"column":8},"end":{"line":153,"column":38}},"60":{"start":{"line":153,"column":31},"end":{"line":153,"column":38}},"61":{"start":{"line":154,"column":8},"end":{"line":154,"column":45}},"62":{"start":{"line":156,"column":12},"end":{"line":156,"column":49}},"63":{"start":{"line":157,"column":12},"end":{"line":157,"column":63}},"64":{"start":{"line":158,"column":12},"end":{"line":158,"column":70}},"65":{"start":{"line":158,"column":63},"end":{"line":158,"column":69}},"66":{"start":{"line":159,"column":12},"end":{"line":159,"column":49}},"67":{"start":{"line":160,"column":12},"end":{"line":160,"column":42}},"68":{"start":{"line":162,"column":12},"end":{"line":165,"column":null}},"69":{"start":{"line":163,"column":16},"end":{"line":163,"column":51}},"70":{"start":{"line":164,"column":16},"end":{"line":164,"column":50}},"71":{"start":{"line":169,"column":4},"end":{"line":201,"column":null}},"72":{"start":{"line":170,"column":8},"end":{"line":176,"column":null}},"73":{"start":{"line":171,"column":12},"end":{"line":175,"column":14}},"74":{"start":{"line":177,"column":8},"end":{"line":200,"column":10}},"75":{"start":{"line":203,"column":4},"end":{"line":272,"column":6}},"76":{"start":{"line":208,"column":35},"end":{"line":208,"column":null}},"77":{"start":{"line":214,"column":47},"end":{"line":214,"column":null}},"78":{"start":{"line":221,"column":36},"end":{"line":224,"column":38}},"79":{"start":{"line":225,"column":36},"end":{"line":227,"column":38}},"80":{"start":{"line":275,"column":0},"end":{"line":275,"column":26}}},"fnMap":{"0":{"name":"(anonymous_17)","decl":{"start":{"line":106,"column":19},"end":{"line":106,"column":20}},"loc":{"start":{"line":113,"column":18},"end":{"line":273,"column":1}}},"1":{"name":"(anonymous_18)","decl":{"start":{"line":121,"column":14},"end":{"line":121,"column":null}},"loc":{"start":{"line":121,"column":14},"end":{"line":125,"column":5}}},"2":{"name":"(anonymous_19)","decl":{"start":{"line":122,"column":15},"end":{"line":122,"column":null}},"loc":{"start":{"line":122,"column":15},"end":{"line":124,"column":9}}},"3":{"name":"(anonymous_20)","decl":{"start":{"line":127,"column":27},"end":{"line":127,"column":null}},"loc":{"start":{"line":127,"column":27},"end":{"line":150,"column":6}}},"4":{"name":"(anonymous_23)","decl":{"start":{"line":152,"column":25},"end":{"line":152,"column":null}},"loc":{"start":{"line":152,"column":25},"end":{"line":167,"column":6}}},"5":{"name":"(anonymous_26)","decl":{"start":{"line":158,"column":53},"end":{"line":158,"column":54}},"loc":{"start":{"line":158,"column":58},"end":{"line":158,"column":64}}},"6":{"name":"(anonymous_27)","decl":{"start":{"line":208,"column":29},"end":{"line":208,"column":35}},"loc":{"start":{"line":208,"column":29},"end":{"line":208,"column":57}}},"7":{"name":"(anonymous_28)","decl":{"start":{"line":214,"column":41},"end":{"line":214,"column":47}},"loc":{"start":{"line":214,"column":41},"end":{"line":214,"column":69}}},"8":{"name":"(anonymous_29)","decl":{"start":{"line":220,"column":41},"end":{"line":220,"column":null}},"loc":{"start":{"line":220,"column":41},"end":{"line":228,"column":33}}}},"branchMap":{"0":{"loc":{"start":{"line":18,"column":44},"end":{"line":18,"column":null}},"type":"binary-expr","locations":[{"start":{"line":18,"column":44},"end":{"line":18,"column":null}},{"start":{"line":18,"column":44},"end":{"line":21,"column":2}}]},"1":{"loc":{"start":{"line":23,"column":47},"end":{"line":23,"column":null}},"type":"binary-expr","locations":[{"start":{"line":23,"column":47},"end":{"line":23,"column":null}},{"start":{"line":23,"column":47},"end":{"line":32,"column":2}}]},"2":{"loc":{"start":{"line":34,"column":36},"end":{"line":34,"column":null}},"type":"binary-expr","locations":[{"start":{"line":34,"column":36},"end":{"line":34,"column":null}},{"start":{"line":34,"column":36},"end":{"line":41,"column":2}}]},"3":{"loc":{"start":{"line":43,"column":59},"end":{"line":43,"column":null}},"type":"binary-expr","locations":[{"start":{"line":43,"column":59},"end":{"line":43,"column":null}},{"start":{"line":43,"column":59},"end":{"line":63,"column":2}}]},"4":{"loc":{"start":{"line":65,"column":41},"end":{"line":65,"column":null}},"type":"binary-expr","locations":[{"start":{"line":65,"column":41},"end":{"line":65,"column":null}},{"start":{"line":65,"column":41},"end":{"line":68,"column":2}}]},"5":{"loc":{"start":{"line":70,"column":36},"end":{"line":70,"column":null}},"type":"binary-expr","locations":[{"start":{"line":70,"column":36},"end":{"line":70,"column":null}},{"start":{"line":70,"column":36},"end":{"line":79,"column":2}}]},"6":{"loc":{"start":{"line":81,"column":35},"end":{"line":81,"column":null}},"type":"binary-expr","locations":[{"start":{"line":81,"column":35},"end":{"line":81,"column":null}},{"start":{"line":81,"column":35},"end":{"line":83,"column":2}}]},"7":{"loc":{"start":{"line":85,"column":30},"end":{"line":85,"column":null}},"type":"binary-expr","locations":[{"start":{"line":85,"column":30},"end":{"line":85,"column":null}},{"start":{"line":85,"column":30},"end":{"line":95,"column":2}}]},"8":{"loc":{"start":{"line":112,"column":15},"end":{"line":112,"column":20}},"type":"cond-expr","locations":[{"start":{"line":112,"column":15},"end":{"line":112,"column":20}},{"start":{"line":112,"column":20},"end":{"line":112,"column":null}}]},"9":{"loc":{"start":{"line":138,"column":12},"end":{"line":142,"column":null}},"type":"if","locations":[{"start":{"line":138,"column":12},"end":{"line":142,"column":null}},{"start":{"line":138,"column":12},"end":{"line":142,"column":null}}]},"10":{"loc":{"start":{"line":145,"column":12},"end":{"line":148,"column":null}},"type":"if","locations":[{"start":{"line":145,"column":12},"end":{"line":148,"column":null}},{"start":{"line":145,"column":12},"end":{"line":148,"column":null}}]},"11":{"loc":{"start":{"line":153,"column":8},"end":{"line":153,"column":38}},"type":"if","locations":[{"start":{"line":153,"column":8},"end":{"line":153,"column":38}},{"start":{"line":153,"column":8},"end":{"line":153,"column":38}}]},"12":{"loc":{"start":{"line":158,"column":12},"end":{"line":158,"column":30}},"type":"binary-expr","locations":[{"start":{"line":158,"column":12},"end":{"line":158,"column":30}},{"start":{"line":158,"column":34},"end":{"line":158,"column":69}}]},"13":{"loc":{"start":{"line":162,"column":12},"end":{"line":165,"column":null}},"type":"if","locations":[{"start":{"line":162,"column":12},"end":{"line":165,"column":null}},{"start":{"line":162,"column":12},"end":{"line":165,"column":null}}]},"14":{"loc":{"start":{"line":169,"column":4},"end":{"line":201,"column":null}},"type":"if","locations":[{"start":{"line":169,"column":4},"end":{"line":201,"column":null}},{"start":{"line":169,"column":4},"end":{"line":201,"column":null}}]},"15":{"loc":{"start":{"line":170,"column":8},"end":{"line":176,"column":null}},"type":"if","locations":[{"start":{"line":170,"column":8},"end":{"line":176,"column":null}},{"start":{"line":170,"column":8},"end":{"line":176,"column":null}}]},"16":{"loc":{"start":{"line":206,"column":16},"end":{"line":257,"column":null}},"type":"cond-expr","locations":[{"start":{"line":206,"column":16},"end":{"line":257,"column":null}},{"start":{"line":259,"column":16},"end":{"line":259,"column":20}}]},"17":{"loc":{"start":{"line":233,"column":61},"end":{"line":233,"column":65}},"type":"cond-expr","locations":[{"start":{"line":233,"column":61},"end":{"line":233,"column":65}},{"start":{"line":234,"column":32},"end":{"line":253,"column":null}}]},"18":{"loc":{"start":{"line":233,"column":29},"end":{"line":233,"column":37}},"type":"binary-expr","locations":[{"start":{"line":233,"column":29},"end":{"line":233,"column":37}},{"start":{"line":233,"column":41},"end":{"line":233,"column":58}}]},"19":{"loc":{"start":{"line":238,"column":40},"end":{"line":238,"column":76}},"type":"binary-expr","locations":[{"start":{"line":238,"column":40},"end":{"line":238,"column":76}},{"start":{"line":239,"column":40},"end":{"line":239,"column":57}}]},"20":{"loc":{"start":{"line":246,"column":50},"end":{"line":246,"column":62}},"type":"cond-expr","locations":[{"start":{"line":246,"column":50},"end":{"line":246,"column":62}},{"start":{"line":247,"column":50},"end":{"line":247,"column":62}}]},"21":{"loc":{"start":{"line":252,"column":42},"end":{"line":252,"column":54}},"type":"cond-expr","locations":[{"start":{"line":252,"column":42},"end":{"line":252,"column":54}},{"start":{"line":253,"column":42},"end":{"line":253,"column":50}}]},"22":{"loc":{"start":{"line":261,"column":16},"end":{"line":262,"column":null}},"type":"cond-expr","locations":[{"start":{"line":261,"column":16},"end":{"line":262,"column":null}},{"start":{"line":265,"column":16},"end":{"line":268,"column":null}}]}},"s":{"0":5,"1":5,"2":5,"3":5,"4":5,"5":5,"6":5,"7":5,"8":5,"9":5,"10":5,"11":5,"12":5,"13":5,"14":5,"15":5,"16":5,"17":5,"18":281,"19":281,"20":281,"21":281,"22":281,"23":281,"24":281,"25":281,"26":281,"27":281,"28":281,"29":281,"30":281,"31":281,"32":281,"33":281,"34":281,"35":281,"36":281,"37":281,"38":281,"39":281,"40":52,"41":52,"42":282,"43":1,"44":1,"45":1,"46":1,"47":1,"48":1,"49":1,"50":1,"51":1,"52":1,"53":0,"54":1,"55":0,"56":0,"57":0,"58":281,"59":0,"60":0,"61":0,"62":0,"63":0,"64":0,"65":0,"66":0,"67":0,"68":0,"69":0,"70":0,"71":281,"72":138,"73":0,"74":138,"75":143,"76":0,"77":1,"78":0,"79":0,"80":5},"f":{"0":281,"1":52,"2":52,"3":2,"4":0,"5":0,"6":0,"7":1,"8":0},"b":{"0":[5,5],"1":[5,5],"2":[5,5],"3":[5,5],"4":[5,5],"5":[5,5],"6":[5,5],"7":[5,5],"8":[205,76],"9":[1,0],"10":[0,0],"11":[0,0],"12":[0,0],"13":[0,0],"14":[138,143],"15":[0,138],"16":[2,141],"17":[2,0],"18":[2,2],"19":[0,0],"20":[0,0],"21":[0,0],"22":[3,140]}}
,"/Users/erlend.lygre/code/procosys-commissioning-webapp/src/components/EdsCard.tsx": {"path":"/Users/erlend.lygre/code/procosys-commissioning-webapp/src/components/EdsCard.tsx","statementMap":{"0":{"start":{"line":2,"column":0},"end":{"line":2,"column":39}},"1":{"start":{"line":3,"column":0},"end":{"line":3,"column":47}},"2":{"start":{"line":4,"column":0},"end":{"line":4,"column":47}},"3":{"start":{"line":5,"column":40},"end":{"line":5,"column":45}},"4":{"start":{"line":7,"column":13},"end":{"line":16,"column":null}},"5":{"start":{"line":26,"column":16},"end":{"line":40,"column":1}},"6":{"start":{"line":26,"column":24},"end":{"line":26,"column":26}},"7":{"start":{"line":26,"column":30},"end":{"line":26,"column":32}},"8":{"start":{"line":26,"column":40},"end":{"line":26,"column":56}},"9":{"start":{"line":27,"column":4},"end":{"line":39,"column":6}},"10":{"start":{"line":42,"column":0},"end":{"line":42,"column":23}}},"fnMap":{"0":{"name":"(anonymous_2)","decl":{"start":{"line":26,"column":16},"end":{"line":26,"column":17}},"loc":{"start":{"line":26,"column":56},"end":{"line":40,"column":1}}}},"branchMap":{"0":{"loc":{"start":{"line":7,"column":41},"end":{"line":7,"column":null}},"type":"binary-expr","locations":[{"start":{"line":7,"column":41},"end":{"line":7,"column":null}},{"start":{"line":7,"column":41},"end":{"line":18,"column":2}}]},"1":{"loc":{"start":{"line":34,"column":28},"end":{"line":34,"column":32}},"type":"cond-expr","locations":[{"start":{"line":34,"column":28},"end":{"line":34,"column":32}},{"start":{"line":34,"column":35},"end":{"line":34,"column":39}}]}},"s":{"0":5,"1":5,"2":5,"3":10,"4":5,"5":5,"6":829,"7":829,"8":829,"9":829,"10":5},"f":{"0":829},"b":{"0":[5,5],"1":[0,829]}}
,"/Users/erlend.lygre/code/procosys-commissioning-webapp/src/components/PageHeader.tsx": {"path":"/Users/erlend.lygre/code/procosys-commissioning-webapp/src/components/PageHeader.tsx","statementMap":{"0":{"start":{"line":2,"column":0},"end":{"line":2,"column":39}},"1":{"start":{"line":4,"column":26},"end":{"line":14,"column":null}},"2":{"start":{"line":14,"column":12},"end":{"line":14,"column":null}},"3":{"start":{"line":26,"column":19},"end":{"line":33,"column":1}},"4":{"start":{"line":26,"column":27},"end":{"line":26,"column":29}},"5":{"start":{"line":26,"column":37},"end":{"line":26,"column":56}},"6":{"start":{"line":27,"column":4},"end":{"line":32,"column":6}},"7":{"start":{"line":35,"column":0},"end":{"line":35,"column":26}}},"fnMap":{"0":{"name":"(anonymous_4)","decl":{"start":{"line":13,"column":18},"end":{"line":13,"column":19}},"loc":{"start":{"line":13,"column":24},"end":{"line":14,"column":17}}},"1":{"name":"(anonymous_5)","decl":{"start":{"line":26,"column":19},"end":{"line":26,"column":20}},"loc":{"start":{"line":26,"column":56},"end":{"line":33,"column":1}}}},"branchMap":{"0":{"loc":{"start":{"line":4,"column":36},"end":{"line":4,"column":62}},"type":"binary-expr","locations":[{"start":{"line":4,"column":36},"end":{"line":4,"column":62}},{"start":{"line":4,"column":36},"end":{"line":21,"column":2}}]},"1":{"loc":{"start":{"line":14,"column":32},"end":{"line":14,"column":44}},"type":"cond-expr","locations":[{"start":{"line":14,"column":32},"end":{"line":14,"column":44}},{"start":{"line":14,"column":47},"end":{"line":14,"column":62}}]},"2":{"loc":{"start":{"line":30,"column":13},"end":{"line":30,"column":21}},"type":"binary-expr","locations":[{"start":{"line":30,"column":13},"end":{"line":30,"column":21}},{"start":{"line":30,"column":25},"end":{"line":30,"column":44}}]}},"s":{"0":3,"1":3,"2":5,"3":3,"4":5,"5":5,"6":5,"7":3},"f":{"0":5,"1":5},"b":{"0":[3,3],"1":[4,1],"2":[5,4]}}
,"/Users/erlend.lygre/code/procosys-commissioning-webapp/src/components/UploadAttachment.tsx": {"path":"/Users/erlend.lygre/code/procosys-commissioning-webapp/src/components/UploadAttachment.tsx","statementMap":{"0":{"start":{"line":1,"column":0},"end":{"line":1,"column":69}},"1":{"start":{"line":2,"column":0},"end":{"line":2,"column":74}},"2":{"start":{"line":3,"column":0},"end":{"line":3,"column":39}},"3":{"start":{"line":4,"column":0},"end":{"line":4,"column":57}},"4":{"start":{"line":7,"column":0},"end":{"line":7,"column":47}},"5":{"start":{"line":8,"column":0},"end":{"line":8,"column":53}},"6":{"start":{"line":10,"column":13},"end":{"line":13,"column":null}},"7":{"start":{"line":29,"column":29},"end":{"line":35,"column":null}},"8":{"start":{"line":54,"column":25},"end":{"line":153,"column":1}},"9":{"start":{"line":55,"column":16},"end":{"line":55,"column":null}},"10":{"start":{"line":56,"column":18},"end":{"line":56,"column":null}},"11":{"start":{"line":57,"column":21},"end":{"line":57,"column":null}},"12":{"start":{"line":58,"column":19},"end":{"line":58,"column":null}},"13":{"start":{"line":59,"column":25},"end":{"line":59,"column":null}},"14":{"start":{"line":60,"column":12},"end":{"line":60,"column":null}},"15":{"start":{"line":62,"column":23},"end":{"line":62,"column":40}},"16":{"start":{"line":63,"column":44},"end":{"line":63,"column":60}},"17":{"start":{"line":63,"column":23},"end":{"line":63,"column":25}},"18":{"start":{"line":63,"column":40},"end":{"line":63,"column":44}},"19":{"start":{"line":64,"column":60},"end":{"line":65,"column":null}},"20":{"start":{"line":64,"column":31},"end":{"line":64,"column":33}},"21":{"start":{"line":64,"column":56},"end":{"line":64,"column":60}},"22":{"start":{"line":67,"column":25},"end":{"line":67,"column":64}},"23":{"start":{"line":68,"column":25},"end":{"line":70,"column":5}},"24":{"start":{"line":69,"column":8},"end":{"line":69,"column":51}},"25":{"start":{"line":72,"column":25},"end":{"line":107,"column":6}},"26":{"start":{"line":73,"column":8},"end":{"line":73,"column":34}},"27":{"start":{"line":73,"column":27},"end":{"line":73,"column":34}},"28":{"start":{"line":74,"column":8},"end":{"line":74,"column":53}},"29":{"start":{"line":75,"column":14},"end":{"line":75,"column":40}},"30":{"start":{"line":76,"column":8},"end":{"line":76,"column":57}},"31":{"start":{"line":78,"column":29},"end":{"line":83,"column":null}},"32":{"start":{"line":78,"column":18},"end":{"line":83,"column":null}},"33":{"start":{"line":84,"column":12},"end":{"line":96,"column":null}},"34":{"start":{"line":86,"column":16},"end":{"line":95,"column":null}},"35":{"start":{"line":87,"column":20},"end":{"line":90,"column":23}},"36":{"start":{"line":87,"column":59},"end":{"line":87,"column":null}},"37":{"start":{"line":92,"column":20},"end":{"line":94,"column":22}},"38":{"start":{"line":97,"column":12},"end":{"line":99,"column":null}},"39":{"start":{"line":98,"column":16},"end":{"line":98,"column":51}},"40":{"start":{"line":98,"column":44},"end":{"line":98,"column":50}},"41":{"start":{"line":100,"column":12},"end":{"line":100,"column":57}},"42":{"start":{"line":101,"column":12},"end":{"line":101,"column":56}},"43":{"start":{"line":102,"column":12},"end":{"line":102,"column":32}},"44":{"start":{"line":104,"column":12},"end":{"line":104,"column":55}},"45":{"start":{"line":105,"column":12},"end":{"line":105,"column":46}},"46":{"start":{"line":109,"column":4},"end":{"line":152,"column":6}},"47":{"start":{"line":110,"column":44},"end":{"line":110,"column":null}},"48":{"start":{"line":119,"column":47},"end":{"line":119,"column":null}},"49":{"start":{"line":146,"column":43},"end":{"line":146,"column":null}},"50":{"start":{"line":155,"column":0},"end":{"line":155,"column":32}}},"fnMap":{"0":{"name":"(anonymous_18)","decl":{"start":{"line":54,"column":25},"end":{"line":54,"column":26}},"loc":{"start":{"line":61,"column":24},"end":{"line":153,"column":1}}},"1":{"name":"(anonymous_19)","decl":{"start":{"line":68,"column":25},"end":{"line":68,"column":26}},"loc":{"start":{"line":68,"column":64},"end":{"line":70,"column":5}}},"2":{"name":"(anonymous_20)","decl":{"start":{"line":72,"column":25},"end":{"line":72,"column":null}},"loc":{"start":{"line":72,"column":25},"end":{"line":107,"column":6}}},"3":{"name":"(anonymous_23)","decl":{"start":{"line":87,"column":42},"end":{"line":87,"column":43}},"loc":{"start":{"line":87,"column":54},"end":{"line":87,"column":null}}},"4":{"name":"(anonymous_24)","decl":{"start":{"line":98,"column":34},"end":{"line":98,"column":35}},"loc":{"start":{"line":98,"column":39},"end":{"line":98,"column":45}}},"5":{"name":"(anonymous_25)","decl":{"start":{"line":110,"column":38},"end":{"line":110,"column":44}},"loc":{"start":{"line":110,"column":38},"end":{"line":110,"column":56}}},"6":{"name":"(anonymous_26)","decl":{"start":{"line":119,"column":41},"end":{"line":119,"column":47}},"loc":{"start":{"line":119,"column":41},"end":{"line":119,"column":59}}},"7":{"name":"(anonymous_27)","decl":{"start":{"line":146,"column":37},"end":{"line":146,"column":43}},"loc":{"start":{"line":146,"column":37},"end":{"line":146,"column":55}}}},"branchMap":{"0":{"loc":{"start":{"line":10,"column":41},"end":{"line":10,"column":null}},"type":"binary-expr","locations":[{"start":{"line":10,"column":41},"end":{"line":10,"column":null}},{"start":{"line":10,"column":41},"end":{"line":27,"column":2}}]},"1":{"loc":{"start":{"line":29,"column":39},"end":{"line":29,"column":null}},"type":"binary-expr","locations":[{"start":{"line":29,"column":39},"end":{"line":29,"column":null}},{"start":{"line":29,"column":39},"end":{"line":36,"column":2}}]},"2":{"loc":{"start":{"line":73,"column":8},"end":{"line":73,"column":34}},"type":"if","locations":[{"start":{"line":73,"column":8},"end":{"line":73,"column":34}},{"start":{"line":73,"column":8},"end":{"line":73,"column":34}}]},"3":{"loc":{"start":{"line":84,"column":12},"end":{"line":96,"column":null}},"type":"if","locations":[{"start":{"line":84,"column":12},"end":{"line":96,"column":null}},{"start":{"line":84,"column":12},"end":{"line":96,"column":null}}]},"4":{"loc":{"start":{"line":86,"column":16},"end":{"line":95,"column":null}},"type":"if","locations":[{"start":{"line":86,"column":16},"end":{"line":95,"column":null}},{"start":{"line":86,"column":16},"end":{"line":95,"column":null}}]},"5":{"loc":{"start":{"line":97,"column":12},"end":{"line":99,"column":null}},"type":"if","locations":[{"start":{"line":97,"column":12},"end":{"line":99,"column":null}},{"start":{"line":97,"column":12},"end":{"line":99,"column":null}}]},"6":{"loc":{"start":{"line":113,"column":20},"end":{"line":115,"column":null}},"type":"cond-expr","locations":[{"start":{"line":113,"column":20},"end":{"line":115,"column":null}},{"start":{"line":118,"column":20},"end":{"line":121,"column":null}}]},"7":{"loc":{"start":{"line":134,"column":24},"end":{"line":134,"column":37}},"type":"binary-expr","locations":[{"start":{"line":134,"column":24},"end":{"line":134,"column":37}},{"start":{"line":135,"column":24},"end":{"line":135,"column":68}}]},"8":{"loc":{"start":{"line":140,"column":24},"end":{"line":140,"column":55}},"type":"cond-expr","locations":[{"start":{"line":140,"column":24},"end":{"line":140,"column":55}},{"start":{"line":142,"column":24},"end":{"line":142,"column":38}}]},"9":{"loc":{"start":{"line":146,"column":20},"end":{"line":146,"column":null}},"type":"cond-expr","locations":[{"start":{"line":146,"column":20},"end":{"line":146,"column":null}},{"start":{"line":149,"column":20},"end":{"line":149,"column":24}}]}},"s":{"0":5,"1":5,"2":5,"3":5,"4":5,"5":5,"6":5,"7":5,"8":5,"9":1,"10":1,"11":1,"12":1,"13":1,"14":1,"15":1,"16":1,"17":1,"18":1,"19":1,"20":1,"21":1,"22":1,"23":1,"24":0,"25":1,"26":0,"27":0,"28":0,"29":0,"30":0,"31":0,"32":0,"33":0,"34":0,"35":0,"36":0,"37":0,"38":0,"39":0,"40":0,"41":0,"42":0,"43":0,"44":0,"45":0,"46":1,"47":0,"48":0,"49":0,"50":5},"f":{"0":1,"1":0,"2":0,"3":0,"4":0,"5":0,"6":0,"7":0},"b":{"0":[5,5],"1":[5,5],"2":[0,0],"3":[0,0],"4":[0,0],"5":[0,0],"6":[0,1],"7":[1,0],"8":[0,1],"9":[0,1]}}
,"/Users/erlend.lygre/code/procosys-commissioning-webapp/src/components/error/ErrorBoundary.tsx": {"path":"/Users/erlend.lygre/code/procosys-commissioning-webapp/src/components/error/ErrorBoundary.tsx","statementMap":{"0":{"start":{"line":1,"column":0},"end":{"line":1,"column":41}},"1":{"start":{"line":2,"column":0},"end":{"line":2,"column":36}},"2":{"start":{"line":14,"column":0},"end":{"line":14,"column":67}},"3":{"start":{"line":14,"column":28},"end":{"line":14,"column":33}},"4":{"start":{"line":16,"column":8},"end":{"line":16,"column":null}},"5":{"start":{"line":17,"column":8},"end":{"line":17,"column":64}},"6":{"start":{"line":20,"column":11},"end":{"line":22,"column":null}},"7":{"start":{"line":21,"column":8},"end":{"line":21,"column":34}},"8":{"start":{"line":24,"column":4},"end":{"line":33,"column":null}},"9":{"start":{"line":25,"column":8},"end":{"line":29,"column":11}},"10":{"start":{"line":35,"column":4},"end":{"line":45,"column":null}},"11":{"start":{"line":36,"column":8},"end":{"line":43,"column":null}},"12":{"start":{"line":37,"column":12},"end":{"line":42,"column":14}},"13":{"start":{"line":44,"column":8},"end":{"line":44,"column":35}},"14":{"start":{"line":46,"column":0},"end":{"line":46,"column":null}},"15":{"start":{"line":48,"column":0},"end":{"line":48,"column":29}}},"fnMap":{"0":{"name":"(anonymous_9)","decl":{"start":{"line":14,"column":0},"end":{"line":14,"column":28}},"loc":{"start":{"line":14,"column":0},"end":{"line":46,"column":null}}},"1":{"name":"ErrorBoundary","decl":{"start":{"line":15,"column":4},"end":{"line":15,"column":16}},"loc":{"start":{"line":15,"column":33},"end":{"line":18,"column":5}}},"2":{"name":"(anonymous_11)","decl":{"start":{"line":20,"column":4},"end":{"line":20,"column":11}},"loc":{"start":{"line":20,"column":4},"end":{"line":22,"column":5}}},"3":{"name":"(anonymous_12)","decl":{"start":{"line":24,"column":4},"end":{"line":24,"column":21}},"loc":{"start":{"line":24,"column":56},"end":{"line":33,"column":5}}},"4":{"name":"(anonymous_13)","decl":{"start":{"line":35,"column":4},"end":{"line":35,"column":10}},"loc":{"start":{"line":35,"column":4},"end":{"line":45,"column":5}}}},"branchMap":{"0":{"loc":{"start":{"line":16,"column":8},"end":{"line":16,"column":20}},"type":"binary-expr","locations":[{"start":{"line":16,"column":8},"end":{"line":16,"column":20}},{"start":{"line":16,"column":20},"end":{"line":16,"column":null}}]},"1":{"loc":{"start":{"line":36,"column":8},"end":{"line":43,"column":null}},"type":"if","locations":[{"start":{"line":36,"column":8},"end":{"line":43,"column":null}},{"start":{"line":36,"column":8},"end":{"line":43,"column":null}}]},"2":{"loc":{"start":{"line":39,"column":42},"end":{"line":39,"column":46}},"type":"cond-expr","locations":[{"start":{"line":39,"column":42},"end":{"line":39,"column":46}},{"start":{"line":39,"column":46},"end":{"line":39,"column":48}}]},"3":{"loc":{"start":{"line":39,"column":27},"end":{"line":39,"column":46}},"type":"binary-expr","locations":[{"start":{"line":39,"column":27},"end":{"line":39,"column":46}},{"start":{"line":39,"column":42},"end":{"line":39,"column":46}}]},"4":{"loc":{"start":{"line":40,"column":51},"end":{"line":40,"column":55}},"type":"cond-expr","locations":[{"start":{"line":40,"column":51},"end":{"line":40,"column":55}},{"start":{"line":40,"column":55},"end":{"line":40,"column":57}}]},"5":{"loc":{"start":{"line":40,"column":33},"end":{"line":40,"column":55}},"type":"binary-expr","locations":[{"start":{"line":40,"column":33},"end":{"line":40,"column":55}},{"start":{"line":40,"column":51},"end":{"line":40,"column":55}}]}},"s":{"0":0,"1":0,"2":0,"3":0,"4":0,"5":0,"6":0,"7":0,"8":0,"9":0,"10":0,"11":0,"12":0,"13":0,"14":0,"15":0},"f":{"0":0,"1":0,"2":0,"3":0,"4":0},"b":{"0":[0,0],"1":[0,0],"2":[0,0],"3":[0,0],"4":[0,0],"5":[0,0]}}
,"/Users/erlend.lygre/code/procosys-commissioning-webapp/src/components/error/ErrorPage.tsx": {"path":"/Users/erlend.lygre/code/procosys-commissioning-webapp/src/components/error/ErrorPage.tsx","statementMap":{"0":{"start":{"line":2,"column":0},"end":{"line":2,"column":39}},"1":{"start":{"line":3,"column":0},"end":{"line":3,"column":49}},"2":{"start":{"line":4,"column":0},"end":{"line":4,"column":50}},"3":{"start":{"line":5,"column":0},"end":{"line":5,"column":39}},"4":{"start":{"line":6,"column":53},"end":{"line":6,"column":60}},"5":{"start":{"line":14,"column":25},"end":{"line":17,"column":2}},"6":{"start":{"line":19,"column":18},"end":{"line":47,"column":1}},"7":{"start":{"line":19,"column":26},"end":{"line":19,"column":28}},"8":{"start":{"line":19,"column":39},"end":{"line":19,"column":41}},"9":{"start":{"line":19,"column":48},"end":{"line":19,"column":61}},"10":{"start":{"line":20,"column":4},"end":{"line":46,"column":6}},"11":{"start":{"line":40,"column":53},"end":{"line":40,"column":60}},"12":{"start":{"line":49,"column":0},"end":{"line":49,"column":25}}},"fnMap":{"0":{"name":"(anonymous_4)","decl":{"start":{"line":19,"column":18},"end":{"line":19,"column":19}},"loc":{"start":{"line":19,"column":61},"end":{"line":47,"column":1}}},"1":{"name":"(anonymous_5)","decl":{"start":{"line":40,"column":41},"end":{"line":40,"column":42}},"loc":{"start":{"line":40,"column":48},"end":{"line":40,"column":59}}}},"branchMap":{"0":{"loc":{"start":{"line":14,"column":36},"end":{"line":14,"column":null}},"type":"binary-expr","locations":[{"start":{"line":14,"column":36},"end":{"line":14,"column":null}},{"start":{"line":14,"column":36},"end":{"line":17,"column":2}}]},"1":{"loc":{"start":{"line":32,"column":13},"end":{"line":32,"column":24}},"type":"binary-expr","locations":[{"start":{"line":32,"column":13},"end":{"line":32,"column":24}},{"start":{"line":32,"column":28},"end":{"line":32,"column":50}},{"start":{"line":33,"column":16},"end":{"line":42,"column":null}}]},"2":{"loc":{"start":{"line":39,"column":24},"end":{"line":40,"column":null}},"type":"cond-expr","locations":[{"start":{"line":39,"column":24},"end":{"line":40,"column":null}},{"start":{"line":42,"column":24},"end":{"line":42,"column":28}}]}},"s":{"0":19,"1":19,"2":19,"3":19,"4":57,"5":19,"6":19,"7":3,"8":3,"9":3,"10":3,"11":0,"12":19},"f":{"0":3,"1":0},"b":{"0":[19,19],"1":[3,3,3],"2":[0,3]}}
,"/Users/erlend.lygre/code/procosys-commissioning-webapp/src/components/icons/CompletionStatusIcon.tsx": {"path":"/Users/erlend.lygre/code/procosys-commissioning-webapp/src/components/icons/CompletionStatusIcon.tsx","statementMap":{"0":{"start":{"line":1,"column":0},"end":{"line":1,"column":62}},"1":{"start":{"line":2,"column":0},"end":{"line":2,"column":57}},"2":{"start":{"line":3,"column":0},"end":{"line":3,"column":58}},"3":{"start":{"line":4,"column":0},"end":{"line":4,"column":58}},"4":{"start":{"line":6,"column":0},"end":{"line":6,"column":59}},"5":{"start":{"line":12,"column":29},"end":{"line":26,"column":1}},"6":{"start":{"line":12,"column":38},"end":{"line":12,"column":67}},"7":{"start":{"line":13,"column":4},"end":{"line":15,"column":null}},"8":{"start":{"line":14,"column":8},"end":{"line":14,"column":49}},"9":{"start":{"line":16,"column":4},"end":{"line":18,"column":null}},"10":{"start":{"line":17,"column":8},"end":{"line":17,"column":50}},"11":{"start":{"line":19,"column":4},"end":{"line":21,"column":null}},"12":{"start":{"line":20,"column":8},"end":{"line":20,"column":47}},"13":{"start":{"line":22,"column":4},"end":{"line":24,"column":null}},"14":{"start":{"line":23,"column":8},"end":{"line":23,"column":47}},"15":{"start":{"line":25,"column":4},"end":{"line":25,"column":17}},"16":{"start":{"line":28,"column":0},"end":{"line":28,"column":36}}},"fnMap":{"0":{"name":"(anonymous_1)","decl":{"start":{"line":12,"column":29},"end":{"line":12,"column":30}},"loc":{"start":{"line":12,"column":67},"end":{"line":26,"column":1}}}},"branchMap":{"0":{"loc":{"start":{"line":13,"column":4},"end":{"line":15,"column":null}},"type":"if","locations":[{"start":{"line":13,"column":4},"end":{"line":15,"column":null}},{"start":{"line":13,"column":4},"end":{"line":15,"column":null}}]},"1":{"loc":{"start":{"line":16,"column":4},"end":{"line":18,"column":null}},"type":"if","locations":[{"start":{"line":16,"column":4},"end":{"line":18,"column":null}},{"start":{"line":16,"column":4},"end":{"line":18,"column":null}}]},"2":{"loc":{"start":{"line":19,"column":4},"end":{"line":21,"column":null}},"type":"if","locations":[{"start":{"line":19,"column":4},"end":{"line":21,"column":null}},{"start":{"line":19,"column":4},"end":{"line":21,"column":null}}]},"3":{"loc":{"start":{"line":22,"column":4},"end":{"line":24,"column":null}},"type":"if","locations":[{"start":{"line":22,"column":4},"end":{"line":24,"column":null}},{"start":{"line":22,"column":4},"end":{"line":24,"column":null}}]}},"s":{"0":7,"1":7,"2":7,"3":7,"4":7,"5":7,"6":92,"7":92,"8":87,"9":5,"10":1,"11":4,"12":1,"13":3,"14":3,"15":0,"16":7},"f":{"0":92},"b":{"0":[87,5],"1":[1,4],"2":[1,3],"3":[3,0]}}
,"/Users/erlend.lygre/code/procosys-commissioning-webapp/src/components/icons/EdsIcon.tsx": {"path":"/Users/erlend.lygre/code/procosys-commissioning-webapp/src/components/icons/EdsIcon.tsx","statementMap":{"0":{"start":{"line":1,"column":0},"end":{"line":1,"column":null}},"1":{"start":{"line":42,"column":0},"end":{"line":42,"column":47}},"2":{"start":{"line":45,"column":0},"end":{"line":85,"column":3}},"3":{"start":{"line":96,"column":16},"end":{"line":98,"column":1}},"4":{"start":{"line":96,"column":23},"end":{"line":96,"column":25}},"5":{"start":{"line":96,"column":30},"end":{"line":96,"column":32}},"6":{"start":{"line":96,"column":37},"end":{"line":96,"column":39}},"7":{"start":{"line":96,"column":43},"end":{"line":96,"column":56}},"8":{"start":{"line":97,"column":4},"end":{"line":97,"column":72}},"9":{"start":{"line":100,"column":0},"end":{"line":100,"column":23}}},"fnMap":{"0":{"name":"(anonymous_0)","decl":{"start":{"line":96,"column":16},"end":{"line":96,"column":17}},"loc":{"start":{"line":96,"column":56},"end":{"line":98,"column":1}}}},"branchMap":{},"s":{"0":20,"1":20,"2":20,"3":20,"4":1733,"5":1733,"6":1733,"7":1733,"8":1733,"9":20},"f":{"0":1733},"b":{}}
,"/Users/erlend.lygre/code/procosys-commissioning-webapp/src/components/icons/PackageStatusIcon.tsx": {"path":"/Users/erlend.lygre/code/procosys-commissioning-webapp/src/components/icons/PackageStatusIcon.tsx","statementMap":{"0":{"start":{"line":2,"column":0},"end":{"line":2,"column":59}},"1":{"start":{"line":3,"column":0},"end":{"line":3,"column":61}},"2":{"start":{"line":4,"column":0},"end":{"line":4,"column":65}},"3":{"start":{"line":5,"column":0},"end":{"line":5,"column":63}},"4":{"start":{"line":6,"column":0},"end":{"line":6,"column":59}},"5":{"start":{"line":7,"column":0},"end":{"line":7,"column":67}},"6":{"start":{"line":8,"column":0},"end":{"line":8,"column":63}},"7":{"start":{"line":9,"column":0},"end":{"line":9,"column":65}},"8":{"start":{"line":10,"column":0},"end":{"line":10,"column":61}},"9":{"start":{"line":17,"column":27},"end":{"line":22,"column":1}},"10":{"start":{"line":18,"column":4},"end":{"line":18,"column":56}},"11":{"start":{"line":18,"column":40},"end":{"line":18,"column":56}},"12":{"start":{"line":19,"column":4},"end":{"line":19,"column":55}},"13":{"start":{"line":19,"column":40},"end":{"line":19,"column":55}},"14":{"start":{"line":20,"column":4},"end":{"line":20,"column":58}},"15":{"start":{"line":20,"column":40},"end":{"line":20,"column":58}},"16":{"start":{"line":21,"column":4},"end":{"line":21,"column":57}},"17":{"start":{"line":21,"column":40},"end":{"line":21,"column":57}},"18":{"start":{"line":24,"column":25},"end":{"line":29,"column":1}},"19":{"start":{"line":25,"column":4},"end":{"line":25,"column":57}},"20":{"start":{"line":25,"column":40},"end":{"line":25,"column":57}},"21":{"start":{"line":26,"column":4},"end":{"line":26,"column":56}},"22":{"start":{"line":26,"column":40},"end":{"line":26,"column":56}},"23":{"start":{"line":27,"column":4},"end":{"line":27,"column":59}},"24":{"start":{"line":27,"column":40},"end":{"line":27,"column":59}},"25":{"start":{"line":28,"column":4},"end":{"line":28,"column":58}},"26":{"start":{"line":28,"column":40},"end":{"line":28,"column":58}},"27":{"start":{"line":31,"column":33},"end":{"line":47,"column":1}},"28":{"start":{"line":32,"column":12},"end":{"line":32,"column":null}},"29":{"start":{"line":33,"column":14},"end":{"line":33,"column":null}},"30":{"start":{"line":35,"column":4},"end":{"line":46,"column":6}},"31":{"start":{"line":31,"column":13},"end":{"line":31,"column":33}}},"fnMap":{"0":{"name":"(anonymous_1)","decl":{"start":{"line":17,"column":27},"end":{"line":17,"column":28}},"loc":{"start":{"line":17,"column":52},"end":{"line":22,"column":1}}},"1":{"name":"(anonymous_2)","decl":{"start":{"line":24,"column":25},"end":{"line":24,"column":26}},"loc":{"start":{"line":24,"column":50},"end":{"line":29,"column":1}}},"2":{"name":"(anonymous_3)","decl":{"start":{"line":31,"column":33},"end":{"line":31,"column":34}},"loc":{"start":{"line":34,"column":25},"end":{"line":47,"column":1}}}},"branchMap":{"0":{"loc":{"start":{"line":18,"column":4},"end":{"line":18,"column":56}},"type":"if","locations":[{"start":{"line":18,"column":4},"end":{"line":18,"column":56}},{"start":{"line":18,"column":4},"end":{"line":18,"column":56}}]},"1":{"loc":{"start":{"line":19,"column":4},"end":{"line":19,"column":55}},"type":"if","locations":[{"start":{"line":19,"column":4},"end":{"line":19,"column":55}},{"start":{"line":19,"column":4},"end":{"line":19,"column":55}}]},"2":{"loc":{"start":{"line":20,"column":4},"end":{"line":20,"column":58}},"type":"if","locations":[{"start":{"line":20,"column":4},"end":{"line":20,"column":58}},{"start":{"line":20,"column":4},"end":{"line":20,"column":58}}]},"3":{"loc":{"start":{"line":21,"column":4},"end":{"line":21,"column":57}},"type":"if","locations":[{"start":{"line":21,"column":4},"end":{"line":21,"column":57}},{"start":{"line":21,"column":4},"end":{"line":21,"column":57}}]},"4":{"loc":{"start":{"line":25,"column":4},"end":{"line":25,"column":57}},"type":"if","locations":[{"start":{"line":25,"column":4},"end":{"line":25,"column":57}},{"start":{"line":25,"column":4},"end":{"line":25,"column":57}}]},"5":{"loc":{"start":{"line":26,"column":4},"end":{"line":26,"column":56}},"type":"if","locations":[{"start":{"line":26,"column":4},"end":{"line":26,"column":56}},{"start":{"line":26,"column":4},"end":{"line":26,"column":56}}]},"6":{"loc":{"start":{"line":27,"column":4},"end":{"line":27,"column":59}},"type":"if","locations":[{"start":{"line":27,"column":4},"end":{"line":27,"column":59}},{"start":{"line":27,"column":4},"end":{"line":27,"column":59}}]},"7":{"loc":{"start":{"line":28,"column":4},"end":{"line":28,"column":58}},"type":"if","locations":[{"start":{"line":28,"column":4},"end":{"line":28,"column":58}},{"start":{"line":28,"column":4},"end":{"line":28,"column":58}}]}},"s":{"0":3,"1":3,"2":3,"3":3,"4":3,"5":3,"6":3,"7":3,"8":3,"9":3,"10":3,"11":0,"12":3,"13":0,"14":3,"15":2,"16":1,"17":1,"18":3,"19":3,"20":0,"21":3,"22":0,"23":3,"24":2,"25":1,"26":1,"27":3,"28":3,"29":3,"30":3,"31":3},"f":{"0":3,"1":3,"2":3},"b":{"0":[0,3],"1":[0,3],"2":[2,1],"3":[1,0],"4":[0,3],"5":[0,3],"6":[2,1],"7":[1,0]}}
,"/Users/erlend.lygre/code/procosys-commissioning-webapp/src/components/loading/LoadingPage.tsx": {"path":"/Users/erlend.lygre/code/procosys-commissioning-webapp/src/components/loading/LoadingPage.tsx","statementMap":{"0":{"start":{"line":2,"column":0},"end":{"line":2,"column":55}},"1":{"start":{"line":3,"column":0},"end":{"line":3,"column":39}},"2":{"start":{"line":5,"column":27},"end":{"line":19,"column":2}},"3":{"start":{"line":25,"column":20},"end":{"line":32,"column":1}},"4":{"start":{"line":25,"column":34},"end":{"line":25,"column":54}},"5":{"start":{"line":26,"column":4},"end":{"line":31,"column":6}},"6":{"start":{"line":34,"column":0},"end":{"line":34,"column":27}}},"fnMap":{"0":{"name":"(anonymous_2)","decl":{"start":{"line":25,"column":20},"end":{"line":25,"column":21}},"loc":{"start":{"line":25,"column":54},"end":{"line":32,"column":1}}}},"branchMap":{"0":{"loc":{"start":{"line":5,"column":38},"end":{"line":5,"column":null}},"type":"binary-expr","locations":[{"start":{"line":5,"column":38},"end":{"line":5,"column":null}},{"start":{"line":5,"column":38},"end":{"line":19,"column":2}}]}},"s":{"0":19,"1":19,"2":19,"3":19,"4":1,"5":1,"6":19},"f":{"0":1},"b":{"0":[19,19]}}
,"/Users/erlend.lygre/code/procosys-commissioning-webapp/src/components/loading/SkeletonLoader.tsx": {"path":"/Users/erlend.lygre/code/procosys-commissioning-webapp/src/components/loading/SkeletonLoader.tsx","statementMap":{"0":{"start":{"line":1,"column":0},"end":{"line":1,"column":47}},"1":{"start":{"line":3,"column":0},"end":{"line":3,"column":54}},"2":{"start":{"line":5,"column":35},"end":{"line":7,"column":null}},"3":{"start":{"line":7,"column":29},"end":{"line":7,"column":null}},"4":{"start":{"line":14,"column":13},"end":{"line":21,"column":2}},"5":{"start":{"line":23,"column":21},"end":{"line":44,"column":null}},"6":{"start":{"line":48,"column":20},"end":{"line":49,"column":null}},"7":{"start":{"line":49,"column":24},"end":{"line":49,"column":null}},"8":{"start":{"line":61,"column":28},"end":{"line":89,"column":1}},"9":{"start":{"line":62,"column":8},"end":{"line":62,"column":null}},"10":{"start":{"line":63,"column":13},"end":{"line":63,"column":null}},"11":{"start":{"line":64,"column":4},"end":{"line":64,"column":12}},"12":{"start":{"line":64,"column":12},"end":{"line":64,"column":null}},"13":{"start":{"line":65,"column":20},"end":{"line":65,"column":null}},"14":{"start":{"line":67,"column":48},"end":{"line":67,"column":50}},"15":{"start":{"line":69,"column":4},"end":{"line":81,"column":null}},"16":{"start":{"line":69,"column":17},"end":{"line":69,"column":18}},"17":{"start":{"line":70,"column":8},"end":{"line":80,"column":10}},"18":{"start":{"line":83,"column":4},"end":{"line":88,"column":6}},"19":{"start":{"line":91,"column":0},"end":{"line":91,"column":35}}},"fnMap":{"0":{"name":"(anonymous_9)","decl":{"start":{"line":7,"column":18},"end":{"line":7,"column":19}},"loc":{"start":{"line":7,"column":24},"end":{"line":7,"column":30}}},"1":{"name":"(anonymous_10)","decl":{"start":{"line":49,"column":13},"end":{"line":49,"column":14}},"loc":{"start":{"line":49,"column":19},"end":{"line":49,"column":25}}},"2":{"name":"(anonymous_11)","decl":{"start":{"line":61,"column":28},"end":{"line":61,"column":29}},"loc":{"start":{"line":66,"column":27},"end":{"line":89,"column":1}}}},"branchMap":{"0":{"loc":{"start":{"line":5,"column":45},"end":{"line":5,"column":77}},"type":"binary-expr","locations":[{"start":{"line":5,"column":45},"end":{"line":5,"column":77}},{"start":{"line":5,"column":45},"end":{"line":12,"column":2}}]},"1":{"loc":{"start":{"line":7,"column":55},"end":{"line":7,"column":61}},"type":"cond-expr","locations":[{"start":{"line":7,"column":55},"end":{"line":7,"column":61}},{"start":{"line":7,"column":64},"end":{"line":7,"column":70}}]},"2":{"loc":{"start":{"line":14,"column":22},"end":{"line":14,"column":null}},"type":"binary-expr","locations":[{"start":{"line":14,"column":22},"end":{"line":14,"column":null}},{"start":{"line":14,"column":22},"end":{"line":21,"column":2}}]},"3":{"loc":{"start":{"line":23,"column":33},"end":{"line":23,"column":null}},"type":"binary-expr","locations":[{"start":{"line":23,"column":33},"end":{"line":23,"column":null}},{"start":{"line":23,"column":33},"end":{"line":46,"column":2}}]},"4":{"loc":{"start":{"line":48,"column":40},"end":{"line":48,"column":64}},"type":"binary-expr","locations":[{"start":{"line":48,"column":40},"end":{"line":48,"column":64}},{"start":{"line":48,"column":40},"end":{"line":52,"column":2}}]},"5":{"loc":{"start":{"line":49,"column":43},"end":{"line":49,"column":49}},"type":"cond-expr","locations":[{"start":{"line":49,"column":43},"end":{"line":49,"column":49}},{"start":{"line":49,"column":52},"end":{"line":49,"column":57}}]},"6":{"loc":{"start":{"line":64,"column":15},"end":{"line":64,"column":17}},"type":"cond-expr","locations":[{"start":{"line":64,"column":15},"end":{"line":64,"column":17}},{"start":{"line":64,"column":17},"end":{"line":64,"column":null}}]},"7":{"loc":{"start":{"line":72,"column":16},"end":{"line":74,"column":null}},"type":"cond-expr","locations":[{"start":{"line":72,"column":16},"end":{"line":74,"column":null}},{"start":{"line":78,"column":16},"end":{"line":78,"column":37}}]},"8":{"loc":{"start":{"line":75,"column":43},"end":{"line":75,"column":47}},"type":"cond-expr","locations":[{"start":{"line":75,"column":43},"end":{"line":75,"column":47}},{"start":{"line":75,"column":50},"end":{"line":75,"column":55}}]},"9":{"loc":{"start":{"line":78,"column":60},"end":{"line":78,"column":64}},"type":"cond-expr","locations":[{"start":{"line":78,"column":60},"end":{"line":78,"column":64}},{"start":{"line":78,"column":67},"end":{"line":78,"column":72}}]},"10":{"loc":{"start":{"line":85,"column":13},"end":{"line":85,"column":17}},"type":"binary-expr","locations":[{"start":{"line":85,"column":13},"end":{"line":85,"column":17}},{"start":{"line":85,"column":21},"end":{"line":85,"column":36}}]}},"s":{"0":12,"1":12,"2":12,"3":448,"4":12,"5":12,"6":12,"7":1953,"8":12,"9":448,"10":448,"11":448,"12":448,"13":448,"14":448,"15":448,"16":448,"17":1953,"18":448,"19":12},"f":{"0":448,"1":1953,"2":448},"b":{"0":[12,12],"1":[361,87],"2":[12,12],"3":[12,12],"4":[12,12],"5":[10,1943],"6":[22,426],"7":[448,1505],"8":[1,447],"9":[9,1496],"10":[448,68]}}
,"/Users/erlend.lygre/code/procosys-commissioning-webapp/src/components/navigation/Navbar.tsx": {"path":"/Users/erlend.lygre/code/procosys-commissioning-webapp/src/components/navigation/Navbar.tsx","statementMap":{"0":{"start":{"line":1,"column":0},"end":{"line":1,"column":40}},"1":{"start":{"line":2,"column":0},"end":{"line":2,"column":39}},"2":{"start":{"line":3,"column":0},"end":{"line":3,"column":49}},"3":{"start":{"line":4,"column":0},"end":{"line":4,"column":61}},"4":{"start":{"line":5,"column":0},"end":{"line":5,"column":39}},"5":{"start":{"line":6,"column":0},"end":{"line":6,"column":41}},"6":{"start":{"line":7,"column":0},"end":{"line":7,"column":34}},"7":{"start":{"line":8,"column":0},"end":{"line":8,"column":62}},"8":{"start":{"line":9,"column":0},"end":{"line":9,"column":68}},"9":{"start":{"line":11,"column":22},"end":{"line":40,"column":null}},"10":{"start":{"line":17,"column":8},"end":{"line":17,"column":null}},"11":{"start":{"line":63,"column":15},"end":{"line":151,"column":1}},"12":{"start":{"line":64,"column":15},"end":{"line":64,"column":null}},"13":{"start":{"line":65,"column":4},"end":{"line":65,"column":14}},"14":{"start":{"line":65,"column":14},"end":{"line":65,"column":null}},"15":{"start":{"line":66,"column":16},"end":{"line":66,"column":null}},"16":{"start":{"line":67,"column":4},"end":{"line":67,"column":12}},"17":{"start":{"line":67,"column":12},"end":{"line":67,"column":null}},"18":{"start":{"line":69,"column":44},"end":{"line":69,"column":59}},"19":{"start":{"line":69,"column":23},"end":{"line":69,"column":25}},"20":{"start":{"line":69,"column":40},"end":{"line":69,"column":44}},"21":{"start":{"line":70,"column":20},"end":{"line":70,"column":32}},"22":{"start":{"line":71,"column":20},"end":{"line":71,"column":36}},"23":{"start":{"line":72,"column":32},"end":{"line":74,"column":6}},"24":{"start":{"line":75,"column":30},"end":{"line":78,"column":6}},"25":{"start":{"line":80,"column":33},"end":{"line":111,"column":5}},"26":{"start":{"line":81,"column":8},"end":{"line":92,"column":null}},"27":{"start":{"line":82,"column":12},"end":{"line":91,"column":14}},"28":{"start":{"line":83,"column":55},"end":{"line":83,"column":null}},"29":{"start":{"line":93,"column":8},"end":{"line":109,"column":null}},"30":{"start":{"line":94,"column":12},"end":{"line":108,"column":14}},"31":{"start":{"line":98,"column":24},"end":{"line":102,"column":null}},"32":{"start":{"line":99,"column":28},"end":{"line":99,"column":58}},"33":{"start":{"line":101,"column":28},"end":{"line":101,"column":71}},"34":{"start":{"line":110,"column":8},"end":{"line":110,"column":21}},"35":{"start":{"line":113,"column":34},"end":{"line":135,"column":5}},"36":{"start":{"line":114,"column":8},"end":{"line":123,"column":null}},"37":{"start":{"line":115,"column":12},"end":{"line":122,"column":14}},"38":{"start":{"line":118,"column":35},"end":{"line":118,"column":null}},"39":{"start":{"line":124,"column":8},"end":{"line":133,"column":null}},"40":{"start":{"line":125,"column":12},"end":{"line":132,"column":14}},"41":{"start":{"line":128,"column":35},"end":{"line":128,"column":null}},"42":{"start":{"line":134,"column":8},"end":{"line":134,"column":21}},"43":{"start":{"line":137,"column":4},"end":{"line":150,"column":6}},"44":{"start":{"line":153,"column":0},"end":{"line":153,"column":22}}},"fnMap":{"0":{"name":"(anonymous_4)","decl":{"start":{"line":16,"column":21},"end":{"line":16,"column":22}},"loc":{"start":{"line":16,"column":27},"end":{"line":17,"column":13}}},"1":{"name":"(anonymous_5)","decl":{"start":{"line":63,"column":15},"end":{"line":63,"column":16}},"loc":{"start":{"line":68,"column":14},"end":{"line":151,"column":1}}},"2":{"name":"(anonymous_6)","decl":{"start":{"line":80,"column":33},"end":{"line":80,"column":null}},"loc":{"start":{"line":80,"column":33},"end":{"line":111,"column":5}}},"3":{"name":"(anonymous_7)","decl":{"start":{"line":83,"column":49},"end":{"line":83,"column":55}},"loc":{"start":{"line":83,"column":49},"end":{"line":83,"column":70}}},"4":{"name":"(anonymous_8)","decl":{"start":{"line":97,"column":29},"end":{"line":97,"column":null}},"loc":{"start":{"line":97,"column":29},"end":{"line":103,"column":21}}},"5":{"name":"(anonymous_9)","decl":{"start":{"line":113,"column":34},"end":{"line":113,"column":null}},"loc":{"start":{"line":113,"column":34},"end":{"line":135,"column":5}}},"6":{"name":"(anonymous_10)","decl":{"start":{"line":118,"column":29},"end":{"line":118,"column":35}},"loc":{"start":{"line":118,"column":29},"end":{"line":118,"column":42}}},"7":{"name":"(anonymous_11)","decl":{"start":{"line":128,"column":29},"end":{"line":128,"column":35}},"loc":{"start":{"line":128,"column":29},"end":{"line":128,"column":42}}}},"branchMap":{"0":{"loc":{"start":{"line":11,"column":32},"end":{"line":11,"column":55}},"type":"binary-expr","locations":[{"start":{"line":11,"column":32},"end":{"line":11,"column":55}},{"start":{"line":11,"column":32},"end":{"line":43,"column":2}}]},"1":{"loc":{"start":{"line":17,"column":25},"end":{"line":17,"column":31}},"type":"cond-expr","locations":[{"start":{"line":17,"column":25},"end":{"line":17,"column":31}},{"start":{"line":17,"column":34},"end":{"line":17,"column":65}}]},"2":{"loc":{"start":{"line":65,"column":17},"end":{"line":65,"column":19}},"type":"cond-expr","locations":[{"start":{"line":65,"column":17},"end":{"line":65,"column":19}},{"start":{"line":65,"column":19},"end":{"line":65,"column":null}}]},"3":{"loc":{"start":{"line":67,"column":15},"end":{"line":67,"column":20}},"type":"cond-expr","locations":[{"start":{"line":67,"column":15},"end":{"line":67,"column":20}},{"start":{"line":67,"column":20},"end":{"line":67,"column":null}}]},"4":{"loc":{"start":{"line":73,"column":34},"end":{"line":73,"column":51}},"type":"cond-expr","locations":[{"start":{"line":73,"column":34},"end":{"line":73,"column":51}},{"start":{"line":73,"column":54},"end":{"line":73,"column":74}}]},"5":{"loc":{"start":{"line":76,"column":32},"end":{"line":76,"column":35}},"type":"cond-expr","locations":[{"start":{"line":76,"column":32},"end":{"line":76,"column":35}},{"start":{"line":76,"column":38},"end":{"line":76,"column":39}}]},"6":{"loc":{"start":{"line":77,"column":32},"end":{"line":77,"column":39}},"type":"cond-expr","locations":[{"start":{"line":77,"column":32},"end":{"line":77,"column":39}},{"start":{"line":77,"column":42},"end":{"line":77,"column":48}}]},"7":{"loc":{"start":{"line":81,"column":8},"end":{"line":92,"column":null}},"type":"if","locations":[{"start":{"line":81,"column":8},"end":{"line":92,"column":null}},{"start":{"line":81,"column":8},"end":{"line":92,"column":null}}]},"8":{"loc":{"start":{"line":81,"column":23},"end":{"line":81,"column":25}},"type":"cond-expr","locations":[{"start":{"line":81,"column":23},"end":{"line":81,"column":25}},{"start":{"line":81,"column":12},"end":{"line":81,"column":29}}]},"9":{"loc":{"start":{"line":81,"column":12},"end":{"line":81,"column":25}},"type":"binary-expr","locations":[{"start":{"line":81,"column":12},"end":{"line":81,"column":25}},{"start":{"line":81,"column":12},"end":{"line":81,"column":25}}]},"10":{"loc":{"start":{"line":93,"column":8},"end":{"line":109,"column":null}},"type":"if","locations":[{"start":{"line":93,"column":8},"end":{"line":109,"column":null}},{"start":{"line":93,"column":8},"end":{"line":109,"column":null}}]},"11":{"loc":{"start":{"line":93,"column":23},"end":{"line":93,"column":25}},"type":"cond-expr","locations":[{"start":{"line":93,"column":23},"end":{"line":93,"column":25}},{"start":{"line":93,"column":12},"end":{"line":93,"column":29}}]},"12":{"loc":{"start":{"line":93,"column":12},"end":{"line":93,"column":25}},"type":"binary-expr","locations":[{"start":{"line":93,"column":12},"end":{"line":93,"column":25}},{"start":{"line":93,"column":12},"end":{"line":93,"column":25}}]},"13":{"loc":{"start":{"line":98,"column":24},"end":{"line":102,"column":null}
[...]
,"/Users/erlend.lygre/code/procosys-commissioning-webapp/src/utils/removeSubdirectories.ts": {"path":"/Users/erlend.lygre/code/procosys-commissioning-webapp/src/utils/removeSubdirectories.ts","statementMap":{"0":{"start":{"line":1,"column":31},"end":{"line":7,"column":1}},"1":{"start":{"line":2,"column":20},"end":{"line":2,"column":37}},"2":{"start":{"line":3,"column":4},"end":{"line":5,"column":null}},"3":{"start":{"line":4,"column":8},"end":{"line":4,"column":71}},"4":{"start":{"line":6,"column":4},"end":{"line":6,"column":35}},"5":{"start":{"line":9,"column":29},"end":{"line":18,"column":1}},"6":{"start":{"line":13,"column":22},"end":{"line":13,"column":25}},"7":{"start":{"line":14,"column":4},"end":{"line":16,"column":null}},"8":{"start":{"line":14,"column":17},"end":{"line":14,"column":18}},"9":{"start":{"line":15,"column":8},"end":{"line":15,"column":58}},"10":{"start":{"line":17,"column":4},"end":{"line":17,"column":23}},"11":{"start":{"line":20,"column":0},"end":{"line":20,"column":36}}},"fnMap":{"0":{"name":"(anonymous_0)","decl":{"start":{"line":1,"column":31},"end":{"line":1,"column":32}},"loc":{"start":{"line":1,"column":43},"end":{"line":7,"column":1}}},"1":{"name":"(anonymous_1)","decl":{"start":{"line":9,"column":29},"end":{"line":9,"column":null}},"loc":{"start":{"line":11,"column":42},"end":{"line":18,"column":1}}}},"branchMap":{"0":{"loc":{"start":{"line":3,"column":4},"end":{"line":5,"column":null}},"type":"if","locations":[{"start":{"line":3,"column":4},"end":{"line":5,"column":null}},{"start":{"line":3,"column":4},"end":{"line":5,"column":null}}]}},"s":{"0":15,"1":183,"2":183,"3":0,"4":183,"5":15,"6":183,"7":183,"8":183,"9":183,"10":183,"11":15},"f":{"0":183,"1":183},"b":{"0":[0,183]}}
,"/Users/erlend.lygre/code/procosys-commissioning-webapp/src/utils/textFieldHelpers.tsx": {"path":"/Users/erlend.lygre/code/procosys-commissioning-webapp/src/utils/textFieldHelpers.tsx","statementMap":{"0":{"start":{"line":3,"column":0},"end":{"line":3,"column":57}},"1":{"start":{"line":6,"column":32},"end":{"line":10,"column":1}},"2":{"start":{"line":7,"column":4},"end":{"line":7,"column":53}},"3":{"start":{"line":7,"column":38},"end":{"line":7,"column":53}},"4":{"start":{"line":8,"column":4},"end":{"line":8,"column":57}},"5":{"start":{"line":8,"column":40},"end":{"line":8,"column":57}},"6":{"start":{"line":9,"column":4},"end":{"line":9,"column":21}},"7":{"start":{"line":6,"column":13},"end":{"line":6,"column":32}},"8":{"start":{"line":12,"column":35},"end":{"line":17,"column":1}},"9":{"start":{"line":13,"column":4},"end":{"line":13,"column":71}},"10":{"start":{"line":13,"column":38},"end":{"line":13,"column":71}},"11":{"start":{"line":14,"column":4},"end":{"line":14,"column":64}},"12":{"start":{"line":14,"column":40},"end":{"line":14,"column":64}},"13":{"start":{"line":15,"column":4},"end":{"line":15,"column":57}},"14":{"start":{"line":15,"column":40},"end":{"line":15,"column":57}},"15":{"start":{"line":16,"column":4},"end":{"line":16,"column":14}},"16":{"start":{"line":12,"column":13},"end":{"line":12,"column":35}}},"fnMap":{"0":{"name":"(anonymous_0)","decl":{"start":{"line":6,"column":32},"end":{"line":6,"column":33}},"loc":{"start":{"line":6,"column":52},"end":{"line":10,"column":1}}},"1":{"name":"(anonymous_1)","decl":{"start":{"line":12,"column":35},"end":{"line":12,"column":36}},"loc":{"start":{"line":12,"column":55},"end":{"line":17,"column":1}}}},"branchMap":{"0":{"loc":{"start":{"line":7,"column":4},"end":{"line":7,"column":53}},"type":"if","locations":[{"start":{"line":7,"column":4},"end":{"line":7,"column":53}},{"start":{"line":7,"column":4},"end":{"line":7,"column":53}}]},"1":{"loc":{"start":{"line":8,"column":4},"end":{"line":8,"column":57}},"type":"if","locations":[{"start":{"line":8,"column":4},"end":{"line":8,"column":57}},{"start":{"line":8,"column":4},"end":{"line":8,"column":57}}]},"2":{"loc":{"start":{"line":13,"column":4},"end":{"line":13,"column":71}},"type":"if","locations":[{"start":{"line":13,"column":4},"end":{"line":13,"column":71}},{"start":{"line":13,"column":4},"end":{"line":13,"column":71}}]},"3":{"loc":{"start":{"line":14,"column":4},"end":{"line":14,"column":64}},"type":"if","locations":[{"start":{"line":14,"column":4},"end":{"line":14,"column":64}},{"start":{"line":14,"column":4},"end":{"line":14,"column":64}}]},"4":{"loc":{"start":{"line":15,"column":4},"end":{"line":15,"column":57}},"type":"if","locations":[{"start":{"line":15,"column":4},"end":{"line":15,"column":57}},{"start":{"line":15,"column":4},"end":{"line":15,"column":57}}]}},"s":{"0":1,"1":1,"2":122,"3":1,"4":121,"5":4,"6":117,"7":1,"8":1,"9":7,"10":1,"11":6,"12":4,"13":2,"14":2,"15":0,"16":1},"f":{"0":122,"1":7},"b":{"0":[1,121],"1":[4,117],"2":[1,6],"3":[4,2],"4":[2,0]}}
,"/Users/erlend.lygre/code/procosys-commissioning-webapp/src/utils/useAsyncGet.tsx": {"path":"/Users/erlend.lygre/code/procosys-commissioning-webapp/src/utils/useAsyncGet.tsx","statementMap":{"0":{"start":{"line":1,"column":0},"end":{"line":1,"column":43}},"1":{"start":{"line":2,"column":0},"end":{"line":2,"column":44}},"2":{"start":{"line":3,"column":0},"end":{"line":3,"column":57}},"3":{"start":{"line":5,"column":0},"end":{"line":5,"column":9}},"4":{"start":{"line":12,"column":36},"end":{"line":12,"column":49}},"5":{"start":{"line":12,"column":19},"end":{"line":12,"column":21}},"6":{"start":{"line":12,"column":32},"end":{"line":12,"column":36}},"7":{"start":{"line":13,"column":42},"end":{"line":13,"column":72}},"8":{"start":{"line":13,"column":22},"end":{"line":13,"column":24}},"9":{"start":{"line":13,"column":38},"end":{"line":13,"column":42}},"10":{"start":{"line":14,"column":34},"end":{"line":14,"column":49}},"11":{"start":{"line":14,"column":18},"end":{"line":14,"column":20}},"12":{"start":{"line":14,"column":30},"end":{"line":14,"column":34}},"13":{"start":{"line":16,"column":4},"end":{"line":39,"column":18}},"14":{"start":{"line":17,"column":23},"end":{"line":17,"column":49}},"15":{"start":{"line":18,"column":8},"end":{"line":35,"column":13}},"16":{"start":{"line":18,"column":9},"end":{"line":35,"column":10}},"17":{"start":{"line":19,"column":12},"end":{"line":19,"column":48}},"18":{"start":{"line":21,"column":40},"end":{"line":21,"column":null}},"19":{"start":{"line":21,"column":22},"end":{"line":21,"column":null}},"20":{"start":{"line":22,"column":16},"end":{"line":22,"column":45}},"21":{"start":{"line":23,"column":16},"end":{"line":23,"column":52}},"22":{"start":{"line":24,"column":16},"end":{"line":31,"column":null}},"23":{"start":{"line":28,"column":20},"end":{"line":28,"column":63}},"24":{"start":{"line":30,"column":20},"end":{"line":30,"column":56}},"25":{"start":{"line":33,"column":16},"end":{"line":33,"column":78}},"26":{"start":{"line":33,"column":44},"end":{"line":33,"column":78}},"27":{"start":{"line":36,"column":8},"end":{"line":38,"column":10}},"28":{"start":{"line":37,"column":12},"end":{"line":37,"column":28}},"29":{"start":{"line":41,"column":4},"end":{"line":45,"column":6}},"30":{"start":{"line":48,"column":0},"end":{"line":48,"column":27}}},"fnMap":{"0":{"name":"useAsyncGet","decl":{"start":{"line":5,"column":9},"end":{"line":5,"column":20}},"loc":{"start":{"line":6,"column":59},"end":{"line":46,"column":1}}},"1":{"name":"(anonymous_15)","decl":{"start":{"line":16,"column":14},"end":{"line":16,"column":null}},"loc":{"start":{"line":16,"column":14},"end":{"line":39,"column":5}}},"2":{"name":"(anonymous_16)","decl":{"start":{"line":18,"column":9},"end":{"line":18,"column":null}},"loc":{"start":{"line":18,"column":9},"end":{"line":35,"column":10}}},"3":{"name":"(anonymous_19)","decl":{"start":{"line":36,"column":15},"end":{"line":36,"column":null}},"loc":{"start":{"line":36,"column":15},"end":{"line":38,"column":9}}}},"branchMap":{"0":{"loc":{"start":{"line":24,"column":16},"end":{"line":31,"column":null}},"type":"if","locations":[{"start":{"line":24,"column":16},"end":{"line":31,"column":null}},{"start":{"line":24,"column":16},"end":{"line":31,"column":null}}]},"1":{"loc":{"start":{"line":25,"column":20},"end":{"line":25,"column":50}},"type":"binary-expr","locations":[{"start":{"line":25,"column":20},"end":{"line":25,"column":50}},{"start":{"line":26,"column":20},"end":{"line":26,"column":46}}]},"2":{"loc":{"start":{"line":33,"column":16},"end":{"line":33,"column":78}},"type":"if","locations":[{"start":{"line":33,"column":16},"end":{"line":33,"column":78}},{"start":{"line":33,"column":16},"end":{"line":33,"column":78}}]}},"s":{"0":2,"1":2,"2":2,"3":379,"4":379,"5":379,"6":379,"7":379,"8":379,"9":379,"10":379,"11":379,"12":379,"13":379,"14":29,"15":29,"16":29,"17":29,"18":29,"19":29,"20":27,"21":27,"22":27,"23":1,"24":26,"25":2,"26":2,"27":29,"28":29,"29":379,"30":2},"f":{"0":379,"1":29,"2":58,"3":29},"b":{"0":[1,26],"1":[27,27],"2":[2,0]}}
,"/Users/erlend.lygre/code/procosys-commissioning-webapp/src/utils/useAttachments.tsx": {"path":"/Users/erlend.lygre/code/procosys-commissioning-webapp/src/utils/useAttachments.tsx","statementMap":{"0":{"start":{"line":1,"column":0},"end":{"line":1,"column":26}},"1":{"start":{"line":2,"column":0},"end":{"line":2,"column":44}},"2":{"start":{"line":3,"column":0},"end":{"line":3,"column":57}},"3":{"start":{"line":5,"column":0},"end":{"line":5,"column":46}},"4":{"start":{"line":7,"column":23},"end":{"line":42,"column":1}},"5":{"start":{"line":8,"column":20},"end":{"line":8,"column":37}},"6":{"start":{"line":9,"column":56},"end":{"line":9,"column":71}},"7":{"start":{"line":9,"column":29},"end":{"line":9,"column":31}},"8":{"start":{"line":9,"column":52},"end":{"line":9,"column":56}},"9":{"start":{"line":10,"column":42},"end":{"line":10,"column":68}},"10":{"start":{"line":10,"column":22},"end":{"line":10,"column":24}},"11":{"start":{"line":10,"column":38},"end":{"line":10,"column":42}},"12":{"start":{"line":11,"column":50},"end":{"line":11,"column":65}},"13":{"start":{"line":11,"column":26},"end":{"line":11,"column":28}},"14":{"start":{"line":11,"column":46},"end":{"line":11,"column":50}},"15":{"start":{"line":12,"column":64},"end":{"line":13,"column":null}},"16":{"start":{"line":12,"column":33},"end":{"line":12,"column":35}},"17":{"start":{"line":12,"column":60},"end":{"line":12,"column":64}},"18":{"start":{"line":15,"column":19},"end":{"line":15,"column":45}},"19":{"start":{"line":16,"column":4},"end":{"line":32,"column":44}},"20":{"start":{"line":17,"column":8},"end":{"line":30,"column":13}},"21":{"start":{"line":17,"column":9},"end":{"line":30,"column":10}},"22":{"start":{"line":19,"column":43},"end":{"line":22,"column":null}},"23":{"start":{"line":19,"column":22},"end":{"line":22,"column":null}},"24":{"start":{"line":23,"column":16},"end":{"line":23,"column":63}},"25":{"start":{"line":24,"column":16},"end":{"line":24,"column":51}},"26":{"start":{"line":26,"column":16},"end":{"line":28,"column":null}},"27":{"start":{"line":27,"column":20},"end":{"line":27,"column":65}},"28":{"start":{"line":31,"column":8},"end":{"line":31,"column":37}},"29":{"start":{"line":31,"column":21},"end":{"line":31,"column":37}},"30":{"start":{"line":34,"column":4},"end":{"line":41,"column":6}},"31":{"start":{"line":44,"column":0},"end":{"line":44,"column":30}}},"fnMap":{"0":{"name":"(anonymous_14)","decl":{"start":{"line":7,"column":23},"end":{"line":7,"column":24}},"loc":{"start":{"line":7,"column":40},"end":{"line":42,"column":1}}},"1":{"name":"(anonymous_15)","decl":{"start":{"line":16,"column":14},"end":{"line":16,"column":null}},"loc":{"start":{"line":16,"column":14},"end":{"line":32,"column":5}}},"2":{"name":"(anonymous_16)","decl":{"start":{"line":17,"column":9},"end":{"line":17,"column":null}},"loc":{"start":{"line":17,"column":9},"end":{"line":30,"column":10}}},"3":{"name":"(anonymous_19)","decl":{"start":{"line":31,"column":15},"end":{"line":31,"column":21}},"loc":{"start":{"line":31,"column":15},"end":{"line":31,"column":27}}}},"branchMap":{"0":{"loc":{"start":{"line":26,"column":16},"end":{"line":28,"column":null}},"type":"if","locations":[{"start":{"line":26,"column":16},"end":{"line":28,"column":null}},{"start":{"line":26,"column":16},"end":{"line":28,"column":null}}]}},"s":{"0":4,"1":4,"2":4,"3":4,"4":4,"5":149,"6":149,"7":149,"8":149,"9":149,"10":149,"11":149,"12":149,"13":149,"14":149,"15":149,"16":149,"17":149,"18":149,"19":149,"20":18,"21":18,"22":18,"23":18,"24":16,"25":16,"26":2,"27":2,"28":18,"29":18,"30":149,"31":4},"f":{"0":149,"1":18,"2":36,"3":18},"b":{"0":[2,0]}}
,"/Users/erlend.lygre/code/procosys-commissioning-webapp/src/utils/useCommonHooks.tsx": {"path":"/Users/erlend.lygre/code/procosys-commissioning-webapp/src/utils/useCommonHooks.tsx","statementMap":{"0":{"start":{"line":1,"column":0},"end":{"line":1,"column":35}},"1":{"start":{"line":2,"column":0},"end":{"line":2,"column":72}},"2":{"start":{"line":4,"column":0},"end":{"line":4,"column":56}},"3":{"start":{"line":6,"column":23},"end":{"line":19,"column":1}},"4":{"start":{"line":7,"column":26},"end":{"line":7,"column":52}},"5":{"start":{"line":7,"column":15},"end":{"line":7,"column":17}},"6":{"start":{"line":7,"column":21},"end":{"line":7,"column":26}},"7":{"start":{"line":8,"column":19},"end":{"line":8,"column":42}},"8":{"start":{"line":9,"column":20},"end":{"line":9,"column":32}},"9":{"start":{"line":10,"column":26},"end":{"line":10,"column":41}},"10":{"start":{"line":10,"column":15},"end":{"line":10,"column":17}},"11":{"start":{"line":10,"column":21},"end":{"line":10,"column":26}},"12":{"start":{"line":11,"column":4},"end":{"line":18,"column":6}},"13":{"start":{"line":21,"column":0},"end":{"line":21,"column":30}}},"fnMap":{"0":{"name":"(anonymous_1)","decl":{"start":{"line":6,"column":23},"end":{"line":6,"column":null}},"loc":{"start":{"line":6,"column":23},"end":{"line":19,"column":1}}}},"branchMap":{},"s":{"0":18,"1":18,"2":18,"3":18,"4":1590,"5":1589,"6":1589,"7":1589,"8":1589,"9":1589,"10":1589,"11":1589,"12":1589,"13":18},"f":{"0":1590},"b":{}}
,"/Users/erlend.lygre/code/procosys-commissioning-webapp/src/utils/useFormFields.tsx": {"path":"/Users/erlend.lygre/code/procosys-commissioning-webapp/src/utils/useFormFields.tsx","statementMap":{"0":{"start":{"line":1,"column":0},"end":{"line":1,"column":26}},"1":{"start":{"line":4,"column":40},"end":{"line":4,"column":72}},"2":{"start":{"line":4,"column":21},"end":{"line":4,"column":23}},"3":{"start":{"line":4,"column":36},"end":{"line":4,"column":40}},"4":{"start":{"line":5,"column":32},"end":{"line":5,"column":null}},"5":{"start":{"line":5,"column":50},"end":{"line":12,"column":6}},"6":{"start":{"line":10,"column":22},"end":{"line":10,"column":36}},"7":{"start":{"line":11,"column":8},"end":{"line":11,"column":64}},"8":{"start":{"line":11,"column":35},"end":{"line":11,"column":63}},"9":{"start":{"line":13,"column":4},"end":{"line":13,"column":47}},"10":{"start":{"line":16,"column":0},"end":{"line":16,"column":29}}},"fnMap":{"0":{"name":"useFormFields","decl":{"start":{"line":3,"column":9},"end":{"line":3,"column":22}},"loc":{"start":{"line":3,"column":42},"end":{"line":14,"column":1}}},"1":{"name":"(anonymous_4)","decl":{"start":{"line":5,"column":32},"end":{"line":5,"column":33}},"loc":{"start":{"line":5,"column":45},"end":{"line":5,"column":null}}},"2":{"name":"(anonymous_5)","decl":{"start":{"line":5,"column":50},"end":{"line":5,"column":null}},"loc":{"start":{"line":8,"column":9},"end":{"line":12,"column":5}}},"3":{"name":"(anonymous_6)","decl":{"start":{"line":11,"column":22},"end":{"line":11,"column":23}},"loc":{"start":{"line":11,"column":30},"end":{"line":11,"column":41}}}},"branchMap":{},"s":{"0":1,"1":20,"2":20,"3":20,"4":20,"5":55,"6":10,"7":10,"8":10,"9":20,"10":1},"f":{"0":20,"1":55,"2":10,"3":10},"b":{}}
,"/Users/erlend.lygre/code/procosys-commissioning-webapp/src/utils/useSnackbar.tsx": {"path":"/Users/erlend.lygre/code/procosys-commissioning-webapp/src/utils/useSnackbar.tsx","statementMap":{"0":{"start":{"line":1,"column":0},"end":{"line":1,"column":51}},"1":{"start":{"line":2,"column":0},"end":{"line":2,"column":66}},"2":{"start":{"line":4,"column":20},"end":{"line":29,"column":1}},"3":{"start":{"line":5,"column":44},"end":{"line":5,"column":59}},"4":{"start":{"line":5,"column":23},"end":{"line":5,"column":25}},"5":{"start":{"line":5,"column":40},"end":{"line":5,"column":44}},"6":{"start":{"line":6,"column":44},"end":{"line":6,"column":56}},"7":{"start":{"line":6,"column":23},"end":{"line":6,"column":25}},"8":{"start":{"line":6,"column":40},"end":{"line":6,"column":44}},"9":{"start":{"line":8,"column":8},"end":{"line":16,"column":null}},"10":{"start":{"line":11,"column":16},"end":{"line":11,"column":39}},"11":{"start":{"line":12,"column":16},"end":{"line":12,"column":36}},"12":{"start":{"line":20,"column":4},"end":{"line":23,"column":23}},"13":{"start":{"line":21,"column":8},"end":{"line":21,"column":44}},"14":{"start":{"line":21,"column":37},"end":{"line":21,"column":44}},"15":{"start":{"line":22,"column":8},"end":{"line":22,"column":30}},"16":{"start":{"line":25,"column":4},"end":{"line":28,"column":6}},"17":{"start":{"line":31,"column":0},"end":{"line":31,"column":27}}},"fnMap":{"0":{"name":"(anonymous_2)","decl":{"start":{"line":4,"column":20},"end":{"line":4,"column":null}},"loc":{"start":{"line":4,"column":20},"end":{"line":29,"column":1}}},"1":{"name":"(anonymous_3)","decl":{"start":{"line":10,"column":21},"end":{"line":10,"column":null}},"loc":{"start":{"line":10,"column":21},"end":{"line":13,"column":13}}},"2":{"name":"(anonymous_4)","decl":{"start":{"line":20,"column":14},"end":{"line":20,"column":null}},"loc":{"start":{"line":20,"column":14},"end":{"line":23,"column":5}}}},"branchMap":{"0":{"loc":{"start":{"line":21,"column":8},"end":{"line":21,"column":44}},"type":"if","locations":[{"start":{"line":21,"column":8},"end":{"line":21,"column":44}},{"start":{"line":21,"column":8},"end":{"line":21,"column":44}}]}},"s":{"0":5,"1":5,"2":5,"3":352,"4":352,"5":352,"6":352,"7":352,"8":352,"9":352,"10":0,"11":0,"12":352,"13":55,"14":34,"15":21,"16":352,"17":5},"f":{"0":352,"1":0,"2":55},"b":{"0":[34,21]}}
}
