TN:
SF:src/App.tsx
FN:30,(anonymous_3)
FN:54,(anonymous_4)
FNF:2
FNH:0
FNDA:0,(anonymous_3)
FNDA:0,(anonymous_4)
DA:2,0
DA:3,0
DA:4,0
DA:5,0
DA:9,0
DA:30,0
DA:31,0
DA:32,0
DA:33,0
DA:34,0
DA:36,0
DA:37,0
DA:38,0
DA:41,0
DA:54,0
DA:63,0
LF:16
LH:0
BRDA:37,0,0,0
BRDA:37,0,1,0
BRF:2
BRH:0
end_of_record
TN:
SF:src/CommPkgRouter.tsx
FN:10,(anonymous_1)
FNF:1
FNH:0
FNDA:0,(anonymous_1)
DA:2,0
DA:3,0
DA:4,0
DA:5,0
DA:6,0
DA:7,0
DA:8,0
DA:10,0
DA:11,0
DA:12,0
DA:40,0
LF:11
LH:0
BRF:0
BRH:0
end_of_record
TN:
SF:src/GeneralRouter.tsx
FN:10,(anonymous_1)
FNF:1
FNH:0
FNDA:0,(anonymous_1)
DA:2,0
DA:3,0
DA:4,0
DA:5,0
DA:6,0
DA:7,0
DA:8,0
DA:10,0
DA:11,0
DA:31,0
LF:10
LH:0
BRF:0
BRH:0
end_of_record
TN:
SF:src/index.tsx
FN:14,(anonymous_20)
FN:26,(anonymous_21)
FN:73,(anonymous_24)
FNF:3
FNH:0
FNDA:0,(anonymous_20)
FNDA:0,(anonymous_21)
FNDA:0,(anonymous_24)
DA:1,0
DA:2,0
DA:3,0
DA:4,0
DA:5,0
DA:6,0
DA:7,0
DA:8,0
DA:9,0
DA:10,0
DA:11,0
DA:12,0
DA:14,0
DA:15,0
DA:26,0
DA:28,0
DA:33,0
DA:34,0
DA:35,0
DA:39,0
DA:40,0
DA:43,0
DA:47,0
DA:51,0
DA:57,0
DA:61,0
DA:65,0
DA:73,0
DA:74,0
DA:76,0
DA:81,0
DA:82,0
DA:91,0
DA:92,0
DA:93,0
DA:95,0
LF:36
LH:0
BRDA:33,0,0,0
BRDA:40,1,0,0
BRDA:40,1,1,0
BRDA:92,2,0,0
BRDA:92,2,1,0
BRF:5
BRH:0
end_of_record
TN:
SF:src/react-app-env.d.ts
FNF:0
FNH:0
LF:0
LH:0
BRF:0
BRH:0
end_of_record
TN:
SF:src/serviceWorker.ts
FN:28,register
FN:42,(anonymous_1)
FN:51,(anonymous_2)
FN:65,registerValidSW
FN:68,(anonymous_4)
FN:69,(anonymous_5)
FN:74,(anonymous_6)
FN:104,(anonymous_7)
FN:109,checkValidServiceWorker
FN:114,(anonymous_9)
FN:122,(anonymous_10)
FN:123,(anonymous_11)
FN:132,(anonymous_12)
FN:139,unregister
FN:142,(anonymous_14)
FN:145,(anonymous_15)
FNF:16
FNH:0
FNDA:0,register
FNDA:0,(anonymous_1)
FNDA:0,(anonymous_2)
FNDA:0,registerValidSW
FNDA:0,(anonymous_4)
FNDA:0,(anonymous_5)
FNDA:0,(anonymous_6)
FNDA:0,(anonymous_7)
FNDA:0,checkValidServiceWorker
FNDA:0,(anonymous_9)
FNDA:0,(anonymous_10)
FNDA:0,(anonymous_11)
FNDA:0,(anonymous_12)
FNDA:0,unregister
FNDA:0,(anonymous_14)
FNDA:0,(anonymous_15)
DA:13,0
DA:28,0
DA:29,0
DA:31,0
DA:35,0
DA:39,0
DA:42,0
DA:43,0
DA:45,0
DA:47,0
DA:51,0
DA:52,0
DA:59,0
DA:66,0
DA:69,0
DA:70,0
DA:71,0
DA:72,0
DA:74,0
DA:75,0
DA:76,0
DA:80,0
DA:86,0
DA:87,0
DA:93,0
DA:96,0
DA:97,0
DA:105,0
DA:111,0
DA:116,0
DA:117,0
DA:122,0
DA:123,0
DA:124,0
DA:129,0
DA:133,0
DA:139,0
DA:140,0
DA:141,0
DA:143,0
DA:146,0
LF:41
LH:0
BRDA:14,0,0,0
BRDA:14,0,1,0
BRDA:14,0,2,0
BRDA:29,1,0,0
BRDA:29,1,1,0
BRDA:29,2,0,0
BRDA:29,2,1,0
BRDA:35,3,0,0
BRDA:35,3,1,0
BRDA:45,4,0,0
BRDA:45,4,1,0
BRDA:71,5,0,0
BRDA:71,5,1,0
BRDA:75,6,0,0
BRDA:75,6,1,0
BRDA:76,7,0,0
BRDA:76,7,1,0
BRDA:86,8,0,0
BRDA:86,8,1,0
BRDA:86,9,0,0
BRDA:86,9,1,0
BRDA:96,10,0,0
BRDA:96,10,1,0
BRDA:96,11,0,0
BRDA:96,11,1,0
BRDA:117,12,0,0
BRDA:117,12,1,0
BRDA:118,13,0,0
BRDA:118,13,1,0
BRDA:118,13,2,0
BRDA:140,14,0,0
BRDA:140,14,1,0
BRF:32
BRH:0
end_of_record
TN:
SF:src/components/AsyncCard.tsx
FN:14,(anonymous_3)
FN:21,(anonymous_4)
FNF:2
FNH:2
FNDA:818,(anonymous_3)
FNDA:818,(anonymous_4)
DA:2,5
DA:3,5
DA:4,5
DA:14,5
DA:15,818
DA:16,818
DA:17,818
DA:18,818
DA:19,818
DA:21,818
DA:22,818
DA:23,445
DA:24,373
DA:25,0
DA:26,373
DA:27,12
DA:29,361
DA:33,818
DA:36,5
LF:19
LH:18
BRDA:22,0,0,445
BRDA:22,0,1,373
BRDA:24,1,0,0
BRDA:24,1,1,373
BRDA:26,2,0,12
BRDA:26,2,1,361
BRF:6
BRH:5
end_of_record
TN:
SF:src/components/AsyncPage.tsx
FN:17,(anonymous_3)
FN:24,(anonymous_4)
FNF:2
FNH:2
FNDA:170,(anonymous_3)
FNDA:169,(anonymous_4)
DA:1,7
DA:3,7
DA:4,7
DA:5,7
DA:6,7
DA:7,14
DA:17,7
DA:18,170
DA:19,169
DA:20,169
DA:21,169
DA:22,169
DA:24,169
DA:25,169
DA:26,92
DA:27,77
DA:28,3
DA:41,74
DA:42,9
DA:51,65
DA:55,169
DA:58,7
LF:22
LH:22
BRDA:25,0,0,92
BRDA:25,0,1,77
BRDA:27,1,0,3
BRDA:27,1,1,74
BRDA:41,2,0,9
BRDA:41,2,1,65
BRF:6
BRH:6
end_of_record
TN:
SF:src/components/Attachment.tsx
FN:106,(anonymous_17)
FN:121,(anonymous_18)
FN:122,(anonymous_19)
FN:127,(anonymous_20)
FN:152,(anonymous_23)
FN:158,(anonymous_26)
FN:208,(anonymous_27)
FN:214,(anonymous_28)
FN:220,(anonymous_29)
FNF:9
FNH:5
FNDA:281,(anonymous_17)
FNDA:52,(anonymous_18)
FNDA:52,(anonymous_19)
FNDA:2,(anonymous_20)
FNDA:0,(anonymous_23)
FNDA:0,(anonymous_26)
FNDA:0,(anonymous_27)
FNDA:1,(anonymous_28)
FNDA:0,(anonymous_29)
DA:1,5
DA:7,5
DA:8,5
DA:9,5
DA:10,5
DA:12,5
DA:13,5
DA:14,5
DA:16,5
DA:18,5
DA:23,5
DA:34,5
DA:43,5
DA:65,5
DA:70,5
DA:81,5
DA:85,5
DA:106,5
DA:107,281
DA:108,281
DA:109,281
DA:110,281
DA:111,281
DA:112,281
DA:114,281
DA:115,281
DA:116,281
DA:117,281
DA:118,281
DA:119,281
DA:121,281
DA:122,52
DA:123,52
DA:127,282
DA:128,1
DA:130,1
DA:131,1
DA:132,1
DA:133,1
DA:135,1
DA:137,1
DA:138,1
DA:139,1
DA:141,0
DA:143,1
DA:145,0
DA:146,0
DA:147,0
DA:152,281
DA:153,0
DA:154,0
DA:156,0
DA:157,0
DA:158,0
DA:159,0
DA:160,0
DA:162,0
DA:163,0
DA:164,0
DA:169,281
DA:170,138
DA:171,0
DA:177,138
DA:203,143
DA:208,0
DA:214,1
DA:221,0
DA:225,0
DA:275,5
LF:69
LH:51
BRDA:18,0,0,5
BRDA:18,0,1,5
BRDA:23,1,0,5
BRDA:23,1,1,5
BRDA:34,2,0,5
BRDA:34,2,1,5
BRDA:43,3,0,5
BRDA:43,3,1,5
BRDA:65,4,0,5
BRDA:65,4,1,5
BRDA:70,5,0,5
BRDA:70,5,1,5
BRDA:81,6,0,5
BRDA:81,6,1,5
BRDA:85,7,0,5
BRDA:85,7,1,5
BRDA:112,8,0,205
BRDA:112,8,1,76
BRDA:138,9,0,1
BRDA:138,9,1,0
BRDA:145,10,0,0
BRDA:145,10,1,0
BRDA:153,11,0,0
BRDA:153,11,1,0
BRDA:158,12,0,0
BRDA:158,12,1,0
BRDA:162,13,0,0
BRDA:162,13,1,0
BRDA:169,14,0,138
BRDA:169,14,1,143
BRDA:170,15,0,0
BRDA:170,15,1,138
BRDA:206,16,0,2
BRDA:206,16,1,141
BRDA:233,17,0,2
BRDA:233,17,1,0
BRDA:233,18,0,2
BRDA:233,18,1,2
BRDA:238,19,0,0
BRDA:238,19,1,0
BRDA:246,20,0,0
BRDA:246,20,1,0
BRDA:252,21,0,0
BRDA:252,21,1,0
BRDA:261,22,0,3
BRDA:261,22,1,140
BRF:46
BRH:29
end_of_record
TN:
SF:src/components/EdsCard.tsx
FN:26,(anonymous_2)
FNF:1
FNH:1
FNDA:829,(anonymous_2)
DA:2,5
DA:3,5
DA:4,5
DA:5,10
DA:7,5
DA:26,829
DA:27,829
DA:42,5
LF:8
LH:8
BRDA:7,0,0,5
BRDA:7,0,1,5
BRDA:34,1,0,0
BRDA:34,1,1,829
BRF:4
BRH:3
end_of_record
TN:
SF:src/components/PageHeader.tsx
FN:13,(anonymous_4)
FN:26,(anonymous_5)
FNF:2
FNH:2
FNDA:5,(anonymous_4)
FNDA:5,(anonymous_5)
DA:2,3
DA:4,3
DA:14,5
DA:26,5
DA:27,5
DA:35,3
LF:6
LH:6
BRDA:4,0,0,3
BRDA:4,0,1,3
BRDA:14,1,0,4
BRDA:14,1,1,1
BRDA:30,2,0,5
BRDA:30,2,1,4
BRF:6
BRH:6
end_of_record
TN:
SF:src/components/UploadAttachment.tsx
FN:54,(anonymous_18)
FN:68,(anonymous_19)
FN:72,(anonymous_20)
FN:87,(anonymous_23)
FN:98,(anonymous_24)
FN:110,(anonymous_25)
FN:119,(anonymous_26)
FN:146,(anonymous_27)
FNF:8
FNH:1
FNDA:1,(anonymous_18)
FNDA:0,(anonymous_19)
FNDA:0,(anonymous_20)
FNDA:0,(anonymous_23)
FNDA:0,(anonymous_24)
FNDA:0,(anonymous_25)
FNDA:0,(anonymous_26)
FNDA:0,(anonymous_27)
DA:1,5
DA:2,5
DA:3,5
DA:4,5
DA:7,5
DA:8,5
DA:10,5
DA:29,5
DA:54,5
DA:55,1
DA:56,1
DA:57,1
DA:58,1
DA:59,1
DA:60,1
DA:62,1
DA:63,1
DA:64,1
DA:67,1
DA:68,1
DA:69,0
DA:72,1
DA:73,0
DA:74,0
DA:75,0
DA:76,0
DA:78,0
DA:84,0
DA:86,0
DA:87,0
DA:92,0
DA:97,0
DA:98,0
DA:100,0
DA:101,0
DA:102,0
DA:104,0
DA:105,0
DA:109,1
DA:110,0
DA:119,0
DA:146,0
DA:155,5
LF:43
LH:23
BRDA:10,0,0,5
BRDA:10,0,1,5
BRDA:29,1,0,5
BRDA:29,1,1,5
BRDA:73,2,0,0
BRDA:73,2,1,0
BRDA:84,3,0,0
BRDA:84,3,1,0
BRDA:86,4,0,0
BRDA:86,4,1,0
BRDA:97,5,0,0
BRDA:97,5,1,0
BRDA:113,6,0,0
BRDA:113,6,1,1
BRDA:134,7,0,1
BRDA:134,7,1,0
BRDA:140,8,0,0
BRDA:140,8,1,1
BRDA:146,9,0,0
BRDA:146,9,1,1
BRF:20
BRH:8
end_of_record
TN:
SF:src/components/error/ErrorBoundary.tsx
FN:14,(anonymous_9)
FN:15,ErrorBoundary
FN:20,(anonymous_11)
FN:24,(anonymous_12)
FN:35,(anonymous_13)
FNF:5
FNH:0
FNDA:0,(anonymous_9)
FNDA:0,ErrorBoundary
FNDA:0,(anonymous_11)
FNDA:0,(anonymous_12)
FNDA:0,(anonymous_13)
DA:1,0
DA:2,0
DA:14,0
DA:16,0
DA:17,0
DA:20,0
DA:21,0
DA:24,0
DA:25,0
DA:35,0
DA:36,0
DA:37,0
DA:44,0
DA:46,0
DA:48,0
LF:15
LH:0
BRDA:16,0,0,0
BRDA:16,0,1,0
BRDA:36,1,0,0
BRDA:36,1,1,0
BRDA:39,2,0,0
BRDA:39,2,1,0
BRDA:39,3,0,0
BRDA:39,3,1,0
BRDA:40,4,0,0
BRDA:40,4,1,0
BRDA:40,5,0,0
BRDA:40,5,1,0
BRF:12
BRH:0
end_of_record
TN:
SF:src/components/error/ErrorPage.tsx
FN:19,(anonymous_4)
FN:40,(anonymous_5)
FNF:2
FNH:1
FNDA:3,(anonymous_4)
FNDA:0,(anonymous_5)
DA:2,19
DA:3,19
DA:4,19
DA:5,19
DA:6,57
DA:14,19
DA:19,19
DA:20,3
DA:40,0
DA:49,19
LF:10
LH:9
BRDA:14,0,0,19
BRDA:14,0,1,19
BRDA:32,1,0,3
BRDA:32,1,1,3
BRDA:32,1,2,3
BRDA:39,2,0,0
BRDA:39,2,1,3
BRF:7
BRH:6
end_of_record
TN:
SF:src/components/icons/CompletionStatusIcon.tsx
FN:12,(anonymous_1)
FNF:1
FNH:1
FNDA:92,(anonymous_1)
DA:1,7
DA:2,7
DA:3,7
DA:4,7
DA:6,7
DA:12,92
DA:13,92
DA:14,87
DA:16,5
DA:17,1
DA:19,4
DA:20,1
DA:22,3
DA:23,3
DA:25,0
DA:28,7
LF:16
LH:15
BRDA:13,0,0,87
BRDA:13,0,1,5
BRDA:16,1,0,1
BRDA:16,1,1,4
BRDA:19,2,0,1
BRDA:19,2,1,3
BRDA:22,3,0,3
BRDA:22,3,1,0
BRF:8
BRH:7
end_of_record
TN:
SF:src/components/icons/EdsIcon.tsx
FN:96,(anonymous_0)
FNF:1
FNH:1
FNDA:1733,(anonymous_0)
DA:1,20
DA:42,20
DA:45,20
DA:96,1733
DA:97,1733
DA:100,20
LF:6
LH:6
BRF:0
BRH:0
end_of_record
TN:
SF:src/components/icons/PackageStatusIcon.tsx
FN:17,(anonymous_1)
FN:24,(anonymous_2)
FN:31,(anonymous_3)
FNF:3
FNH:3
FNDA:3,(anonymous_1)
FNDA:3,(anonymous_2)
FNDA:3,(anonymous_3)
DA:2,3
DA:3,3
DA:4,3
DA:5,3
DA:6,3
DA:7,3
DA:8,3
DA:9,3
DA:10,3
DA:17,3
DA:18,3
DA:19,3
DA:20,3
DA:21,1
DA:24,3
DA:25,3
DA:26,3
DA:27,3
DA:28,1
DA:31,3
DA:32,3
DA:33,3
DA:35,3
LF:23
LH:23
BRDA:18,0,0,0
BRDA:18,0,1,3
BRDA:19,1,0,0
BRDA:19,1,1,3
BRDA:20,2,0,2
BRDA:20,2,1,1
BRDA:21,3,0,1
BRDA:21,3,1,0
BRDA:25,4,0,0
BRDA:25,4,1,3
BRDA:26,5,0,0
BRDA:26,5,1,3
BRDA:27,6,0,2
BRDA:27,6,1,1
BRDA:28,7,0,1
BRDA:28,7,1,0
BRF:16
BRH:10
end_of_record
TN:
SF:src/components/loading/LoadingPage.tsx
FN:25,(anonymous_2)
FNF:1
FNH:1
FNDA:1,(anonymous_2)
DA:2,19
DA:3,19
DA:5,19
DA:25,19
DA:26,1
DA:34,19
LF:6
LH:6
BRDA:5,0,0,19
BRDA:5,0,1,19
BRF:2
BRH:2
end_of_record
TN:
SF:src/components/loading/SkeletonLoader.tsx
FN:7,(anonymous_9)
FN:49,(anonymous_10)
FN:61,(anonymous_11)
FNF:3
FNH:3
FNDA:448,(anonymous_9)
FNDA:1953,(anonymous_10)
FNDA:448,(anonymous_11)
DA:1,12
DA:3,12
DA:5,12
DA:7,448
DA:14,12
DA:23,12
DA:48,12
DA:49,1953
DA:61,12
DA:62,448
DA:63,448
DA:64,448
DA:65,448
DA:67,448
DA:69,448
DA:70,1953
DA:83,448
DA:91,12
LF:18
LH:18
BRDA:5,0,0,12
BRDA:5,0,1,12
BRDA:7,1,0,361
BRDA:7,1,1,87
BRDA:14,2,0,12
BRDA:14,2,1,12
BRDA:23,3,0,12
BRDA:23,3,1,12
BRDA:48,4,0,12
BRDA:48,4,1,12
BRDA:49,5,0,10
BRDA:49,5,1,1943
BRDA:64,6,0,22
BRDA:64,6,1,426
BRDA:72,7,0,448
BRDA:72,7,1,1505
BRDA:75,8,0,1
BRDA:75,8,1,447
BRDA:78,9,0,9
BRDA:78,9,1,1496
BRDA:85,10,0,448
BRDA:85,10,1,68
BRF:22
BRH:22
end_of_record
TN:
SF:src/components/navigation/Navbar.tsx
FN:16,(anonymous_4)
FN:63,(anonymous_5)
FN:80,(anonymous_6)
FN:83,(anonymous_7)
FN:97,(anonymous_8)
FN:113,(anonymous_9)
FN:118,(anonymous_10)
FN:128,(anonymous_11)
FNF:8
FNH:4
FNDA:316,(anonymous_4)
FNDA:316,(anonymous_5)
FNDA:316,(anonymous_6)
FNDA:0,(anonymous_7)
FNDA:0,(anonymous_8)
FNDA:316,(anonymous_9)
FNDA:0,(anonymous_10)
FNDA:0,(anonymous_11)
DA:1,17
DA:2,17
DA:3,17
DA:4,17
DA:5,17
DA:6,17
DA:7,17
DA:8,17
DA:9,17
DA:11,17
DA:17,316
DA:63,17
DA:64,316
DA:65,316
DA:66,316
DA:67,316
DA:69,316
DA:70,316
DA:71,316
DA:72,316
DA:75,316
DA:80,316
DA:81,316
DA:82,7
DA:83,0
DA:93,309
DA:94,306
DA:98,0
DA:99,0
DA:101,0
DA:110,3
DA:113,316
DA:114,316
DA:115,4
DA:118,0
DA:124,312
DA:125,120
DA:128,0
DA:134,192
DA:137,316
DA:153,17
LF:41
LH:35
BRDA:11,0,0,17
BRDA:11,0,1,17
BRDA:17,1,0,305
BRDA:17,1,1,11
BRDA:65,2,0,315
BRDA:65,2,1,1
BRDA:67,3,0,11
BRDA:67,3,1,305
BRDA:73,4,0,0
BRDA:73,4,1,316
BRDA:76,5,0,0
BRDA:76,5,1,316
BRDA:77,6,0,0
BRDA:77,6,1,316
BRDA:81,7,0,7
BRDA:81,7,1,309
BRDA:81,8,0,3
BRDA:81,8,1,313
BRDA:81,9,0,316
BRDA:81,9,1,316
BRDA:93,10,0,306
BRDA:93,10,1,3
BRDA:93,11,0,3
BRDA:93,11,1,306
BRDA:93,12,0,309
BRDA:93,12,1,309
BRDA:98,13,0,0
BRDA:98,13,1,0
BRDA:114,14,0,4
BRDA:114,14,1,312
BRDA:114,15,0,192
BRDA:114,15,1,124
BRDA:114,16,0,316
BRDA:114,16,1,316
BRDA:124,17,0,120
BRDA:124,17,1,192
BRDA:124,18,0,192
BRDA:124,18,1,120
BRDA:124,19,0,312
BRDA:124,19,1,312
BRF:40
BRH:35
end_of_record
TN:
SF:src/components/navigation/SideMenu.tsx
FN:81,(anonymous_4)
FN:92,(anonymous_5)
FN:99,(anonymous_6)
FN:115,(anonymous_7)
FN:134,(anonymous_8)
FNF:5
FNH:1
FNDA:318,(anonymous_4)
FNDA:0,(anonymous_5)
FNDA:0,(anonymous_6)
FNDA:0,(anonymous_7)
FNDA:0,(anonymous_8)
DA:1,17
DA:2,17
DA:3,17
DA:4,17
DA:5,17
DA:6,17
DA:7,17
DA:8,17
DA:9,17
DA:11,17
DA:22,17
DA:29,17
DA:42,17
DA:47,17
DA:58,17
DA:81,17
DA:82,318
DA:83,318
DA:84,318
DA:86,318
DA:87,318
DA:88,318
DA:92,0
DA:99,0
DA:116,0
DA:117,0
DA:118,0
DA:119,0
DA:135,0
DA:138,0
DA:139,0
DA:153,17
LF:32
LH:23
BRDA:11,0,0,17
BRDA:11,0,1,17
BRDA:22,1,0,17
BRDA:22,1,1,17
BRDA:29,2,0,17
BRDA:29,2,1,17
BRDA:42,3,0,17
BRDA:42,3,1,17
BRDA:47,4,0,17
BRDA:47,4,1,17
BRDA:58,5,0,17
BRDA:58,5,1,17
BRDA:113,6,0,316
BRDA:113,6,1,2
BRDA:125,7,0,318
BRDA:125,7,1,316
BRDA:130,8,0,316
BRDA:130,8,1,0
BRF:18
BRH:17
end_of_record
TN:
SF:src/contexts/CommAppContext.tsx
FN:16,(anonymous_22)
FN:30,(anonymous_23)
FN:36,(anonymous_24)
FN:37,(anonymous_25)
FN:57,(anonymous_28)
FNF:5
FNH:1
FNDA:18,(anonymous_22)
FNDA:0,(anonymous_23)
FNDA:0,(anonymous_24)
FNDA:0,(anonymous_25)
FNDA:0,(anonymous_28)
DA:1,18
DA:2,18
DA:3,18
DA:4,18
DA:16,18
DA:17,18
DA:18,18
DA:19,18
DA:20,18
DA:21,18
DA:24,18
DA:26,18
DA:30,18
DA:31,0
DA:32,0
DA:36,0
DA:37,0
DA:38,0
DA:40,0
DA:41,0
DA:42,0
DA:44,0
DA:49,0
DA:50,0
DA:52,0
DA:53,0
DA:57,0
DA:65,0
DA:79,18
LF:29
LH:14
BRDA:16,0,0,18
BRDA:16,0,1,18
BRDA:49,1,0,0
BRDA:49,1,1,0
BRDA:52,2,0,0
BRDA:52,2,1,0
BRF:6
BRH:2
end_of_record
TN:
SF:src/contexts/PlantContext.tsx
FN:22,(anonymous_22)
FN:36,(anonymous_23)
FN:54,(anonymous_24)
FN:60,(anonymous_25)
FN:66,(anonymous_26)
FN:72,(anonymous_27)
FN:74,(anonymous_28)
FN:99,(anonymous_31)
FNF:8
FNH:0
FNDA:0,(anonymous_22)
FNDA:0,(anonymous_23)
FNDA:0,(anonymous_24)
FNDA:0,(anonymous_25)
FNDA:0,(anonymous_26)
FNDA:0,(anonymous_27)
FNDA:0,(anonymous_28)
FNDA:0,(anonymous_31)
DA:1,17
DA:2,17
DA:4,17
DA:5,17
DA:6,17
DA:7,17
DA:8,17
DA:9,17
DA:10,17
DA:20,17
DA:22,17
DA:23,0
DA:25,0
DA:26,0
DA:27,0
DA:28,0
DA:29,0
DA:30,0
DA:32,0
DA:33,0
DA:34,0
DA:36,0
DA:37,0
DA:38,0
DA:41,0
DA:44,0
DA:45,0
DA:46,0
DA:49,0
DA:50,0
DA:51,0
DA:54,0
DA:55,0
DA:56,0
DA:57,0
DA:60,0
DA:61,0
DA:62,0
DA:63,0
DA:66,0
DA:67,0
DA:68,0
DA:69,0
DA:72,0
DA:73,0
DA:74,0
DA:75,0
DA:77,0
DA:80,0
DA:81,0
DA:82,0
DA:84,0
DA:85,0
DA:86,0
DA:87,0
DA:91,0
DA:94,0
DA:99,0
DA:100,0
DA:101,0
DA:102,0
DA:105,0
DA:106,0
DA:107,0
DA:119,0
DA:122,0
DA:138,17
LF:67
LH:12
BRDA:44,0,0,0
BRDA:44,0,1,0
BRDA:44,1,0,0
BRDA:44,1,1,0
BRDA:49,2,0,0
BRDA:49,2,1,0
BRDA:49,3,0,0
BRDA:49,3,1,0
BRDA:49,3,2,0
BRDA:50,4,0,0
BRDA:50,4,1,0
BRDA:56,5,0,0
BRDA:56,5,1,0
BRDA:61,6,0,0
BRDA:61,6,1,0
BRDA:62,7,0,0
BRDA:62,7,1,0
BRDA:67,8,0,0
BRDA:67,8,1,0
BRDA:68,9,0,0
BRDA:68,9,1,0
BRDA:68,10,0,0
BRDA:68,10,1,0
BRDA:73,11,0,0
BRDA:73,11,1,0
BRDA:80,12,0,0
BRDA:86,13,0,0
BRDA:86,13,1,0
BRDA:100,14,0,0
BRDA:100,14,1,0
BRDA:100,15,0,0
BRDA:100,15,1,0
BRDA:101,16,0,0
BRDA:101,16,1,0
BRDA:101,17,0,0
BRDA:101,17,1,0
BRDA:105,18,0,0
BRDA:105,18,1,0
BRDA:106,19,0,0
BRDA:106,19,1,0
BRF:40
BRH:0
end_of_record
TN:
SF:src/declarations/eds-core-react.d.ts
FNF:0
FNH:0
LF:0
LH:0
BRF:0
BRH:0
end_of_record
TN:
SF:src/declarations/eds-icons.d.ts
FNF:0
FNH:0
LF:0
LH:0
BRF:0
BRH:0
end_of_record
TN:
SF:src/declarations/eds-tokens.d.ts
FNF:0
FNH:0
LF:0
LH:0
BRF:0
BRH:0
end_of_record
TN:
SF:src/declarations/globals.d.ts
FNF:0
FNH:0
LF:0
LH:0
BRF:0
BRH:0
end_of_record
TN:
SF:src/pages/Bookmarks/Bookmarks.tsx
FN:29,(anonymous_4)
FN:33,(anonymous_5)
FN:38,(anonymous_6)
FN:42,(anonymous_7)
FN:67,(anonymous_8)
FNF:5
FNH:3
FNDA:3,(anonymous_4)
FNDA:3,(anonymous_5)
FNDA:0,(anonymous_6)
FNDA:3,(anonymous_7)
FNDA:0,(anonymous_8)
DA:1,1
DA:2,1
DA:3,1
DA:4,1
DA:5,1
DA:6,1
DA:7,1
DA:8,1
DA:9,1
DA:10,1
DA:11,1
DA:13,1
DA:23,1
DA:29,1
DA:30,3
DA:31,3
DA:32,3
DA:33,3
DA:38,0
DA:42,3
DA:43,3
DA:44,0
DA:46,3
DA:58,3
DA:67,0
DA:77,1
LF:26
LH:23
BRDA:13,0,0,1
BRDA:13,0,1,1
BRDA:23,1,0,1
BRDA:23,1,1,1
BRDA:43,2,0,0
BRDA:43,2,1,3
BRDA:50,3,0,0
BRDA:50,3,1,3
BRDA:50,4,0,3
BRDA:50,4,1,3
BRF:10
BRH:8
end_of_record
TN:
SF:src/pages/Bookmarks/useBookmarks.tsx
FN:4,(anonymous_2)
FN:11,(anonymous_3)
FN:13,(anonymous_4)
FN:18,(anonymous_5)
FN:28,(anonymous_6)
FN:35,(anonymous_7)
FN:40,(anonymous_8)
FN:44,(anonymous_9)
FN:50,(anonymous_10)
FN:59,(anonymous_11)
FN:66,(anonymous_12)
FNF:11
FNH:10
FNDA:17,(anonymous_2)
FNDA:13,(anonymous_3)
FNDA:15,(anonymous_4)
FNDA:7,(anonymous_5)
FNDA:23,(anonymous_6)
FNDA:4,(anonymous_7)
FNDA:11,(anonymous_8)
FNDA:6,(anonymous_9)
FNDA:7,(anonymous_10)
FNDA:0,(anonymous_11)
FNDA:11,(anonymous_12)
DA:1,17
DA:2,17
DA:4,17
DA:5,17
DA:6,17
DA:7,17
DA:8,17
DA:11,17
DA:12,13
DA:13,15
DA:15,13
DA:18,17
DA:19,7
DA:22,7
DA:23,6
DA:25,1
DA:28,17
DA:29,23
DA:30,23
DA:31,23
DA:32,23
DA:35,23
DA:36,4
DA:40,23
DA:41,11
DA:42,7
DA:44,6
DA:50,23
DA:51,7
DA:52,3
DA:53,3
DA:54,3
DA:56,0
DA:57,0
DA:59,0
DA:66,23
DA:67,11
DA:68,7
DA:74,23
DA:80,17
LF:40
LH:37
BRDA:4,0,0,17
BRDA:4,0,1,17
BRDA:22,1,0,6
BRDA:22,1,1,1
BRDA:30,2,0,0
BRDA:30,2,1,23
BRDA:30,3,0,23
BRDA:30,3,1,23
BRDA:41,4,0,4
BRDA:41,4,1,7
BRDA:51,5,0,4
BRDA:51,5,1,3
BRDA:52,6,0,3
BRDA:52,6,1,0
BRDA:53,7,0,0
BRDA:53,7,1,3
BRDA:56,8,0,0
BRDA:56,8,1,0
BRDA:67,9,0,4
BRDA:67,9,1,7
BRF:20
BRH:15
end_of_record
TN:
SF:src/pages/Checklist/Checklist.tsx
FN:36,(anonymous_23)
FN:61,(anonymous_24)
FN:62,(anonymous_25)
FN:76,(anonymous_28)
FN:81,(anonymous_29)
FN:119,(anonymous_30)
FN:132,(anonymous_31)
FN:136,(anonymous_32)
FN:147,(anonymous_33)
FNF:9
FNH:6
FNDA:125,(anonymous_23)
FNDA:16,(anonymous_24)
FNDA:32,(anonymous_25)
FNDA:16,(anonymous_28)
FNDA:125,(anonymous_29)
FNDA:0,(anonymous_30)
FNDA:88,(anonymous_31)
FNDA:0,(anonymous_32)
FNDA:0,(anonymous_33)
DA:1,1
DA:2,1
DA:3,1
DA:5,1
DA:6,1
DA:7,1
DA:8,1
DA:9,1
DA:10,1
DA:11,1
DA:12,1
DA:13,1
DA:17,1
DA:18,1
DA:19,1
DA:20,1
DA:21,1
DA:22,1
DA:23,1
DA:24,2
DA:26,1
DA:36,1
DA:37,125
DA:38,125
DA:43,125
DA:44,125
DA:45,125
DA:46,125
DA:47,125
DA:48,125
DA:51,125
DA:52,125
DA:55,125
DA:56,125
DA:57,125
DA:58,125
DA:59,125
DA:61,125
DA:62,16
DA:64,16
DA:68,15
DA:69,15
DA:70,15
DA:71,15
DA:73,1
DA:76,16
DA:77,16
DA:81,125
DA:82,125
DA:83,95
DA:119,0
DA:132,88
DA:137,0
DA:150,0
DA:192,125
DA:213,1
LF:56
LH:53
BRDA:26,0,0,1
BRDA:26,0,1,1
BRDA:82,1,0,30
BRDA:82,1,1,95
BRDA:90,2,0,95
BRDA:90,2,1,7
BRDA:124,3,0,0
BRDA:124,3,1,95
BRDA:176,4,0,95
BRDA:176,4,1,88
BRDA:176,4,2,55
BRF:11
BRH:10
end_of_record
TN:
SF:src/pages/Checklist/ChecklistDetailsCard.tsx
FN:24,(anonymous_4)
FN:48,(anonymous_5)
FNF:2
FNH:2
FNDA:87,(anonymous_4)
FNDA:87,(anonymous_5)
DA:2,2
DA:3,2
DA:5,2
DA:7,2
DA:11,2
DA:20,2
DA:25,87
DA:48,2
DA:49,87
DA:50,87
DA:51,87
DA:53,87
DA:65,2
LF:13
LH:13
BRDA:7,0,0,2
BRDA:7,0,1,2
BRDA:11,1,0,2
BRDA:11,1,1,2
BRDA:20,2,0,2
BRDA:20,2,1,2
BRDA:25,3,0,5
BRDA:25,3,1,82
BRF:8
BRH:8
end_of_record
TN:
SF:src/pages/Checklist/ChecklistSignature.tsx
FN:28,(anonymous_17)
FN:32,(anonymous_18)
FN:51,(anonymous_19)
FN:67,(anonymous_20)
FN:77,(anonymous_23)
FN:83,(anonymous_24)
FN:97,(anonymous_27)
FN:104,(anonymous_28)
FN:110,(anonymous_29)
FN:116,(anonymous_30)
FN:153,(anonymous_31)
FN:156,(anonymous_32)
FNF:12
FNH:12
FNDA:122,(anonymous_17)
FNDA:122,(anonymous_18)
FNDA:122,(anonymous_19)
FNDA:6,(anonymous_20)
FNDA:1,(anonymous_23)
FNDA:2,(anonymous_24)
FNDA:1,(anonymous_27)
FNDA:115,(anonymous_28)
FNDA:19,(anonymous_29)
FNDA:2,(anonymous_30)
FNDA:38,(anonymous_31)
FNDA:3,(anonymous_32)
DA:1,1
DA:3,1
DA:9,1
DA:10,1
DA:11,1
DA:15,1
DA:17,1
DA:18,2
DA:20,1
DA:28,122
DA:32,1
DA:33,122
DA:34,2
DA:35,1
DA:37,120
DA:38,115
DA:51,1
DA:52,122
DA:53,122
DA:54,122
DA:55,122
DA:56,122
DA:57,122
DA:59,122
DA:60,122
DA:61,122
DA:64,122
DA:65,122
DA:67,125
DA:68,3
DA:69,2
DA:71,4
DA:76,1
DA:77,1
DA:79,1
DA:83,123
DA:84,1
DA:86,2
DA:87,0
DA:88,0
DA:90,2
DA:91,1
DA:93,1
DA:94,1
DA:97,1
DA:99,0
DA:100,0
DA:104,122
DA:105,115
DA:110,122
DA:111,19
DA:115,17
DA:116,2
DA:117,2
DA:121,122
DA:155,38
DA:156,3
DA:172,1
LF:58
LH:54
BRDA:20,0,0,1
BRDA:20,0,1,1
BRDA:28,1,0,7
BRDA:28,1,1,115
BRDA:33,2,0,2
BRDA:33,2,1,120
BRDA:34,3,0,1
BRDA:34,3,1,1
BRDA:37,4,0,5
BRDA:37,4,1,115
BRDA:68,5,0,1
BRDA:68,5,1,2
BRDA:90,6,0,1
BRDA:86,7,0,1
BRDA:86,7,1,0
BRDA:95,8,0,0
BRDA:95,8,1,1
BRDA:111,9,0,17
BRDA:111,9,1,2
BRDA:112,10,0,19
BRDA:112,10,1,4
BRDA:127,11,0,1
BRDA:127,11,1,121
BRDA:142,12,0,122
BRDA:142,12,1,116
BRDA:149,13,0,115
BRDA:149,13,1,7
BRDA:147,14,0,122
BRDA:147,14,1,115
BRDA:163,15,0,122
BRDA:163,15,1,120
BRF:31
BRH:29
end_of_record
TN:
SF:src/pages/Checklist/CheckItems/CheckAllButton.tsx
FN:23,(anonymous_17)
FN:31,(anonymous_18)
FN:34,(anonymous_21)
FN:38,(anonymous_22)
FN:46,(anonymous_23)
FN:55,(anonymous_24)
FN:58,(anonymous_27)
FN:62,(anonymous_28)
FN:70,(anonymous_29)
FNF:9
FNH:9
FNDA:83,(anonymous_17)
FNDA:2,(anonymous_18)
FNDA:3,(anonymous_21)
FNDA:1,(anonymous_22)
FNDA:1,(anonymous_23)
FNDA:2,(anonymous_24)
FNDA:3,(anonymous_27)
FNDA:1,(anonymous_28)
FNDA:1,(anonymous_29)
DA:1,1
DA:3,1
DA:4,1
DA:5,1
DA:6,1
DA:7,1
DA:9,1
DA:23,1
DA:24,83
DA:25,83
DA:26,83
DA:27,83
DA:29,83
DA:30,83
DA:31,84
DA:32,1
DA:33,1
DA:34,3
DA:37,2
DA:39,1
DA:46,1
DA:47,1
DA:48,1
DA:50,0
DA:51,0
DA:55,84
DA:56,1
DA:57,1
DA:58,3
DA:61,2
DA:63,1
DA:70,1
DA:71,1
DA:72,1
DA:74,0
DA:75,0
DA:79,83
DA:93,1
LF:38
LH:34
BRDA:9,0,0,1
BRDA:9,0,1,1
BRDA:34,1,0,3
BRDA:34,1,1,3
BRDA:58,2,0,3
BRDA:58,2,1,1
BRDA:82,3,0,22
BRDA:82,3,1,61
BRDA:86,4,0,22
BRDA:86,4,1,61
BRDA:88,5,0,22
BRDA:88,5,1,61
BRF:12
BRH:12
end_of_record
TN:
SF:src/pages/Checklist/CheckItems/CheckHeader.tsx
FN:11,(anonymous_4)
FN:34,(anonymous_5)
FNF:2
FNH:2
FNDA:86,(anonymous_4)
FNDA:86,(anonymous_5)
DA:2,1
DA:3,1
DA:5,1
DA:12,86
DA:24,1
DA:34,86
DA:35,86
DA:46,1
LF:8
LH:8
BRDA:5,0,0,1
BRDA:5,0,1,1
BRDA:12,1,0,0
BRDA:12,1,1,86
BRDA:24,2,0,1
BRDA:24,2,1,1
BRDA:39,3,0,86
BRDA:39,3,1,86
BRDA:40,4,0,86
BRDA:40,4,1,86
BRF:10
BRH:9
end_of_record
TN:
SF:src/pages/Checklist/CheckItems/CheckItems.tsx
FN:24,(anonymous_10)
FN:25,(anonymous_11)
FN:37,(anonymous_12)
FN:47,(anonymous_13)
FN:51,(anonymous_14)
FN:52,(anonymous_15)
FN:53,(anonymous_16)
FN:61,(anonymous_17)
FN:62,(anonymous_18)
FN:63,(anonymous_19)
FN:71,(anonymous_20)
FN:103,(anonymous_21)
FNF:12
FNH:12
FNDA:23,(anonymous_10)
FNDA:67,(anonymous_11)
FNDA:86,(anonymous_12)
FNDA:23,(anonymous_13)
FNDA:4,(anonymous_14)
FNDA:4,(anonymous_15)
FNDA:12,(anonymous_16)
FNDA:6,(anonymous_17)
FNDA:6,(anonymous_18)
FNDA:18,(anonymous_19)
FNDA:258,(anonymous_20)
FNDA:258,(anonymous_21)
DA:1,1
DA:2,1
DA:7,1
DA:8,1
DA:9,1
DA:11,1
DA:24,1
DA:25,67
DA:37,1
DA:38,86
DA:39,86
DA:40,86
DA:41,86
DA:42,86
DA:43,86
DA:45,86
DA:47,86
DA:48,23
DA:51,86
DA:52,4
DA:53,4
DA:54,12
DA:61,86
DA:62,6
DA:63,6
DA:64,18
DA:71,86
DA:76,258
DA:77,0
DA:79,258
DA:80,86
DA:88,172
DA:103,86
DA:104,258
DA:107,258
DA:114,86
DA:129,1
LF:37
LH:36
BRDA:11,0,0,1
BRDA:11,0,1,1
BRDA:25,1,0,67
BRDA:25,1,1,64
BRDA:55,2,0,4
BRDA:55,2,1,8
BRDA:65,3,0,6
BRDA:65,3,1,12
BRDA:76,4,0,0
BRDA:76,4,1,258
BRDA:76,5,0,258
BRDA:76,5,1,86
BRDA:79,6,0,86
BRDA:79,6,1,172
BRDA:90,7,0,0
BRDA:90,7,1,172
BRDA:105,8,0,172
BRDA:105,8,1,86
BRDA:116,9,0,86
BRDA:116,9,1,81
BRF:20
BRH:18
end_of_record
TN:
SF:src/pages/Checklist/CheckItems/CheckItem/CheckItem.tsx
FN:12,(anonymous_17)
FN:17,(anonymous_18)
FN:72,(anonymous_19)
FN:86,(anonymous_20)
FN:99,(anonymous_23)
FN:117,(anonymous_26)
FN:140,(anonymous_29)
FN:141,(anonymous_30)
FNF:8
FNH:8
FNDA:181,(anonymous_17)
FNDA:181,(anonymous_18)
FNDA:181,(anonymous_19)
FNDA:6,(anonymous_20)
FNDA:8,(anonymous_23)
FNDA:6,(anonymous_26)
FNDA:1,(anonymous_29)
FNDA:1,(anonymous_30)
DA:1,1
DA:2,1
DA:4,1
DA:5,1
DA:6,1
DA:7,1
DA:8,1
DA:9,1
DA:11,1
DA:13,181
DA:17,181
DA:23,1
DA:29,1
DA:49,1
DA:57,1
DA:72,1
DA:73,181
DA:74,181
DA:75,181
DA:76,181
DA:77,181
DA:79,181
DA:80,181
DA:83,181
DA:84,181
DA:86,184
DA:88,6
DA:89,2
DA:90,2
DA:91,2
DA:92,2
DA:94,1
DA:95,1
DA:99,185
DA:100,4
DA:101,4
DA:102,3
DA:103,3
DA:106,2
DA:107,0
DA:108,0
DA:109,0
DA:110,0
DA:112,1
DA:113,1
DA:117,184
DA:118,3
DA:119,3
DA:121,6
DA:122,2
DA:123,2
DA:124,2
DA:125,2
DA:127,1
DA:128,1
DA:132,181
DA:141,1
DA:202,1
LF:58
LH:54
BRDA:11,0,0,1
BRDA:11,0,1,1
BRDA:13,1,0,82
BRDA:13,1,1,99
BRDA:17,2,0,82
BRDA:17,2,1,99
BRDA:23,3,0,1
BRDA:23,3,1,1
BRDA:29,4,0,1
BRDA:29,4,1,1
BRDA:49,5,0,1
BRDA:49,5,1,1
BRDA:57,6,0,1
BRDA:57,6,1,1
BRDA:101,7,0,3
BRDA:101,7,1,1
BRDA:118,8,0,0
BRDA:118,8,1,3
BRDA:138,9,0,181
BRDA:138,9,1,90
BRDA:146,10,0,1
BRDA:146,10,1,89
BRDA:152,11,0,1
BRDA:152,11,1,89
BRDA:163,12,0,181
BRDA:163,12,1,171
BRDA:163,12,2,94
BRDA:175,13,0,181
BRDA:175,13,1,171
BRDA:186,14,0,181
BRDA:186,14,1,1
BRDA:188,15,0,181
BRDA:188,15,1,0
BRDA:188,15,2,0
BRDA:190,16,0,0
BRDA:190,16,1,0
BRF:36
BRH:31
end_of_record
TN:
SF:src/pages/Checklist/CheckItems/CheckItem/MetaTable/MetaTable.tsx
FN:67,(anonymous_10)
FN:72,(anonymous_11)
FN:81,(anonymous_12)
FN:82,(anonymous_13)
FN:106,(anonymous_14)
FNF:5
FNH:5
FNDA:2,(anonymous_10)
FNDA:4,(anonymous_11)
FNDA:4,(anonymous_12)
FNDA:8,(anonymous_13)
FNDA:2,(anonymous_14)
DA:1,2
DA:3,2
DA:4,2
DA:5,2
DA:6,2
DA:8,2
DA:41,2
DA:67,2
DA:68,2
DA:69,2
DA:72,4
DA:81,2
DA:82,4
DA:83,8
DA:96,4
DA:106,2
DA:107,2
DA:113,2
DA:139,2
LF:19
LH:19
BRDA:8,0,0,2
BRDA:8,0,1,2
BRDA:41,1,0,2
BRDA:41,1,1,2
BRDA:74,2,0,4
BRDA:74,2,1,4
BRDA:92,3,0,0
BRDA:92,3,1,8
BRDA:99,4,0,4
BRDA:99,4,1,4
BRDA:116,5,0,2
BRDA:116,5,1,2
BRDA:127,6,0,2
BRDA:127,6,1,0
BRF:14
BRH:12
end_of_record
TN:
SF:src/pages/Checklist/CheckItems/CheckItem/MetaTable/MetaTableCell.tsx
FN:27,determineHelperText
FN:34,(anonymous_16)
FN:51,(anonymous_17)
FN:69,(anonymous_20)
FN:71,(anonymous_21)
FN:74,(anonymous_22)
FN:90,(anonymous_23)
FN:91,(anonymous_24)
FN:94,(anonymous_25)
FNF:9
FNH:9
FNDA:25,determineHelperText
FNDA:25,(anonymous_16)
FNDA:6,(anonymous_17)
FNDA:20,(anonymous_20)
FNDA:1,(anonymous_21)
FNDA:2,(anonymous_22)
FNDA:4,(anonymous_23)
FNDA:3,(anonymous_24)
FNDA:4,(anonymous_25)
DA:1,3
DA:2,3
DA:3,3
DA:4,3
DA:5,3
DA:7,3
DA:28,25
DA:29,24
DA:30,20
DA:31,18
DA:34,3
DA:35,25
DA:36,25
DA:37,25
DA:38,25
DA:39,25
DA:40,25
DA:41,25
DA:43,25
DA:44,25
DA:45,25
DA:48,25
DA:49,25
DA:51,28
DA:52,3
DA:54,6
DA:62,2
DA:64,1
DA:65,1
DA:69,25
DA:70,20
DA:71,2
DA:72,1
DA:74,2
DA:77,25
DA:90,4
DA:92,3
DA:98,4
DA:107,3
LF:39
LH:39
BRDA:7,0,0,3
BRDA:7,0,1,3
BRDA:28,1,0,1
BRDA:28,1,1,24
BRDA:29,2,0,4
BRDA:29,2,1,20
BRDA:30,3,0,2
BRDA:30,3,1,18
BRDA:70,4,0,18
BRDA:70,4,1,2
BRDA:83,5,0,25
BRDA:83,5,1,0
BRDA:86,6,0,25
BRDA:86,6,1,1
BRDA:86,6,2,24
BRDA:86,6,3,2
BRDA:86,6,4,22
BRDA:92,7,0,3
BRDA:92,7,1,3
BRF:19
BRH:18
end_of_record
TN:
SF:src/pages/CommPkg/CommPkg.tsx
FN:25,(anonymous_15)
FN:34,(anonymous_16)
FN:36,(anonymous_17)
FN:55,(anonymous_20)
FN:60,(anonymous_21)
FNF:5
FNH:0
FNDA:0,(anonymous_15)
FNDA:0,(anonymous_16)
FNDA:0,(anonymous_17)
FNDA:0,(anonymous_20)
FNDA:0,(anonymous_21)
DA:1,0
DA:2,0
DA:3,0
DA:4,0
DA:5,0
DA:6,0
DA:7,0
DA:8,0
DA:9,0
DA:10,0
DA:11,0
DA:17,0
DA:18,0
DA:19,0
DA:20,0
DA:21,0
DA:23,0
DA:25,0
DA:26,0
DA:27,0
DA:28,0
DA:29,0
DA:30,0
DA:34,0
DA:35,0
DA:36,0
DA:38,0
DA:42,0
DA:47,0
DA:48,0
DA:49,0
DA:50,0
DA:52,0
DA:55,0
DA:56,0
DA:60,0
DA:61,0
DA:67,0
DA:76,0
DA:77,0
DA:83,0
DA:90,0
DA:112,0
LF:43
LH:0
BRDA:23,0,0,0
BRDA:23,0,1,0
BRDA:61,1,0,0
BRDA:61,1,1,0
BRDA:62,2,0,0
BRDA:62,2,1,0
BRDA:62,2,2,0
BRDA:62,2,3,0
BRDA:76,3,0,0
BRDA:76,3,1,0
BRF:10
BRH:0
end_of_record
TN:
SF:src/pages/CommPkg/DetailsCard.tsx
FN:22,(anonymous_17)
FN:23,(anonymous_18)
FN:25,(anonymous_19)
FN:26,(anonymous_20)
FN:68,(anonymous_21)
FN:80,(anonymous_22)
FN:82,(anonymous_23)
FN:97,(anonymous_26)
FN:127,(anonymous_27)
FN:129,(anonymous_28)
FNF:10
FNH:8
FNDA:2,(anonymous_17)
FNDA:2,(anonymous_18)
FNDA:2,(anonymous_19)
FNDA:2,(anonymous_20)
FNDA:23,(anonymous_21)
FNDA:4,(anonymous_22)
FNDA:8,(anonymous_23)
FNDA:4,(anonymous_26)
FNDA:0,(anonymous_27)
FNDA:0,(anonymous_28)
DA:1,2
DA:2,2
DA:4,2
DA:5,2
DA:6,2
DA:7,2
DA:8,2
DA:9,2
DA:10,2
DA:11,2
DA:12,2
DA:14,2
DA:22,2
DA:24,2
DA:25,2
DA:26,2
DA:29,2
DA:35,2
DA:44,2
DA:49,2
DA:55,2
DA:68,2
DA:69,23
DA:70,23
DA:71,23
DA:73,23
DA:74,23
DA:75,23
DA:76,23
DA:80,23
DA:81,4
DA:82,4
DA:84,4
DA:89,2
DA:90,2
DA:92,2
DA:93,1
DA:97,4
DA:98,4
DA:102,23
DA:103,1
DA:109,22
DA:110,2
DA:128,0
DA:129,0
DA:152,20
DA:159,2
LF:47
LH:45
BRDA:14,0,0,2
BRDA:14,0,1,2
BRDA:22,1,0,1
BRDA:22,1,1,1
BRDA:24,2,0,1
BRDA:24,2,1,1
BRDA:25,3,0,1
BRDA:25,3,1,1
BRDA:26,4,0,1
BRDA:26,4,1,1
BRDA:29,5,0,2
BRDA:29,5,1,2
BRDA:35,6,0,2
BRDA:35,6,1,2
BRDA:44,7,0,2
BRDA:44,7,1,2
BRDA:49,8,0,2
BRDA:49,8,1,2
BRDA:55,9,0,2
BRDA:55,9,1,2
BRDA:70,10,0,5
BRDA:70,10,1,18
BRDA:92,11,0,1
BRDA:92,11,1,1
BRDA:102,12,0,1
BRDA:102,12,1,22
BRDA:109,13,0,2
BRDA:109,13,1,20
BRDA:109,14,0,22
BRDA:109,14,1,2
BRDA:136,15,0,1
BRDA:136,15,1,1
BRF:32
BRH:32
end_of_record
TN:
SF:src/pages/CommPkg/DetailsCardShell.tsx
FN:16,(anonymous_4)
FN:18,(anonymous_5)
FN:20,(anonymous_6)
FN:28,(anonymous_7)
FNF:4
FNH:4
FNDA:17,(anonymous_4)
FNDA:17,(anonymous_5)
FNDA:17,(anonymous_6)
FNDA:17,(anonymous_7)
DA:1,2
DA:3,2
DA:5,2
DA:17,17
DA:18,17
DA:20,17
DA:28,2
DA:29,17
DA:30,17
DA:32,17
DA:39,2
LF:11
LH:11
BRDA:5,0,0,2
BRDA:5,0,1,2
BRDA:17,1,0,14
BRDA:17,1,1,3
BRDA:18,2,0,14
BRDA:18,2,1,3
BRDA:20,3,0,14
BRDA:20,3,1,3
BRF:8
BRH:8
end_of_record
TN:
SF:src/pages/CommPkg/NavigationFooter.tsx
FN:43,(anonymous_4)
FN:53,(anonymous_5)
FN:54,(anonymous_6)
FN:56,(anonymous_7)
FN:93,(anonymous_8)
FN:107,(anonymous_9)
FN:121,(anonymous_10)
FN:135,(anonymous_11)
FNF:8
FNH:5
FNDA:6,(anonymous_4)
FNDA:6,(anonymous_5)
FNDA:6,(anonymous_6)
FNDA:6,(anonymous_7)
FNDA:2,(anonymous_8)
FNDA:0,(anonymous_9)
FNDA:0,(anonymous_10)
FNDA:0,(anonymous_11)
DA:2,1
DA:3,1
DA:4,1
DA:5,1
DA:6,1
DA:7,1
DA:9,1
DA:26,1
DA:32,1
DA:43,6
DA:53,6
DA:55,6
DA:56,6
DA:66,1
DA:82,1
DA:93,1
DA:94,2
DA:95,2
DA:96,2
DA:97,2
DA:99,2
DA:100,2
DA:102,2
DA:107,0
DA:121,0
DA:135,0
DA:155,1
LF:27
LH:24
BRDA:9,0,0,1
BRDA:9,0,1,1
BRDA:26,1,0,1
BRDA:26,1,1,1
BRDA:32,2,0,1
BRDA:32,2,1,1
BRDA:43,3,0,0
BRDA:43,3,1,6
BRDA:53,4,0,0
BRDA:53,4,1,6
BRDA:55,5,0,0
BRDA:55,5,1,6
BRDA:56,6,0,0
BRDA:56,6,1,6
BRDA:66,7,0,1
BRDA:66,7,1,1
BRDA:82,8,0,1
BRDA:82,8,1,1
BRDA:109,9,0,2
BRDA:109,9,1,2
BRDA:123,10,0,2
BRDA:123,10,1,2
BRDA:137,11,0,2
BRDA:137,11,1,2
BRDA:143,12,0,0
BRDA:143,12,1,2
BRF:26
BRH:21
end_of_record
TN:
SF:src/pages/CommPkg/NavigationFooterShell.tsx
FN:14,(anonymous_2)
FNF:1
FNH:0
FNDA:0,(anonymous_2)
DA:2,0
DA:3,0
DA:5,0
DA:14,0
DA:15,0
DA:20,0
LF:6
LH:0
BRDA:5,0,0,0
BRDA:5,0,1,0
BRF:2
BRH:0
end_of_record
TN:
SF:src/pages/CommPkg/PunchList/PunchList.tsx
FN:22,(anonymous_17)
FN:29,(anonymous_18)
FN:30,(anonymous_19)
FN:59,(anonymous_22)
FNF:4
FNH:4
FNDA:8,(anonymous_17)
FNDA:3,(anonymous_18)
FNDA:6,(anonymous_19)
FNDA:2,(anonymous_22)
DA:1,1
DA:2,1
DA:3,1
DA:4,1
DA:5,1
DA:6,1
DA:7,1
DA:9,1
DA:10,1
DA:12,1
DA:18,1
DA:22,1
DA:23,8
DA:24,8
DA:25,8
DA:29,8
DA:30,3
DA:31,3
DA:33,3
DA:37,2
DA:38,2
DA:39,1
DA:41,1
DA:44,1
DA:49,8
DA:59,2
DA:99,1
LF:27
LH:27
BRDA:12,0,0,1
BRDA:12,0,1,1
BRDA:18,1,0,1
BRDA:18,1,1,1
BRDA:38,2,0,1
BRDA:38,2,1,1
BRDA:59,3,0,4
BRDA:59,3,1,4
BRDA:59,4,0,8
BRDA:59,4,1,8
BRDA:63,5,0,0
BRDA:63,5,1,2
BRDA:71,6,0,0
BRDA:71,6,1,2
BRF:14
BRH:12
end_of_record
TN:
SF:src/pages/CommPkg/Scope/Scope.tsx
FN:49,(anonymous_17)
FN:55,(anonymous_18)
FN:56,(anonymous_19)
FN:63,(anonymous_22)
FN:86,(anonymous_23)
FNF:5
FNH:4
FNDA:8,(anonymous_17)
FNDA:3,(anonymous_18)
FNDA:6,(anonymous_19)
FNDA:0,(anonymous_22)
FNDA:2,(anonymous_23)
DA:1,4
DA:2,4
DA:3,4
DA:4,4
DA:5,4
DA:6,4
DA:8,4
DA:9,4
DA:11,4
DA:19,4
DA:44,4
DA:49,4
DA:50,8
DA:51,8
DA:52,8
DA:55,8
DA:56,3
DA:57,3
DA:59,3
DA:63,2
DA:64,0
DA:66,2
DA:67,2
DA:68,1
DA:70,1
DA:73,1
DA:78,8
DA:86,2
DA:108,4
LF:29
LH:28
BRDA:11,0,0,4
BRDA:11,0,1,4
BRDA:19,1,0,4
BRDA:19,1,1,4
BRDA:44,2,0,4
BRDA:44,2,1,4
BRDA:67,3,0,1
BRDA:67,3,1,1
BRDA:86,4,0,4
BRDA:86,4,1,4
BRDA:86,5,0,8
BRDA:86,5,1,8
BRF:12
BRH:12
end_of_record
TN:
SF:src/pages/CommPkg/Tasks/Tasks.tsx
FN:19,(anonymous_4)
FN:24,(anonymous_5)
FN:36,(anonymous_6)
FNF:3
FNH:3
FNDA:13,(anonymous_4)
FNDA:3,(anonymous_5)
FNDA:3,(anonymous_6)
DA:2,2
DA:3,2
DA:4,2
DA:5,2
DA:6,2
DA:7,2
DA:8,2
DA:9,2
DA:10,2
DA:13,2
DA:19,2
DA:20,13
DA:22,13
DA:23,13
DA:24,13
DA:25,3
DA:28,13
DA:36,3
DA:65,2
LF:19
LH:19
BRDA:13,0,0,2
BRDA:13,0,1,2
BRDA:36,1,0,7
BRDA:36,1,1,6
BRDA:36,2,0,13
BRDA:36,2,1,13
BRDA:42,3,0,3
BRDA:42,3,1,0
BRF:8
BRH:7
end_of_record
TN:
SF:src/pages/Punch/ClearPunch/ClearPunch.tsx
FN:29,(anonymous_10)
FN:61,(anonymous_11)
FN:78,(anonymous_12)
FN:85,(anonymous_13)
FN:100,(anonymous_14)
FN:107,(anonymous_15)
FN:123,(anonymous_16)
FN:127,(anonymous_17)
FN:150,(anonymous_18)
FN:157,(anonymous_19)
FN:174,(anonymous_20)
FN:182,(anonymous_21)
FN:198,(anonymous_22)
FN:212,(anonymous_23)
FN:215,(anonymous_24)
FN:225,(anonymous_25)
FNF:16
FNH:11
FNDA:19,(anonymous_10)
FNDA:19,(anonymous_11)
FNDA:10,(anonymous_12)
FNDA:10,(anonymous_13)
FNDA:5,(anonymous_14)
FNDA:10,(anonymous_15)
FNDA:0,(anonymous_16)
FNDA:0,(anonymous_17)
FNDA:5,(anonymous_18)
FNDA:10,(anonymous_19)
FNDA:10,(anonymous_20)
FNDA:10,(anonymous_21)
FNDA:0,(anonymous_22)
FNDA:2,(anonymous_23)
FNDA:0,(anonymous_24)
FNDA:0,(anonymous_25)
DA:1,3
DA:3,3
DA:4,3
DA:5,3
DA:6,3
DA:7,3
DA:8,3
DA:9,3
DA:12,3
DA:13,3
DA:14,3
DA:18,3
DA:19,3
DA:20,3
DA:21,3
DA:22,3
DA:24,3
DA:25,3
DA:27,3
DA:29,3
DA:31,19
DA:32,19
DA:33,19
DA:34,19
DA:35,19
DA:36,19
DA:37,19
DA:38,19
DA:39,19
DA:40,19
DA:41,19
DA:42,19
DA:43,19
DA:44,19
DA:45,19
DA:46,19
DA:47,19
DA:48,19
DA:50,19
DA:51,19
DA:52,19
DA:53,19
DA:54,19
DA:55,19
DA:59,19
DA:61,19
DA:62,19
DA:63,5
DA:79,10
DA:85,10
DA:101,5
DA:107,10
DA:124,0
DA:128,0
DA:132,0
DA:151,5
DA:157,10
DA:175,10
DA:182,10
DA:198,0
DA:212,2
DA:218,0
DA:228,0
DA:254,14
DA:255,1
DA:262,13
DA:266,19
DA:282,3
LF:68
LH:62
BRDA:27,0,0,3
BRDA:27,0,1,3
BRDA:62,1,0,5
BRDA:62,1,1,14
BRDA:62,2,0,19
BRDA:62,2,1,5
BRDA:128,3,0,0
BRDA:128,3,1,0
BRDA:203,4,0,0
BRDA:203,4,1,5
BRDA:245,5,0,5
BRDA:245,5,1,5
BRDA:254,6,0,1
BRDA:254,6,1,13
BRF:14
BRH:11
end_of_record
TN:
SF:src/pages/Punch/ClearPunch/PunchDetailsCard.tsx
FN:23,(anonymous_2)
FNF:1
FNH:1
FNDA:6,(anonymous_2)
DA:2,3
DA:3,3
DA:5,3
DA:23,3
DA:24,6
DA:25,6
DA:27,6
DA:41,3
LF:8
LH:8
BRDA:5,0,0,3
BRDA:5,0,1,3
BRF:2
BRH:2
end_of_record
TN:
SF:src/pages/Punch/ClearPunch/useClearPunchFacade.tsx
FN:14,(anonymous_16)
FN:22,(anonymous_17)
FN:37,(anonymous_18)
FN:53,(anonymous_19)
FN:55,(anonymous_20)
FN:74,(anonymous_22)
FN:75,(anonymous_23)
FN:79,(anonymous_24)
FN:88,(anonymous_25)
FN:89,(anonymous_26)
FN:92,(anonymous_27)
FN:100,(anonymous_28)
FN:103,(anonymous_29)
FN:108,(anonymous_30)
FN:109,(anonymous_31)
FN:112,(anonymous_32)
FN:120,(anonymous_33)
FN:123,(anonymous_34)
FN:126,(anonymous_35)
FN:134,(anonymous_36)
FN:134,(anonymous_37)
FN:150,(anonymous_39)
FN:151,(anonymous_40)
FNF:23
FNH:5
FNDA:3,(anonymous_16)
FNDA:3,(anonymous_17)
FNDA:19,(anonymous_18)
FNDA:0,(anonymous_19)
FNDA:0,(anonymous_20)
FNDA:0,(anonymous_22)
FNDA:0,(anonymous_23)
FNDA:0,(anonymous_24)
FNDA:0,(anonymous_25)
FNDA:0,(anonymous_26)
FNDA:0,(anonymous_27)
FNDA:0,(anonymous_28)
FNDA:0,(anonymous_29)
FNDA:0,(anonymous_30)
FNDA:0,(anonymous_31)
FNDA:0,(anonymous_32)
FNDA:0,(anonymous_33)
FNDA:0,(anonymous_34)
FNDA:0,(anonymous_35)
FNDA:0,(anonymous_36)
FNDA:0,(anonymous_37)
FNDA:3,(anonymous_39)
FNDA:6,(anonymous_40)
DA:1,3
DA:2,3
DA:9,3
DA:10,3
DA:11,3
DA:12,3
DA:14,3
DA:15,3
DA:16,3
DA:17,3
DA:18,3
DA:19,3
DA:22,3
DA:23,3
DA:24,3
DA:25,3
DA:26,3
DA:27,3
DA:37,3
DA:38,19
DA:39,19
DA:40,19
DA:41,19
DA:42,19
DA:43,19
DA:44,19
DA:47,19
DA:50,19
DA:53,19
DA:55,0
DA:57,0
DA:58,0
DA:60,0
DA:66,0
DA:67,0
DA:69,0
DA:70,0
DA:74,19
DA:75,0
DA:79,0
DA:83,0
DA:88,19
DA:89,0
DA:92,0
DA:95,0
DA:100,19
DA:103,0
DA:108,19
DA:109,0
DA:112,0
DA:115,0
DA:120,19
DA:123,0
DA:126,0
DA:129,0
DA:134,19
DA:135,0
DA:136,0
DA:138,0
DA:143,0
DA:144,0
DA:146,0
DA:150,19
DA:151,3
DA:153,3
DA:158,3
DA:164,2
DA:165,2
DA:166,2
DA:167,2
DA:168,2
DA:170,1
DA:175,19
DA:195,3
LF:74
LH:47
BRDA:14,0,0,3
BRDA:14,0,1,3
BRDA:22,1,0,3
BRDA:22,1,1,3
BRF:4
BRH:4
end_of_record
TN:
SF:src/pages/Punch/NewPunch/NewPunch.tsx
FN:48,(anonymous_16)
FN:73,(anonymous_17)
FN:73,(anonymous_18)
FN:82,(anonymous_20)
FN:95,(anonymous_21)
FN:96,(anonymous_22)
FN:97,(anonymous_23)
FN:102,(anonymous_24)
FN:103,(anonymous_25)
FN:131,(anonymous_28)
FN:152,(anonymous_29)
FN:156,(anonymous_30)
FN:167,(anonymous_31)
FN:180,(anonymous_32)
FN:192,(anonymous_33)
FN:199,(anonymous_34)
FNF:16
FNH:4
FNDA:21,(anonymous_16)
FNDA:0,(anonymous_17)
FNDA:0,(anonymous_18)
FNDA:0,(anonymous_20)
FNDA:0,(anonymous_21)
FNDA:0,(anonymous_22)
FNDA:0,(anonymous_23)
FNDA:3,(anonymous_24)
FNDA:6,(anonymous_25)
FNDA:20,(anonymous_28)
FNDA:0,(anonymous_29)
FNDA:0,(anonymous_30)
FNDA:0,(anonymous_31)
FNDA:0,(anonymous_32)
FNDA:0,(anonymous_33)
FNDA:0,(anonymous_34)
DA:1,1
DA:8,1
DA:9,1
DA:10,1
DA:11,1
DA:12,1
DA:14,1
DA:15,1
DA:16,1
DA:17,1
DA:18,1
DA:24,1
DA:25,1
DA:26,1
DA:27,1
DA:28,1
DA:40,1
DA:48,1
DA:49,21
DA:50,20
DA:53,20
DA:54,20
DA:55,20
DA:56,20
DA:59,20
DA:62,20
DA:65,20
DA:68,20
DA:69,20
DA:70,20
DA:71,20
DA:73,20
DA:74,0
DA:75,0
DA:83,0
DA:86,0
DA:88,0
DA:89,0
DA:91,0
DA:95,20
DA:96,0
DA:97,0
DA:99,0
DA:102,20
DA:103,3
DA:105,3
DA:110,3
DA:116,1
DA:117,1
DA:118,1
DA:119,1
DA:120,1
DA:122,2
DA:127,20
DA:128,0
DA:131,20
DA:132,20
DA:133,12
DA:152,0
DA:156,0
DA:168,0
DA:169,0
DA:180,0
DA:193,0
DA:199,0
DA:220,20
DA:240,1
LF:67
LH:49
BRDA:127,0,0,0
BRDA:127,0,1,20
BRDA:132,1,0,12
BRDA:132,1,1,8
BRDA:178,2,0,0
BRDA:178,2,1,12
BRDA:177,3,0,12
BRDA:177,3,1,0
BRDA:185,4,0,0
BRDA:185,4,1,0
BRDA:185,5,0,0
BRDA:185,5,1,0
BRDA:207,6,0,0
BRDA:207,6,1,12
BRF:14
BRH:6
end_of_record
TN:
SF:src/pages/Punch/NewPunch/NewPunchForm.tsx
FN:50,(anonymous_4)
FN:71,(anonymous_5)
FN:86,(anonymous_6)
FN:112,(anonymous_7)
FN:126,(anonymous_8)
FNF:5
FNH:5
FNDA:12,(anonymous_4)
FNDA:22,(anonymous_5)
FNDA:22,(anonymous_6)
FNDA:22,(anonymous_7)
FNDA:22,(anonymous_8)
DA:1,3
DA:3,3
DA:4,3
DA:5,3
DA:11,3
DA:14,3
DA:50,3
DA:51,12
DA:52,11
DA:53,11
DA:54,11
DA:55,11
DA:56,11
DA:57,11
DA:58,11
DA:59,11
DA:61,11
DA:71,22
DA:86,22
DA:112,22
DA:126,22
DA:144,3
LF:22
LH:22
BRDA:14,0,0,3
BRDA:14,0,1,3
BRF:2
BRH:2
end_of_record
TN:
SF:src/pages/Punch/NewPunch/NewPunchSuccessPage.tsx
FN:24,(anonymous_4)
FN:32,(anonymous_5)
FN:37,(anonymous_6)
FNF:3
FNH:0
FNDA:0,(anonymous_4)
FNDA:0,(anonymous_5)
FNDA:0,(anonymous_6)
DA:1,1
DA:3,1
DA:4,1
DA:5,1
DA:6,1
DA:8,1
DA:15,1
DA:24,1
DA:25,0
DA:26,0
DA:32,0
DA:38,0
DA:50,1
LF:13
LH:9
BRDA:8,0,0,1
BRDA:8,0,1,1
BRDA:15,1,0,1
BRDA:15,1,1,1
BRF:4
BRH:4
end_of_record
TN:
SF:src/pages/Punch/VerifyPunch/VerifyPunch.tsx
FN:38,(anonymous_23)
FN:56,(anonymous_24)
FN:58,(anonymous_25)
FN:70,(anonymous_28)
FN:75,(anonymous_29)
FN:77,(anonymous_30)
FN:93,(anonymous_32)
FN:142,(anonymous_33)
FN:148,(anonymous_34)
FN:167,(anonymous_35)
FN:168,(anonymous_36)
FN:182,(anonymous_37)
FN:183,(anonymous_38)
FN:198,(anonymous_39)
FN:201,(anonymous_40)
FNF:15
FNH:6
FNDA:5,(anonymous_23)
FNDA:1,(anonymous_24)
FNDA:2,(anonymous_25)
FNDA:1,(anonymous_28)
FNDA:0,(anonymous_29)
FNDA:0,(anonymous_30)
FNDA:5,(anonymous_32)
FNDA:2,(anonymous_33)
FNDA:0,(anonymous_34)
FNDA:0,(anonymous_35)
FNDA:0,(anonymous_36)
FNDA:0,(anonymous_37)
FNDA:0,(anonymous_38)
FNDA:0,(anonymous_39)
FNDA:0,(anonymous_40)
DA:1,1
DA:2,1
DA:3,1
DA:4,1
DA:5,1
DA:6,1
DA:7,1
DA:8,1
DA:9,1
DA:10,1
DA:12,1
DA:13,1
DA:14,1
DA:15,1
DA:16,1
DA:17,1
DA:18,1
DA:19,1
DA:21,1
DA:28,1
DA:38,1
DA:39,5
DA:40,5
DA:43,5
DA:46,5
DA:48,5
DA:49,5
DA:50,5
DA:51,5
DA:54,5
DA:56,5
DA:57,1
DA:58,1
DA:60,1
DA:64,1
DA:65,1
DA:67,0
DA:70,1
DA:71,1
DA:75,5
DA:77,0
DA:79,0
DA:81,0
DA:86,0
DA:87,0
DA:89,0
DA:93,5
DA:94,5
DA:99,1
DA:142,2
DA:151,0
DA:168,0
DA:169,0
DA:183,0
DA:184,0
DA:199,0
DA:202,0
DA:215,4
DA:216,0
DA:218,4
DA:222,5
DA:238,1
LF:62
LH:47
BRDA:21,0,0,1
BRDA:21,0,1,1
BRDA:28,1,0,1
BRDA:28,1,1,1
BRDA:94,2,0,1
BRDA:94,2,1,4
BRDA:95,3,0,5
BRDA:95,3,1,1
BRDA:95,3,2,1
BRDA:215,4,0,0
BRDA:215,4,1,4
BRF:11
BRH:10
end_of_record
TN:
SF:src/pages/Search/Search.tsx
FN:21,(anonymous_8)
FN:27,(anonymous_9)
FN:31,(anonymous_10)
FN:53,(anonymous_11)
FNF:4
FNH:0
FNDA:0,(anonymous_8)
FNDA:0,(anonymous_9)
FNDA:0,(anonymous_10)
FNDA:0,(anonymous_11)
DA:1,0
DA:2,0
DA:3,0
DA:4,0
DA:5,0
DA:6,0
DA:7,0
DA:8,0
DA:10,0
DA:21,0
DA:22,0
DA:23,0
DA:27,0
DA:28,0
DA:31,0
DA:32,0
DA:33,0
DA:40,0
DA:41,0
DA:43,0
DA:45,0
DA:54,0
DA:67,0
LF:23
LH:0
BRDA:10,0,0,0
BRDA:10,0,1,0
BRDA:28,1,0,0
BRDA:28,1,1,0
BRDA:28,2,0,0
BRDA:28,2,1,0
BRDA:32,3,0,0
BRDA:32,3,1,0
BRDA:40,4,0,0
BRDA:40,4,1,0
BRF:10
BRH:0
end_of_record
TN:
SF:src/pages/Search/useSearchPageFacade.tsx
FN:8,(anonymous_16)
FN:26,(anonymous_17)
FN:54,(anonymous_18)
FN:60,(anonymous_19)
FN:79,(anonymous_21)
FN:88,(anonymous_22)
FN:96,(anonymous_23)
FN:107,(anonymous_24)
FNF:8
FNH:1
FNDA:1,(anonymous_16)
FNDA:0,(anonymous_17)
FNDA:0,(anonymous_18)
FNDA:0,(anonymous_19)
FNDA:0,(anonymous_21)
FNDA:0,(anonymous_22)
FNDA:0,(anonymous_23)
FNDA:0,(anonymous_24)
DA:1,1
DA:2,1
DA:3,1
DA:6,1
DA:8,1
DA:9,1
DA:10,1
DA:11,1
DA:12,1
DA:26,1
DA:27,0
DA:29,0
DA:35,0
DA:41,0
DA:46,0
DA:54,1
DA:60,0
DA:62,0
DA:64,0
DA:70,0
DA:75,0
DA:79,1
DA:80,0
DA:81,0
DA:85,0
DA:86,0
DA:88,0
DA:89,0
DA:90,0
DA:91,0
DA:92,0
DA:94,0
DA:95,0
DA:97,0
DA:107,0
DA:108,0
DA:109,0
DA:113,0
DA:121,1
LF:39
LH:13
BRDA:8,0,0,1
BRDA:8,0,1,1
BRDA:28,1,0,0
BRDA:28,1,1,0
BRDA:28,1,2,0
BRDA:28,1,3,0
BRDA:89,2,0,0
BRDA:89,2,1,0
BRDA:89,3,0,0
BRDA:89,3,1,0
BRDA:90,4,0,0
BRDA:90,4,1,0
BRF:12
BRH:2
end_of_record
TN:
SF:src/pages/Search/SearchResults/SearchResults.tsx
FN:48,(anonymous_4)
FN:56,(anonymous_5)
FN:59,(anonymous_6)
FNF:3
FNH:2
FNDA:5,(anonymous_4)
FNDA:1,(anonymous_5)
FNDA:0,(anonymous_6)
DA:2,1
DA:3,1
DA:4,1
DA:6,1
DA:7,1
DA:8,1
DA:10,1
DA:30,1
DA:34,1
DA:48,5
DA:49,5
DA:50,5
DA:51,1
DA:53,4
DA:54,1
DA:57,1
DA:59,0
DA:77,3
DA:78,1
DA:90,2
DA:91,1
DA:103,1
DA:112,1
LF:23
LH:22
BRDA:10,0,0,1
BRDA:10,0,1,1
BRDA:30,1,0,1
BRDA:30,1,1,1
BRDA:34,2,0,1
BRDA:34,2,1,1
BRDA:50,3,0,1
BRDA:50,3,1,4
BRDA:53,4,0,1
BRDA:53,4,1,3
BRDA:53,5,0,4
BRDA:53,5,1,2
BRDA:77,6,0,1
BRDA:77,6,1,2
BRDA:90,7,0,1
BRDA:90,7,1,1
BRF:16
BRH:16
end_of_record
TN:
SF:src/pages/SelectPlant/SelectPlant.tsx
FN:39,(anonymous_4)
FN:42,(anonymous_5)
FN:54,(anonymous_6)
FNF:3
FNH:3
FNDA:2,(anonymous_4)
FNDA:2,(anonymous_5)
FNDA:2,(anonymous_6)
DA:1,2
DA:2,2
DA:3,2
DA:4,2
DA:5,2
DA:6,2
DA:7,2
DA:8,2
DA:9,2
DA:11,2
DA:19,2
DA:39,2
DA:40,2
DA:42,2
DA:43,2
DA:44,1
DA:51,1
DA:54,2
DA:68,2
DA:76,2
LF:20
LH:20
BRDA:11,0,0,2
BRDA:11,0,1,2
BRDA:19,1,0,2
BRDA:19,1,1,2
BRDA:43,2,0,1
BRDA:43,2,1,1
BRF:6
BRH:6
end_of_record
TN:
SF:src/pages/SelectProject/SelectProject.tsx
FN:9,(anonymous_3)
FN:32,(anonymous_4)
FNF:2
FNH:2
FNDA:2,(anonymous_3)
FNDA:2,(anonymous_4)
DA:1,1
DA:2,1
DA:3,1
DA:4,1
DA:5,1
DA:6,1
DA:7,1
DA:9,1
DA:11,2
DA:12,2
DA:13,2
DA:14,2
DA:16,2
DA:32,2
DA:54,1
LF:15
LH:15
BRDA:30,0,0,0
BRDA:30,0,1,2
BRDA:30,1,0,2
BRDA:30,1,1,2
BRDA:32,2,0,0
BRDA:32,2,1,2
BRDA:32,3,0,2
BRDA:32,3,1,2
BRDA:35,4,0,0
BRDA:35,4,1,2
BRDA:35,5,0,2
BRDA:35,5,1,2
BRF:12
BRH:9
end_of_record
TN:
SF:src/pages/Task/Task.tsx
FN:33,(anonymous_23)
FN:38,(anonymous_24)
FN:46,(anonymous_25)
FN:51,(anonymous_26)
FN:57,(anonymous_27)
FN:71,(anonymous_28)
FN:72,(anonymous_29)
FN:89,(anonymous_32)
FN:94,(anonymous_33)
FN:95,(anonymous_34)
FN:115,(anonymous_37)
FN:181,(anonymous_38)
FN:186,(anonymous_39)
FNF:13
FNH:13
FNDA:12,(anonymous_23)
FNDA:12,(anonymous_24)
FNDA:183,(anonymous_25)
FNDA:13,(anonymous_26)
FNDA:13,(anonymous_27)
FNDA:16,(anonymous_28)
FNDA:32,(anonymous_29)
FNDA:16,(anonymous_32)
FNDA:13,(anonymous_33)
FNDA:26,(anonymous_34)
FNDA:13,(anonymous_37)
FNDA:298,(anonymous_38)
FNDA:1,(anonymous_39)
DA:1,1
DA:2,1
DA:3,1
DA:4,1
DA:5,1
DA:6,1
DA:7,1
DA:8,1
DA:10,1
DA:11,1
DA:12,1
DA:13,1
DA:14,1
DA:15,1
DA:16,1
DA:17,1
DA:18,1
DA:19,2
DA:21,1
DA:29,1
DA:33,1
DA:37,12
DA:38,12
DA:40,12
DA:41,0
DA:42,0
DA:43,0
DA:46,1
DA:47,183
DA:49,183
DA:50,183
DA:51,183
DA:52,13
DA:55,183
DA:56,183
DA:57,183
DA:58,13
DA:60,183
DA:61,183
DA:62,183
DA:65,183
DA:66,183
DA:67,183
DA:68,183
DA:69,183
DA:71,183
DA:72,16
DA:74,16
DA:79,14
DA:80,14
DA:81,14
DA:83,2
DA:84,1
DA:85,1
DA:89,16
DA:90,16
DA:94,183
DA:95,13
DA:97,13
DA:102,12
DA:103,0
DA:105,12
DA:107,12
DA:109,1
DA:110,1
DA:111,1
DA:115,13
DA:116,13
DA:120,183
DA:181,298
DA:187,1
DA:249,1
LF:72
LH:68
BRDA:21,0,0,1
BRDA:21,0,1,1
BRDA:29,1,0,1
BRDA:29,1,1,1
BRDA:40,2,0,12
BRDA:40,2,1,0
BRDA:42,3,0,0
BRDA:42,3,1,0
BRDA:83,4,0,1
BRDA:83,4,1,1
BRDA:102,5,0,0
BRDA:102,5,1,12
BRDA:109,6,0,1
BRDA:109,6,1,0
BRDA:131,7,0,10
BRDA:131,7,1,173
BRDA:142,8,0,78
BRDA:142,8,1,105
BRDA:158,9,0,78
BRDA:158,9,1,105
BRDA:172,10,0,183
BRDA:172,10,1,0
BRDA:181,11,0,34
BRDA:181,11,1,149
BRDA:181,12,0,183
BRDA:181,12,1,183
BRDA:202,13,0,121
BRDA:202,13,1,62
BRDA:200,14,0,183
BRDA:200,14,1,183
BRDA:226,15,0,0
BRDA:226,15,1,183
BRF:32
BRH:25
end_of_record
TN:
SF:src/pages/Task/TaskDescription.tsx
FN:15,(anonymous_17)
FN:38,(anonymous_18)
FN:51,(anonymous_19)
FN:52,(anonymous_20)
FN:57,(anonymous_21)
FN:82,(anonymous_24)
FN:88,(anonymous_25)
FNF:7
FNH:7
FNDA:56,(anonymous_17)
FNDA:56,(anonymous_18)
FNDA:12,(anonymous_19)
FNDA:12,(anonymous_20)
FNDA:4,(anonymous_21)
FNDA:4,(anonymous_24)
FNDA:2,(anonymous_25)
DA:1,1
DA:2,1
DA:3,1
DA:4,1
DA:5,1
DA:7,1
DA:8,1
DA:10,1
DA:16,56
DA:19,1
DA:38,1
DA:39,56
DA:40,56
DA:41,56
DA:43,56
DA:44,56
DA:47,56
DA:48,56
DA:49,56
DA:51,56
DA:52,12
DA:53,12
DA:57,58
DA:58,2
DA:59,2
DA:66,4
DA:71,1
DA:72,1
DA:73,1
DA:75,1
DA:76,1
DA:77,1
DA:82,56
DA:83,4
DA:84,2
DA:86,2
DA:88,2
DA:92,56
DA:93,56
DA:126,0
DA:130,1
LF:41
LH:40
BRDA:10,0,0,1
BRDA:10,0,1,1
BRDA:16,1,0,10
BRDA:16,1,1,46
BRDA:19,2,0,1
BRDA:19,2,1,1
BRDA:62,3,0,2
BRDA:62,3,1,0
BRDA:75,4,0,1
BRDA:75,4,1,0
BRDA:83,5,0,2
BRDA:83,5,1,2
BRDA:88,6,0,0
BRDA:88,6,1,2
BRDA:88,7,0,2
BRDA:88,7,1,2
BRDA:92,8,0,56
BRDA:92,8,1,0
BRDA:116,9,0,56
BRDA:116,9,1,48
BRDA:120,10,0,10
BRDA:120,10,1,46
BRF:22
BRH:18
end_of_record
TN:
SF:src/pages/Task/TaskSignature.tsx
FN:27,(anonymous_17)
FN:38,(anonymous_18)
FN:58,(anonymous_21)
FN:66,(anonymous_22)
FN:67,(anonymous_23)
FNF:5
FNH:5
FNDA:60,(anonymous_17)
FNDA:10,(anonymous_18)
FNDA:3,(anonymous_21)
FNDA:12,(anonymous_22)
FNDA:12,(anonymous_23)
DA:1,1
DA:2,1
DA:3,1
DA:4,1
DA:5,1
DA:7,1
DA:9,1
DA:27,1
DA:28,60
DA:29,60
DA:30,60
DA:31,60
DA:32,60
DA:34,60
DA:35,60
DA:36,60
DA:38,65
DA:39,5
DA:41,8
DA:42,4
DA:47,1
DA:48,1
DA:50,6
DA:55,2
DA:56,2
DA:58,3
DA:59,3
DA:61,2
DA:62,2
DA:66,60
DA:67,12
DA:68,12
DA:72,60
DA:97,1
LF:34
LH:34
BRDA:9,0,0,1
BRDA:9,0,1,1
BRDA:50,1,0,3
BRDA:41,2,0,3
BRDA:41,2,1,2
BRDA:75,3,0,0
BRDA:75,3,1,60
BRDA:91,4,0,12
BRDA:91,4,1,48
BRF:9
BRH:8
end_of_record
TN:
SF:src/pages/Task/TaskParameters/MeasuredValueInput.tsx
FN:14,(anonymous_14)
FN:26,(anonymous_15)
FN:49,(anonymous_18)
FN:54,(anonymous_19)
FN:55,(anonymous_20)
FNF:5
FNH:5
FNDA:168,(anonymous_14)
FNDA:4,(anonymous_15)
FNDA:6,(anonymous_18)
FNDA:4,(anonymous_19)
FNDA:2,(anonymous_20)
DA:1,1
DA:2,1
DA:3,1
DA:5,1
DA:14,1
DA:15,168
DA:16,168
DA:17,168
DA:19,168
DA:20,168
DA:21,168
DA:24,168
DA:26,170
DA:27,2
DA:28,2
DA:33,4
DA:34,1
DA:35,1
DA:37,1
DA:38,1
DA:42,168
DA:52,6
DA:54,4
DA:55,2
DA:60,1
LF:25
LH:25
BRDA:45,0,0,168
BRDA:45,0,1,165
BRDA:55,1,0,2
BRDA:55,1,1,2
BRF:4
BRH:4
end_of_record
TN:
SF:src/pages/Task/TaskParameters/TaskParameters.tsx
FN:45,(anonymous_2)
FN:52,(anonymous_3)
FNF:2
FNH:2
FNDA:79,(anonymous_2)
FNDA:158,(anonymous_3)
DA:1,1
DA:2,1
DA:3,1
DA:5,1
DA:6,1
DA:8,1
DA:20,1
DA:45,1
DA:46,79
DA:47,79
DA:48,79
DA:50,79
DA:52,158
DA:79,1
LF:14
LH:14
BRDA:8,0,0,1
BRDA:8,0,1,1
BRDA:20,1,0,1
BRDA:20,1,1,1
BRDA:54,2,0,79
BRDA:54,2,1,79
BRF:6
BRH:6
end_of_record
TN:
SF:src/services/apiTypes.ts
FN:1,(anonymous_0)
FNF:1
FNH:1
FNDA:25,(anonymous_0)
DA:1,25
DA:2,25
DA:3,25
DA:4,25
DA:5,25
LF:5
LH:5
BRDA:1,0,0,25
BRDA:1,0,1,25
BRF:2
BRH:2
end_of_record
TN:
SF:src/services/appConfiguration.ts
FN:21,(anonymous_14)
FN:43,(anonymous_17)
FN:43,(anonymous_18)
FNF:3
FNH:0
FNDA:0,(anonymous_14)
FNDA:0,(anonymous_17)
FNDA:0,(anonymous_18)
DA:1,0
DA:3,0
DA:21,0
DA:22,0
DA:24,0
DA:31,0
DA:32,0
DA:33,0
DA:35,0
DA:43,0
DA:44,0
DA:49,0
DA:51,0
DA:53,0
LF:14
LH:0
BRDA:22,0,0,0
BRDA:44,1,0,0
BRF:2
BRH:0
end_of_record
TN:
SF:src/services/appInsights.ts
FN:5,(anonymous_0)
FNF:1
FNH:0
FNDA:0,(anonymous_0)
DA:1,0
DA:2,0
DA:3,0
DA:5,0
DA:6,0
DA:7,0
DA:8,0
DA:17,0
DA:18,0
DA:24,0
LF:10
LH:0
BRF:0
BRH:0
end_of_record
TN:
SF:src/services/authService.ts
FN:18,(anonymous_13)
FN:19,(anonymous_14)
FN:23,(anonymous_17)
FN:31,(anonymous_20)
FN:37,(anonymous_21)
FN:41,(anonymous_22)
FN:41,(anonymous_23)
FN:57,(anonymous_25)
FN:76,(anonymous_28)
FNF:9
FNH:0
FNDA:0,(anonymous_13)
FNDA:0,(anonymous_14)
FNDA:0,(anonymous_17)
FNDA:0,(anonymous_20)
FNDA:0,(anonymous_21)
FNDA:0,(anonymous_22)
FNDA:0,(anonymous_23)
FNDA:0,(anonymous_25)
FNDA:0,(anonymous_28)
DA:3,0
DA:18,0
DA:19,0
DA:20,0
DA:23,0
DA:24,0
DA:25,0
DA:26,0
DA:27,0
DA:28,0
DA:31,0
DA:32,0
DA:33,0
DA:34,0
DA:37,0
DA:38,0
DA:41,0
DA:42,0
DA:43,0
DA:44,0
DA:48,0
DA:49,0
DA:51,0
DA:52,0
DA:53,0
DA:57,0
DA:58,0
DA:59,0
DA:62,0
DA:66,0
DA:67,0
DA:69,0
DA:72,0
DA:76,0
DA:77,0
DA:78,0
DA:79,0
DA:81,0
DA:82,0
DA:83,0
DA:85,0
DA:86,0
DA:89,0
DA:100,0
LF:44
LH:0
BRDA:20,0,0,0
BRDA:20,0,1,0
BRDA:25,1,0,0
BRDA:25,1,1,0
BRDA:33,2,0,0
BRDA:33,2,1,0
BRDA:38,3,0,0
BRDA:38,3,1,0
BRDA:38,4,0,0
BRDA:38,4,1,0
BRDA:43,5,0,0
BRDA:43,5,1,0
BRDA:48,6,0,0
BRDA:48,6,1,0
BRDA:59,7,0,0
BRDA:59,7,1,0
BRDA:66,8,0,0
BRDA:66,8,1,0
BRDA:77,9,0,0
BRDA:78,10,0,0
BRDA:78,10,1,0
BRDA:82,11,0,0
BRDA:82,11,1,0
BRF:23
BRH:0
end_of_record
TN:
SF:src/services/baseApi.ts
FN:11,(anonymous_14)
FN:14,(anonymous_15)
FN:14,(anonymous_16)
FN:24,(anonymous_18)
FN:33,(anonymous_19)
FNF:5
FNH:5
FNDA:16,(anonymous_14)
FNDA:152,(anonymous_15)
FNDA:152,(anonymous_16)
FNDA:128,(anonymous_18)
FNDA:24,(anonymous_19)
DA:1,16
DA:2,16
DA:11,16
DA:12,16
DA:13,16
DA:14,152
DA:16,152
DA:17,152
DA:18,152
DA:20,0
DA:23,16
DA:25,128
DA:29,112
DA:31,128
DA:34,24
DA:35,2
DA:37,22
DA:38,22
DA:40,0
DA:44,16
DA:47,16
LF:21
LH:19
BRDA:25,0,0,112
BRDA:25,0,1,16
BRDA:26,1,0,128
BRDA:26,1,1,113
BRDA:34,2,0,2
BRDA:34,2,1,22
BRDA:37,3,0,22
BRDA:37,3,1,0
BRF:8
BRH:7
end_of_record
TN:
SF:src/services/procosysApi.ts
FN:40,(anonymous_15)
FN:42,(anonymous_16)
FN:45,(anonymous_17)
FN:51,(anonymous_20)
FN:59,(anonymous_21)
FN:59,(anonymous_22)
FN:66,(anonymous_24)
FN:66,(anonymous_25)
FN:73,(anonymous_27)
FN:77,(anonymous_28)
FN:89,(anonymous_30)
FN:92,(anonymous_31)
FN:102,(anonymous_33)
FN:104,(anonymous_34)
FN:116,(anonymous_36)
FN:116,(anonymous_37)
FN:123,(anonymous_39)
FN:123,(anonymous_40)
FN:130,(anonymous_42)
FN:133,(anonymous_43)
FN:144,(anonymous_45)
FN:147,(anonymous_46)
FN:158,(anonymous_48)
FN:161,(anonymous_49)
FN:172,(anonymous_51)
FN:178,(anonymous_52)
FN:192,(anonymous_54)
FN:195,(anonymous_55)
FN:203,(anonymous_57)
FN:203,(anonymous_58)
FN:211,(anonymous_60)
FN:211,(anonymous_61)
FN:219,(anonymous_63)
FN:221,(anonymous_64)
FN:229,(anonymous_66)
FN:233,(anonymous_67)
FN:249,(anonymous_69)
FN:253,(anonymous_70)
FN:265,(anonymous_72)
FN:286,(anonymous_75)
FN:286,(anonymous_76)
FN:293,(anonymous_78)
FN:293,(anonymous_79)
FN:300,(anonymous_81)
FN:300,(anonymous_82)
FN:307,(anonymous_84)
FN:307,(anonymous_85)
FN:314,(anonymous_87)
FN:314,(anonymous_88)
FN:321,(anonymous_90)
FN:321,(anonymous_91)
FN:328,(anonymous_93)
FN:332,(anonymous_94)
FN:342,(anonymous_96)
FN:345,(anonymous_97)
FN:358,(anonymous_99)
FN:361,(anonymous_100)
FN:372,(anonymous_102)
FN:375,(anonymous_103)
FN:386,(anonymous_105)
FN:389,(anonymous_106)
FN:401,(anonymous_108)
FN:404,(anonymous_109)
FN:416,(anonymous_111)
FN:419,(anonymous_112)
FN:428,(anonymous_114)
FN:431,(anonymous_115)
FN:442,(anonymous_117)
FN:442,(anonymous_118)
FN:449,(anonymous_120)
FN:452,(anonymous_121)
FN:463,(anonymous_123)
FN:467,(anonymous_124)
FN:483,(anonymous_126)
FN:487,(anonymous_127)
FN:503,(anonymous_129)
FN:507,(anonymous_130)
FN:519,(anonymous_132)
FN:537,(anonymous_135)
FNF:79
FNH:49
FNDA:16,(anonymous_15)
FNDA:0,(anonymous_16)
FNDA:0,(anonymous_17)
FNDA:0,(anonymous_20)
FNDA:0,(anonymous_21)
FNDA:0,(anonymous_22)
FNDA:0,(anonymous_24)
FNDA:0,(anonymous_25)
FNDA:0,(anonymous_27)
FNDA:0,(anonymous_28)
FNDA:4,(anonymous_30)
FNDA:4,(anonymous_31)
FNDA:18,(anonymous_33)
FNDA:18,(anonymous_34)
FNDA:3,(anonymous_36)
FNDA:3,(anonymous_37)
FNDA:19,(anonymous_39)
FNDA:19,(anonymous_40)
FNDA:4,(anonymous_42)
FNDA:4,(anonymous_43)
FNDA:1,(anonymous_45)
FNDA:1,(anonymous_46)
FNDA:4,(anonymous_48)
FNDA:4,(anonymous_49)
FNDA:3,(anonymous_51)
FNDA:3,(anonymous_52)
FNDA:2,(anonymous_54)
FNDA:2,(anonymous_55)
FNDA:1,(anonymous_57)
FNDA:1,(anonymous_58)
FNDA:0,(anonymous_60)
FNDA:0,(anonymous_61)
FNDA:0,(anonymous_63)
FNDA:0,(anonymous_64)
FNDA:0,(anonymous_66)
FNDA:0,(anonymous_67)
FNDA:0,(anonymous_69)
FNDA:0,(anonymous_70)
FNDA:0,(anonymous_72)
FNDA:3,(anonymous_75)
FNDA:3,(anonymous_76)
FNDA:6,(anonymous_78)
FNDA:6,(anonymous_79)
FNDA:6,(anonymous_81)
FNDA:6,(anonymous_82)
FNDA:6,(anonymous_84)
FNDA:6,(anonymous_85)
FNDA:0,(anonymous_87)
FNDA:0,(anonymous_88)
FNDA:4,(anonymous_90)
FNDA:4,(anonymous_91)
FNDA:0,(anonymous_93)
FNDA:0,(anonymous_94)
FNDA:0,(anonymous_96)
FNDA:0,(anonymous_97)
FNDA:16,(anonymous_99)
FNDA:16,(anonymous_100)
FNDA:16,(anonymous_102)
FNDA:16,(anonymous_103)
FNDA:3,(anonymous_105)
FNDA:3,(anonymous_106)
FNDA:2,(anonymous_108)
FNDA:2,(anonymous_109)
FNDA:2,(anonymous_111)
FNDA:2,(anonymous_112)
FNDA:13,(anonymous_114)
FNDA:13,(anonymous_115)
FNDA:2,(anonymous_117)
FNDA:2,(anonymous_118)
FNDA:13,(anonymous_120)
FNDA:13,(anonymous_121)
FNDA:1,(anonymous_123)
FNDA:1,(anonymous_124)
FNDA:0,(anonymous_126)
FNDA:0,(anonymous_127)
FNDA:0,(anonymous_129)
FNDA:0,(anonymous_130)
FNDA:0,(anonymous_132)
FNDA:0,(anonymous_135)
DA:40,16
DA:42,16
DA:43,0
DA:45,16
DA:46,0
DA:49,0
DA:50,0
DA:51,0
DA:56,0
DA:59,16
DA:60,0
DA:63,0
DA:66,16
DA:67,0
DA:70,0
DA:73,16
DA:77,0
DA:80,0
DA:81,0
DA:86,0
DA:89,16
DA:92,4
DA:94,4
DA:99,2
DA:102,16
DA:104,18
DA:106,18
DA:109,16
DA:116,16
DA:117,3
DA:120,2
DA:123,19
DA:124,19
DA:127,17
DA:130,16
DA:133,4
DA:135,8
DA:144,16
DA:147,1
DA:149,2
DA:158,16
DA:161,4
DA:163,8
DA:172,16
DA:178,3
DA:180,6
DA:192,16
DA:195,2
DA:197,4
DA:203,16
DA:204,2
DA:211,16
DA:212,0
DA:219,16
DA:221,0
DA:223,0
DA:226,0
DA:229,16
DA:233,0
DA:235,0
DA:246,0
DA:249,16
DA:253,0
DA:255,0
DA:259,0
DA:265,16
DA:266,0
DA:267,0
DA:268,0
DA:269,0
DA:271,0
DA:286,16
DA:287,3
DA:290,2
DA:293,16
DA:294,6
DA:297,5
DA:300,16
DA:301,6
DA:304,6
DA:307,16
DA:308,6
DA:311,6
DA:314,16
DA:315,0
DA:321,16
DA:322,4
DA:325,3
DA:328,16
DA:332,0
DA:334,0
DA:335,0
DA:342,16
DA:345,0
DA:347,0
DA:358,16
DA:361,16
DA:364,16
DA:365,16
DA:369,14
DA:372,16
DA:375,16
DA:378,16
DA:379,16
DA:383,14
DA:386,16
DA:389,3
DA:391,6
DA:401,16
DA:404,2
DA:406,4
DA:416,16
DA:419,2
DA:421,4
DA:428,16
DA:431,13
DA:434,13
DA:435,13
DA:439,13
DA:442,16
DA:443,4
DA:449,16
DA:452,13
DA:455,13
DA:456,13
DA:460,12
DA:463,16
DA:467,1
DA:469,1
DA:480,1
DA:483,16
DA:487,0
DA:489,0
DA:500,0
DA:503,16
DA:507,0
DA:509,0
DA:513,0
DA:519,16
DA:520,0
DA:521,0
DA:522,0
DA:523,0
DA:525,0
DA:534,0
DA:537,16
DA:538,0
DA:539,0
DA:540,0
DA:541,0
DA:543,0
DA:554,16
DA:601,16
LF:153
LH:101
BRDA:46,0,0,0
BRDA:60,1,0,0
BRDA:67,2,0,0
BRDA:81,3,0,0
BRDA:94,4,0,4
BRDA:106,5,0,18
BRDA:117,6,0,3
BRDA:124,7,0,19
BRDA:135,8,0,4
BRDA:149,9,0,1
BRDA:163,10,0,4
BRDA:180,11,0,3
BRDA:197,12,0,2
BRDA:204,13,0,1
BRDA:212,14,0,0
BRDA:223,15,0,0
BRDA:235,16,0,0
BRDA:271,17,0,0
BRDA:287,18,0,3
BRDA:294,19,0,6
BRDA:301,20,0,6
BRDA:308,21,0,6
BRDA:315,22,0,0
BRDA:322,23,0,4
BRDA:347,24,0,0
BRDA:365,25,0,16
BRDA:379,26,0,16
BRDA:391,27,0,3
BRDA:406,28,0,2
BRDA:421,29,0,2
BRDA:435,30,0,13
BRDA:443,31,0,2
BRDA:456,32,0,13
BRDA:469,33,0,1
BRDA:489,34,0,0
BRDA:525,35,0,0
BRDA:543,36,0,0
BRF:37
BRH:24
end_of_record
TN:
SF:src/services/withAccessControl.tsx
FN:7,(anonymous_3)
FN:10,(anonymous_4)
FN:15,(anonymous_5)
FN:18,(anonymous_6)
FNF:4
FNH:4
FNDA:1,(anonymous_3)
FNDA:6,(anonymous_4)
FNDA:3,(anonymous_5)
FNDA:3,(anonymous_6)
DA:1,1
DA:2,1
DA:3,1
DA:4,1
DA:5,1
DA:7,1
DA:9,1
DA:10,1
DA:11,6
DA:12,6
DA:15,6
DA:16,3
DA:17,3
DA:18,3
DA:20,3
DA:22,0
DA:26,6
DA:27,3
DA:30,3
DA:31,3
DA:34,0
DA:42,1
LF:22
LH:20
BRDA:9,0,0,0
BRDA:9,0,1,1
BRDA:16,1,0,0
BRDA:16,1,1,3
BRDA:17,2,0,3
BRDA:17,2,1,0
BRDA:26,3,0,3
BRDA:26,3,1,3
BRDA:30,4,0,3
BRDA:30,4,1,0
BRF:10
BRH:6
end_of_record
TN:
SF:src/style/GlobalStyles.tsx
FNF:0
FNH:0
DA:1,20
DA:2,20
DA:3,20
DA:5,20
DA:8,20
DA:19,20
DA:62,20
DA:64,20
DA:68,20
DA:77,20
LF:10
LH:10
BRDA:19,0,0,20
BRDA:19,0,1,20
BRDA:64,1,0,20
BRDA:64,1,1,20
BRF:4
BRH:4
end_of_record
TN:
SF:src/test/contexts.tsx
FN:39,(anonymous_9)
FN:72,(anonymous_10)
FNF:2
FNH:2
FNDA:58,(anonymous_9)
FNDA:55,(anonymous_10)
DA:2,16
DA:3,16
DA:4,16
DA:5,16
DA:7,16
DA:8,16
DA:11,16
DA:12,16
DA:14,16
DA:16,16
DA:20,16
DA:21,16
DA:26,16
DA:39,16
DA:40,58
DA:41,58
DA:42,58
DA:43,58
DA:44,58
DA:46,58
DA:72,16
DA:73,55
DA:74,55
DA:75,55
DA:76,55
DA:77,55
DA:78,55
DA:80,55
LF:28
LH:28
BRDA:41,0,0,56
BRDA:41,0,1,2
BRDA:42,1,0,57
BRDA:42,1,1,1
BRDA:43,2,0,58
BRDA:43,2,1,0
BRDA:44,3,0,58
BRDA:44,3,1,0
BRDA:73,4,0,53
BRDA:73,4,1,2
BRDA:74,5,0,54
BRDA:74,5,1,1
BRDA:75,6,0,55
BRDA:75,6,1,0
BRDA:76,7,0,55
BRDA:76,7,1,0
BRDA:77,8,0,55
BRDA:77,8,1,0
BRF:18
BRH:13
end_of_record
TN:
SF:src/test/dummyData.ts
FNF:0
FNH:0
DA:1,25
DA:19,25
DA:56,25
DA:61,25
DA:63,25
DA:68,25
DA:82,25
DA:99,25
DA:111,25
DA:124,25
DA:140,25
DA:206,25
DA:232,25
DA:245,25
DA:255,25
DA:271,25
DA:317,25
DA:325,25
DA:343,25
DA:359,25
DA:376,25
DA:402,25
DA:407,25
DA:412,25
LF:24
LH:24
BRF:0
BRH:0
end_of_record
TN:
SF:src/test/setupServer.ts
FN:240,(anonymous_1)
FN:76,(anonymous_2)
FN:82,(anonymous_3)
FN:85,(anonymous_4)
FN:90,(anonymous_5)
FN:93,(anonymous_6)
FN:99,(anonymous_7)
FN:106,(anonymous_8)
FN:109,(anonymous_9)
FN:112,(anonymous_10)
FN:115,(anonymous_11)
FN:118,(anonymous_12)
FN:121,(anonymous_13)
FN:124,(anonymous_14)
FN:132,(anonymous_15)
FN:138,(anonymous_16)
FN:141,(anonymous_17)
FN:147,(anonymous_18)
FN:150,(anonymous_19)
FN:156,(anonymous_20)
FN:159,(anonymous_21)
FN:162,(anonymous_22)
FN:165,(anonymous_23)
FN:170,(anonymous_24)
FN:176,(anonymous_25)
FN:179,(anonymous_26)
FN:185,(anonymous_27)
FN:191,(anonymous_28)
FN:197,(anonymous_29)
FN:200,(anonymous_30)
FN:206,(anonymous_31)
FN:211,(anonymous_32)
FN:215,(anonymous_33)
FN:219,(anonymous_34)
FN:224,(anonymous_35)
FN:229,(anonymous_36)
FN:234,(anonymous_37)
FN:242,(anonymous_38)
FN:243,(anonymous_39)
FN:244,(anonymous_40)
FNF:40
FNH:32
FNDA:3,(anonymous_1)
FNDA:3,(anonymous_2)
FNDA:0,(anonymous_3)
FNDA:0,(anonymous_4)
FNDA:2,(anonymous_5)
FNDA:16,(anonymous_6)
FNDA:13,(anonymous_7)
FNDA:0,(anonymous_8)
FNDA:3,(anonymous_9)
FNDA:3,(anonymous_10)
FNDA:1,(anonymous_11)
FNDA:1,(anonymous_12)
FNDA:0,(anonymous_13)
FNDA:1,(anonymous_14)
FNDA:13,(anonymous_15)
FNDA:15,(anonymous_16)
FNDA:12,(anonymous_17)
FNDA:1,(anonymous_18)
FNDA:13,(anonymous_19)
FNDA:1,(anonymous_20)
FNDA:2,(anonymous_21)
FNDA:1,(anonymous_22)
FNDA:1,(anonymous_23)
FNDA:1,(anonymous_24)
FNDA:0,(anonymous_25)
FNDA:3,(anonymous_26)
FNDA:5,(anonymous_27)
FNDA:6,(anonymous_28)
FNDA:6,(anonymous_29)
FNDA:2,(anonymous_30)
FNDA:0,(anonymous_31)
FNDA:22,(anonymous_32)
FNDA:0,(anonymous_33)
FNDA:5,(anonymous_34)
FNDA:4,(anonymous_35)
FNDA:13,(anonymous_36)
FNDA:0,(anonymous_37)
FNDA:25,(anonymous_38)
FNDA:25,(anonymous_39)
FNDA:75,(anonymous_40)
DA:1,25
DA:2,25
DA:3,25
DA:18,25
DA:20,25
DA:21,25
DA:74,25
DA:77,3
DA:83,0
DA:86,0
DA:91,2
DA:94,16
DA:100,13
DA:107,0
DA:110,3
DA:113,3
DA:116,1
DA:119,1
DA:122,0
DA:125,1
DA:133,13
DA:139,15
DA:142,12
DA:148,1
DA:151,13
DA:157,1
DA:160,2
DA:163,1
DA:166,1
DA:171,1
DA:177,0
DA:180,3
DA:186,5
DA:192,6
DA:198,6
DA:201,2
DA:207,0
DA:211,25
DA:215,22
DA:216,0
DA:218,22
DA:219,5
DA:220,5
DA:223,22
DA:224,4
DA:225,4
DA:228,22
DA:229,13
DA:230,13
DA:233,22
DA:234,0
DA:235,0
DA:238,22
DA:240,28
DA:242,25
DA:243,25
DA:244,75
LF:57
LH:48
BRDA:218,0,0,5
BRDA:218,0,1,17
BRDA:223,1,0,4
BRDA:223,1,1,18
BRDA:228,2,0,13
BRDA:228,2,1,9
BRDA:233,3,0,0
BRDA:233,3,1,22
BRF:8
BRH:7
end_of_record
TN:
SF:src/utils/Slugify.ts
FN:1,(anonymous_0)
FN:12,(anonymous_1)
FNF:2
FNH:0
FNDA:0,(anonymous_0)
FNDA:0,(anonymous_1)
DA:1,0
DA:3,0
DA:5,0
DA:6,0
DA:8,0
DA:12,0
DA:20,0
LF:7
LH:0
BRF:0
BRH:0
end_of_record
TN:
SF:src/utils/buildEndpoint.ts
FN:1,(anonymous_0)
FN:2,(anonymous_1)
FN:5,(anonymous_2)
FNF:3
FNH:3
FNDA:149,(anonymous_0)
FNDA:125,(anonymous_1)
FNDA:24,(anonymous_2)
DA:1,4
DA:2,149
DA:3,125
DA:5,149
DA:6,24
DA:8,149
DA:14,4
LF:7
LH:7
BRF:0
BRH:0
end_of_record
TN:
SF:src/utils/calculateHighestStatus.ts
FN:3,(anonymous_0)
FN:4,(anonymous_1)
FN:6,(anonymous_2)
FNF:3
FNH:0
FNDA:0,(anonymous_0)
FNDA:0,(anonymous_1)
FNDA:0,(anonymous_2)
DA:1,0
DA:3,0
DA:4,0
DA:5,0
DA:6,0
DA:7,0
DA:8,0
DA:11,0
LF:8
LH:0
BRDA:4,0,0,0
BRDA:4,0,1,0
BRDA:6,1,0,0
BRDA:6,1,1,0
BRF:4
BRH:0
end_of_record
TN:
SF:src/utils/ensure.ts
FN:4,(anonymous_0)
FNF:1
FNH:1
FNDA:20,(anonymous_0)
DA:4,3
DA:6,40
DA:8,20
DA:9,0
DA:12,20
DA:15,3
LF:6
LH:5
BRDA:6,0,0,20
BRDA:6,0,1,0
BRDA:8,1,0,0
BRDA:8,1,1,20
BRDA:8,2,0,20
BRDA:8,2,1,20
BRF:6
BRH:4
end_of_record
TN:
SF:src/utils/handleDownload.ts
FN:1,(anonymous_13)
FN:1,(anonymous_14)
FNF:2
FNH:0
FNDA:0,(anonymous_13)
FNDA:0,(anonymous_14)
DA:1,5
DA:2,0
DA:3,0
DA:4,0
DA:5,0
DA:6,0
DA:7,0
DA:9,0
DA:10,0
DA:11,0
DA:14,5
LF:11
LH:2
BRDA:6,0,0,0
BRDA:6,0,1,0
BRF:2
BRH:0
end_of_record
TN:
SF:src/utils/matchPlantInURL.ts
FN:3,(anonymous_6)
FN:4,URLError
FN:10,(anonymous_8)
FN:13,(anonymous_9)
FNF:4
FNH:1
FNDA:17,(anonymous_6)
FNDA:0,URLError
FNDA:0,(anonymous_8)
FNDA:0,(anonymous_9)
DA:3,17
DA:5,0
DA:6,0
DA:8,17
DA:10,17
DA:11,0
DA:12,0
DA:13,0
DA:15,0
DA:16,0
DA:20,0
DA:23,17
LF:12
LH:4
BRDA:5,0,0,0
BRDA:5,0,1,0
BRDA:11,1,0,0
BRDA:11,1,1,0
BRDA:15,2,0,0
BRDA:15,2,1,0
BRDA:15,3,0,0
BRDA:15,3,1,0
BRF:8
BRH:0
end_of_record
TN:
SF:src/utils/matchProjectInURL.ts
FN:3,(anonymous_6)
FN:4,URLError
FN:10,(anonymous_8)
FN:15,(anonymous_9)
FNF:4
FNH:1
FNDA:17,(anonymous_6)
FNDA:0,URLError
FNDA:0,(anonymous_8)
FNDA:0,(anonymous_9)
DA:3,17
DA:5,0
DA:6,0
DA:8,17
DA:10,17
DA:14,0
DA:15,0
DA:17,0
DA:18,0
DA:22,0
DA:25,17
LF:11
LH:4
BRDA:5,0,0,0
BRDA:5,0,1,0
BRDA:17,1,0,0
BRDA:17,1,1,0
BRF:4
BRH:0
end_of_record
TN:
SF:src/utils/objectToCamelCase.ts
FN:1,(anonymous_0)
FN:9,(anonymous_1)
FN:13,(anonymous_2)
FN:17,(anonymous_3)
FN:23,(anonymous_4)
FNF:5
FNH:5
FNDA:3760,(anonymous_0)
FNDA:3333,(anonymous_1)
FNDA:3760,(anonymous_2)
FNDA:3333,(anonymous_3)
FNDA:268,(anonymous_4)
DA:1,25
DA:2,3760
DA:9,25
DA:10,3333
DA:13,25
DA:14,3760
DA:15,356
DA:17,356
DA:18,3333
DA:21,356
DA:22,3404
DA:23,137
DA:24,268
DA:28,3267
DA:31,25
LF:15
LH:15
BRDA:3,0,0,3760
BRDA:3,0,1,493
BRDA:3,0,2,356
BRDA:14,1,0,356
BRDA:14,1,1,3404
BRDA:22,2,0,137
BRDA:22,2,1,3267
BRF:7
BRH:7
end_of_record
TN:
SF:src/utils/removeSubdirectories.ts
FN:1,(anonymous_0)
FN:9,(anonymous_1)
FNF:2
FNH:2
FNDA:183,(anonymous_0)
FNDA:183,(anonymous_1)
DA:1,15
DA:2,183
DA:3,183
DA:4,0
DA:6,183
DA:9,15
DA:13,183
DA:14,183
DA:15,183
DA:17,183
DA:20,15
LF:11
LH:10
BRDA:3,0,0,0
BRDA:3,0,1,183
BRF:2
BRH:1
end_of_record
TN:
SF:src/utils/textFieldHelpers.tsx
FN:6,(anonymous_0)
FN:12,(anonymous_1)
FNF:2
FNH:2
FNDA:122,(anonymous_0)
FNDA:7,(anonymous_1)
DA:3,1
DA:6,1
DA:7,122
DA:8,121
DA:9,117
DA:12,1
DA:13,7
DA:14,6
DA:15,2
DA:16,0
LF:10
LH:9
BRDA:7,0,0,1
BRDA:7,0,1,121
BRDA:8,1,0,4
BRDA:8,1,1,117
BRDA:13,2,0,1
BRDA:13,2,1,6
BRDA:14,3,0,4
BRDA:14,3,1,2
BRDA:15,4,0,2
BRDA:15,4,1,0
BRF:10
BRH:9
end_of_record
TN:
SF:src/utils/useAsyncGet.tsx
FN:5,useAsyncGet
FN:16,(anonymous_15)
FN:18,(anonymous_16)
FN:36,(anonymous_19)
FNF:4
FNH:4
FNDA:379,useAsyncGet
FNDA:29,(anonymous_15)
FNDA:58,(anonymous_16)
FNDA:29,(anonymous_19)
DA:1,2
DA:2,2
DA:3,2
DA:5,379
DA:12,379
DA:13,379
DA:14,379
DA:16,379
DA:17,29
DA:18,29
DA:19,29
DA:21,29
DA:22,27
DA:23,27
DA:24,27
DA:28,1
DA:30,26
DA:33,2
DA:36,29
DA:37,29
DA:41,379
DA:48,2
LF:22
LH:22
BRDA:24,0,0,1
BRDA:24,0,1,26
BRDA:25,1,0,27
BRDA:25,1,1,27
BRDA:33,2,0,2
BRDA:33,2,1,0
BRF:6
BRH:5
end_of_record
TN:
SF:src/utils/useAttachments.tsx
FN:7,(anonymous_14)
FN:16,(anonymous_15)
FN:17,(anonymous_16)
FN:31,(anonymous_19)
FNF:4
FNH:4
FNDA:149,(anonymous_14)
FNDA:18,(anonymous_15)
FNDA:36,(anonymous_16)
FNDA:18,(anonymous_19)
DA:1,4
DA:2,4
DA:3,4
DA:5,4
DA:7,4
DA:8,149
DA:9,149
DA:10,149
DA:11,149
DA:12,149
DA:15,149
DA:16,149
DA:17,18
DA:19,18
DA:23,16
DA:24,16
DA:26,2
DA:27,2
DA:31,18
DA:34,149
DA:44,4
LF:21
LH:21
BRDA:26,0,0,2
BRDA:26,0,1,0
BRF:2
BRH:1
end_of_record
TN:
SF:src/utils/useCommonHooks.tsx
FN:6,(anonymous_1)
FNF:1
FNH:1
FNDA:1590,(anonymous_1)
DA:1,18
DA:2,18
DA:4,18
DA:6,18
DA:7,1590
DA:8,1589
DA:9,1589
DA:10,1589
DA:11,1589
DA:21,18
LF:10
LH:10
BRF:0
BRH:0
end_of_record
TN:
SF:src/utils/useFormFields.tsx
FN:3,useFormFields
FN:5,(anonymous_4)
FN:5,(anonymous_5)
FN:11,(anonymous_6)
FNF:4
FNH:4
FNDA:20,useFormFields
FNDA:55,(anonymous_4)
FNDA:10,(anonymous_5)
FNDA:10,(anonymous_6)
DA:1,1
DA:4,20
DA:5,55
DA:10,10
DA:11,10
DA:13,20
DA:16,1
LF:7
LH:7
BRF:0
BRH:0
end_of_record
TN:
SF:src/utils/useSnackbar.tsx
FN:4,(anonymous_2)
FN:10,(anonymous_3)
FN:20,(anonymous_4)
FNF:3
FNH:2
FNDA:352,(anonymous_2)
FNDA:0,(anonymous_3)
FNDA:55,(anonymous_4)
DA:1,5
DA:2,5
DA:4,5
DA:5,352
DA:6,352
DA:8,352
DA:11,0
DA:12,0
DA:20,352
DA:21,55
DA:22,21
DA:25,352
DA:31,5
LF:13
LH:11
BRDA:21,0,0,34
BRDA:21,0,1,21
BRF:2
BRH:2
end_of_record
